[2024-02-02T13:54:11.306+0000] {processor.py:161} INFO - Started process (PID=91) to work on /opt/airflow/dags/dataset_dag.py
[2024-02-02T13:54:11.307+0000] {processor.py:830} INFO - Processing file /opt/airflow/dags/dataset_dag.py for tasks to queue
[2024-02-02T13:54:11.309+0000] {logging_mixin.py:188} INFO - [2024-02-02T13:54:11.309+0000] {dagbag.py:538} INFO - Filling up the DagBag from /opt/airflow/dags/dataset_dag.py
[2024-02-02T13:54:11.344+0000] {processor.py:840} INFO - DAG(s) 'BigQueryWorkflow' retrieved from /opt/airflow/dags/dataset_dag.py
[2024-02-02T13:54:11.461+0000] {logging_mixin.py:188} INFO - [2024-02-02T13:54:11.460+0000] {override.py:1769} INFO - Created Permission View: can delete on DAG:BigQueryWorkflow
[2024-02-02T13:54:11.471+0000] {logging_mixin.py:188} INFO - [2024-02-02T13:54:11.471+0000] {override.py:1769} INFO - Created Permission View: can read on DAG:BigQueryWorkflow
[2024-02-02T13:54:11.481+0000] {logging_mixin.py:188} INFO - [2024-02-02T13:54:11.480+0000] {override.py:1769} INFO - Created Permission View: can edit on DAG:BigQueryWorkflow
[2024-02-02T13:54:11.481+0000] {logging_mixin.py:188} INFO - [2024-02-02T13:54:11.481+0000] {dag.py:3036} INFO - Sync 1 DAGs
[2024-02-02T13:54:11.493+0000] {logging_mixin.py:188} INFO - [2024-02-02T13:54:11.493+0000] {dag.py:3058} INFO - Creating ORM DAG for BigQueryWorkflow
[2024-02-02T13:54:11.504+0000] {logging_mixin.py:188} INFO - [2024-02-02T13:54:11.504+0000] {dag.py:3823} INFO - Setting next_dagrun for BigQueryWorkflow to 2023-10-23 00:00:00+00:00, run_after=2023-10-23 00:00:00+00:00
[2024-02-02T13:54:11.528+0000] {processor.py:183} INFO - Processing /opt/airflow/dags/dataset_dag.py took 0.226 seconds
[2024-02-02T13:54:41.699+0000] {processor.py:161} INFO - Started process (PID=147) to work on /opt/airflow/dags/dataset_dag.py
[2024-02-02T13:54:41.700+0000] {processor.py:830} INFO - Processing file /opt/airflow/dags/dataset_dag.py for tasks to queue
[2024-02-02T13:54:41.702+0000] {logging_mixin.py:188} INFO - [2024-02-02T13:54:41.702+0000] {dagbag.py:538} INFO - Filling up the DagBag from /opt/airflow/dags/dataset_dag.py
[2024-02-02T13:54:41.732+0000] {processor.py:840} INFO - DAG(s) 'BigQueryWorkflow' retrieved from /opt/airflow/dags/dataset_dag.py
[2024-02-02T13:54:41.764+0000] {logging_mixin.py:188} INFO - [2024-02-02T13:54:41.763+0000] {dag.py:3036} INFO - Sync 1 DAGs
[2024-02-02T13:54:41.786+0000] {logging_mixin.py:188} INFO - [2024-02-02T13:54:41.786+0000] {dag.py:3823} INFO - Setting next_dagrun for BigQueryWorkflow to 2023-10-23 00:00:00+00:00, run_after=2023-10-23 00:00:00+00:00
[2024-02-02T13:54:41.815+0000] {processor.py:183} INFO - Processing /opt/airflow/dags/dataset_dag.py took 0.121 seconds
[2024-02-02T13:55:12.291+0000] {processor.py:161} INFO - Started process (PID=202) to work on /opt/airflow/dags/dataset_dag.py
[2024-02-02T13:55:12.292+0000] {processor.py:830} INFO - Processing file /opt/airflow/dags/dataset_dag.py for tasks to queue
[2024-02-02T13:55:12.294+0000] {logging_mixin.py:188} INFO - [2024-02-02T13:55:12.294+0000] {dagbag.py:538} INFO - Filling up the DagBag from /opt/airflow/dags/dataset_dag.py
[2024-02-02T13:55:12.318+0000] {processor.py:840} INFO - DAG(s) 'BigQueryWorkflow' retrieved from /opt/airflow/dags/dataset_dag.py
[2024-02-02T13:55:12.346+0000] {logging_mixin.py:188} INFO - [2024-02-02T13:55:12.346+0000] {dag.py:3036} INFO - Sync 1 DAGs
[2024-02-02T13:55:12.367+0000] {logging_mixin.py:188} INFO - [2024-02-02T13:55:12.367+0000] {dag.py:3823} INFO - Setting next_dagrun for BigQueryWorkflow to 2023-10-23 00:00:00+00:00, run_after=2023-10-23 00:00:00+00:00
[2024-02-02T13:55:12.393+0000] {processor.py:183} INFO - Processing /opt/airflow/dags/dataset_dag.py took 0.106 seconds
[2024-02-02T13:55:42.762+0000] {processor.py:161} INFO - Started process (PID=257) to work on /opt/airflow/dags/dataset_dag.py
[2024-02-02T13:55:42.763+0000] {processor.py:830} INFO - Processing file /opt/airflow/dags/dataset_dag.py for tasks to queue
[2024-02-02T13:55:42.766+0000] {logging_mixin.py:188} INFO - [2024-02-02T13:55:42.765+0000] {dagbag.py:538} INFO - Filling up the DagBag from /opt/airflow/dags/dataset_dag.py
[2024-02-02T13:55:42.792+0000] {processor.py:840} INFO - DAG(s) 'BigQueryWorkflow' retrieved from /opt/airflow/dags/dataset_dag.py
[2024-02-02T13:55:42.817+0000] {logging_mixin.py:188} INFO - [2024-02-02T13:55:42.816+0000] {dag.py:3036} INFO - Sync 1 DAGs
[2024-02-02T13:55:42.838+0000] {logging_mixin.py:188} INFO - [2024-02-02T13:55:42.838+0000] {dag.py:3823} INFO - Setting next_dagrun for BigQueryWorkflow to 2023-10-23 00:00:00+00:00, run_after=2023-10-23 00:00:00+00:00
[2024-02-02T13:55:42.860+0000] {processor.py:183} INFO - Processing /opt/airflow/dags/dataset_dag.py took 0.101 seconds
[2024-02-02T13:56:13.224+0000] {processor.py:161} INFO - Started process (PID=312) to work on /opt/airflow/dags/dataset_dag.py
[2024-02-02T13:56:13.227+0000] {processor.py:830} INFO - Processing file /opt/airflow/dags/dataset_dag.py for tasks to queue
[2024-02-02T13:56:13.230+0000] {logging_mixin.py:188} INFO - [2024-02-02T13:56:13.230+0000] {dagbag.py:538} INFO - Filling up the DagBag from /opt/airflow/dags/dataset_dag.py
[2024-02-02T13:56:13.268+0000] {processor.py:840} INFO - DAG(s) 'BigQueryWorkflow' retrieved from /opt/airflow/dags/dataset_dag.py
[2024-02-02T13:56:13.322+0000] {logging_mixin.py:188} INFO - [2024-02-02T13:56:13.321+0000] {dag.py:3036} INFO - Sync 1 DAGs
[2024-02-02T13:56:13.349+0000] {logging_mixin.py:188} INFO - [2024-02-02T13:56:13.349+0000] {dag.py:3823} INFO - Setting next_dagrun for BigQueryWorkflow to 2023-10-23 00:00:00+00:00, run_after=2023-10-23 00:00:00+00:00
[2024-02-02T13:56:13.386+0000] {processor.py:183} INFO - Processing /opt/airflow/dags/dataset_dag.py took 0.168 seconds
[2024-02-02T13:56:43.535+0000] {processor.py:161} INFO - Started process (PID=367) to work on /opt/airflow/dags/dataset_dag.py
[2024-02-02T13:56:43.536+0000] {processor.py:830} INFO - Processing file /opt/airflow/dags/dataset_dag.py for tasks to queue
[2024-02-02T13:56:43.538+0000] {logging_mixin.py:188} INFO - [2024-02-02T13:56:43.538+0000] {dagbag.py:538} INFO - Filling up the DagBag from /opt/airflow/dags/dataset_dag.py
[2024-02-02T13:56:43.563+0000] {processor.py:840} INFO - DAG(s) 'BigQueryWorkflow' retrieved from /opt/airflow/dags/dataset_dag.py
[2024-02-02T13:56:43.588+0000] {logging_mixin.py:188} INFO - [2024-02-02T13:56:43.587+0000] {dag.py:3036} INFO - Sync 1 DAGs
[2024-02-02T13:56:43.608+0000] {logging_mixin.py:188} INFO - [2024-02-02T13:56:43.608+0000] {dag.py:3823} INFO - Setting next_dagrun for BigQueryWorkflow to 2023-10-23 00:00:00+00:00, run_after=2023-10-23 00:00:00+00:00
[2024-02-02T13:56:43.633+0000] {processor.py:183} INFO - Processing /opt/airflow/dags/dataset_dag.py took 0.102 seconds
[2024-02-02T13:57:13.814+0000] {processor.py:161} INFO - Started process (PID=422) to work on /opt/airflow/dags/dataset_dag.py
[2024-02-02T13:57:13.815+0000] {processor.py:830} INFO - Processing file /opt/airflow/dags/dataset_dag.py for tasks to queue
[2024-02-02T13:57:13.817+0000] {logging_mixin.py:188} INFO - [2024-02-02T13:57:13.817+0000] {dagbag.py:538} INFO - Filling up the DagBag from /opt/airflow/dags/dataset_dag.py
[2024-02-02T13:57:13.840+0000] {processor.py:840} INFO - DAG(s) 'BigQueryWorkflow' retrieved from /opt/airflow/dags/dataset_dag.py
[2024-02-02T13:57:13.867+0000] {logging_mixin.py:188} INFO - [2024-02-02T13:57:13.867+0000] {dag.py:3036} INFO - Sync 1 DAGs
[2024-02-02T13:57:13.888+0000] {logging_mixin.py:188} INFO - [2024-02-02T13:57:13.888+0000] {dag.py:3823} INFO - Setting next_dagrun for BigQueryWorkflow to 2023-10-23 00:00:00+00:00, run_after=2023-10-23 00:00:00+00:00
[2024-02-02T13:57:13.922+0000] {processor.py:183} INFO - Processing /opt/airflow/dags/dataset_dag.py took 0.112 seconds
[2024-02-02T13:57:44.333+0000] {processor.py:161} INFO - Started process (PID=477) to work on /opt/airflow/dags/dataset_dag.py
[2024-02-02T13:57:44.335+0000] {processor.py:830} INFO - Processing file /opt/airflow/dags/dataset_dag.py for tasks to queue
[2024-02-02T13:57:44.337+0000] {logging_mixin.py:188} INFO - [2024-02-02T13:57:44.337+0000] {dagbag.py:538} INFO - Filling up the DagBag from /opt/airflow/dags/dataset_dag.py
[2024-02-02T13:57:44.363+0000] {processor.py:840} INFO - DAG(s) 'BigQueryWorkflow' retrieved from /opt/airflow/dags/dataset_dag.py
[2024-02-02T13:57:44.387+0000] {logging_mixin.py:188} INFO - [2024-02-02T13:57:44.386+0000] {dag.py:3036} INFO - Sync 1 DAGs
[2024-02-02T13:57:44.407+0000] {logging_mixin.py:188} INFO - [2024-02-02T13:57:44.407+0000] {dag.py:3823} INFO - Setting next_dagrun for BigQueryWorkflow to 2023-10-23 00:00:00+00:00, run_after=2023-10-23 00:00:00+00:00
[2024-02-02T13:57:44.431+0000] {processor.py:183} INFO - Processing /opt/airflow/dags/dataset_dag.py took 0.101 seconds
[2024-02-02T13:58:14.748+0000] {processor.py:161} INFO - Started process (PID=532) to work on /opt/airflow/dags/dataset_dag.py
[2024-02-02T13:58:14.750+0000] {processor.py:830} INFO - Processing file /opt/airflow/dags/dataset_dag.py for tasks to queue
[2024-02-02T13:58:14.752+0000] {logging_mixin.py:188} INFO - [2024-02-02T13:58:14.752+0000] {dagbag.py:538} INFO - Filling up the DagBag from /opt/airflow/dags/dataset_dag.py
[2024-02-02T13:58:14.781+0000] {processor.py:840} INFO - DAG(s) 'BigQueryWorkflow' retrieved from /opt/airflow/dags/dataset_dag.py
[2024-02-02T13:58:14.806+0000] {logging_mixin.py:188} INFO - [2024-02-02T13:58:14.805+0000] {dag.py:3036} INFO - Sync 1 DAGs
[2024-02-02T13:58:14.831+0000] {logging_mixin.py:188} INFO - [2024-02-02T13:58:14.831+0000] {dag.py:3823} INFO - Setting next_dagrun for BigQueryWorkflow to 2023-10-23 00:00:00+00:00, run_after=2023-10-23 00:00:00+00:00
[2024-02-02T13:58:14.863+0000] {processor.py:183} INFO - Processing /opt/airflow/dags/dataset_dag.py took 0.118 seconds
[2024-02-02T13:58:45.564+0000] {processor.py:161} INFO - Started process (PID=587) to work on /opt/airflow/dags/dataset_dag.py
[2024-02-02T13:58:45.566+0000] {processor.py:830} INFO - Processing file /opt/airflow/dags/dataset_dag.py for tasks to queue
[2024-02-02T13:58:45.569+0000] {logging_mixin.py:188} INFO - [2024-02-02T13:58:45.568+0000] {dagbag.py:538} INFO - Filling up the DagBag from /opt/airflow/dags/dataset_dag.py
[2024-02-02T13:58:45.597+0000] {processor.py:840} INFO - DAG(s) 'BigQueryWorkflow' retrieved from /opt/airflow/dags/dataset_dag.py
[2024-02-02T13:58:45.621+0000] {logging_mixin.py:188} INFO - [2024-02-02T13:58:45.620+0000] {dag.py:3036} INFO - Sync 1 DAGs
[2024-02-02T13:58:45.644+0000] {logging_mixin.py:188} INFO - [2024-02-02T13:58:45.644+0000] {dag.py:3823} INFO - Setting next_dagrun for BigQueryWorkflow to 2023-10-23 00:00:00+00:00, run_after=2023-10-23 00:00:00+00:00
[2024-02-02T13:58:45.671+0000] {processor.py:183} INFO - Processing /opt/airflow/dags/dataset_dag.py took 0.111 seconds
[2024-02-02T13:59:16.183+0000] {processor.py:161} INFO - Started process (PID=642) to work on /opt/airflow/dags/dataset_dag.py
[2024-02-02T13:59:16.185+0000] {processor.py:830} INFO - Processing file /opt/airflow/dags/dataset_dag.py for tasks to queue
[2024-02-02T13:59:16.187+0000] {logging_mixin.py:188} INFO - [2024-02-02T13:59:16.187+0000] {dagbag.py:538} INFO - Filling up the DagBag from /opt/airflow/dags/dataset_dag.py
[2024-02-02T13:59:16.212+0000] {processor.py:840} INFO - DAG(s) 'BigQueryWorkflow' retrieved from /opt/airflow/dags/dataset_dag.py
[2024-02-02T13:59:16.240+0000] {logging_mixin.py:188} INFO - [2024-02-02T13:59:16.240+0000] {dag.py:3036} INFO - Sync 1 DAGs
[2024-02-02T13:59:16.265+0000] {logging_mixin.py:188} INFO - [2024-02-02T13:59:16.265+0000] {dag.py:3823} INFO - Setting next_dagrun for BigQueryWorkflow to 2023-10-23 00:00:00+00:00, run_after=2023-10-23 00:00:00+00:00
[2024-02-02T13:59:16.290+0000] {processor.py:183} INFO - Processing /opt/airflow/dags/dataset_dag.py took 0.110 seconds
[2024-02-02T13:59:46.753+0000] {processor.py:161} INFO - Started process (PID=697) to work on /opt/airflow/dags/dataset_dag.py
[2024-02-02T13:59:46.754+0000] {processor.py:830} INFO - Processing file /opt/airflow/dags/dataset_dag.py for tasks to queue
[2024-02-02T13:59:46.757+0000] {logging_mixin.py:188} INFO - [2024-02-02T13:59:46.757+0000] {dagbag.py:538} INFO - Filling up the DagBag from /opt/airflow/dags/dataset_dag.py
[2024-02-02T13:59:46.782+0000] {processor.py:840} INFO - DAG(s) 'BigQueryWorkflow' retrieved from /opt/airflow/dags/dataset_dag.py
[2024-02-02T13:59:46.805+0000] {logging_mixin.py:188} INFO - [2024-02-02T13:59:46.805+0000] {dag.py:3036} INFO - Sync 1 DAGs
[2024-02-02T13:59:46.828+0000] {logging_mixin.py:188} INFO - [2024-02-02T13:59:46.828+0000] {dag.py:3823} INFO - Setting next_dagrun for BigQueryWorkflow to 2023-10-23 00:00:00+00:00, run_after=2023-10-23 00:00:00+00:00
[2024-02-02T13:59:46.853+0000] {processor.py:183} INFO - Processing /opt/airflow/dags/dataset_dag.py took 0.103 seconds
[2024-02-02T14:00:16.955+0000] {processor.py:161} INFO - Started process (PID=752) to work on /opt/airflow/dags/dataset_dag.py
[2024-02-02T14:00:16.956+0000] {processor.py:830} INFO - Processing file /opt/airflow/dags/dataset_dag.py for tasks to queue
[2024-02-02T14:00:16.959+0000] {logging_mixin.py:188} INFO - [2024-02-02T14:00:16.959+0000] {dagbag.py:538} INFO - Filling up the DagBag from /opt/airflow/dags/dataset_dag.py
[2024-02-02T14:00:16.987+0000] {processor.py:840} INFO - DAG(s) 'BigQueryWorkflow' retrieved from /opt/airflow/dags/dataset_dag.py
[2024-02-02T14:00:17.012+0000] {logging_mixin.py:188} INFO - [2024-02-02T14:00:17.011+0000] {dag.py:3036} INFO - Sync 1 DAGs
[2024-02-02T14:00:17.033+0000] {logging_mixin.py:188} INFO - [2024-02-02T14:00:17.032+0000] {dag.py:3823} INFO - Setting next_dagrun for BigQueryWorkflow to 2023-10-23 00:00:00+00:00, run_after=2023-10-23 00:00:00+00:00
[2024-02-02T14:00:17.062+0000] {processor.py:183} INFO - Processing /opt/airflow/dags/dataset_dag.py took 0.110 seconds
[2024-02-02T14:00:47.464+0000] {processor.py:161} INFO - Started process (PID=807) to work on /opt/airflow/dags/dataset_dag.py
[2024-02-02T14:00:47.465+0000] {processor.py:830} INFO - Processing file /opt/airflow/dags/dataset_dag.py for tasks to queue
[2024-02-02T14:00:47.468+0000] {logging_mixin.py:188} INFO - [2024-02-02T14:00:47.467+0000] {dagbag.py:538} INFO - Filling up the DagBag from /opt/airflow/dags/dataset_dag.py
[2024-02-02T14:00:47.493+0000] {processor.py:840} INFO - DAG(s) 'BigQueryWorkflow' retrieved from /opt/airflow/dags/dataset_dag.py
[2024-02-02T14:00:47.518+0000] {logging_mixin.py:188} INFO - [2024-02-02T14:00:47.518+0000] {dag.py:3036} INFO - Sync 1 DAGs
[2024-02-02T14:00:47.539+0000] {logging_mixin.py:188} INFO - [2024-02-02T14:00:47.538+0000] {dag.py:3823} INFO - Setting next_dagrun for BigQueryWorkflow to 2023-10-23 00:00:00+00:00, run_after=2023-10-23 00:00:00+00:00
[2024-02-02T14:00:47.570+0000] {processor.py:183} INFO - Processing /opt/airflow/dags/dataset_dag.py took 0.110 seconds
[2024-02-02T14:01:18.015+0000] {processor.py:161} INFO - Started process (PID=862) to work on /opt/airflow/dags/dataset_dag.py
[2024-02-02T14:01:18.017+0000] {processor.py:830} INFO - Processing file /opt/airflow/dags/dataset_dag.py for tasks to queue
[2024-02-02T14:01:18.020+0000] {logging_mixin.py:188} INFO - [2024-02-02T14:01:18.019+0000] {dagbag.py:538} INFO - Filling up the DagBag from /opt/airflow/dags/dataset_dag.py
[2024-02-02T14:01:18.044+0000] {processor.py:840} INFO - DAG(s) 'BigQueryWorkflow' retrieved from /opt/airflow/dags/dataset_dag.py
[2024-02-02T14:01:18.075+0000] {logging_mixin.py:188} INFO - [2024-02-02T14:01:18.075+0000] {dag.py:3036} INFO - Sync 1 DAGs
[2024-02-02T14:01:18.103+0000] {logging_mixin.py:188} INFO - [2024-02-02T14:01:18.102+0000] {dag.py:3823} INFO - Setting next_dagrun for BigQueryWorkflow to 2023-10-23 00:00:00+00:00, run_after=2023-10-23 00:00:00+00:00
[2024-02-02T14:01:18.125+0000] {processor.py:183} INFO - Processing /opt/airflow/dags/dataset_dag.py took 0.115 seconds
[2024-02-02T14:02:33.648+0000] {processor.py:161} INFO - Started process (PID=35) to work on /opt/airflow/dags/dataset_dag.py
[2024-02-02T14:02:33.650+0000] {processor.py:830} INFO - Processing file /opt/airflow/dags/dataset_dag.py for tasks to queue
[2024-02-02T14:02:33.652+0000] {logging_mixin.py:188} INFO - [2024-02-02T14:02:33.651+0000] {dagbag.py:538} INFO - Filling up the DagBag from /opt/airflow/dags/dataset_dag.py
[2024-02-02T14:02:33.688+0000] {processor.py:840} INFO - DAG(s) 'BigQueryWorkflow' retrieved from /opt/airflow/dags/dataset_dag.py
[2024-02-02T14:02:33.923+0000] {logging_mixin.py:188} INFO - [2024-02-02T14:02:33.922+0000] {dag.py:3036} INFO - Sync 1 DAGs
[2024-02-02T14:02:33.943+0000] {logging_mixin.py:188} INFO - [2024-02-02T14:02:33.943+0000] {dag.py:3823} INFO - Setting next_dagrun for BigQueryWorkflow to 2023-10-23 00:00:00+00:00, run_after=2023-10-23 00:00:00+00:00
[2024-02-02T14:02:33.970+0000] {processor.py:183} INFO - Processing /opt/airflow/dags/dataset_dag.py took 0.326 seconds
[2024-02-02T14:03:04.202+0000] {processor.py:161} INFO - Started process (PID=42) to work on /opt/airflow/dags/dataset_dag.py
[2024-02-02T14:03:04.204+0000] {processor.py:830} INFO - Processing file /opt/airflow/dags/dataset_dag.py for tasks to queue
[2024-02-02T14:03:04.207+0000] {logging_mixin.py:188} INFO - [2024-02-02T14:03:04.207+0000] {dagbag.py:538} INFO - Filling up the DagBag from /opt/airflow/dags/dataset_dag.py
[2024-02-02T14:03:04.261+0000] {processor.py:840} INFO - DAG(s) 'BigQueryWorkflow' retrieved from /opt/airflow/dags/dataset_dag.py
[2024-02-02T14:03:04.298+0000] {logging_mixin.py:188} INFO - [2024-02-02T14:03:04.298+0000] {dag.py:3036} INFO - Sync 1 DAGs
[2024-02-02T14:03:04.327+0000] {logging_mixin.py:188} INFO - [2024-02-02T14:03:04.327+0000] {dag.py:3823} INFO - Setting next_dagrun for BigQueryWorkflow to 2023-10-23 00:00:00+00:00, run_after=2023-10-23 00:00:00+00:00
[2024-02-02T14:03:04.352+0000] {processor.py:183} INFO - Processing /opt/airflow/dags/dataset_dag.py took 0.154 seconds
[2024-02-02T14:03:34.418+0000] {processor.py:161} INFO - Started process (PID=49) to work on /opt/airflow/dags/dataset_dag.py
[2024-02-02T14:03:34.419+0000] {processor.py:830} INFO - Processing file /opt/airflow/dags/dataset_dag.py for tasks to queue
[2024-02-02T14:03:34.421+0000] {logging_mixin.py:188} INFO - [2024-02-02T14:03:34.421+0000] {dagbag.py:538} INFO - Filling up the DagBag from /opt/airflow/dags/dataset_dag.py
[2024-02-02T14:03:34.453+0000] {processor.py:840} INFO - DAG(s) 'BigQueryWorkflow' retrieved from /opt/airflow/dags/dataset_dag.py
[2024-02-02T14:03:34.478+0000] {logging_mixin.py:188} INFO - [2024-02-02T14:03:34.478+0000] {dag.py:3036} INFO - Sync 1 DAGs
[2024-02-02T14:03:34.498+0000] {logging_mixin.py:188} INFO - [2024-02-02T14:03:34.498+0000] {dag.py:3823} INFO - Setting next_dagrun for BigQueryWorkflow to 2023-10-23 00:00:00+00:00, run_after=2023-10-23 00:00:00+00:00
[2024-02-02T14:03:34.530+0000] {processor.py:183} INFO - Processing /opt/airflow/dags/dataset_dag.py took 0.115 seconds
[2024-02-02T14:03:53.563+0000] {processor.py:161} INFO - Started process (PID=56) to work on /opt/airflow/dags/dataset_dag.py
[2024-02-02T14:03:53.565+0000] {processor.py:830} INFO - Processing file /opt/airflow/dags/dataset_dag.py for tasks to queue
[2024-02-02T14:03:53.568+0000] {logging_mixin.py:188} INFO - [2024-02-02T14:03:53.567+0000] {dagbag.py:538} INFO - Filling up the DagBag from /opt/airflow/dags/dataset_dag.py
[2024-02-02T14:03:53.604+0000] {processor.py:840} INFO - DAG(s) 'BigQueryWorkflow' retrieved from /opt/airflow/dags/dataset_dag.py
[2024-02-02T14:03:53.706+0000] {logging_mixin.py:188} INFO - [2024-02-02T14:03:53.706+0000] {dag.py:3036} INFO - Sync 1 DAGs
[2024-02-02T14:03:53.725+0000] {logging_mixin.py:188} INFO - [2024-02-02T14:03:53.725+0000] {dag.py:3823} INFO - Setting next_dagrun for BigQueryWorkflow to 2023-10-23 00:00:00+00:00, run_after=2023-10-23 00:00:00+00:00
[2024-02-02T14:03:53.759+0000] {processor.py:183} INFO - Processing /opt/airflow/dags/dataset_dag.py took 0.199 seconds
[2024-02-02T14:03:57.731+0000] {processor.py:161} INFO - Started process (PID=57) to work on /opt/airflow/dags/dataset_dag.py
[2024-02-02T14:03:57.732+0000] {processor.py:830} INFO - Processing file /opt/airflow/dags/dataset_dag.py for tasks to queue
[2024-02-02T14:03:57.734+0000] {logging_mixin.py:188} INFO - [2024-02-02T14:03:57.734+0000] {dagbag.py:538} INFO - Filling up the DagBag from /opt/airflow/dags/dataset_dag.py
[2024-02-02T14:03:57.771+0000] {processor.py:840} INFO - DAG(s) 'BigQueryWorkflow' retrieved from /opt/airflow/dags/dataset_dag.py
[2024-02-02T14:03:57.783+0000] {logging_mixin.py:188} INFO - [2024-02-02T14:03:57.783+0000] {dag.py:3036} INFO - Sync 1 DAGs
[2024-02-02T14:03:57.818+0000] {logging_mixin.py:188} INFO - [2024-02-02T14:03:57.817+0000] {dag.py:3823} INFO - Setting next_dagrun for BigQueryWorkflow to 2023-10-23 00:00:00+00:00, run_after=2023-10-23 00:00:00+00:00
[2024-02-02T14:03:57.849+0000] {processor.py:183} INFO - Processing /opt/airflow/dags/dataset_dag.py took 0.122 seconds
[2024-02-02T14:04:14.950+0000] {processor.py:161} INFO - Started process (PID=64) to work on /opt/airflow/dags/dataset_dag.py
[2024-02-02T14:04:14.952+0000] {processor.py:830} INFO - Processing file /opt/airflow/dags/dataset_dag.py for tasks to queue
[2024-02-02T14:04:14.955+0000] {logging_mixin.py:188} INFO - [2024-02-02T14:04:14.955+0000] {dagbag.py:538} INFO - Filling up the DagBag from /opt/airflow/dags/dataset_dag.py
[2024-02-02T14:04:15.000+0000] {processor.py:840} INFO - DAG(s) 'BigQueryWorkflow' retrieved from /opt/airflow/dags/dataset_dag.py
[2024-02-02T14:04:15.015+0000] {logging_mixin.py:188} INFO - [2024-02-02T14:04:15.014+0000] {dag.py:3036} INFO - Sync 1 DAGs
[2024-02-02T14:04:15.051+0000] {logging_mixin.py:188} INFO - [2024-02-02T14:04:15.050+0000] {dag.py:3823} INFO - Setting next_dagrun for BigQueryWorkflow to 2023-10-23 00:00:00+00:00, run_after=2023-10-23 00:00:00+00:00
[2024-02-02T14:04:15.089+0000] {processor.py:183} INFO - Processing /opt/airflow/dags/dataset_dag.py took 0.143 seconds
[2024-02-02T14:04:21.048+0000] {processor.py:161} INFO - Started process (PID=65) to work on /opt/airflow/dags/dataset_dag.py
[2024-02-02T14:04:21.050+0000] {processor.py:830} INFO - Processing file /opt/airflow/dags/dataset_dag.py for tasks to queue
[2024-02-02T14:04:21.052+0000] {logging_mixin.py:188} INFO - [2024-02-02T14:04:21.052+0000] {dagbag.py:538} INFO - Filling up the DagBag from /opt/airflow/dags/dataset_dag.py
[2024-02-02T14:04:21.090+0000] {processor.py:840} INFO - DAG(s) 'BigQueryWorkflow' retrieved from /opt/airflow/dags/dataset_dag.py
[2024-02-02T14:04:21.103+0000] {logging_mixin.py:188} INFO - [2024-02-02T14:04:21.103+0000] {dag.py:3036} INFO - Sync 1 DAGs
[2024-02-02T14:04:21.128+0000] {logging_mixin.py:188} INFO - [2024-02-02T14:04:21.127+0000] {dag.py:3823} INFO - Setting next_dagrun for BigQueryWorkflow to 2023-10-23 00:00:00+00:00, run_after=2023-10-23 00:00:00+00:00
[2024-02-02T14:04:21.156+0000] {processor.py:183} INFO - Processing /opt/airflow/dags/dataset_dag.py took 0.112 seconds
[2024-02-02T14:04:51.383+0000] {processor.py:161} INFO - Started process (PID=72) to work on /opt/airflow/dags/dataset_dag.py
[2024-02-02T14:04:51.384+0000] {processor.py:830} INFO - Processing file /opt/airflow/dags/dataset_dag.py for tasks to queue
[2024-02-02T14:04:51.387+0000] {logging_mixin.py:188} INFO - [2024-02-02T14:04:51.386+0000] {dagbag.py:538} INFO - Filling up the DagBag from /opt/airflow/dags/dataset_dag.py
[2024-02-02T14:04:51.414+0000] {processor.py:840} INFO - DAG(s) 'BigQueryWorkflow' retrieved from /opt/airflow/dags/dataset_dag.py
[2024-02-02T14:04:51.518+0000] {logging_mixin.py:188} INFO - [2024-02-02T14:04:51.518+0000] {dag.py:3036} INFO - Sync 1 DAGs
[2024-02-02T14:04:51.539+0000] {logging_mixin.py:188} INFO - [2024-02-02T14:04:51.539+0000] {dag.py:3823} INFO - Setting next_dagrun for BigQueryWorkflow to 2023-10-23 00:00:00+00:00, run_after=2023-10-23 00:00:00+00:00
[2024-02-02T14:04:51.567+0000] {processor.py:183} INFO - Processing /opt/airflow/dags/dataset_dag.py took 0.187 seconds
[2024-02-02T14:05:21.651+0000] {processor.py:161} INFO - Started process (PID=79) to work on /opt/airflow/dags/dataset_dag.py
[2024-02-02T14:05:21.652+0000] {processor.py:830} INFO - Processing file /opt/airflow/dags/dataset_dag.py for tasks to queue
[2024-02-02T14:05:21.655+0000] {logging_mixin.py:188} INFO - [2024-02-02T14:05:21.655+0000] {dagbag.py:538} INFO - Filling up the DagBag from /opt/airflow/dags/dataset_dag.py
[2024-02-02T14:05:21.692+0000] {processor.py:840} INFO - DAG(s) 'BigQueryWorkflow' retrieved from /opt/airflow/dags/dataset_dag.py
[2024-02-02T14:05:21.722+0000] {logging_mixin.py:188} INFO - [2024-02-02T14:05:21.722+0000] {dag.py:3036} INFO - Sync 1 DAGs
[2024-02-02T14:05:21.750+0000] {logging_mixin.py:188} INFO - [2024-02-02T14:05:21.750+0000] {dag.py:3823} INFO - Setting next_dagrun for BigQueryWorkflow to None, run_after=None
[2024-02-02T14:05:21.773+0000] {processor.py:183} INFO - Processing /opt/airflow/dags/dataset_dag.py took 0.129 seconds
[2024-02-02T14:05:52.012+0000] {processor.py:161} INFO - Started process (PID=86) to work on /opt/airflow/dags/dataset_dag.py
[2024-02-02T14:05:52.013+0000] {processor.py:830} INFO - Processing file /opt/airflow/dags/dataset_dag.py for tasks to queue
[2024-02-02T14:05:52.015+0000] {logging_mixin.py:188} INFO - [2024-02-02T14:05:52.015+0000] {dagbag.py:538} INFO - Filling up the DagBag from /opt/airflow/dags/dataset_dag.py
[2024-02-02T14:05:52.048+0000] {processor.py:840} INFO - DAG(s) 'BigQueryWorkflow' retrieved from /opt/airflow/dags/dataset_dag.py
[2024-02-02T14:05:52.081+0000] {logging_mixin.py:188} INFO - [2024-02-02T14:05:52.081+0000] {dag.py:3036} INFO - Sync 1 DAGs
[2024-02-02T14:05:52.106+0000] {logging_mixin.py:188} INFO - [2024-02-02T14:05:52.106+0000] {dag.py:3823} INFO - Setting next_dagrun for BigQueryWorkflow to None, run_after=None
[2024-02-02T14:05:52.135+0000] {processor.py:183} INFO - Processing /opt/airflow/dags/dataset_dag.py took 0.126 seconds
[2024-02-02T14:06:22.234+0000] {processor.py:161} INFO - Started process (PID=93) to work on /opt/airflow/dags/dataset_dag.py
[2024-02-02T14:06:22.236+0000] {processor.py:830} INFO - Processing file /opt/airflow/dags/dataset_dag.py for tasks to queue
[2024-02-02T14:06:22.238+0000] {logging_mixin.py:188} INFO - [2024-02-02T14:06:22.238+0000] {dagbag.py:538} INFO - Filling up the DagBag from /opt/airflow/dags/dataset_dag.py
[2024-02-02T14:06:22.268+0000] {processor.py:840} INFO - DAG(s) 'BigQueryWorkflow' retrieved from /opt/airflow/dags/dataset_dag.py
[2024-02-02T14:06:22.293+0000] {logging_mixin.py:188} INFO - [2024-02-02T14:06:22.293+0000] {dag.py:3036} INFO - Sync 1 DAGs
[2024-02-02T14:06:22.320+0000] {logging_mixin.py:188} INFO - [2024-02-02T14:06:22.320+0000] {dag.py:3823} INFO - Setting next_dagrun for BigQueryWorkflow to None, run_after=None
[2024-02-02T14:06:22.348+0000] {processor.py:183} INFO - Processing /opt/airflow/dags/dataset_dag.py took 0.119 seconds
[2024-02-02T14:06:52.559+0000] {processor.py:161} INFO - Started process (PID=100) to work on /opt/airflow/dags/dataset_dag.py
[2024-02-02T14:06:52.560+0000] {processor.py:830} INFO - Processing file /opt/airflow/dags/dataset_dag.py for tasks to queue
[2024-02-02T14:06:52.563+0000] {logging_mixin.py:188} INFO - [2024-02-02T14:06:52.562+0000] {dagbag.py:538} INFO - Filling up the DagBag from /opt/airflow/dags/dataset_dag.py
[2024-02-02T14:06:52.597+0000] {processor.py:840} INFO - DAG(s) 'BigQueryWorkflow' retrieved from /opt/airflow/dags/dataset_dag.py
[2024-02-02T14:06:52.621+0000] {logging_mixin.py:188} INFO - [2024-02-02T14:06:52.620+0000] {dag.py:3036} INFO - Sync 1 DAGs
[2024-02-02T14:06:52.643+0000] {logging_mixin.py:188} INFO - [2024-02-02T14:06:52.642+0000] {dag.py:3823} INFO - Setting next_dagrun for BigQueryWorkflow to None, run_after=None
[2024-02-02T14:06:52.672+0000] {processor.py:183} INFO - Processing /opt/airflow/dags/dataset_dag.py took 0.116 seconds
[2024-02-02T14:07:22.776+0000] {processor.py:161} INFO - Started process (PID=107) to work on /opt/airflow/dags/dataset_dag.py
[2024-02-02T14:07:22.777+0000] {processor.py:830} INFO - Processing file /opt/airflow/dags/dataset_dag.py for tasks to queue
[2024-02-02T14:07:22.781+0000] {logging_mixin.py:188} INFO - [2024-02-02T14:07:22.781+0000] {dagbag.py:538} INFO - Filling up the DagBag from /opt/airflow/dags/dataset_dag.py
[2024-02-02T14:07:22.814+0000] {processor.py:840} INFO - DAG(s) 'BigQueryWorkflow' retrieved from /opt/airflow/dags/dataset_dag.py
[2024-02-02T14:07:22.843+0000] {logging_mixin.py:188} INFO - [2024-02-02T14:07:22.842+0000] {dag.py:3036} INFO - Sync 1 DAGs
[2024-02-02T14:07:22.864+0000] {logging_mixin.py:188} INFO - [2024-02-02T14:07:22.863+0000] {dag.py:3823} INFO - Setting next_dagrun for BigQueryWorkflow to None, run_after=None
[2024-02-02T14:07:22.891+0000] {processor.py:183} INFO - Processing /opt/airflow/dags/dataset_dag.py took 0.118 seconds
[2024-02-02T14:07:53.205+0000] {processor.py:161} INFO - Started process (PID=114) to work on /opt/airflow/dags/dataset_dag.py
[2024-02-02T14:07:53.207+0000] {processor.py:830} INFO - Processing file /opt/airflow/dags/dataset_dag.py for tasks to queue
[2024-02-02T14:07:53.209+0000] {logging_mixin.py:188} INFO - [2024-02-02T14:07:53.209+0000] {dagbag.py:538} INFO - Filling up the DagBag from /opt/airflow/dags/dataset_dag.py
[2024-02-02T14:07:53.240+0000] {processor.py:840} INFO - DAG(s) 'BigQueryWorkflow' retrieved from /opt/airflow/dags/dataset_dag.py
[2024-02-02T14:07:53.266+0000] {logging_mixin.py:188} INFO - [2024-02-02T14:07:53.265+0000] {dag.py:3036} INFO - Sync 1 DAGs
[2024-02-02T14:07:53.294+0000] {logging_mixin.py:188} INFO - [2024-02-02T14:07:53.294+0000] {dag.py:3823} INFO - Setting next_dagrun for BigQueryWorkflow to None, run_after=None
[2024-02-02T14:07:53.323+0000] {processor.py:183} INFO - Processing /opt/airflow/dags/dataset_dag.py took 0.121 seconds
[2024-02-02T14:08:02.303+0000] {processor.py:161} INFO - Started process (PID=115) to work on /opt/airflow/dags/dataset_dag.py
[2024-02-02T14:08:02.304+0000] {processor.py:830} INFO - Processing file /opt/airflow/dags/dataset_dag.py for tasks to queue
[2024-02-02T14:08:02.306+0000] {logging_mixin.py:188} INFO - [2024-02-02T14:08:02.306+0000] {dagbag.py:538} INFO - Filling up the DagBag from /opt/airflow/dags/dataset_dag.py
[2024-02-02T14:08:02.345+0000] {processor.py:840} INFO - DAG(s) 'BigQueryWorkflow' retrieved from /opt/airflow/dags/dataset_dag.py
[2024-02-02T14:08:02.469+0000] {logging_mixin.py:188} INFO - [2024-02-02T14:08:02.468+0000] {dag.py:3036} INFO - Sync 1 DAGs
[2024-02-02T14:08:02.488+0000] {logging_mixin.py:188} INFO - [2024-02-02T14:08:02.488+0000] {dag.py:3823} INFO - Setting next_dagrun for BigQueryWorkflow to None, run_after=None
[2024-02-02T14:08:02.513+0000] {processor.py:183} INFO - Processing /opt/airflow/dags/dataset_dag.py took 0.215 seconds
[2024-02-02T14:08:03.445+0000] {processor.py:161} INFO - Started process (PID=116) to work on /opt/airflow/dags/dataset_dag.py
[2024-02-02T14:08:03.447+0000] {processor.py:830} INFO - Processing file /opt/airflow/dags/dataset_dag.py for tasks to queue
[2024-02-02T14:08:03.452+0000] {logging_mixin.py:188} INFO - [2024-02-02T14:08:03.451+0000] {dagbag.py:538} INFO - Filling up the DagBag from /opt/airflow/dags/dataset_dag.py
[2024-02-02T14:08:03.495+0000] {processor.py:840} INFO - DAG(s) 'BigQueryWorkflow' retrieved from /opt/airflow/dags/dataset_dag.py
[2024-02-02T14:08:03.517+0000] {logging_mixin.py:188} INFO - [2024-02-02T14:08:03.517+0000] {dag.py:3036} INFO - Sync 1 DAGs
[2024-02-02T14:08:03.555+0000] {logging_mixin.py:188} INFO - [2024-02-02T14:08:03.555+0000] {dag.py:3823} INFO - Setting next_dagrun for BigQueryWorkflow to None, run_after=None
[2024-02-02T14:08:03.592+0000] {processor.py:183} INFO - Processing /opt/airflow/dags/dataset_dag.py took 0.151 seconds
[2024-02-02T14:08:33.796+0000] {processor.py:161} INFO - Started process (PID=123) to work on /opt/airflow/dags/dataset_dag.py
[2024-02-02T14:08:33.797+0000] {processor.py:830} INFO - Processing file /opt/airflow/dags/dataset_dag.py for tasks to queue
[2024-02-02T14:08:33.799+0000] {logging_mixin.py:188} INFO - [2024-02-02T14:08:33.799+0000] {dagbag.py:538} INFO - Filling up the DagBag from /opt/airflow/dags/dataset_dag.py
[2024-02-02T14:08:33.822+0000] {processor.py:840} INFO - DAG(s) 'BigQueryWorkflow' retrieved from /opt/airflow/dags/dataset_dag.py
[2024-02-02T14:08:33.853+0000] {logging_mixin.py:188} INFO - [2024-02-02T14:08:33.853+0000] {dag.py:3036} INFO - Sync 1 DAGs
[2024-02-02T14:08:33.875+0000] {logging_mixin.py:188} INFO - [2024-02-02T14:08:33.874+0000] {dag.py:3823} INFO - Setting next_dagrun for BigQueryWorkflow to None, run_after=None
[2024-02-02T14:08:33.897+0000] {processor.py:183} INFO - Processing /opt/airflow/dags/dataset_dag.py took 0.104 seconds
[2024-02-02T14:09:04.026+0000] {processor.py:161} INFO - Started process (PID=130) to work on /opt/airflow/dags/dataset_dag.py
[2024-02-02T14:09:04.028+0000] {processor.py:830} INFO - Processing file /opt/airflow/dags/dataset_dag.py for tasks to queue
[2024-02-02T14:09:04.030+0000] {logging_mixin.py:188} INFO - [2024-02-02T14:09:04.030+0000] {dagbag.py:538} INFO - Filling up the DagBag from /opt/airflow/dags/dataset_dag.py
[2024-02-02T14:09:04.054+0000] {processor.py:840} INFO - DAG(s) 'BigQueryWorkflow' retrieved from /opt/airflow/dags/dataset_dag.py
[2024-02-02T14:09:04.076+0000] {logging_mixin.py:188} INFO - [2024-02-02T14:09:04.076+0000] {dag.py:3036} INFO - Sync 1 DAGs
[2024-02-02T14:09:04.098+0000] {logging_mixin.py:188} INFO - [2024-02-02T14:09:04.098+0000] {dag.py:3823} INFO - Setting next_dagrun for BigQueryWorkflow to None, run_after=None
[2024-02-02T14:09:04.123+0000] {processor.py:183} INFO - Processing /opt/airflow/dags/dataset_dag.py took 0.100 seconds
[2024-02-02T14:09:24.263+0000] {processor.py:161} INFO - Started process (PID=137) to work on /opt/airflow/dags/dataset_dag.py
[2024-02-02T14:09:24.265+0000] {processor.py:830} INFO - Processing file /opt/airflow/dags/dataset_dag.py for tasks to queue
[2024-02-02T14:09:24.267+0000] {logging_mixin.py:188} INFO - [2024-02-02T14:09:24.267+0000] {dagbag.py:538} INFO - Filling up the DagBag from /opt/airflow/dags/dataset_dag.py
[2024-02-02T14:09:24.309+0000] {processor.py:840} INFO - DAG(s) 'BigQueryWorkflow' retrieved from /opt/airflow/dags/dataset_dag.py
[2024-02-02T14:09:24.417+0000] {logging_mixin.py:188} INFO - [2024-02-02T14:09:24.417+0000] {dag.py:3036} INFO - Sync 1 DAGs
[2024-02-02T14:09:24.435+0000] {logging_mixin.py:188} INFO - [2024-02-02T14:09:24.435+0000] {dag.py:3823} INFO - Setting next_dagrun for BigQueryWorkflow to None, run_after=None
[2024-02-02T14:09:24.472+0000] {processor.py:183} INFO - Processing /opt/airflow/dags/dataset_dag.py took 0.212 seconds
[2024-02-02T14:09:38.413+0000] {processor.py:161} INFO - Started process (PID=138) to work on /opt/airflow/dags/dataset_dag.py
[2024-02-02T14:09:38.415+0000] {processor.py:830} INFO - Processing file /opt/airflow/dags/dataset_dag.py for tasks to queue
[2024-02-02T14:09:38.419+0000] {logging_mixin.py:188} INFO - [2024-02-02T14:09:38.419+0000] {dagbag.py:538} INFO - Filling up the DagBag from /opt/airflow/dags/dataset_dag.py
[2024-02-02T14:09:38.468+0000] {processor.py:840} INFO - DAG(s) 'BigQueryWorkflow' retrieved from /opt/airflow/dags/dataset_dag.py
[2024-02-02T14:09:38.485+0000] {logging_mixin.py:188} INFO - [2024-02-02T14:09:38.484+0000] {dag.py:3036} INFO - Sync 1 DAGs
[2024-02-02T14:09:38.509+0000] {logging_mixin.py:188} INFO - [2024-02-02T14:09:38.508+0000] {dag.py:3823} INFO - Setting next_dagrun for BigQueryWorkflow to None, run_after=None
[2024-02-02T14:09:38.541+0000] {processor.py:183} INFO - Processing /opt/airflow/dags/dataset_dag.py took 0.133 seconds
[2024-02-02T14:10:08.647+0000] {processor.py:161} INFO - Started process (PID=145) to work on /opt/airflow/dags/dataset_dag.py
[2024-02-02T14:10:08.648+0000] {processor.py:830} INFO - Processing file /opt/airflow/dags/dataset_dag.py for tasks to queue
[2024-02-02T14:10:08.654+0000] {logging_mixin.py:188} INFO - [2024-02-02T14:10:08.653+0000] {dagbag.py:538} INFO - Filling up the DagBag from /opt/airflow/dags/dataset_dag.py
[2024-02-02T14:10:08.688+0000] {processor.py:840} INFO - DAG(s) 'BigQueryWorkflow' retrieved from /opt/airflow/dags/dataset_dag.py
[2024-02-02T14:10:08.844+0000] {logging_mixin.py:188} INFO - [2024-02-02T14:10:08.843+0000] {dag.py:3036} INFO - Sync 1 DAGs
[2024-02-02T14:10:08.872+0000] {logging_mixin.py:188} INFO - [2024-02-02T14:10:08.872+0000] {dag.py:3823} INFO - Setting next_dagrun for BigQueryWorkflow to None, run_after=None
[2024-02-02T14:10:08.897+0000] {processor.py:183} INFO - Processing /opt/airflow/dags/dataset_dag.py took 0.256 seconds
[2024-02-02T14:10:38.968+0000] {processor.py:161} INFO - Started process (PID=152) to work on /opt/airflow/dags/dataset_dag.py
[2024-02-02T14:10:38.970+0000] {processor.py:830} INFO - Processing file /opt/airflow/dags/dataset_dag.py for tasks to queue
[2024-02-02T14:10:38.974+0000] {logging_mixin.py:188} INFO - [2024-02-02T14:10:38.973+0000] {dagbag.py:538} INFO - Filling up the DagBag from /opt/airflow/dags/dataset_dag.py
[2024-02-02T14:10:39.007+0000] {processor.py:840} INFO - DAG(s) 'BigQueryWorkflow' retrieved from /opt/airflow/dags/dataset_dag.py
[2024-02-02T14:10:39.043+0000] {logging_mixin.py:188} INFO - [2024-02-02T14:10:39.043+0000] {dag.py:3036} INFO - Sync 1 DAGs
[2024-02-02T14:10:39.069+0000] {logging_mixin.py:188} INFO - [2024-02-02T14:10:39.068+0000] {dag.py:3823} INFO - Setting next_dagrun for BigQueryWorkflow to None, run_after=None
[2024-02-02T14:10:39.095+0000] {processor.py:183} INFO - Processing /opt/airflow/dags/dataset_dag.py took 0.132 seconds
[2024-02-02T14:11:09.357+0000] {processor.py:161} INFO - Started process (PID=159) to work on /opt/airflow/dags/dataset_dag.py
[2024-02-02T14:11:09.359+0000] {processor.py:830} INFO - Processing file /opt/airflow/dags/dataset_dag.py for tasks to queue
[2024-02-02T14:11:09.361+0000] {logging_mixin.py:188} INFO - [2024-02-02T14:11:09.361+0000] {dagbag.py:538} INFO - Filling up the DagBag from /opt/airflow/dags/dataset_dag.py
[2024-02-02T14:11:09.387+0000] {processor.py:840} INFO - DAG(s) 'BigQueryWorkflow' retrieved from /opt/airflow/dags/dataset_dag.py
[2024-02-02T14:11:09.409+0000] {logging_mixin.py:188} INFO - [2024-02-02T14:11:09.409+0000] {dag.py:3036} INFO - Sync 1 DAGs
[2024-02-02T14:11:09.433+0000] {logging_mixin.py:188} INFO - [2024-02-02T14:11:09.433+0000] {dag.py:3823} INFO - Setting next_dagrun for BigQueryWorkflow to None, run_after=None
[2024-02-02T14:11:09.460+0000] {processor.py:183} INFO - Processing /opt/airflow/dags/dataset_dag.py took 0.106 seconds
[2024-02-02T14:11:39.572+0000] {processor.py:161} INFO - Started process (PID=166) to work on /opt/airflow/dags/dataset_dag.py
[2024-02-02T14:11:39.573+0000] {processor.py:830} INFO - Processing file /opt/airflow/dags/dataset_dag.py for tasks to queue
[2024-02-02T14:11:39.575+0000] {logging_mixin.py:188} INFO - [2024-02-02T14:11:39.575+0000] {dagbag.py:538} INFO - Filling up the DagBag from /opt/airflow/dags/dataset_dag.py
[2024-02-02T14:11:39.598+0000] {processor.py:840} INFO - DAG(s) 'BigQueryWorkflow' retrieved from /opt/airflow/dags/dataset_dag.py
[2024-02-02T14:11:39.623+0000] {logging_mixin.py:188} INFO - [2024-02-02T14:11:39.623+0000] {dag.py:3036} INFO - Sync 1 DAGs
[2024-02-02T14:11:39.646+0000] {logging_mixin.py:188} INFO - [2024-02-02T14:11:39.645+0000] {dag.py:3823} INFO - Setting next_dagrun for BigQueryWorkflow to None, run_after=None
[2024-02-02T14:11:39.669+0000] {processor.py:183} INFO - Processing /opt/airflow/dags/dataset_dag.py took 0.100 seconds
[2024-02-02T14:12:09.870+0000] {processor.py:161} INFO - Started process (PID=173) to work on /opt/airflow/dags/dataset_dag.py
[2024-02-02T14:12:09.871+0000] {processor.py:830} INFO - Processing file /opt/airflow/dags/dataset_dag.py for tasks to queue
[2024-02-02T14:12:09.873+0000] {logging_mixin.py:188} INFO - [2024-02-02T14:12:09.873+0000] {dagbag.py:538} INFO - Filling up the DagBag from /opt/airflow/dags/dataset_dag.py
[2024-02-02T14:12:09.903+0000] {processor.py:840} INFO - DAG(s) 'BigQueryWorkflow' retrieved from /opt/airflow/dags/dataset_dag.py
[2024-02-02T14:12:09.933+0000] {logging_mixin.py:188} INFO - [2024-02-02T14:12:09.933+0000] {dag.py:3036} INFO - Sync 1 DAGs
[2024-02-02T14:12:09.955+0000] {logging_mixin.py:188} INFO - [2024-02-02T14:12:09.955+0000] {dag.py:3823} INFO - Setting next_dagrun for BigQueryWorkflow to None, run_after=None
[2024-02-02T14:12:09.980+0000] {processor.py:183} INFO - Processing /opt/airflow/dags/dataset_dag.py took 0.113 seconds
[2024-02-02T14:12:40.143+0000] {processor.py:161} INFO - Started process (PID=180) to work on /opt/airflow/dags/dataset_dag.py
[2024-02-02T14:12:40.144+0000] {processor.py:830} INFO - Processing file /opt/airflow/dags/dataset_dag.py for tasks to queue
[2024-02-02T14:12:40.147+0000] {logging_mixin.py:188} INFO - [2024-02-02T14:12:40.146+0000] {dagbag.py:538} INFO - Filling up the DagBag from /opt/airflow/dags/dataset_dag.py
[2024-02-02T14:12:40.171+0000] {processor.py:840} INFO - DAG(s) 'BigQueryWorkflow' retrieved from /opt/airflow/dags/dataset_dag.py
[2024-02-02T14:12:40.198+0000] {logging_mixin.py:188} INFO - [2024-02-02T14:12:40.197+0000] {dag.py:3036} INFO - Sync 1 DAGs
[2024-02-02T14:12:40.223+0000] {logging_mixin.py:188} INFO - [2024-02-02T14:12:40.223+0000] {dag.py:3823} INFO - Setting next_dagrun for BigQueryWorkflow to None, run_after=None
[2024-02-02T14:12:40.249+0000] {processor.py:183} INFO - Processing /opt/airflow/dags/dataset_dag.py took 0.109 seconds
[2024-02-02T14:12:43.233+0000] {processor.py:161} INFO - Started process (PID=187) to work on /opt/airflow/dags/dataset_dag.py
[2024-02-02T14:12:43.234+0000] {processor.py:830} INFO - Processing file /opt/airflow/dags/dataset_dag.py for tasks to queue
[2024-02-02T14:12:43.237+0000] {logging_mixin.py:188} INFO - [2024-02-02T14:12:43.236+0000] {dagbag.py:538} INFO - Filling up the DagBag from /opt/airflow/dags/dataset_dag.py
[2024-02-02T14:12:43.277+0000] {logging_mixin.py:188} INFO - [2024-02-02T14:12:43.272+0000] {dagbag.py:348} ERROR - Failed to import: /opt/airflow/dags/dataset_dag.py
Traceback (most recent call last):
  File "/home/airflow/.local/lib/python3.8/site-packages/airflow/models/dagbag.py", line 344, in parse
    loader.exec_module(new_module)
  File "<frozen importlib._bootstrap_external>", line 843, in exec_module
  File "<frozen importlib._bootstrap>", line 219, in _call_with_frames_removed
  File "/opt/airflow/dags/dataset_dag.py", line 9, in <module>
    default_args=default_args,
NameError: name 'default_args' is not defined
[2024-02-02T14:12:43.280+0000] {processor.py:842} WARNING - No viable dags retrieved from /opt/airflow/dags/dataset_dag.py
[2024-02-02T14:12:43.304+0000] {processor.py:183} INFO - Processing /opt/airflow/dags/dataset_dag.py took 0.076 seconds
[2024-02-02T14:13:08.493+0000] {processor.py:161} INFO - Started process (PID=188) to work on /opt/airflow/dags/dataset_dag.py
[2024-02-02T14:13:08.494+0000] {processor.py:830} INFO - Processing file /opt/airflow/dags/dataset_dag.py for tasks to queue
[2024-02-02T14:13:08.496+0000] {logging_mixin.py:188} INFO - [2024-02-02T14:13:08.495+0000] {dagbag.py:538} INFO - Filling up the DagBag from /opt/airflow/dags/dataset_dag.py
[2024-02-02T14:13:08.530+0000] {logging_mixin.py:188} INFO - [2024-02-02T14:13:08.525+0000] {dagbag.py:348} ERROR - Failed to import: /opt/airflow/dags/dataset_dag.py
Traceback (most recent call last):
  File "/home/airflow/.local/lib/python3.8/site-packages/airflow/models/dagbag.py", line 344, in parse
    loader.exec_module(new_module)
  File "<frozen importlib._bootstrap_external>", line 843, in exec_module
  File "<frozen importlib._bootstrap>", line 219, in _call_with_frames_removed
  File "/opt/airflow/dags/dataset_dag.py", line 9, in <module>
    default_args=default_args,
NameError: name 'default_args' is not defined
[2024-02-02T14:13:08.533+0000] {processor.py:842} WARNING - No viable dags retrieved from /opt/airflow/dags/dataset_dag.py
[2024-02-02T14:13:08.557+0000] {processor.py:183} INFO - Processing /opt/airflow/dags/dataset_dag.py took 0.068 seconds
[2024-02-02T14:13:38.727+0000] {processor.py:161} INFO - Started process (PID=195) to work on /opt/airflow/dags/dataset_dag.py
[2024-02-02T14:13:38.729+0000] {processor.py:830} INFO - Processing file /opt/airflow/dags/dataset_dag.py for tasks to queue
[2024-02-02T14:13:38.732+0000] {logging_mixin.py:188} INFO - [2024-02-02T14:13:38.732+0000] {dagbag.py:538} INFO - Filling up the DagBag from /opt/airflow/dags/dataset_dag.py
[2024-02-02T14:13:38.755+0000] {logging_mixin.py:188} INFO - [2024-02-02T14:13:38.750+0000] {dagbag.py:348} ERROR - Failed to import: /opt/airflow/dags/dataset_dag.py
Traceback (most recent call last):
  File "/home/airflow/.local/lib/python3.8/site-packages/airflow/models/dagbag.py", line 344, in parse
    loader.exec_module(new_module)
  File "<frozen importlib._bootstrap_external>", line 843, in exec_module
  File "<frozen importlib._bootstrap>", line 219, in _call_with_frames_removed
  File "/opt/airflow/dags/dataset_dag.py", line 9, in <module>
    default_args=default_args,
NameError: name 'default_args' is not defined
[2024-02-02T14:13:38.758+0000] {processor.py:842} WARNING - No viable dags retrieved from /opt/airflow/dags/dataset_dag.py
[2024-02-02T14:13:38.778+0000] {processor.py:183} INFO - Processing /opt/airflow/dags/dataset_dag.py took 0.055 seconds
[2024-02-02T14:14:08.982+0000] {processor.py:161} INFO - Started process (PID=202) to work on /opt/airflow/dags/dataset_dag.py
[2024-02-02T14:14:08.983+0000] {processor.py:830} INFO - Processing file /opt/airflow/dags/dataset_dag.py for tasks to queue
[2024-02-02T14:14:08.984+0000] {logging_mixin.py:188} INFO - [2024-02-02T14:14:08.984+0000] {dagbag.py:538} INFO - Filling up the DagBag from /opt/airflow/dags/dataset_dag.py
[2024-02-02T14:14:09.007+0000] {logging_mixin.py:188} INFO - [2024-02-02T14:14:09.003+0000] {dagbag.py:348} ERROR - Failed to import: /opt/airflow/dags/dataset_dag.py
Traceback (most recent call last):
  File "/home/airflow/.local/lib/python3.8/site-packages/airflow/models/dagbag.py", line 344, in parse
    loader.exec_module(new_module)
  File "<frozen importlib._bootstrap_external>", line 843, in exec_module
  File "<frozen importlib._bootstrap>", line 219, in _call_with_frames_removed
  File "/opt/airflow/dags/dataset_dag.py", line 9, in <module>
    default_args=default_args,
NameError: name 'default_args' is not defined
[2024-02-02T14:14:09.010+0000] {processor.py:842} WARNING - No viable dags retrieved from /opt/airflow/dags/dataset_dag.py
[2024-02-02T14:14:09.031+0000] {processor.py:183} INFO - Processing /opt/airflow/dags/dataset_dag.py took 0.053 seconds
[2024-02-02T14:14:16.082+0000] {processor.py:161} INFO - Started process (PID=209) to work on /opt/airflow/dags/dataset_dag.py
[2024-02-02T14:14:16.083+0000] {processor.py:830} INFO - Processing file /opt/airflow/dags/dataset_dag.py for tasks to queue
[2024-02-02T14:14:16.085+0000] {logging_mixin.py:188} INFO - [2024-02-02T14:14:16.084+0000] {dagbag.py:538} INFO - Filling up the DagBag from /opt/airflow/dags/dataset_dag.py
[2024-02-02T14:14:16.127+0000] {processor.py:840} INFO - DAG(s) 'BigQueryWorkflow' retrieved from /opt/airflow/dags/dataset_dag.py
[2024-02-02T14:14:16.224+0000] {logging_mixin.py:188} INFO - [2024-02-02T14:14:16.224+0000] {dag.py:3036} INFO - Sync 1 DAGs
[2024-02-02T14:14:16.244+0000] {logging_mixin.py:188} INFO - [2024-02-02T14:14:16.244+0000] {dag.py:3823} INFO - Setting next_dagrun for BigQueryWorkflow to None, run_after=None
[2024-02-02T14:14:16.284+0000] {processor.py:183} INFO - Processing /opt/airflow/dags/dataset_dag.py took 0.206 seconds
[2024-02-02T14:14:46.367+0000] {processor.py:161} INFO - Started process (PID=216) to work on /opt/airflow/dags/dataset_dag.py
[2024-02-02T14:14:46.368+0000] {processor.py:830} INFO - Processing file /opt/airflow/dags/dataset_dag.py for tasks to queue
[2024-02-02T14:14:46.369+0000] {logging_mixin.py:188} INFO - [2024-02-02T14:14:46.369+0000] {dagbag.py:538} INFO - Filling up the DagBag from /opt/airflow/dags/dataset_dag.py
[2024-02-02T14:14:46.397+0000] {processor.py:840} INFO - DAG(s) 'BigQueryWorkflow' retrieved from /opt/airflow/dags/dataset_dag.py
[2024-02-02T14:14:46.425+0000] {logging_mixin.py:188} INFO - [2024-02-02T14:14:46.425+0000] {dag.py:3036} INFO - Sync 1 DAGs
[2024-02-02T14:14:46.451+0000] {logging_mixin.py:188} INFO - [2024-02-02T14:14:46.451+0000] {dag.py:3823} INFO - Setting next_dagrun for BigQueryWorkflow to None, run_after=None
[2024-02-02T14:14:46.476+0000] {processor.py:183} INFO - Processing /opt/airflow/dags/dataset_dag.py took 0.113 seconds
[2024-02-02T14:15:16.611+0000] {processor.py:161} INFO - Started process (PID=223) to work on /opt/airflow/dags/dataset_dag.py
[2024-02-02T14:15:16.613+0000] {processor.py:830} INFO - Processing file /opt/airflow/dags/dataset_dag.py for tasks to queue
[2024-02-02T14:15:16.615+0000] {logging_mixin.py:188} INFO - [2024-02-02T14:15:16.614+0000] {dagbag.py:538} INFO - Filling up the DagBag from /opt/airflow/dags/dataset_dag.py
[2024-02-02T14:15:16.646+0000] {processor.py:840} INFO - DAG(s) 'BigQueryWorkflow' retrieved from /opt/airflow/dags/dataset_dag.py
[2024-02-02T14:15:16.670+0000] {logging_mixin.py:188} INFO - [2024-02-02T14:15:16.669+0000] {dag.py:3036} INFO - Sync 1 DAGs
[2024-02-02T14:15:16.693+0000] {logging_mixin.py:188} INFO - [2024-02-02T14:15:16.692+0000] {dag.py:3823} INFO - Setting next_dagrun for BigQueryWorkflow to None, run_after=None
[2024-02-02T14:15:16.716+0000] {processor.py:183} INFO - Processing /opt/airflow/dags/dataset_dag.py took 0.112 seconds
[2024-02-02T14:15:17.700+0000] {processor.py:161} INFO - Started process (PID=224) to work on /opt/airflow/dags/dataset_dag.py
[2024-02-02T14:15:17.701+0000] {processor.py:830} INFO - Processing file /opt/airflow/dags/dataset_dag.py for tasks to queue
[2024-02-02T14:15:17.702+0000] {logging_mixin.py:188} INFO - [2024-02-02T14:15:17.702+0000] {dagbag.py:538} INFO - Filling up the DagBag from /opt/airflow/dags/dataset_dag.py
[2024-02-02T14:15:17.734+0000] {processor.py:840} INFO - DAG(s) 'BigQueryWorkflow' retrieved from /opt/airflow/dags/dataset_dag.py
[2024-02-02T14:15:17.859+0000] {logging_mixin.py:188} INFO - [2024-02-02T14:15:17.858+0000] {dag.py:3036} INFO - Sync 1 DAGs
[2024-02-02T14:15:17.901+0000] {logging_mixin.py:188} INFO - [2024-02-02T14:15:17.901+0000] {dag.py:3823} INFO - Setting next_dagrun for BigQueryWorkflow to None, run_after=None
[2024-02-02T14:15:17.932+0000] {processor.py:183} INFO - Processing /opt/airflow/dags/dataset_dag.py took 0.236 seconds
[2024-02-02T14:15:48.175+0000] {processor.py:161} INFO - Started process (PID=231) to work on /opt/airflow/dags/dataset_dag.py
[2024-02-02T14:15:48.176+0000] {processor.py:830} INFO - Processing file /opt/airflow/dags/dataset_dag.py for tasks to queue
[2024-02-02T14:15:48.178+0000] {logging_mixin.py:188} INFO - [2024-02-02T14:15:48.178+0000] {dagbag.py:538} INFO - Filling up the DagBag from /opt/airflow/dags/dataset_dag.py
[2024-02-02T14:15:48.208+0000] {processor.py:840} INFO - DAG(s) 'BigQueryWorkflow' retrieved from /opt/airflow/dags/dataset_dag.py
[2024-02-02T14:15:48.322+0000] {logging_mixin.py:188} INFO - [2024-02-02T14:15:48.321+0000] {dag.py:3036} INFO - Sync 1 DAGs
[2024-02-02T14:15:48.343+0000] {logging_mixin.py:188} INFO - [2024-02-02T14:15:48.342+0000] {dag.py:3823} INFO - Setting next_dagrun for BigQueryWorkflow to None, run_after=None
[2024-02-02T14:15:48.366+0000] {processor.py:183} INFO - Processing /opt/airflow/dags/dataset_dag.py took 0.195 seconds
[2024-02-02T14:16:18.626+0000] {processor.py:161} INFO - Started process (PID=238) to work on /opt/airflow/dags/dataset_dag.py
[2024-02-02T14:16:18.627+0000] {processor.py:830} INFO - Processing file /opt/airflow/dags/dataset_dag.py for tasks to queue
[2024-02-02T14:16:18.629+0000] {logging_mixin.py:188} INFO - [2024-02-02T14:16:18.628+0000] {dagbag.py:538} INFO - Filling up the DagBag from /opt/airflow/dags/dataset_dag.py
[2024-02-02T14:16:18.670+0000] {processor.py:840} INFO - DAG(s) 'BigQueryWorkflow' retrieved from /opt/airflow/dags/dataset_dag.py
[2024-02-02T14:16:18.707+0000] {logging_mixin.py:188} INFO - [2024-02-02T14:16:18.707+0000] {dag.py:3036} INFO - Sync 1 DAGs
[2024-02-02T14:16:18.738+0000] {logging_mixin.py:188} INFO - [2024-02-02T14:16:18.737+0000] {dag.py:3823} INFO - Setting next_dagrun for BigQueryWorkflow to None, run_after=None
[2024-02-02T14:16:18.761+0000] {processor.py:183} INFO - Processing /opt/airflow/dags/dataset_dag.py took 0.140 seconds
[2024-02-02T14:16:48.825+0000] {processor.py:161} INFO - Started process (PID=245) to work on /opt/airflow/dags/dataset_dag.py
[2024-02-02T14:16:48.826+0000] {processor.py:830} INFO - Processing file /opt/airflow/dags/dataset_dag.py for tasks to queue
[2024-02-02T14:16:48.828+0000] {logging_mixin.py:188} INFO - [2024-02-02T14:16:48.827+0000] {dagbag.py:538} INFO - Filling up the DagBag from /opt/airflow/dags/dataset_dag.py
[2024-02-02T14:16:48.857+0000] {processor.py:840} INFO - DAG(s) 'BigQueryWorkflow' retrieved from /opt/airflow/dags/dataset_dag.py
[2024-02-02T14:16:48.887+0000] {logging_mixin.py:188} INFO - [2024-02-02T14:16:48.887+0000] {dag.py:3036} INFO - Sync 1 DAGs
[2024-02-02T14:16:48.908+0000] {logging_mixin.py:188} INFO - [2024-02-02T14:16:48.908+0000] {dag.py:3823} INFO - Setting next_dagrun for BigQueryWorkflow to None, run_after=None
[2024-02-02T14:16:48.932+0000] {processor.py:183} INFO - Processing /opt/airflow/dags/dataset_dag.py took 0.113 seconds
[2024-02-02T14:17:19.042+0000] {processor.py:161} INFO - Started process (PID=252) to work on /opt/airflow/dags/dataset_dag.py
[2024-02-02T14:17:19.044+0000] {processor.py:830} INFO - Processing file /opt/airflow/dags/dataset_dag.py for tasks to queue
[2024-02-02T14:17:19.045+0000] {logging_mixin.py:188} INFO - [2024-02-02T14:17:19.044+0000] {dagbag.py:538} INFO - Filling up the DagBag from /opt/airflow/dags/dataset_dag.py
[2024-02-02T14:17:19.072+0000] {processor.py:840} INFO - DAG(s) 'BigQueryWorkflow' retrieved from /opt/airflow/dags/dataset_dag.py
[2024-02-02T14:17:19.097+0000] {logging_mixin.py:188} INFO - [2024-02-02T14:17:19.096+0000] {dag.py:3036} INFO - Sync 1 DAGs
[2024-02-02T14:17:19.121+0000] {logging_mixin.py:188} INFO - [2024-02-02T14:17:19.120+0000] {dag.py:3823} INFO - Setting next_dagrun for BigQueryWorkflow to None, run_after=None
[2024-02-02T14:17:19.144+0000] {processor.py:183} INFO - Processing /opt/airflow/dags/dataset_dag.py took 0.106 seconds
[2024-02-02T14:17:49.442+0000] {processor.py:161} INFO - Started process (PID=259) to work on /opt/airflow/dags/dataset_dag.py
[2024-02-02T14:17:49.443+0000] {processor.py:830} INFO - Processing file /opt/airflow/dags/dataset_dag.py for tasks to queue
[2024-02-02T14:17:49.444+0000] {logging_mixin.py:188} INFO - [2024-02-02T14:17:49.443+0000] {dagbag.py:538} INFO - Filling up the DagBag from /opt/airflow/dags/dataset_dag.py
[2024-02-02T14:17:49.466+0000] {processor.py:840} INFO - DAG(s) 'BigQueryWorkflow' retrieved from /opt/airflow/dags/dataset_dag.py
[2024-02-02T14:17:49.491+0000] {logging_mixin.py:188} INFO - [2024-02-02T14:17:49.491+0000] {dag.py:3036} INFO - Sync 1 DAGs
[2024-02-02T14:17:49.512+0000] {logging_mixin.py:188} INFO - [2024-02-02T14:17:49.512+0000] {dag.py:3823} INFO - Setting next_dagrun for BigQueryWorkflow to None, run_after=None
[2024-02-02T14:17:49.534+0000] {processor.py:183} INFO - Processing /opt/airflow/dags/dataset_dag.py took 0.095 seconds
[2024-02-02T14:18:19.688+0000] {processor.py:161} INFO - Started process (PID=266) to work on /opt/airflow/dags/dataset_dag.py
[2024-02-02T14:18:19.689+0000] {processor.py:830} INFO - Processing file /opt/airflow/dags/dataset_dag.py for tasks to queue
[2024-02-02T14:18:19.691+0000] {logging_mixin.py:188} INFO - [2024-02-02T14:18:19.691+0000] {dagbag.py:538} INFO - Filling up the DagBag from /opt/airflow/dags/dataset_dag.py
[2024-02-02T14:18:19.718+0000] {processor.py:840} INFO - DAG(s) 'BigQueryWorkflow' retrieved from /opt/airflow/dags/dataset_dag.py
[2024-02-02T14:18:19.742+0000] {logging_mixin.py:188} INFO - [2024-02-02T14:18:19.742+0000] {dag.py:3036} INFO - Sync 1 DAGs
[2024-02-02T14:18:19.765+0000] {logging_mixin.py:188} INFO - [2024-02-02T14:18:19.765+0000] {dag.py:3823} INFO - Setting next_dagrun for BigQueryWorkflow to None, run_after=None
[2024-02-02T14:18:19.790+0000] {processor.py:183} INFO - Processing /opt/airflow/dags/dataset_dag.py took 0.106 seconds
[2024-02-02T14:18:49.942+0000] {processor.py:161} INFO - Started process (PID=273) to work on /opt/airflow/dags/dataset_dag.py
[2024-02-02T14:18:49.943+0000] {processor.py:830} INFO - Processing file /opt/airflow/dags/dataset_dag.py for tasks to queue
[2024-02-02T14:18:49.945+0000] {logging_mixin.py:188} INFO - [2024-02-02T14:18:49.944+0000] {dagbag.py:538} INFO - Filling up the DagBag from /opt/airflow/dags/dataset_dag.py
[2024-02-02T14:18:49.968+0000] {processor.py:840} INFO - DAG(s) 'BigQueryWorkflow' retrieved from /opt/airflow/dags/dataset_dag.py
[2024-02-02T14:18:49.992+0000] {logging_mixin.py:188} INFO - [2024-02-02T14:18:49.992+0000] {dag.py:3036} INFO - Sync 1 DAGs
[2024-02-02T14:18:50.012+0000] {logging_mixin.py:188} INFO - [2024-02-02T14:18:50.012+0000] {dag.py:3823} INFO - Setting next_dagrun for BigQueryWorkflow to None, run_after=None
[2024-02-02T14:18:50.032+0000] {processor.py:183} INFO - Processing /opt/airflow/dags/dataset_dag.py took 0.094 seconds
[2024-02-02T14:19:20.223+0000] {processor.py:161} INFO - Started process (PID=280) to work on /opt/airflow/dags/dataset_dag.py
[2024-02-02T14:19:20.225+0000] {processor.py:830} INFO - Processing file /opt/airflow/dags/dataset_dag.py for tasks to queue
[2024-02-02T14:19:20.226+0000] {logging_mixin.py:188} INFO - [2024-02-02T14:19:20.226+0000] {dagbag.py:538} INFO - Filling up the DagBag from /opt/airflow/dags/dataset_dag.py
[2024-02-02T14:19:20.251+0000] {processor.py:840} INFO - DAG(s) 'BigQueryWorkflow' retrieved from /opt/airflow/dags/dataset_dag.py
[2024-02-02T14:19:20.275+0000] {logging_mixin.py:188} INFO - [2024-02-02T14:19:20.275+0000] {dag.py:3036} INFO - Sync 1 DAGs
[2024-02-02T14:19:20.294+0000] {logging_mixin.py:188} INFO - [2024-02-02T14:19:20.294+0000] {dag.py:3823} INFO - Setting next_dagrun for BigQueryWorkflow to None, run_after=None
[2024-02-02T14:19:20.316+0000] {processor.py:183} INFO - Processing /opt/airflow/dags/dataset_dag.py took 0.096 seconds
[2024-02-02T14:19:50.476+0000] {processor.py:161} INFO - Started process (PID=287) to work on /opt/airflow/dags/dataset_dag.py
[2024-02-02T14:19:50.477+0000] {processor.py:830} INFO - Processing file /opt/airflow/dags/dataset_dag.py for tasks to queue
[2024-02-02T14:19:50.478+0000] {logging_mixin.py:188} INFO - [2024-02-02T14:19:50.478+0000] {dagbag.py:538} INFO - Filling up the DagBag from /opt/airflow/dags/dataset_dag.py
[2024-02-02T14:19:50.498+0000] {processor.py:840} INFO - DAG(s) 'BigQueryWorkflow' retrieved from /opt/airflow/dags/dataset_dag.py
[2024-02-02T14:19:50.533+0000] {logging_mixin.py:188} INFO - [2024-02-02T14:19:50.532+0000] {dag.py:3036} INFO - Sync 1 DAGs
[2024-02-02T14:19:50.579+0000] {logging_mixin.py:188} INFO - [2024-02-02T14:19:50.578+0000] {dag.py:3823} INFO - Setting next_dagrun for BigQueryWorkflow to None, run_after=None
[2024-02-02T14:19:50.610+0000] {processor.py:183} INFO - Processing /opt/airflow/dags/dataset_dag.py took 0.137 seconds
[2024-02-02T14:20:20.743+0000] {processor.py:161} INFO - Started process (PID=294) to work on /opt/airflow/dags/dataset_dag.py
[2024-02-02T14:20:20.745+0000] {processor.py:830} INFO - Processing file /opt/airflow/dags/dataset_dag.py for tasks to queue
[2024-02-02T14:20:20.747+0000] {logging_mixin.py:188} INFO - [2024-02-02T14:20:20.746+0000] {dagbag.py:538} INFO - Filling up the DagBag from /opt/airflow/dags/dataset_dag.py
[2024-02-02T14:20:20.774+0000] {processor.py:840} INFO - DAG(s) 'BigQueryWorkflow' retrieved from /opt/airflow/dags/dataset_dag.py
[2024-02-02T14:20:20.805+0000] {logging_mixin.py:188} INFO - [2024-02-02T14:20:20.804+0000] {dag.py:3036} INFO - Sync 1 DAGs
[2024-02-02T14:20:20.832+0000] {logging_mixin.py:188} INFO - [2024-02-02T14:20:20.831+0000] {dag.py:3823} INFO - Setting next_dagrun for BigQueryWorkflow to None, run_after=None
[2024-02-02T14:20:20.858+0000] {processor.py:183} INFO - Processing /opt/airflow/dags/dataset_dag.py took 0.120 seconds
[2024-02-02T14:20:51.058+0000] {processor.py:161} INFO - Started process (PID=301) to work on /opt/airflow/dags/dataset_dag.py
[2024-02-02T14:20:51.059+0000] {processor.py:830} INFO - Processing file /opt/airflow/dags/dataset_dag.py for tasks to queue
[2024-02-02T14:20:51.060+0000] {logging_mixin.py:188} INFO - [2024-02-02T14:20:51.060+0000] {dagbag.py:538} INFO - Filling up the DagBag from /opt/airflow/dags/dataset_dag.py
[2024-02-02T14:20:51.083+0000] {processor.py:840} INFO - DAG(s) 'BigQueryWorkflow' retrieved from /opt/airflow/dags/dataset_dag.py
[2024-02-02T14:20:51.106+0000] {logging_mixin.py:188} INFO - [2024-02-02T14:20:51.106+0000] {dag.py:3036} INFO - Sync 1 DAGs
[2024-02-02T14:20:51.127+0000] {logging_mixin.py:188} INFO - [2024-02-02T14:20:51.127+0000] {dag.py:3823} INFO - Setting next_dagrun for BigQueryWorkflow to None, run_after=None
[2024-02-02T14:20:51.149+0000] {processor.py:183} INFO - Processing /opt/airflow/dags/dataset_dag.py took 0.094 seconds
[2024-02-02T14:21:21.264+0000] {processor.py:161} INFO - Started process (PID=308) to work on /opt/airflow/dags/dataset_dag.py
[2024-02-02T14:21:21.266+0000] {processor.py:830} INFO - Processing file /opt/airflow/dags/dataset_dag.py for tasks to queue
[2024-02-02T14:21:21.267+0000] {logging_mixin.py:188} INFO - [2024-02-02T14:21:21.267+0000] {dagbag.py:538} INFO - Filling up the DagBag from /opt/airflow/dags/dataset_dag.py
[2024-02-02T14:21:21.292+0000] {processor.py:840} INFO - DAG(s) 'BigQueryWorkflow' retrieved from /opt/airflow/dags/dataset_dag.py
[2024-02-02T14:21:21.318+0000] {logging_mixin.py:188} INFO - [2024-02-02T14:21:21.318+0000] {dag.py:3036} INFO - Sync 1 DAGs
[2024-02-02T14:21:21.346+0000] {logging_mixin.py:188} INFO - [2024-02-02T14:21:21.346+0000] {dag.py:3823} INFO - Setting next_dagrun for BigQueryWorkflow to None, run_after=None
[2024-02-02T14:21:21.371+0000] {processor.py:183} INFO - Processing /opt/airflow/dags/dataset_dag.py took 0.110 seconds
[2024-02-02T14:21:50.597+0000] {processor.py:161} INFO - Started process (PID=315) to work on /opt/airflow/dags/dataset_dag.py
[2024-02-02T14:21:50.598+0000] {processor.py:830} INFO - Processing file /opt/airflow/dags/dataset_dag.py for tasks to queue
[2024-02-02T14:21:50.600+0000] {logging_mixin.py:188} INFO - [2024-02-02T14:21:50.599+0000] {dagbag.py:538} INFO - Filling up the DagBag from /opt/airflow/dags/dataset_dag.py
[2024-02-02T14:21:50.643+0000] {processor.py:840} INFO - DAG(s) 'BigQueryWorkflow' retrieved from /opt/airflow/dags/dataset_dag.py
[2024-02-02T14:21:50.667+0000] {logging_mixin.py:188} INFO - [2024-02-02T14:21:50.666+0000] {dag.py:3036} INFO - Sync 1 DAGs
[2024-02-02T14:21:50.692+0000] {logging_mixin.py:188} INFO - [2024-02-02T14:21:50.692+0000] {dag.py:3823} INFO - Setting next_dagrun for BigQueryWorkflow to None, run_after=None
[2024-02-02T14:21:50.724+0000] {processor.py:183} INFO - Processing /opt/airflow/dags/dataset_dag.py took 0.130 seconds
[2024-02-02T14:21:56.658+0000] {processor.py:161} INFO - Started process (PID=316) to work on /opt/airflow/dags/dataset_dag.py
[2024-02-02T14:21:56.659+0000] {processor.py:830} INFO - Processing file /opt/airflow/dags/dataset_dag.py for tasks to queue
[2024-02-02T14:21:56.661+0000] {logging_mixin.py:188} INFO - [2024-02-02T14:21:56.660+0000] {dagbag.py:538} INFO - Filling up the DagBag from /opt/airflow/dags/dataset_dag.py
[2024-02-02T14:21:56.703+0000] {processor.py:840} INFO - DAG(s) 'BigQueryWorkflow' retrieved from /opt/airflow/dags/dataset_dag.py
[2024-02-02T14:21:56.794+0000] {logging_mixin.py:188} INFO - [2024-02-02T14:21:56.794+0000] {dag.py:3036} INFO - Sync 1 DAGs
[2024-02-02T14:21:56.813+0000] {logging_mixin.py:188} INFO - [2024-02-02T14:21:56.813+0000] {dag.py:3823} INFO - Setting next_dagrun for BigQueryWorkflow to None, run_after=None
[2024-02-02T14:21:56.843+0000] {processor.py:183} INFO - Processing /opt/airflow/dags/dataset_dag.py took 0.188 seconds
[2024-02-02T14:22:44.721+0000] {processor.py:161} INFO - Started process (PID=34) to work on /opt/airflow/dags/dataset_dag.py
[2024-02-02T14:22:44.722+0000] {processor.py:830} INFO - Processing file /opt/airflow/dags/dataset_dag.py for tasks to queue
[2024-02-02T14:22:44.725+0000] {logging_mixin.py:188} INFO - [2024-02-02T14:22:44.724+0000] {dagbag.py:538} INFO - Filling up the DagBag from /opt/airflow/dags/dataset_dag.py
[2024-02-02T14:22:44.753+0000] {processor.py:840} INFO - DAG(s) 'BigQueryWorkflow' retrieved from /opt/airflow/dags/dataset_dag.py
[2024-02-02T14:22:44.976+0000] {logging_mixin.py:188} INFO - [2024-02-02T14:22:44.976+0000] {dag.py:3036} INFO - Sync 1 DAGs
[2024-02-02T14:22:44.998+0000] {logging_mixin.py:188} INFO - [2024-02-02T14:22:44.998+0000] {dag.py:3823} INFO - Setting next_dagrun for BigQueryWorkflow to None, run_after=None
[2024-02-02T14:22:45.020+0000] {processor.py:183} INFO - Processing /opt/airflow/dags/dataset_dag.py took 0.303 seconds
[2024-02-02T14:23:15.239+0000] {processor.py:161} INFO - Started process (PID=41) to work on /opt/airflow/dags/dataset_dag.py
[2024-02-02T14:23:15.241+0000] {processor.py:830} INFO - Processing file /opt/airflow/dags/dataset_dag.py for tasks to queue
[2024-02-02T14:23:15.243+0000] {logging_mixin.py:188} INFO - [2024-02-02T14:23:15.242+0000] {dagbag.py:538} INFO - Filling up the DagBag from /opt/airflow/dags/dataset_dag.py
[2024-02-02T14:23:15.275+0000] {processor.py:840} INFO - DAG(s) 'BigQueryWorkflow' retrieved from /opt/airflow/dags/dataset_dag.py
[2024-02-02T14:23:15.311+0000] {logging_mixin.py:188} INFO - [2024-02-02T14:23:15.311+0000] {dag.py:3036} INFO - Sync 1 DAGs
[2024-02-02T14:23:15.336+0000] {logging_mixin.py:188} INFO - [2024-02-02T14:23:15.336+0000] {dag.py:3823} INFO - Setting next_dagrun for BigQueryWorkflow to None, run_after=None
[2024-02-02T14:23:15.360+0000] {processor.py:183} INFO - Processing /opt/airflow/dags/dataset_dag.py took 0.124 seconds
[2024-02-02T14:23:45.444+0000] {processor.py:161} INFO - Started process (PID=48) to work on /opt/airflow/dags/dataset_dag.py
[2024-02-02T14:23:45.446+0000] {processor.py:830} INFO - Processing file /opt/airflow/dags/dataset_dag.py for tasks to queue
[2024-02-02T14:23:45.448+0000] {logging_mixin.py:188} INFO - [2024-02-02T14:23:45.447+0000] {dagbag.py:538} INFO - Filling up the DagBag from /opt/airflow/dags/dataset_dag.py
[2024-02-02T14:23:45.473+0000] {processor.py:840} INFO - DAG(s) 'BigQueryWorkflow' retrieved from /opt/airflow/dags/dataset_dag.py
[2024-02-02T14:23:45.499+0000] {logging_mixin.py:188} INFO - [2024-02-02T14:23:45.499+0000] {dag.py:3036} INFO - Sync 1 DAGs
[2024-02-02T14:23:45.519+0000] {logging_mixin.py:188} INFO - [2024-02-02T14:23:45.519+0000] {dag.py:3823} INFO - Setting next_dagrun for BigQueryWorkflow to None, run_after=None
[2024-02-02T14:23:45.542+0000] {processor.py:183} INFO - Processing /opt/airflow/dags/dataset_dag.py took 0.102 seconds
[2024-02-02T14:24:15.763+0000] {processor.py:161} INFO - Started process (PID=56) to work on /opt/airflow/dags/dataset_dag.py
[2024-02-02T14:24:15.764+0000] {processor.py:830} INFO - Processing file /opt/airflow/dags/dataset_dag.py for tasks to queue
[2024-02-02T14:24:15.766+0000] {logging_mixin.py:188} INFO - [2024-02-02T14:24:15.766+0000] {dagbag.py:538} INFO - Filling up the DagBag from /opt/airflow/dags/dataset_dag.py
[2024-02-02T14:24:15.788+0000] {processor.py:840} INFO - DAG(s) 'BigQueryWorkflow' retrieved from /opt/airflow/dags/dataset_dag.py
[2024-02-02T14:24:15.809+0000] {logging_mixin.py:188} INFO - [2024-02-02T14:24:15.809+0000] {dag.py:3036} INFO - Sync 1 DAGs
[2024-02-02T14:24:15.830+0000] {logging_mixin.py:188} INFO - [2024-02-02T14:24:15.829+0000] {dag.py:3823} INFO - Setting next_dagrun for BigQueryWorkflow to None, run_after=None
[2024-02-02T14:24:15.850+0000] {processor.py:183} INFO - Processing /opt/airflow/dags/dataset_dag.py took 0.089 seconds
[2024-02-02T14:24:45.985+0000] {processor.py:161} INFO - Started process (PID=63) to work on /opt/airflow/dags/dataset_dag.py
[2024-02-02T14:24:45.986+0000] {processor.py:830} INFO - Processing file /opt/airflow/dags/dataset_dag.py for tasks to queue
[2024-02-02T14:24:45.988+0000] {logging_mixin.py:188} INFO - [2024-02-02T14:24:45.988+0000] {dagbag.py:538} INFO - Filling up the DagBag from /opt/airflow/dags/dataset_dag.py
[2024-02-02T14:24:46.013+0000] {processor.py:840} INFO - DAG(s) 'BigQueryWorkflow' retrieved from /opt/airflow/dags/dataset_dag.py
[2024-02-02T14:24:46.038+0000] {logging_mixin.py:188} INFO - [2024-02-02T14:24:46.038+0000] {dag.py:3036} INFO - Sync 1 DAGs
[2024-02-02T14:24:46.061+0000] {logging_mixin.py:188} INFO - [2024-02-02T14:24:46.061+0000] {dag.py:3823} INFO - Setting next_dagrun for BigQueryWorkflow to None, run_after=None
[2024-02-02T14:24:46.082+0000] {processor.py:183} INFO - Processing /opt/airflow/dags/dataset_dag.py took 0.100 seconds
[2024-02-02T14:25:16.269+0000] {processor.py:161} INFO - Started process (PID=70) to work on /opt/airflow/dags/dataset_dag.py
[2024-02-02T14:25:16.270+0000] {processor.py:830} INFO - Processing file /opt/airflow/dags/dataset_dag.py for tasks to queue
[2024-02-02T14:25:16.273+0000] {logging_mixin.py:188} INFO - [2024-02-02T14:25:16.272+0000] {dagbag.py:538} INFO - Filling up the DagBag from /opt/airflow/dags/dataset_dag.py
[2024-02-02T14:25:16.295+0000] {processor.py:840} INFO - DAG(s) 'BigQueryWorkflow' retrieved from /opt/airflow/dags/dataset_dag.py
[2024-02-02T14:25:16.318+0000] {logging_mixin.py:188} INFO - [2024-02-02T14:25:16.318+0000] {dag.py:3036} INFO - Sync 1 DAGs
[2024-02-02T14:25:16.337+0000] {logging_mixin.py:188} INFO - [2024-02-02T14:25:16.337+0000] {dag.py:3823} INFO - Setting next_dagrun for BigQueryWorkflow to None, run_after=None
[2024-02-02T14:25:16.359+0000] {processor.py:183} INFO - Processing /opt/airflow/dags/dataset_dag.py took 0.093 seconds
[2024-02-02T14:25:46.501+0000] {processor.py:161} INFO - Started process (PID=77) to work on /opt/airflow/dags/dataset_dag.py
[2024-02-02T14:25:46.502+0000] {processor.py:830} INFO - Processing file /opt/airflow/dags/dataset_dag.py for tasks to queue
[2024-02-02T14:25:46.505+0000] {logging_mixin.py:188} INFO - [2024-02-02T14:25:46.505+0000] {dagbag.py:538} INFO - Filling up the DagBag from /opt/airflow/dags/dataset_dag.py
[2024-02-02T14:25:46.536+0000] {processor.py:840} INFO - DAG(s) 'BigQueryWorkflow' retrieved from /opt/airflow/dags/dataset_dag.py
[2024-02-02T14:25:46.562+0000] {logging_mixin.py:188} INFO - [2024-02-02T14:25:46.562+0000] {dag.py:3036} INFO - Sync 1 DAGs
[2024-02-02T14:25:46.589+0000] {logging_mixin.py:188} INFO - [2024-02-02T14:25:46.588+0000] {dag.py:3823} INFO - Setting next_dagrun for BigQueryWorkflow to None, run_after=None
[2024-02-02T14:25:46.612+0000] {processor.py:183} INFO - Processing /opt/airflow/dags/dataset_dag.py took 0.114 seconds
[2024-02-02T14:26:16.786+0000] {processor.py:161} INFO - Started process (PID=84) to work on /opt/airflow/dags/dataset_dag.py
[2024-02-02T14:26:16.787+0000] {processor.py:830} INFO - Processing file /opt/airflow/dags/dataset_dag.py for tasks to queue
[2024-02-02T14:26:16.790+0000] {logging_mixin.py:188} INFO - [2024-02-02T14:26:16.790+0000] {dagbag.py:538} INFO - Filling up the DagBag from /opt/airflow/dags/dataset_dag.py
[2024-02-02T14:26:16.810+0000] {processor.py:840} INFO - DAG(s) 'BigQueryWorkflow' retrieved from /opt/airflow/dags/dataset_dag.py
[2024-02-02T14:26:16.836+0000] {logging_mixin.py:188} INFO - [2024-02-02T14:26:16.836+0000] {dag.py:3036} INFO - Sync 1 DAGs
[2024-02-02T14:26:16.854+0000] {logging_mixin.py:188} INFO - [2024-02-02T14:26:16.854+0000] {dag.py:3823} INFO - Setting next_dagrun for BigQueryWorkflow to None, run_after=None
[2024-02-02T14:26:16.877+0000] {processor.py:183} INFO - Processing /opt/airflow/dags/dataset_dag.py took 0.095 seconds
[2024-02-02T14:26:47.054+0000] {processor.py:161} INFO - Started process (PID=91) to work on /opt/airflow/dags/dataset_dag.py
[2024-02-02T14:26:47.055+0000] {processor.py:830} INFO - Processing file /opt/airflow/dags/dataset_dag.py for tasks to queue
[2024-02-02T14:26:47.058+0000] {logging_mixin.py:188} INFO - [2024-02-02T14:26:47.057+0000] {dagbag.py:538} INFO - Filling up the DagBag from /opt/airflow/dags/dataset_dag.py
[2024-02-02T14:26:47.092+0000] {processor.py:840} INFO - DAG(s) 'BigQueryWorkflow' retrieved from /opt/airflow/dags/dataset_dag.py
[2024-02-02T14:26:47.123+0000] {logging_mixin.py:188} INFO - [2024-02-02T14:26:47.123+0000] {dag.py:3036} INFO - Sync 1 DAGs
[2024-02-02T14:26:47.150+0000] {logging_mixin.py:188} INFO - [2024-02-02T14:26:47.150+0000] {dag.py:3823} INFO - Setting next_dagrun for BigQueryWorkflow to None, run_after=None
[2024-02-02T14:26:47.179+0000] {processor.py:183} INFO - Processing /opt/airflow/dags/dataset_dag.py took 0.129 seconds
