[2024-02-02T13:53:56.467+0000] {processor.py:161} INFO - Started process (PID=43) to work on /home/airflow/.local/lib/python3.8/site-packages/airflow/example_dags/example_latest_only_with_trigger.py
[2024-02-02T13:53:56.474+0000] {processor.py:830} INFO - Processing file /home/airflow/.local/lib/python3.8/site-packages/airflow/example_dags/example_latest_only_with_trigger.py for tasks to queue
[2024-02-02T13:53:56.478+0000] {logging_mixin.py:188} INFO - [2024-02-02T13:53:56.478+0000] {dagbag.py:538} INFO - Filling up the DagBag from /home/airflow/.local/lib/python3.8/site-packages/airflow/example_dags/example_latest_only_with_trigger.py
[2024-02-02T13:53:56.492+0000] {processor.py:840} INFO - DAG(s) 'latest_only_with_trigger' retrieved from /home/airflow/.local/lib/python3.8/site-packages/airflow/example_dags/example_latest_only_with_trigger.py
[2024-02-02T13:53:56.734+0000] {logging_mixin.py:188} INFO - [2024-02-02T13:53:56.733+0000] {override.py:1769} INFO - Created Permission View: can delete on DAG:latest_only_with_trigger
[2024-02-02T13:53:56.758+0000] {logging_mixin.py:188} INFO - [2024-02-02T13:53:56.757+0000] {override.py:1769} INFO - Created Permission View: can read on DAG:latest_only_with_trigger
[2024-02-02T13:53:56.778+0000] {logging_mixin.py:188} INFO - [2024-02-02T13:53:56.777+0000] {override.py:1769} INFO - Created Permission View: can edit on DAG:latest_only_with_trigger
[2024-02-02T13:53:56.781+0000] {logging_mixin.py:188} INFO - [2024-02-02T13:53:56.780+0000] {dag.py:3036} INFO - Sync 1 DAGs
[2024-02-02T13:53:56.808+0000] {logging_mixin.py:188} INFO - [2024-02-02T13:53:56.807+0000] {dag.py:3058} INFO - Creating ORM DAG for latest_only_with_trigger
[2024-02-02T13:53:56.834+0000] {logging_mixin.py:188} INFO - [2024-02-02T13:53:56.834+0000] {dag.py:3823} INFO - Setting next_dagrun for latest_only_with_trigger to 2024-02-02 08:00:00+00:00, run_after=2024-02-02 12:00:00+00:00
[2024-02-02T13:53:56.871+0000] {processor.py:183} INFO - Processing /home/airflow/.local/lib/python3.8/site-packages/airflow/example_dags/example_latest_only_with_trigger.py took 0.416 seconds
[2024-02-02T13:54:27.795+0000] {processor.py:161} INFO - Started process (PID=101) to work on /home/airflow/.local/lib/python3.8/site-packages/airflow/example_dags/example_latest_only_with_trigger.py
[2024-02-02T13:54:27.798+0000] {processor.py:830} INFO - Processing file /home/airflow/.local/lib/python3.8/site-packages/airflow/example_dags/example_latest_only_with_trigger.py for tasks to queue
[2024-02-02T13:54:27.802+0000] {logging_mixin.py:188} INFO - [2024-02-02T13:54:27.801+0000] {dagbag.py:538} INFO - Filling up the DagBag from /home/airflow/.local/lib/python3.8/site-packages/airflow/example_dags/example_latest_only_with_trigger.py
[2024-02-02T13:54:27.808+0000] {processor.py:840} INFO - DAG(s) 'latest_only_with_trigger' retrieved from /home/airflow/.local/lib/python3.8/site-packages/airflow/example_dags/example_latest_only_with_trigger.py
[2024-02-02T13:54:27.834+0000] {logging_mixin.py:188} INFO - [2024-02-02T13:54:27.833+0000] {dag.py:3036} INFO - Sync 1 DAGs
[2024-02-02T13:54:27.864+0000] {logging_mixin.py:188} INFO - [2024-02-02T13:54:27.863+0000] {dag.py:3823} INFO - Setting next_dagrun for latest_only_with_trigger to 2024-02-02 08:00:00+00:00, run_after=2024-02-02 12:00:00+00:00
[2024-02-02T13:54:27.923+0000] {processor.py:183} INFO - Processing /home/airflow/.local/lib/python3.8/site-packages/airflow/example_dags/example_latest_only_with_trigger.py took 0.131 seconds
[2024-02-02T13:54:58.030+0000] {processor.py:161} INFO - Started process (PID=156) to work on /home/airflow/.local/lib/python3.8/site-packages/airflow/example_dags/example_latest_only_with_trigger.py
[2024-02-02T13:54:58.032+0000] {processor.py:830} INFO - Processing file /home/airflow/.local/lib/python3.8/site-packages/airflow/example_dags/example_latest_only_with_trigger.py for tasks to queue
[2024-02-02T13:54:58.034+0000] {logging_mixin.py:188} INFO - [2024-02-02T13:54:58.034+0000] {dagbag.py:538} INFO - Filling up the DagBag from /home/airflow/.local/lib/python3.8/site-packages/airflow/example_dags/example_latest_only_with_trigger.py
[2024-02-02T13:54:58.040+0000] {processor.py:840} INFO - DAG(s) 'latest_only_with_trigger' retrieved from /home/airflow/.local/lib/python3.8/site-packages/airflow/example_dags/example_latest_only_with_trigger.py
[2024-02-02T13:54:58.066+0000] {logging_mixin.py:188} INFO - [2024-02-02T13:54:58.065+0000] {dag.py:3036} INFO - Sync 1 DAGs
[2024-02-02T13:54:58.086+0000] {logging_mixin.py:188} INFO - [2024-02-02T13:54:58.085+0000] {dag.py:3823} INFO - Setting next_dagrun for latest_only_with_trigger to 2024-02-02 08:00:00+00:00, run_after=2024-02-02 12:00:00+00:00
[2024-02-02T13:54:58.108+0000] {processor.py:183} INFO - Processing /home/airflow/.local/lib/python3.8/site-packages/airflow/example_dags/example_latest_only_with_trigger.py took 0.081 seconds
[2024-02-02T13:55:28.661+0000] {processor.py:161} INFO - Started process (PID=211) to work on /home/airflow/.local/lib/python3.8/site-packages/airflow/example_dags/example_latest_only_with_trigger.py
[2024-02-02T13:55:28.663+0000] {processor.py:830} INFO - Processing file /home/airflow/.local/lib/python3.8/site-packages/airflow/example_dags/example_latest_only_with_trigger.py for tasks to queue
[2024-02-02T13:55:28.667+0000] {logging_mixin.py:188} INFO - [2024-02-02T13:55:28.666+0000] {dagbag.py:538} INFO - Filling up the DagBag from /home/airflow/.local/lib/python3.8/site-packages/airflow/example_dags/example_latest_only_with_trigger.py
[2024-02-02T13:55:28.681+0000] {processor.py:840} INFO - DAG(s) 'latest_only_with_trigger' retrieved from /home/airflow/.local/lib/python3.8/site-packages/airflow/example_dags/example_latest_only_with_trigger.py
[2024-02-02T13:55:28.713+0000] {logging_mixin.py:188} INFO - [2024-02-02T13:55:28.712+0000] {dag.py:3036} INFO - Sync 1 DAGs
[2024-02-02T13:55:28.741+0000] {logging_mixin.py:188} INFO - [2024-02-02T13:55:28.740+0000] {dag.py:3823} INFO - Setting next_dagrun for latest_only_with_trigger to 2024-02-02 08:00:00+00:00, run_after=2024-02-02 12:00:00+00:00
[2024-02-02T13:55:28.767+0000] {processor.py:183} INFO - Processing /home/airflow/.local/lib/python3.8/site-packages/airflow/example_dags/example_latest_only_with_trigger.py took 0.111 seconds
[2024-02-02T13:55:59.095+0000] {processor.py:161} INFO - Started process (PID=266) to work on /home/airflow/.local/lib/python3.8/site-packages/airflow/example_dags/example_latest_only_with_trigger.py
[2024-02-02T13:55:59.096+0000] {processor.py:830} INFO - Processing file /home/airflow/.local/lib/python3.8/site-packages/airflow/example_dags/example_latest_only_with_trigger.py for tasks to queue
[2024-02-02T13:55:59.098+0000] {logging_mixin.py:188} INFO - [2024-02-02T13:55:59.098+0000] {dagbag.py:538} INFO - Filling up the DagBag from /home/airflow/.local/lib/python3.8/site-packages/airflow/example_dags/example_latest_only_with_trigger.py
[2024-02-02T13:55:59.104+0000] {processor.py:840} INFO - DAG(s) 'latest_only_with_trigger' retrieved from /home/airflow/.local/lib/python3.8/site-packages/airflow/example_dags/example_latest_only_with_trigger.py
[2024-02-02T13:55:59.128+0000] {logging_mixin.py:188} INFO - [2024-02-02T13:55:59.128+0000] {dag.py:3036} INFO - Sync 1 DAGs
[2024-02-02T13:55:59.150+0000] {logging_mixin.py:188} INFO - [2024-02-02T13:55:59.150+0000] {dag.py:3823} INFO - Setting next_dagrun for latest_only_with_trigger to 2024-02-02 08:00:00+00:00, run_after=2024-02-02 12:00:00+00:00
[2024-02-02T13:55:59.173+0000] {processor.py:183} INFO - Processing /home/airflow/.local/lib/python3.8/site-packages/airflow/example_dags/example_latest_only_with_trigger.py took 0.082 seconds
[2024-02-02T13:56:29.589+0000] {processor.py:161} INFO - Started process (PID=321) to work on /home/airflow/.local/lib/python3.8/site-packages/airflow/example_dags/example_latest_only_with_trigger.py
[2024-02-02T13:56:29.590+0000] {processor.py:830} INFO - Processing file /home/airflow/.local/lib/python3.8/site-packages/airflow/example_dags/example_latest_only_with_trigger.py for tasks to queue
[2024-02-02T13:56:29.593+0000] {logging_mixin.py:188} INFO - [2024-02-02T13:56:29.593+0000] {dagbag.py:538} INFO - Filling up the DagBag from /home/airflow/.local/lib/python3.8/site-packages/airflow/example_dags/example_latest_only_with_trigger.py
[2024-02-02T13:56:29.602+0000] {processor.py:840} INFO - DAG(s) 'latest_only_with_trigger' retrieved from /home/airflow/.local/lib/python3.8/site-packages/airflow/example_dags/example_latest_only_with_trigger.py
[2024-02-02T13:56:29.627+0000] {logging_mixin.py:188} INFO - [2024-02-02T13:56:29.626+0000] {dag.py:3036} INFO - Sync 1 DAGs
[2024-02-02T13:56:29.654+0000] {logging_mixin.py:188} INFO - [2024-02-02T13:56:29.653+0000] {dag.py:3823} INFO - Setting next_dagrun for latest_only_with_trigger to 2024-02-02 08:00:00+00:00, run_after=2024-02-02 12:00:00+00:00
[2024-02-02T13:56:29.677+0000] {processor.py:183} INFO - Processing /home/airflow/.local/lib/python3.8/site-packages/airflow/example_dags/example_latest_only_with_trigger.py took 0.092 seconds
[2024-02-02T13:56:59.780+0000] {processor.py:161} INFO - Started process (PID=376) to work on /home/airflow/.local/lib/python3.8/site-packages/airflow/example_dags/example_latest_only_with_trigger.py
[2024-02-02T13:56:59.782+0000] {processor.py:830} INFO - Processing file /home/airflow/.local/lib/python3.8/site-packages/airflow/example_dags/example_latest_only_with_trigger.py for tasks to queue
[2024-02-02T13:56:59.786+0000] {logging_mixin.py:188} INFO - [2024-02-02T13:56:59.785+0000] {dagbag.py:538} INFO - Filling up the DagBag from /home/airflow/.local/lib/python3.8/site-packages/airflow/example_dags/example_latest_only_with_trigger.py
[2024-02-02T13:56:59.795+0000] {processor.py:840} INFO - DAG(s) 'latest_only_with_trigger' retrieved from /home/airflow/.local/lib/python3.8/site-packages/airflow/example_dags/example_latest_only_with_trigger.py
[2024-02-02T13:56:59.825+0000] {logging_mixin.py:188} INFO - [2024-02-02T13:56:59.824+0000] {dag.py:3036} INFO - Sync 1 DAGs
[2024-02-02T13:56:59.849+0000] {logging_mixin.py:188} INFO - [2024-02-02T13:56:59.849+0000] {dag.py:3823} INFO - Setting next_dagrun for latest_only_with_trigger to 2024-02-02 08:00:00+00:00, run_after=2024-02-02 12:00:00+00:00
[2024-02-02T13:56:59.874+0000] {processor.py:183} INFO - Processing /home/airflow/.local/lib/python3.8/site-packages/airflow/example_dags/example_latest_only_with_trigger.py took 0.098 seconds
[2024-02-02T13:57:30.093+0000] {processor.py:161} INFO - Started process (PID=430) to work on /home/airflow/.local/lib/python3.8/site-packages/airflow/example_dags/example_latest_only_with_trigger.py
[2024-02-02T13:57:30.094+0000] {processor.py:830} INFO - Processing file /home/airflow/.local/lib/python3.8/site-packages/airflow/example_dags/example_latest_only_with_trigger.py for tasks to queue
[2024-02-02T13:57:30.096+0000] {logging_mixin.py:188} INFO - [2024-02-02T13:57:30.096+0000] {dagbag.py:538} INFO - Filling up the DagBag from /home/airflow/.local/lib/python3.8/site-packages/airflow/example_dags/example_latest_only_with_trigger.py
[2024-02-02T13:57:30.103+0000] {processor.py:840} INFO - DAG(s) 'latest_only_with_trigger' retrieved from /home/airflow/.local/lib/python3.8/site-packages/airflow/example_dags/example_latest_only_with_trigger.py
[2024-02-02T13:57:30.128+0000] {logging_mixin.py:188} INFO - [2024-02-02T13:57:30.128+0000] {dag.py:3036} INFO - Sync 1 DAGs
[2024-02-02T13:57:30.152+0000] {logging_mixin.py:188} INFO - [2024-02-02T13:57:30.152+0000] {dag.py:3823} INFO - Setting next_dagrun for latest_only_with_trigger to 2024-02-02 08:00:00+00:00, run_after=2024-02-02 12:00:00+00:00
[2024-02-02T13:57:30.174+0000] {processor.py:183} INFO - Processing /home/airflow/.local/lib/python3.8/site-packages/airflow/example_dags/example_latest_only_with_trigger.py took 0.084 seconds
[2024-02-02T13:58:00.603+0000] {processor.py:161} INFO - Started process (PID=486) to work on /home/airflow/.local/lib/python3.8/site-packages/airflow/example_dags/example_latest_only_with_trigger.py
[2024-02-02T13:58:00.604+0000] {processor.py:830} INFO - Processing file /home/airflow/.local/lib/python3.8/site-packages/airflow/example_dags/example_latest_only_with_trigger.py for tasks to queue
[2024-02-02T13:58:00.607+0000] {logging_mixin.py:188} INFO - [2024-02-02T13:58:00.606+0000] {dagbag.py:538} INFO - Filling up the DagBag from /home/airflow/.local/lib/python3.8/site-packages/airflow/example_dags/example_latest_only_with_trigger.py
[2024-02-02T13:58:00.618+0000] {processor.py:840} INFO - DAG(s) 'latest_only_with_trigger' retrieved from /home/airflow/.local/lib/python3.8/site-packages/airflow/example_dags/example_latest_only_with_trigger.py
[2024-02-02T13:58:00.646+0000] {logging_mixin.py:188} INFO - [2024-02-02T13:58:00.645+0000] {dag.py:3036} INFO - Sync 1 DAGs
[2024-02-02T13:58:00.672+0000] {logging_mixin.py:188} INFO - [2024-02-02T13:58:00.672+0000] {dag.py:3823} INFO - Setting next_dagrun for latest_only_with_trigger to 2024-02-02 08:00:00+00:00, run_after=2024-02-02 12:00:00+00:00
[2024-02-02T13:58:00.697+0000] {processor.py:183} INFO - Processing /home/airflow/.local/lib/python3.8/site-packages/airflow/example_dags/example_latest_only_with_trigger.py took 0.098 seconds
[2024-02-02T13:58:31.021+0000] {processor.py:161} INFO - Started process (PID=540) to work on /home/airflow/.local/lib/python3.8/site-packages/airflow/example_dags/example_latest_only_with_trigger.py
[2024-02-02T13:58:31.023+0000] {processor.py:830} INFO - Processing file /home/airflow/.local/lib/python3.8/site-packages/airflow/example_dags/example_latest_only_with_trigger.py for tasks to queue
[2024-02-02T13:58:31.026+0000] {logging_mixin.py:188} INFO - [2024-02-02T13:58:31.026+0000] {dagbag.py:538} INFO - Filling up the DagBag from /home/airflow/.local/lib/python3.8/site-packages/airflow/example_dags/example_latest_only_with_trigger.py
[2024-02-02T13:58:31.034+0000] {processor.py:840} INFO - DAG(s) 'latest_only_with_trigger' retrieved from /home/airflow/.local/lib/python3.8/site-packages/airflow/example_dags/example_latest_only_with_trigger.py
[2024-02-02T13:58:31.058+0000] {logging_mixin.py:188} INFO - [2024-02-02T13:58:31.058+0000] {dag.py:3036} INFO - Sync 1 DAGs
[2024-02-02T13:58:31.082+0000] {logging_mixin.py:188} INFO - [2024-02-02T13:58:31.082+0000] {dag.py:3823} INFO - Setting next_dagrun for latest_only_with_trigger to 2024-02-02 08:00:00+00:00, run_after=2024-02-02 12:00:00+00:00
[2024-02-02T13:58:31.107+0000] {processor.py:183} INFO - Processing /home/airflow/.local/lib/python3.8/site-packages/airflow/example_dags/example_latest_only_with_trigger.py took 0.089 seconds
[2024-02-02T13:59:01.830+0000] {processor.py:161} INFO - Started process (PID=596) to work on /home/airflow/.local/lib/python3.8/site-packages/airflow/example_dags/example_latest_only_with_trigger.py
[2024-02-02T13:59:01.832+0000] {processor.py:830} INFO - Processing file /home/airflow/.local/lib/python3.8/site-packages/airflow/example_dags/example_latest_only_with_trigger.py for tasks to queue
[2024-02-02T13:59:01.835+0000] {logging_mixin.py:188} INFO - [2024-02-02T13:59:01.835+0000] {dagbag.py:538} INFO - Filling up the DagBag from /home/airflow/.local/lib/python3.8/site-packages/airflow/example_dags/example_latest_only_with_trigger.py
[2024-02-02T13:59:01.842+0000] {processor.py:840} INFO - DAG(s) 'latest_only_with_trigger' retrieved from /home/airflow/.local/lib/python3.8/site-packages/airflow/example_dags/example_latest_only_with_trigger.py
[2024-02-02T13:59:01.869+0000] {logging_mixin.py:188} INFO - [2024-02-02T13:59:01.868+0000] {dag.py:3036} INFO - Sync 1 DAGs
[2024-02-02T13:59:01.893+0000] {logging_mixin.py:188} INFO - [2024-02-02T13:59:01.893+0000] {dag.py:3823} INFO - Setting next_dagrun for latest_only_with_trigger to 2024-02-02 08:00:00+00:00, run_after=2024-02-02 12:00:00+00:00
[2024-02-02T13:59:01.917+0000] {processor.py:183} INFO - Processing /home/airflow/.local/lib/python3.8/site-packages/airflow/example_dags/example_latest_only_with_trigger.py took 0.091 seconds
[2024-02-02T13:59:32.434+0000] {processor.py:161} INFO - Started process (PID=651) to work on /home/airflow/.local/lib/python3.8/site-packages/airflow/example_dags/example_latest_only_with_trigger.py
[2024-02-02T13:59:32.436+0000] {processor.py:830} INFO - Processing file /home/airflow/.local/lib/python3.8/site-packages/airflow/example_dags/example_latest_only_with_trigger.py for tasks to queue
[2024-02-02T13:59:32.438+0000] {logging_mixin.py:188} INFO - [2024-02-02T13:59:32.438+0000] {dagbag.py:538} INFO - Filling up the DagBag from /home/airflow/.local/lib/python3.8/site-packages/airflow/example_dags/example_latest_only_with_trigger.py
[2024-02-02T13:59:32.445+0000] {processor.py:840} INFO - DAG(s) 'latest_only_with_trigger' retrieved from /home/airflow/.local/lib/python3.8/site-packages/airflow/example_dags/example_latest_only_with_trigger.py
[2024-02-02T13:59:32.470+0000] {logging_mixin.py:188} INFO - [2024-02-02T13:59:32.469+0000] {dag.py:3036} INFO - Sync 1 DAGs
[2024-02-02T13:59:32.498+0000] {logging_mixin.py:188} INFO - [2024-02-02T13:59:32.497+0000] {dag.py:3823} INFO - Setting next_dagrun for latest_only_with_trigger to 2024-02-02 08:00:00+00:00, run_after=2024-02-02 12:00:00+00:00
[2024-02-02T13:59:32.524+0000] {processor.py:183} INFO - Processing /home/airflow/.local/lib/python3.8/site-packages/airflow/example_dags/example_latest_only_with_trigger.py took 0.093 seconds
[2024-02-02T14:00:02.999+0000] {processor.py:161} INFO - Started process (PID=706) to work on /home/airflow/.local/lib/python3.8/site-packages/airflow/example_dags/example_latest_only_with_trigger.py
[2024-02-02T14:00:03.000+0000] {processor.py:830} INFO - Processing file /home/airflow/.local/lib/python3.8/site-packages/airflow/example_dags/example_latest_only_with_trigger.py for tasks to queue
[2024-02-02T14:00:03.002+0000] {logging_mixin.py:188} INFO - [2024-02-02T14:00:03.002+0000] {dagbag.py:538} INFO - Filling up the DagBag from /home/airflow/.local/lib/python3.8/site-packages/airflow/example_dags/example_latest_only_with_trigger.py
[2024-02-02T14:00:03.008+0000] {processor.py:840} INFO - DAG(s) 'latest_only_with_trigger' retrieved from /home/airflow/.local/lib/python3.8/site-packages/airflow/example_dags/example_latest_only_with_trigger.py
[2024-02-02T14:00:03.032+0000] {logging_mixin.py:188} INFO - [2024-02-02T14:00:03.031+0000] {dag.py:3036} INFO - Sync 1 DAGs
[2024-02-02T14:00:03.055+0000] {logging_mixin.py:188} INFO - [2024-02-02T14:00:03.055+0000] {dag.py:3823} INFO - Setting next_dagrun for latest_only_with_trigger to 2024-02-02 08:00:00+00:00, run_after=2024-02-02 12:00:00+00:00
[2024-02-02T14:00:03.077+0000] {processor.py:183} INFO - Processing /home/airflow/.local/lib/python3.8/site-packages/airflow/example_dags/example_latest_only_with_trigger.py took 0.082 seconds
[2024-02-02T14:00:33.236+0000] {processor.py:161} INFO - Started process (PID=760) to work on /home/airflow/.local/lib/python3.8/site-packages/airflow/example_dags/example_latest_only_with_trigger.py
[2024-02-02T14:00:33.238+0000] {processor.py:830} INFO - Processing file /home/airflow/.local/lib/python3.8/site-packages/airflow/example_dags/example_latest_only_with_trigger.py for tasks to queue
[2024-02-02T14:00:33.241+0000] {logging_mixin.py:188} INFO - [2024-02-02T14:00:33.241+0000] {dagbag.py:538} INFO - Filling up the DagBag from /home/airflow/.local/lib/python3.8/site-packages/airflow/example_dags/example_latest_only_with_trigger.py
[2024-02-02T14:00:33.249+0000] {processor.py:840} INFO - DAG(s) 'latest_only_with_trigger' retrieved from /home/airflow/.local/lib/python3.8/site-packages/airflow/example_dags/example_latest_only_with_trigger.py
[2024-02-02T14:00:33.279+0000] {logging_mixin.py:188} INFO - [2024-02-02T14:00:33.278+0000] {dag.py:3036} INFO - Sync 1 DAGs
[2024-02-02T14:00:33.309+0000] {logging_mixin.py:188} INFO - [2024-02-02T14:00:33.309+0000] {dag.py:3823} INFO - Setting next_dagrun for latest_only_with_trigger to 2024-02-02 08:00:00+00:00, run_after=2024-02-02 12:00:00+00:00
[2024-02-02T14:00:33.335+0000] {processor.py:183} INFO - Processing /home/airflow/.local/lib/python3.8/site-packages/airflow/example_dags/example_latest_only_with_trigger.py took 0.104 seconds
[2024-02-02T14:01:03.731+0000] {processor.py:161} INFO - Started process (PID=815) to work on /home/airflow/.local/lib/python3.8/site-packages/airflow/example_dags/example_latest_only_with_trigger.py
[2024-02-02T14:01:03.733+0000] {processor.py:830} INFO - Processing file /home/airflow/.local/lib/python3.8/site-packages/airflow/example_dags/example_latest_only_with_trigger.py for tasks to queue
[2024-02-02T14:01:03.736+0000] {logging_mixin.py:188} INFO - [2024-02-02T14:01:03.736+0000] {dagbag.py:538} INFO - Filling up the DagBag from /home/airflow/.local/lib/python3.8/site-packages/airflow/example_dags/example_latest_only_with_trigger.py
[2024-02-02T14:01:03.745+0000] {processor.py:840} INFO - DAG(s) 'latest_only_with_trigger' retrieved from /home/airflow/.local/lib/python3.8/site-packages/airflow/example_dags/example_latest_only_with_trigger.py
[2024-02-02T14:01:03.778+0000] {logging_mixin.py:188} INFO - [2024-02-02T14:01:03.777+0000] {dag.py:3036} INFO - Sync 1 DAGs
[2024-02-02T14:01:03.802+0000] {logging_mixin.py:188} INFO - [2024-02-02T14:01:03.802+0000] {dag.py:3823} INFO - Setting next_dagrun for latest_only_with_trigger to 2024-02-02 08:00:00+00:00, run_after=2024-02-02 12:00:00+00:00
[2024-02-02T14:01:03.837+0000] {processor.py:183} INFO - Processing /home/airflow/.local/lib/python3.8/site-packages/airflow/example_dags/example_latest_only_with_trigger.py took 0.114 seconds
