[2024-02-02T13:54:07.046+0000] {processor.py:161} INFO - Started process (PID=74) to work on /home/airflow/.local/lib/python3.8/site-packages/airflow/example_dags/example_branch_labels.py
[2024-02-02T13:54:07.048+0000] {processor.py:830} INFO - Processing file /home/airflow/.local/lib/python3.8/site-packages/airflow/example_dags/example_branch_labels.py for tasks to queue
[2024-02-02T13:54:07.052+0000] {logging_mixin.py:188} INFO - [2024-02-02T13:54:07.051+0000] {dagbag.py:538} INFO - Filling up the DagBag from /home/airflow/.local/lib/python3.8/site-packages/airflow/example_dags/example_branch_labels.py
[2024-02-02T13:54:07.069+0000] {processor.py:840} INFO - DAG(s) 'example_branch_labels' retrieved from /home/airflow/.local/lib/python3.8/site-packages/airflow/example_dags/example_branch_labels.py
[2024-02-02T13:54:07.349+0000] {logging_mixin.py:188} INFO - [2024-02-02T13:54:07.348+0000] {override.py:1769} INFO - Created Permission View: can delete on DAG:example_branch_labels
[2024-02-02T13:54:07.379+0000] {logging_mixin.py:188} INFO - [2024-02-02T13:54:07.378+0000] {override.py:1769} INFO - Created Permission View: can read on DAG:example_branch_labels
[2024-02-02T13:54:07.403+0000] {logging_mixin.py:188} INFO - [2024-02-02T13:54:07.402+0000] {override.py:1769} INFO - Created Permission View: can edit on DAG:example_branch_labels
[2024-02-02T13:54:07.408+0000] {logging_mixin.py:188} INFO - [2024-02-02T13:54:07.407+0000] {dag.py:3036} INFO - Sync 1 DAGs
[2024-02-02T13:54:07.429+0000] {logging_mixin.py:188} INFO - [2024-02-02T13:54:07.429+0000] {dag.py:3058} INFO - Creating ORM DAG for example_branch_labels
[2024-02-02T13:54:07.449+0000] {logging_mixin.py:188} INFO - [2024-02-02T13:54:07.448+0000] {dag.py:3823} INFO - Setting next_dagrun for example_branch_labels to 2024-02-01 00:00:00+00:00, run_after=2024-02-02 00:00:00+00:00
[2024-02-02T13:54:07.497+0000] {processor.py:183} INFO - Processing /home/airflow/.local/lib/python3.8/site-packages/airflow/example_dags/example_branch_labels.py took 0.456 seconds
[2024-02-02T13:54:38.326+0000] {processor.py:161} INFO - Started process (PID=132) to work on /home/airflow/.local/lib/python3.8/site-packages/airflow/example_dags/example_branch_labels.py
[2024-02-02T13:54:38.327+0000] {processor.py:830} INFO - Processing file /home/airflow/.local/lib/python3.8/site-packages/airflow/example_dags/example_branch_labels.py for tasks to queue
[2024-02-02T13:54:38.332+0000] {logging_mixin.py:188} INFO - [2024-02-02T13:54:38.331+0000] {dagbag.py:538} INFO - Filling up the DagBag from /home/airflow/.local/lib/python3.8/site-packages/airflow/example_dags/example_branch_labels.py
[2024-02-02T13:54:38.344+0000] {processor.py:840} INFO - DAG(s) 'example_branch_labels' retrieved from /home/airflow/.local/lib/python3.8/site-packages/airflow/example_dags/example_branch_labels.py
[2024-02-02T13:54:38.384+0000] {logging_mixin.py:188} INFO - [2024-02-02T13:54:38.382+0000] {dag.py:3036} INFO - Sync 1 DAGs
[2024-02-02T13:54:38.417+0000] {logging_mixin.py:188} INFO - [2024-02-02T13:54:38.417+0000] {dag.py:3823} INFO - Setting next_dagrun for example_branch_labels to 2024-02-01 00:00:00+00:00, run_after=2024-02-02 00:00:00+00:00
[2024-02-02T13:54:38.445+0000] {processor.py:183} INFO - Processing /home/airflow/.local/lib/python3.8/site-packages/airflow/example_dags/example_branch_labels.py took 0.125 seconds
[2024-02-02T13:55:09.341+0000] {processor.py:161} INFO - Started process (PID=187) to work on /home/airflow/.local/lib/python3.8/site-packages/airflow/example_dags/example_branch_labels.py
[2024-02-02T13:55:09.342+0000] {processor.py:830} INFO - Processing file /home/airflow/.local/lib/python3.8/site-packages/airflow/example_dags/example_branch_labels.py for tasks to queue
[2024-02-02T13:55:09.345+0000] {logging_mixin.py:188} INFO - [2024-02-02T13:55:09.344+0000] {dagbag.py:538} INFO - Filling up the DagBag from /home/airflow/.local/lib/python3.8/site-packages/airflow/example_dags/example_branch_labels.py
[2024-02-02T13:55:09.353+0000] {processor.py:840} INFO - DAG(s) 'example_branch_labels' retrieved from /home/airflow/.local/lib/python3.8/site-packages/airflow/example_dags/example_branch_labels.py
[2024-02-02T13:55:09.380+0000] {logging_mixin.py:188} INFO - [2024-02-02T13:55:09.379+0000] {dag.py:3036} INFO - Sync 1 DAGs
[2024-02-02T13:55:09.404+0000] {logging_mixin.py:188} INFO - [2024-02-02T13:55:09.404+0000] {dag.py:3823} INFO - Setting next_dagrun for example_branch_labels to 2024-02-01 00:00:00+00:00, run_after=2024-02-02 00:00:00+00:00
[2024-02-02T13:55:09.432+0000] {processor.py:183} INFO - Processing /home/airflow/.local/lib/python3.8/site-packages/airflow/example_dags/example_branch_labels.py took 0.095 seconds
[2024-02-02T13:55:39.741+0000] {processor.py:161} INFO - Started process (PID=242) to work on /home/airflow/.local/lib/python3.8/site-packages/airflow/example_dags/example_branch_labels.py
[2024-02-02T13:55:39.743+0000] {processor.py:830} INFO - Processing file /home/airflow/.local/lib/python3.8/site-packages/airflow/example_dags/example_branch_labels.py for tasks to queue
[2024-02-02T13:55:39.746+0000] {logging_mixin.py:188} INFO - [2024-02-02T13:55:39.746+0000] {dagbag.py:538} INFO - Filling up the DagBag from /home/airflow/.local/lib/python3.8/site-packages/airflow/example_dags/example_branch_labels.py
[2024-02-02T13:55:39.755+0000] {processor.py:840} INFO - DAG(s) 'example_branch_labels' retrieved from /home/airflow/.local/lib/python3.8/site-packages/airflow/example_dags/example_branch_labels.py
[2024-02-02T13:55:39.781+0000] {logging_mixin.py:188} INFO - [2024-02-02T13:55:39.780+0000] {dag.py:3036} INFO - Sync 1 DAGs
[2024-02-02T13:55:39.802+0000] {logging_mixin.py:188} INFO - [2024-02-02T13:55:39.802+0000] {dag.py:3823} INFO - Setting next_dagrun for example_branch_labels to 2024-02-01 00:00:00+00:00, run_after=2024-02-02 00:00:00+00:00
[2024-02-02T13:55:39.825+0000] {processor.py:183} INFO - Processing /home/airflow/.local/lib/python3.8/site-packages/airflow/example_dags/example_branch_labels.py took 0.088 seconds
[2024-02-02T13:56:10.102+0000] {processor.py:161} INFO - Started process (PID=297) to work on /home/airflow/.local/lib/python3.8/site-packages/airflow/example_dags/example_branch_labels.py
[2024-02-02T13:56:10.104+0000] {processor.py:830} INFO - Processing file /home/airflow/.local/lib/python3.8/site-packages/airflow/example_dags/example_branch_labels.py for tasks to queue
[2024-02-02T13:56:10.106+0000] {logging_mixin.py:188} INFO - [2024-02-02T13:56:10.106+0000] {dagbag.py:538} INFO - Filling up the DagBag from /home/airflow/.local/lib/python3.8/site-packages/airflow/example_dags/example_branch_labels.py
[2024-02-02T13:56:10.114+0000] {processor.py:840} INFO - DAG(s) 'example_branch_labels' retrieved from /home/airflow/.local/lib/python3.8/site-packages/airflow/example_dags/example_branch_labels.py
[2024-02-02T13:56:10.139+0000] {logging_mixin.py:188} INFO - [2024-02-02T13:56:10.138+0000] {dag.py:3036} INFO - Sync 1 DAGs
[2024-02-02T13:56:10.164+0000] {logging_mixin.py:188} INFO - [2024-02-02T13:56:10.163+0000] {dag.py:3823} INFO - Setting next_dagrun for example_branch_labels to 2024-02-01 00:00:00+00:00, run_after=2024-02-02 00:00:00+00:00
[2024-02-02T13:56:10.197+0000] {processor.py:183} INFO - Processing /home/airflow/.local/lib/python3.8/site-packages/airflow/example_dags/example_branch_labels.py took 0.099 seconds
[2024-02-02T13:56:40.667+0000] {processor.py:161} INFO - Started process (PID=352) to work on /home/airflow/.local/lib/python3.8/site-packages/airflow/example_dags/example_branch_labels.py
[2024-02-02T13:56:40.668+0000] {processor.py:830} INFO - Processing file /home/airflow/.local/lib/python3.8/site-packages/airflow/example_dags/example_branch_labels.py for tasks to queue
[2024-02-02T13:56:40.671+0000] {logging_mixin.py:188} INFO - [2024-02-02T13:56:40.671+0000] {dagbag.py:538} INFO - Filling up the DagBag from /home/airflow/.local/lib/python3.8/site-packages/airflow/example_dags/example_branch_labels.py
[2024-02-02T13:56:40.680+0000] {processor.py:840} INFO - DAG(s) 'example_branch_labels' retrieved from /home/airflow/.local/lib/python3.8/site-packages/airflow/example_dags/example_branch_labels.py
[2024-02-02T13:56:40.704+0000] {logging_mixin.py:188} INFO - [2024-02-02T13:56:40.703+0000] {dag.py:3036} INFO - Sync 1 DAGs
[2024-02-02T13:56:40.728+0000] {logging_mixin.py:188} INFO - [2024-02-02T13:56:40.728+0000] {dag.py:3823} INFO - Setting next_dagrun for example_branch_labels to 2024-02-01 00:00:00+00:00, run_after=2024-02-02 00:00:00+00:00
[2024-02-02T13:56:40.750+0000] {processor.py:183} INFO - Processing /home/airflow/.local/lib/python3.8/site-packages/airflow/example_dags/example_branch_labels.py took 0.087 seconds
[2024-02-02T13:57:10.960+0000] {processor.py:161} INFO - Started process (PID=407) to work on /home/airflow/.local/lib/python3.8/site-packages/airflow/example_dags/example_branch_labels.py
[2024-02-02T13:57:10.962+0000] {processor.py:830} INFO - Processing file /home/airflow/.local/lib/python3.8/site-packages/airflow/example_dags/example_branch_labels.py for tasks to queue
[2024-02-02T13:57:10.964+0000] {logging_mixin.py:188} INFO - [2024-02-02T13:57:10.964+0000] {dagbag.py:538} INFO - Filling up the DagBag from /home/airflow/.local/lib/python3.8/site-packages/airflow/example_dags/example_branch_labels.py
[2024-02-02T13:57:10.973+0000] {processor.py:840} INFO - DAG(s) 'example_branch_labels' retrieved from /home/airflow/.local/lib/python3.8/site-packages/airflow/example_dags/example_branch_labels.py
[2024-02-02T13:57:10.998+0000] {logging_mixin.py:188} INFO - [2024-02-02T13:57:10.997+0000] {dag.py:3036} INFO - Sync 1 DAGs
[2024-02-02T13:57:11.019+0000] {logging_mixin.py:188} INFO - [2024-02-02T13:57:11.019+0000] {dag.py:3823} INFO - Setting next_dagrun for example_branch_labels to 2024-02-01 00:00:00+00:00, run_after=2024-02-02 00:00:00+00:00
[2024-02-02T13:57:11.041+0000] {processor.py:183} INFO - Processing /home/airflow/.local/lib/python3.8/site-packages/airflow/example_dags/example_branch_labels.py took 0.084 seconds
[2024-02-02T13:57:41.307+0000] {processor.py:161} INFO - Started process (PID=462) to work on /home/airflow/.local/lib/python3.8/site-packages/airflow/example_dags/example_branch_labels.py
[2024-02-02T13:57:41.309+0000] {processor.py:830} INFO - Processing file /home/airflow/.local/lib/python3.8/site-packages/airflow/example_dags/example_branch_labels.py for tasks to queue
[2024-02-02T13:57:41.312+0000] {logging_mixin.py:188} INFO - [2024-02-02T13:57:41.311+0000] {dagbag.py:538} INFO - Filling up the DagBag from /home/airflow/.local/lib/python3.8/site-packages/airflow/example_dags/example_branch_labels.py
[2024-02-02T13:57:41.325+0000] {processor.py:840} INFO - DAG(s) 'example_branch_labels' retrieved from /home/airflow/.local/lib/python3.8/site-packages/airflow/example_dags/example_branch_labels.py
[2024-02-02T13:57:41.351+0000] {logging_mixin.py:188} INFO - [2024-02-02T13:57:41.351+0000] {dag.py:3036} INFO - Sync 1 DAGs
[2024-02-02T13:57:41.374+0000] {logging_mixin.py:188} INFO - [2024-02-02T13:57:41.373+0000] {dag.py:3823} INFO - Setting next_dagrun for example_branch_labels to 2024-02-01 00:00:00+00:00, run_after=2024-02-02 00:00:00+00:00
[2024-02-02T13:57:41.399+0000] {processor.py:183} INFO - Processing /home/airflow/.local/lib/python3.8/site-packages/airflow/example_dags/example_branch_labels.py took 0.095 seconds
[2024-02-02T13:58:11.892+0000] {processor.py:161} INFO - Started process (PID=517) to work on /home/airflow/.local/lib/python3.8/site-packages/airflow/example_dags/example_branch_labels.py
[2024-02-02T13:58:11.894+0000] {processor.py:830} INFO - Processing file /home/airflow/.local/lib/python3.8/site-packages/airflow/example_dags/example_branch_labels.py for tasks to queue
[2024-02-02T13:58:11.896+0000] {logging_mixin.py:188} INFO - [2024-02-02T13:58:11.896+0000] {dagbag.py:538} INFO - Filling up the DagBag from /home/airflow/.local/lib/python3.8/site-packages/airflow/example_dags/example_branch_labels.py
[2024-02-02T13:58:11.905+0000] {processor.py:840} INFO - DAG(s) 'example_branch_labels' retrieved from /home/airflow/.local/lib/python3.8/site-packages/airflow/example_dags/example_branch_labels.py
[2024-02-02T13:58:11.931+0000] {logging_mixin.py:188} INFO - [2024-02-02T13:58:11.930+0000] {dag.py:3036} INFO - Sync 1 DAGs
[2024-02-02T13:58:11.957+0000] {logging_mixin.py:188} INFO - [2024-02-02T13:58:11.956+0000] {dag.py:3823} INFO - Setting next_dagrun for example_branch_labels to 2024-02-01 00:00:00+00:00, run_after=2024-02-02 00:00:00+00:00
[2024-02-02T13:58:11.978+0000] {processor.py:183} INFO - Processing /home/airflow/.local/lib/python3.8/site-packages/airflow/example_dags/example_branch_labels.py took 0.091 seconds
[2024-02-02T13:58:42.307+0000] {processor.py:161} INFO - Started process (PID=572) to work on /home/airflow/.local/lib/python3.8/site-packages/airflow/example_dags/example_branch_labels.py
[2024-02-02T13:58:42.308+0000] {processor.py:830} INFO - Processing file /home/airflow/.local/lib/python3.8/site-packages/airflow/example_dags/example_branch_labels.py for tasks to queue
[2024-02-02T13:58:42.312+0000] {logging_mixin.py:188} INFO - [2024-02-02T13:58:42.311+0000] {dagbag.py:538} INFO - Filling up the DagBag from /home/airflow/.local/lib/python3.8/site-packages/airflow/example_dags/example_branch_labels.py
[2024-02-02T13:58:42.320+0000] {processor.py:840} INFO - DAG(s) 'example_branch_labels' retrieved from /home/airflow/.local/lib/python3.8/site-packages/airflow/example_dags/example_branch_labels.py
[2024-02-02T13:58:42.351+0000] {logging_mixin.py:188} INFO - [2024-02-02T13:58:42.350+0000] {dag.py:3036} INFO - Sync 1 DAGs
[2024-02-02T13:58:42.374+0000] {logging_mixin.py:188} INFO - [2024-02-02T13:58:42.374+0000] {dag.py:3823} INFO - Setting next_dagrun for example_branch_labels to 2024-02-01 00:00:00+00:00, run_after=2024-02-02 00:00:00+00:00
[2024-02-02T13:58:42.396+0000] {processor.py:183} INFO - Processing /home/airflow/.local/lib/python3.8/site-packages/airflow/example_dags/example_branch_labels.py took 0.094 seconds
[2024-02-02T13:59:13.147+0000] {processor.py:161} INFO - Started process (PID=627) to work on /home/airflow/.local/lib/python3.8/site-packages/airflow/example_dags/example_branch_labels.py
[2024-02-02T13:59:13.149+0000] {processor.py:830} INFO - Processing file /home/airflow/.local/lib/python3.8/site-packages/airflow/example_dags/example_branch_labels.py for tasks to queue
[2024-02-02T13:59:13.151+0000] {logging_mixin.py:188} INFO - [2024-02-02T13:59:13.151+0000] {dagbag.py:538} INFO - Filling up the DagBag from /home/airflow/.local/lib/python3.8/site-packages/airflow/example_dags/example_branch_labels.py
[2024-02-02T13:59:13.159+0000] {processor.py:840} INFO - DAG(s) 'example_branch_labels' retrieved from /home/airflow/.local/lib/python3.8/site-packages/airflow/example_dags/example_branch_labels.py
[2024-02-02T13:59:13.184+0000] {logging_mixin.py:188} INFO - [2024-02-02T13:59:13.183+0000] {dag.py:3036} INFO - Sync 1 DAGs
[2024-02-02T13:59:13.215+0000] {logging_mixin.py:188} INFO - [2024-02-02T13:59:13.215+0000] {dag.py:3823} INFO - Setting next_dagrun for example_branch_labels to 2024-02-01 00:00:00+00:00, run_after=2024-02-02 00:00:00+00:00
[2024-02-02T13:59:13.240+0000] {processor.py:183} INFO - Processing /home/airflow/.local/lib/python3.8/site-packages/airflow/example_dags/example_branch_labels.py took 0.096 seconds
[2024-02-02T13:59:43.671+0000] {processor.py:161} INFO - Started process (PID=682) to work on /home/airflow/.local/lib/python3.8/site-packages/airflow/example_dags/example_branch_labels.py
[2024-02-02T13:59:43.672+0000] {processor.py:830} INFO - Processing file /home/airflow/.local/lib/python3.8/site-packages/airflow/example_dags/example_branch_labels.py for tasks to queue
[2024-02-02T13:59:43.674+0000] {logging_mixin.py:188} INFO - [2024-02-02T13:59:43.674+0000] {dagbag.py:538} INFO - Filling up the DagBag from /home/airflow/.local/lib/python3.8/site-packages/airflow/example_dags/example_branch_labels.py
[2024-02-02T13:59:43.683+0000] {processor.py:840} INFO - DAG(s) 'example_branch_labels' retrieved from /home/airflow/.local/lib/python3.8/site-packages/airflow/example_dags/example_branch_labels.py
[2024-02-02T13:59:43.708+0000] {logging_mixin.py:188} INFO - [2024-02-02T13:59:43.708+0000] {dag.py:3036} INFO - Sync 1 DAGs
[2024-02-02T13:59:43.738+0000] {logging_mixin.py:188} INFO - [2024-02-02T13:59:43.738+0000] {dag.py:3823} INFO - Setting next_dagrun for example_branch_labels to 2024-02-01 00:00:00+00:00, run_after=2024-02-02 00:00:00+00:00
[2024-02-02T13:59:43.761+0000] {processor.py:183} INFO - Processing /home/airflow/.local/lib/python3.8/site-packages/airflow/example_dags/example_branch_labels.py took 0.094 seconds
[2024-02-02T14:00:14.117+0000] {processor.py:161} INFO - Started process (PID=737) to work on /home/airflow/.local/lib/python3.8/site-packages/airflow/example_dags/example_branch_labels.py
[2024-02-02T14:00:14.119+0000] {processor.py:830} INFO - Processing file /home/airflow/.local/lib/python3.8/site-packages/airflow/example_dags/example_branch_labels.py for tasks to queue
[2024-02-02T14:00:14.121+0000] {logging_mixin.py:188} INFO - [2024-02-02T14:00:14.121+0000] {dagbag.py:538} INFO - Filling up the DagBag from /home/airflow/.local/lib/python3.8/site-packages/airflow/example_dags/example_branch_labels.py
[2024-02-02T14:00:14.129+0000] {processor.py:840} INFO - DAG(s) 'example_branch_labels' retrieved from /home/airflow/.local/lib/python3.8/site-packages/airflow/example_dags/example_branch_labels.py
[2024-02-02T14:00:14.154+0000] {logging_mixin.py:188} INFO - [2024-02-02T14:00:14.153+0000] {dag.py:3036} INFO - Sync 1 DAGs
[2024-02-02T14:00:14.178+0000] {logging_mixin.py:188} INFO - [2024-02-02T14:00:14.178+0000] {dag.py:3823} INFO - Setting next_dagrun for example_branch_labels to 2024-02-01 00:00:00+00:00, run_after=2024-02-02 00:00:00+00:00
[2024-02-02T14:00:14.202+0000] {processor.py:183} INFO - Processing /home/airflow/.local/lib/python3.8/site-packages/airflow/example_dags/example_branch_labels.py took 0.088 seconds
[2024-02-02T14:00:44.513+0000] {processor.py:161} INFO - Started process (PID=792) to work on /home/airflow/.local/lib/python3.8/site-packages/airflow/example_dags/example_branch_labels.py
[2024-02-02T14:00:44.514+0000] {processor.py:830} INFO - Processing file /home/airflow/.local/lib/python3.8/site-packages/airflow/example_dags/example_branch_labels.py for tasks to queue
[2024-02-02T14:00:44.517+0000] {logging_mixin.py:188} INFO - [2024-02-02T14:00:44.516+0000] {dagbag.py:538} INFO - Filling up the DagBag from /home/airflow/.local/lib/python3.8/site-packages/airflow/example_dags/example_branch_labels.py
[2024-02-02T14:00:44.524+0000] {processor.py:840} INFO - DAG(s) 'example_branch_labels' retrieved from /home/airflow/.local/lib/python3.8/site-packages/airflow/example_dags/example_branch_labels.py
[2024-02-02T14:00:44.548+0000] {logging_mixin.py:188} INFO - [2024-02-02T14:00:44.548+0000] {dag.py:3036} INFO - Sync 1 DAGs
[2024-02-02T14:00:44.572+0000] {logging_mixin.py:188} INFO - [2024-02-02T14:00:44.571+0000] {dag.py:3823} INFO - Setting next_dagrun for example_branch_labels to 2024-02-01 00:00:00+00:00, run_after=2024-02-02 00:00:00+00:00
[2024-02-02T14:00:44.597+0000] {processor.py:183} INFO - Processing /home/airflow/.local/lib/python3.8/site-packages/airflow/example_dags/example_branch_labels.py took 0.087 seconds
[2024-02-02T14:01:15.102+0000] {processor.py:161} INFO - Started process (PID=847) to work on /home/airflow/.local/lib/python3.8/site-packages/airflow/example_dags/example_branch_labels.py
[2024-02-02T14:01:15.104+0000] {processor.py:830} INFO - Processing file /home/airflow/.local/lib/python3.8/site-packages/airflow/example_dags/example_branch_labels.py for tasks to queue
[2024-02-02T14:01:15.106+0000] {logging_mixin.py:188} INFO - [2024-02-02T14:01:15.106+0000] {dagbag.py:538} INFO - Filling up the DagBag from /home/airflow/.local/lib/python3.8/site-packages/airflow/example_dags/example_branch_labels.py
[2024-02-02T14:01:15.116+0000] {processor.py:840} INFO - DAG(s) 'example_branch_labels' retrieved from /home/airflow/.local/lib/python3.8/site-packages/airflow/example_dags/example_branch_labels.py
[2024-02-02T14:01:15.140+0000] {logging_mixin.py:188} INFO - [2024-02-02T14:01:15.139+0000] {dag.py:3036} INFO - Sync 1 DAGs
[2024-02-02T14:01:15.164+0000] {logging_mixin.py:188} INFO - [2024-02-02T14:01:15.164+0000] {dag.py:3823} INFO - Setting next_dagrun for example_branch_labels to 2024-02-01 00:00:00+00:00, run_after=2024-02-02 00:00:00+00:00
[2024-02-02T14:01:15.191+0000] {processor.py:183} INFO - Processing /home/airflow/.local/lib/python3.8/site-packages/airflow/example_dags/example_branch_labels.py took 0.093 seconds
