[2024-02-02T13:54:05.057+0000] {processor.py:161} INFO - Started process (PID=68) to work on /home/airflow/.local/lib/python3.8/site-packages/airflow/example_dags/example_task_group.py
[2024-02-02T13:54:05.060+0000] {processor.py:830} INFO - Processing file /home/airflow/.local/lib/python3.8/site-packages/airflow/example_dags/example_task_group.py for tasks to queue
[2024-02-02T13:54:05.065+0000] {logging_mixin.py:188} INFO - [2024-02-02T13:54:05.065+0000] {dagbag.py:538} INFO - Filling up the DagBag from /home/airflow/.local/lib/python3.8/site-packages/airflow/example_dags/example_task_group.py
[2024-02-02T13:54:05.102+0000] {processor.py:840} INFO - DAG(s) 'example_task_group' retrieved from /home/airflow/.local/lib/python3.8/site-packages/airflow/example_dags/example_task_group.py
[2024-02-02T13:54:05.549+0000] {logging_mixin.py:188} INFO - [2024-02-02T13:54:05.548+0000] {override.py:1769} INFO - Created Permission View: can delete on DAG:example_task_group
[2024-02-02T13:54:05.592+0000] {logging_mixin.py:188} INFO - [2024-02-02T13:54:05.592+0000] {override.py:1769} INFO - Created Permission View: can read on DAG:example_task_group
[2024-02-02T13:54:05.614+0000] {logging_mixin.py:188} INFO - [2024-02-02T13:54:05.613+0000] {override.py:1769} INFO - Created Permission View: can edit on DAG:example_task_group
[2024-02-02T13:54:05.650+0000] {logging_mixin.py:188} INFO - [2024-02-02T13:54:05.649+0000] {dag.py:3036} INFO - Sync 1 DAGs
[2024-02-02T13:54:05.677+0000] {logging_mixin.py:188} INFO - [2024-02-02T13:54:05.676+0000] {dag.py:3058} INFO - Creating ORM DAG for example_task_group
[2024-02-02T13:54:05.730+0000] {logging_mixin.py:188} INFO - [2024-02-02T13:54:05.730+0000] {dag.py:3823} INFO - Setting next_dagrun for example_task_group to 2024-02-01 00:00:00+00:00, run_after=2024-02-02 00:00:00+00:00
[2024-02-02T13:54:05.796+0000] {processor.py:183} INFO - Processing /home/airflow/.local/lib/python3.8/site-packages/airflow/example_dags/example_task_group.py took 0.744 seconds
[2024-02-02T13:54:35.950+0000] {processor.py:161} INFO - Started process (PID=126) to work on /home/airflow/.local/lib/python3.8/site-packages/airflow/example_dags/example_task_group.py
[2024-02-02T13:54:35.951+0000] {processor.py:830} INFO - Processing file /home/airflow/.local/lib/python3.8/site-packages/airflow/example_dags/example_task_group.py for tasks to queue
[2024-02-02T13:54:35.954+0000] {logging_mixin.py:188} INFO - [2024-02-02T13:54:35.954+0000] {dagbag.py:538} INFO - Filling up the DagBag from /home/airflow/.local/lib/python3.8/site-packages/airflow/example_dags/example_task_group.py
[2024-02-02T13:54:35.965+0000] {processor.py:840} INFO - DAG(s) 'example_task_group' retrieved from /home/airflow/.local/lib/python3.8/site-packages/airflow/example_dags/example_task_group.py
[2024-02-02T13:54:35.989+0000] {logging_mixin.py:188} INFO - [2024-02-02T13:54:35.989+0000] {dag.py:3036} INFO - Sync 1 DAGs
[2024-02-02T13:54:36.009+0000] {logging_mixin.py:188} INFO - [2024-02-02T13:54:36.009+0000] {dag.py:3823} INFO - Setting next_dagrun for example_task_group to 2024-02-01 00:00:00+00:00, run_after=2024-02-02 00:00:00+00:00
[2024-02-02T13:54:36.034+0000] {processor.py:183} INFO - Processing /home/airflow/.local/lib/python3.8/site-packages/airflow/example_dags/example_task_group.py took 0.088 seconds
[2024-02-02T13:55:06.861+0000] {processor.py:161} INFO - Started process (PID=181) to work on /home/airflow/.local/lib/python3.8/site-packages/airflow/example_dags/example_task_group.py
[2024-02-02T13:55:06.863+0000] {processor.py:830} INFO - Processing file /home/airflow/.local/lib/python3.8/site-packages/airflow/example_dags/example_task_group.py for tasks to queue
[2024-02-02T13:55:06.866+0000] {logging_mixin.py:188} INFO - [2024-02-02T13:55:06.865+0000] {dagbag.py:538} INFO - Filling up the DagBag from /home/airflow/.local/lib/python3.8/site-packages/airflow/example_dags/example_task_group.py
[2024-02-02T13:55:06.876+0000] {processor.py:840} INFO - DAG(s) 'example_task_group' retrieved from /home/airflow/.local/lib/python3.8/site-packages/airflow/example_dags/example_task_group.py
[2024-02-02T13:55:06.903+0000] {logging_mixin.py:188} INFO - [2024-02-02T13:55:06.903+0000] {dag.py:3036} INFO - Sync 1 DAGs
[2024-02-02T13:55:06.929+0000] {logging_mixin.py:188} INFO - [2024-02-02T13:55:06.928+0000] {dag.py:3823} INFO - Setting next_dagrun for example_task_group to 2024-02-01 00:00:00+00:00, run_after=2024-02-02 00:00:00+00:00
[2024-02-02T13:55:06.952+0000] {processor.py:183} INFO - Processing /home/airflow/.local/lib/python3.8/site-packages/airflow/example_dags/example_task_group.py took 0.095 seconds
[2024-02-02T13:55:37.385+0000] {processor.py:161} INFO - Started process (PID=236) to work on /home/airflow/.local/lib/python3.8/site-packages/airflow/example_dags/example_task_group.py
[2024-02-02T13:55:37.386+0000] {processor.py:830} INFO - Processing file /home/airflow/.local/lib/python3.8/site-packages/airflow/example_dags/example_task_group.py for tasks to queue
[2024-02-02T13:55:37.389+0000] {logging_mixin.py:188} INFO - [2024-02-02T13:55:37.388+0000] {dagbag.py:538} INFO - Filling up the DagBag from /home/airflow/.local/lib/python3.8/site-packages/airflow/example_dags/example_task_group.py
[2024-02-02T13:55:37.399+0000] {processor.py:840} INFO - DAG(s) 'example_task_group' retrieved from /home/airflow/.local/lib/python3.8/site-packages/airflow/example_dags/example_task_group.py
[2024-02-02T13:55:37.422+0000] {logging_mixin.py:188} INFO - [2024-02-02T13:55:37.422+0000] {dag.py:3036} INFO - Sync 1 DAGs
[2024-02-02T13:55:37.446+0000] {logging_mixin.py:188} INFO - [2024-02-02T13:55:37.445+0000] {dag.py:3823} INFO - Setting next_dagrun for example_task_group to 2024-02-01 00:00:00+00:00, run_after=2024-02-02 00:00:00+00:00
[2024-02-02T13:55:37.465+0000] {processor.py:183} INFO - Processing /home/airflow/.local/lib/python3.8/site-packages/airflow/example_dags/example_task_group.py took 0.085 seconds
[2024-02-02T13:56:07.757+0000] {processor.py:161} INFO - Started process (PID=291) to work on /home/airflow/.local/lib/python3.8/site-packages/airflow/example_dags/example_task_group.py
[2024-02-02T13:56:07.759+0000] {processor.py:830} INFO - Processing file /home/airflow/.local/lib/python3.8/site-packages/airflow/example_dags/example_task_group.py for tasks to queue
[2024-02-02T13:56:07.762+0000] {logging_mixin.py:188} INFO - [2024-02-02T13:56:07.761+0000] {dagbag.py:538} INFO - Filling up the DagBag from /home/airflow/.local/lib/python3.8/site-packages/airflow/example_dags/example_task_group.py
[2024-02-02T13:56:07.772+0000] {processor.py:840} INFO - DAG(s) 'example_task_group' retrieved from /home/airflow/.local/lib/python3.8/site-packages/airflow/example_dags/example_task_group.py
[2024-02-02T13:56:07.796+0000] {logging_mixin.py:188} INFO - [2024-02-02T13:56:07.796+0000] {dag.py:3036} INFO - Sync 1 DAGs
[2024-02-02T13:56:07.819+0000] {logging_mixin.py:188} INFO - [2024-02-02T13:56:07.819+0000] {dag.py:3823} INFO - Setting next_dagrun for example_task_group to 2024-02-01 00:00:00+00:00, run_after=2024-02-02 00:00:00+00:00
[2024-02-02T13:56:07.848+0000] {processor.py:183} INFO - Processing /home/airflow/.local/lib/python3.8/site-packages/airflow/example_dags/example_task_group.py took 0.094 seconds
[2024-02-02T13:56:38.201+0000] {processor.py:161} INFO - Started process (PID=346) to work on /home/airflow/.local/lib/python3.8/site-packages/airflow/example_dags/example_task_group.py
[2024-02-02T13:56:38.203+0000] {processor.py:830} INFO - Processing file /home/airflow/.local/lib/python3.8/site-packages/airflow/example_dags/example_task_group.py for tasks to queue
[2024-02-02T13:56:38.208+0000] {logging_mixin.py:188} INFO - [2024-02-02T13:56:38.207+0000] {dagbag.py:538} INFO - Filling up the DagBag from /home/airflow/.local/lib/python3.8/site-packages/airflow/example_dags/example_task_group.py
[2024-02-02T13:56:38.219+0000] {processor.py:840} INFO - DAG(s) 'example_task_group' retrieved from /home/airflow/.local/lib/python3.8/site-packages/airflow/example_dags/example_task_group.py
[2024-02-02T13:56:38.246+0000] {logging_mixin.py:188} INFO - [2024-02-02T13:56:38.245+0000] {dag.py:3036} INFO - Sync 1 DAGs
[2024-02-02T13:56:38.271+0000] {logging_mixin.py:188} INFO - [2024-02-02T13:56:38.271+0000] {dag.py:3823} INFO - Setting next_dagrun for example_task_group to 2024-02-01 00:00:00+00:00, run_after=2024-02-02 00:00:00+00:00
[2024-02-02T13:56:38.296+0000] {processor.py:183} INFO - Processing /home/airflow/.local/lib/python3.8/site-packages/airflow/example_dags/example_task_group.py took 0.099 seconds
[2024-02-02T13:57:08.629+0000] {processor.py:161} INFO - Started process (PID=401) to work on /home/airflow/.local/lib/python3.8/site-packages/airflow/example_dags/example_task_group.py
[2024-02-02T13:57:08.630+0000] {processor.py:830} INFO - Processing file /home/airflow/.local/lib/python3.8/site-packages/airflow/example_dags/example_task_group.py for tasks to queue
[2024-02-02T13:57:08.633+0000] {logging_mixin.py:188} INFO - [2024-02-02T13:57:08.633+0000] {dagbag.py:538} INFO - Filling up the DagBag from /home/airflow/.local/lib/python3.8/site-packages/airflow/example_dags/example_task_group.py
[2024-02-02T13:57:08.644+0000] {processor.py:840} INFO - DAG(s) 'example_task_group' retrieved from /home/airflow/.local/lib/python3.8/site-packages/airflow/example_dags/example_task_group.py
[2024-02-02T13:57:08.677+0000] {logging_mixin.py:188} INFO - [2024-02-02T13:57:08.676+0000] {dag.py:3036} INFO - Sync 1 DAGs
[2024-02-02T13:57:08.702+0000] {logging_mixin.py:188} INFO - [2024-02-02T13:57:08.701+0000] {dag.py:3823} INFO - Setting next_dagrun for example_task_group to 2024-02-01 00:00:00+00:00, run_after=2024-02-02 00:00:00+00:00
[2024-02-02T13:57:08.722+0000] {processor.py:183} INFO - Processing /home/airflow/.local/lib/python3.8/site-packages/airflow/example_dags/example_task_group.py took 0.098 seconds
[2024-02-02T13:57:38.810+0000] {processor.py:161} INFO - Started process (PID=456) to work on /home/airflow/.local/lib/python3.8/site-packages/airflow/example_dags/example_task_group.py
[2024-02-02T13:57:38.811+0000] {processor.py:830} INFO - Processing file /home/airflow/.local/lib/python3.8/site-packages/airflow/example_dags/example_task_group.py for tasks to queue
[2024-02-02T13:57:38.813+0000] {logging_mixin.py:188} INFO - [2024-02-02T13:57:38.813+0000] {dagbag.py:538} INFO - Filling up the DagBag from /home/airflow/.local/lib/python3.8/site-packages/airflow/example_dags/example_task_group.py
[2024-02-02T13:57:38.823+0000] {processor.py:840} INFO - DAG(s) 'example_task_group' retrieved from /home/airflow/.local/lib/python3.8/site-packages/airflow/example_dags/example_task_group.py
[2024-02-02T13:57:38.851+0000] {logging_mixin.py:188} INFO - [2024-02-02T13:57:38.851+0000] {dag.py:3036} INFO - Sync 1 DAGs
[2024-02-02T13:57:38.875+0000] {logging_mixin.py:188} INFO - [2024-02-02T13:57:38.875+0000] {dag.py:3823} INFO - Setting next_dagrun for example_task_group to 2024-02-01 00:00:00+00:00, run_after=2024-02-02 00:00:00+00:00
[2024-02-02T13:57:38.901+0000] {processor.py:183} INFO - Processing /home/airflow/.local/lib/python3.8/site-packages/airflow/example_dags/example_task_group.py took 0.095 seconds
[2024-02-02T13:58:09.513+0000] {processor.py:161} INFO - Started process (PID=511) to work on /home/airflow/.local/lib/python3.8/site-packages/airflow/example_dags/example_task_group.py
[2024-02-02T13:58:09.514+0000] {processor.py:830} INFO - Processing file /home/airflow/.local/lib/python3.8/site-packages/airflow/example_dags/example_task_group.py for tasks to queue
[2024-02-02T13:58:09.517+0000] {logging_mixin.py:188} INFO - [2024-02-02T13:58:09.517+0000] {dagbag.py:538} INFO - Filling up the DagBag from /home/airflow/.local/lib/python3.8/site-packages/airflow/example_dags/example_task_group.py
[2024-02-02T13:58:09.525+0000] {processor.py:840} INFO - DAG(s) 'example_task_group' retrieved from /home/airflow/.local/lib/python3.8/site-packages/airflow/example_dags/example_task_group.py
[2024-02-02T13:58:09.548+0000] {logging_mixin.py:188} INFO - [2024-02-02T13:58:09.548+0000] {dag.py:3036} INFO - Sync 1 DAGs
[2024-02-02T13:58:09.570+0000] {logging_mixin.py:188} INFO - [2024-02-02T13:58:09.570+0000] {dag.py:3823} INFO - Setting next_dagrun for example_task_group to 2024-02-01 00:00:00+00:00, run_after=2024-02-02 00:00:00+00:00
[2024-02-02T13:58:09.592+0000] {processor.py:183} INFO - Processing /home/airflow/.local/lib/python3.8/site-packages/airflow/example_dags/example_task_group.py took 0.083 seconds
[2024-02-02T13:58:39.940+0000] {processor.py:161} INFO - Started process (PID=566) to work on /home/airflow/.local/lib/python3.8/site-packages/airflow/example_dags/example_task_group.py
[2024-02-02T13:58:39.942+0000] {processor.py:830} INFO - Processing file /home/airflow/.local/lib/python3.8/site-packages/airflow/example_dags/example_task_group.py for tasks to queue
[2024-02-02T13:58:39.944+0000] {logging_mixin.py:188} INFO - [2024-02-02T13:58:39.944+0000] {dagbag.py:538} INFO - Filling up the DagBag from /home/airflow/.local/lib/python3.8/site-packages/airflow/example_dags/example_task_group.py
[2024-02-02T13:58:39.955+0000] {processor.py:840} INFO - DAG(s) 'example_task_group' retrieved from /home/airflow/.local/lib/python3.8/site-packages/airflow/example_dags/example_task_group.py
[2024-02-02T13:58:39.977+0000] {logging_mixin.py:188} INFO - [2024-02-02T13:58:39.977+0000] {dag.py:3036} INFO - Sync 1 DAGs
[2024-02-02T13:58:40.000+0000] {logging_mixin.py:188} INFO - [2024-02-02T13:58:40.000+0000] {dag.py:3823} INFO - Setting next_dagrun for example_task_group to 2024-02-01 00:00:00+00:00, run_after=2024-02-02 00:00:00+00:00
[2024-02-02T13:58:40.025+0000] {processor.py:183} INFO - Processing /home/airflow/.local/lib/python3.8/site-packages/airflow/example_dags/example_task_group.py took 0.089 seconds
[2024-02-02T13:59:10.822+0000] {processor.py:161} INFO - Started process (PID=621) to work on /home/airflow/.local/lib/python3.8/site-packages/airflow/example_dags/example_task_group.py
[2024-02-02T13:59:10.824+0000] {processor.py:830} INFO - Processing file /home/airflow/.local/lib/python3.8/site-packages/airflow/example_dags/example_task_group.py for tasks to queue
[2024-02-02T13:59:10.826+0000] {logging_mixin.py:188} INFO - [2024-02-02T13:59:10.826+0000] {dagbag.py:538} INFO - Filling up the DagBag from /home/airflow/.local/lib/python3.8/site-packages/airflow/example_dags/example_task_group.py
[2024-02-02T13:59:10.835+0000] {processor.py:840} INFO - DAG(s) 'example_task_group' retrieved from /home/airflow/.local/lib/python3.8/site-packages/airflow/example_dags/example_task_group.py
[2024-02-02T13:59:10.858+0000] {logging_mixin.py:188} INFO - [2024-02-02T13:59:10.858+0000] {dag.py:3036} INFO - Sync 1 DAGs
[2024-02-02T13:59:10.883+0000] {logging_mixin.py:188} INFO - [2024-02-02T13:59:10.883+0000] {dag.py:3823} INFO - Setting next_dagrun for example_task_group to 2024-02-01 00:00:00+00:00, run_after=2024-02-02 00:00:00+00:00
[2024-02-02T13:59:10.903+0000] {processor.py:183} INFO - Processing /home/airflow/.local/lib/python3.8/site-packages/airflow/example_dags/example_task_group.py took 0.085 seconds
[2024-02-02T13:59:41.345+0000] {processor.py:161} INFO - Started process (PID=676) to work on /home/airflow/.local/lib/python3.8/site-packages/airflow/example_dags/example_task_group.py
[2024-02-02T13:59:41.346+0000] {processor.py:830} INFO - Processing file /home/airflow/.local/lib/python3.8/site-packages/airflow/example_dags/example_task_group.py for tasks to queue
[2024-02-02T13:59:41.350+0000] {logging_mixin.py:188} INFO - [2024-02-02T13:59:41.349+0000] {dagbag.py:538} INFO - Filling up the DagBag from /home/airflow/.local/lib/python3.8/site-packages/airflow/example_dags/example_task_group.py
[2024-02-02T13:59:41.359+0000] {processor.py:840} INFO - DAG(s) 'example_task_group' retrieved from /home/airflow/.local/lib/python3.8/site-packages/airflow/example_dags/example_task_group.py
[2024-02-02T13:59:41.382+0000] {logging_mixin.py:188} INFO - [2024-02-02T13:59:41.381+0000] {dag.py:3036} INFO - Sync 1 DAGs
[2024-02-02T13:59:41.403+0000] {logging_mixin.py:188} INFO - [2024-02-02T13:59:41.403+0000] {dag.py:3823} INFO - Setting next_dagrun for example_task_group to 2024-02-01 00:00:00+00:00, run_after=2024-02-02 00:00:00+00:00
[2024-02-02T13:59:41.423+0000] {processor.py:183} INFO - Processing /home/airflow/.local/lib/python3.8/site-packages/airflow/example_dags/example_task_group.py took 0.082 seconds
[2024-02-02T14:00:11.793+0000] {processor.py:161} INFO - Started process (PID=731) to work on /home/airflow/.local/lib/python3.8/site-packages/airflow/example_dags/example_task_group.py
[2024-02-02T14:00:11.794+0000] {processor.py:830} INFO - Processing file /home/airflow/.local/lib/python3.8/site-packages/airflow/example_dags/example_task_group.py for tasks to queue
[2024-02-02T14:00:11.797+0000] {logging_mixin.py:188} INFO - [2024-02-02T14:00:11.797+0000] {dagbag.py:538} INFO - Filling up the DagBag from /home/airflow/.local/lib/python3.8/site-packages/airflow/example_dags/example_task_group.py
[2024-02-02T14:00:11.807+0000] {processor.py:840} INFO - DAG(s) 'example_task_group' retrieved from /home/airflow/.local/lib/python3.8/site-packages/airflow/example_dags/example_task_group.py
[2024-02-02T14:00:11.829+0000] {logging_mixin.py:188} INFO - [2024-02-02T14:00:11.829+0000] {dag.py:3036} INFO - Sync 1 DAGs
[2024-02-02T14:00:11.852+0000] {logging_mixin.py:188} INFO - [2024-02-02T14:00:11.851+0000] {dag.py:3823} INFO - Setting next_dagrun for example_task_group to 2024-02-01 00:00:00+00:00, run_after=2024-02-02 00:00:00+00:00
[2024-02-02T14:00:11.875+0000] {processor.py:183} INFO - Processing /home/airflow/.local/lib/python3.8/site-packages/airflow/example_dags/example_task_group.py took 0.086 seconds
[2024-02-02T14:00:42.146+0000] {processor.py:161} INFO - Started process (PID=786) to work on /home/airflow/.local/lib/python3.8/site-packages/airflow/example_dags/example_task_group.py
[2024-02-02T14:00:42.148+0000] {processor.py:830} INFO - Processing file /home/airflow/.local/lib/python3.8/site-packages/airflow/example_dags/example_task_group.py for tasks to queue
[2024-02-02T14:00:42.150+0000] {logging_mixin.py:188} INFO - [2024-02-02T14:00:42.150+0000] {dagbag.py:538} INFO - Filling up the DagBag from /home/airflow/.local/lib/python3.8/site-packages/airflow/example_dags/example_task_group.py
[2024-02-02T14:00:42.160+0000] {processor.py:840} INFO - DAG(s) 'example_task_group' retrieved from /home/airflow/.local/lib/python3.8/site-packages/airflow/example_dags/example_task_group.py
[2024-02-02T14:00:42.185+0000] {logging_mixin.py:188} INFO - [2024-02-02T14:00:42.185+0000] {dag.py:3036} INFO - Sync 1 DAGs
[2024-02-02T14:00:42.208+0000] {logging_mixin.py:188} INFO - [2024-02-02T14:00:42.208+0000] {dag.py:3823} INFO - Setting next_dagrun for example_task_group to 2024-02-01 00:00:00+00:00, run_after=2024-02-02 00:00:00+00:00
[2024-02-02T14:00:42.227+0000] {processor.py:183} INFO - Processing /home/airflow/.local/lib/python3.8/site-packages/airflow/example_dags/example_task_group.py took 0.085 seconds
[2024-02-02T14:01:12.631+0000] {processor.py:161} INFO - Started process (PID=841) to work on /home/airflow/.local/lib/python3.8/site-packages/airflow/example_dags/example_task_group.py
[2024-02-02T14:01:12.632+0000] {processor.py:830} INFO - Processing file /home/airflow/.local/lib/python3.8/site-packages/airflow/example_dags/example_task_group.py for tasks to queue
[2024-02-02T14:01:12.636+0000] {logging_mixin.py:188} INFO - [2024-02-02T14:01:12.635+0000] {dagbag.py:538} INFO - Filling up the DagBag from /home/airflow/.local/lib/python3.8/site-packages/airflow/example_dags/example_task_group.py
[2024-02-02T14:01:12.647+0000] {processor.py:840} INFO - DAG(s) 'example_task_group' retrieved from /home/airflow/.local/lib/python3.8/site-packages/airflow/example_dags/example_task_group.py
[2024-02-02T14:01:12.672+0000] {logging_mixin.py:188} INFO - [2024-02-02T14:01:12.672+0000] {dag.py:3036} INFO - Sync 1 DAGs
[2024-02-02T14:01:12.697+0000] {logging_mixin.py:188} INFO - [2024-02-02T14:01:12.697+0000] {dag.py:3823} INFO - Setting next_dagrun for example_task_group to 2024-02-01 00:00:00+00:00, run_after=2024-02-02 00:00:00+00:00
[2024-02-02T14:01:12.726+0000] {processor.py:183} INFO - Processing /home/airflow/.local/lib/python3.8/site-packages/airflow/example_dags/example_task_group.py took 0.099 seconds
