[2024-02-02T13:54:01.237+0000] {processor.py:161} INFO - Started process (PID=56) to work on /home/airflow/.local/lib/python3.8/site-packages/airflow/example_dags/example_task_group_decorator.py
[2024-02-02T13:54:01.244+0000] {processor.py:830} INFO - Processing file /home/airflow/.local/lib/python3.8/site-packages/airflow/example_dags/example_task_group_decorator.py for tasks to queue
[2024-02-02T13:54:01.248+0000] {logging_mixin.py:188} INFO - [2024-02-02T13:54:01.247+0000] {dagbag.py:538} INFO - Filling up the DagBag from /home/airflow/.local/lib/python3.8/site-packages/airflow/example_dags/example_task_group_decorator.py
[2024-02-02T13:54:01.281+0000] {processor.py:840} INFO - DAG(s) 'example_task_group_decorator' retrieved from /home/airflow/.local/lib/python3.8/site-packages/airflow/example_dags/example_task_group_decorator.py
[2024-02-02T13:54:01.569+0000] {logging_mixin.py:188} INFO - [2024-02-02T13:54:01.567+0000] {override.py:1769} INFO - Created Permission View: can delete on DAG:example_task_group_decorator
[2024-02-02T13:54:01.628+0000] {logging_mixin.py:188} INFO - [2024-02-02T13:54:01.628+0000] {override.py:1769} INFO - Created Permission View: can read on DAG:example_task_group_decorator
[2024-02-02T13:54:01.685+0000] {logging_mixin.py:188} INFO - [2024-02-02T13:54:01.684+0000] {override.py:1769} INFO - Created Permission View: can edit on DAG:example_task_group_decorator
[2024-02-02T13:54:01.687+0000] {logging_mixin.py:188} INFO - [2024-02-02T13:54:01.687+0000] {dag.py:3036} INFO - Sync 1 DAGs
[2024-02-02T13:54:01.730+0000] {logging_mixin.py:188} INFO - [2024-02-02T13:54:01.729+0000] {dag.py:3058} INFO - Creating ORM DAG for example_task_group_decorator
[2024-02-02T13:54:01.762+0000] {logging_mixin.py:188} INFO - [2024-02-02T13:54:01.761+0000] {dag.py:3823} INFO - Setting next_dagrun for example_task_group_decorator to 2024-02-01 00:00:00+00:00, run_after=2024-02-02 00:00:00+00:00
[2024-02-02T13:54:01.827+0000] {processor.py:183} INFO - Processing /home/airflow/.local/lib/python3.8/site-packages/airflow/example_dags/example_task_group_decorator.py took 0.602 seconds
[2024-02-02T13:54:31.925+0000] {processor.py:161} INFO - Started process (PID=114) to work on /home/airflow/.local/lib/python3.8/site-packages/airflow/example_dags/example_task_group_decorator.py
[2024-02-02T13:54:31.926+0000] {processor.py:830} INFO - Processing file /home/airflow/.local/lib/python3.8/site-packages/airflow/example_dags/example_task_group_decorator.py for tasks to queue
[2024-02-02T13:54:31.930+0000] {logging_mixin.py:188} INFO - [2024-02-02T13:54:31.929+0000] {dagbag.py:538} INFO - Filling up the DagBag from /home/airflow/.local/lib/python3.8/site-packages/airflow/example_dags/example_task_group_decorator.py
[2024-02-02T13:54:31.946+0000] {processor.py:840} INFO - DAG(s) 'example_task_group_decorator' retrieved from /home/airflow/.local/lib/python3.8/site-packages/airflow/example_dags/example_task_group_decorator.py
[2024-02-02T13:54:31.975+0000] {logging_mixin.py:188} INFO - [2024-02-02T13:54:31.975+0000] {dag.py:3036} INFO - Sync 1 DAGs
[2024-02-02T13:54:31.996+0000] {logging_mixin.py:188} INFO - [2024-02-02T13:54:31.996+0000] {dag.py:3823} INFO - Setting next_dagrun for example_task_group_decorator to 2024-02-01 00:00:00+00:00, run_after=2024-02-02 00:00:00+00:00
[2024-02-02T13:54:32.019+0000] {processor.py:183} INFO - Processing /home/airflow/.local/lib/python3.8/site-packages/airflow/example_dags/example_task_group_decorator.py took 0.099 seconds
[2024-02-02T13:55:02.097+0000] {processor.py:161} INFO - Started process (PID=169) to work on /home/airflow/.local/lib/python3.8/site-packages/airflow/example_dags/example_task_group_decorator.py
[2024-02-02T13:55:02.100+0000] {processor.py:830} INFO - Processing file /home/airflow/.local/lib/python3.8/site-packages/airflow/example_dags/example_task_group_decorator.py for tasks to queue
[2024-02-02T13:55:02.104+0000] {logging_mixin.py:188} INFO - [2024-02-02T13:55:02.104+0000] {dagbag.py:538} INFO - Filling up the DagBag from /home/airflow/.local/lib/python3.8/site-packages/airflow/example_dags/example_task_group_decorator.py
[2024-02-02T13:55:02.137+0000] {processor.py:840} INFO - DAG(s) 'example_task_group_decorator' retrieved from /home/airflow/.local/lib/python3.8/site-packages/airflow/example_dags/example_task_group_decorator.py
[2024-02-02T13:55:02.179+0000] {logging_mixin.py:188} INFO - [2024-02-02T13:55:02.178+0000] {dag.py:3036} INFO - Sync 1 DAGs
[2024-02-02T13:55:02.206+0000] {logging_mixin.py:188} INFO - [2024-02-02T13:55:02.206+0000] {dag.py:3823} INFO - Setting next_dagrun for example_task_group_decorator to 2024-02-01 00:00:00+00:00, run_after=2024-02-02 00:00:00+00:00
[2024-02-02T13:55:02.228+0000] {processor.py:183} INFO - Processing /home/airflow/.local/lib/python3.8/site-packages/airflow/example_dags/example_task_group_decorator.py took 0.137 seconds
[2024-02-02T13:55:32.667+0000] {processor.py:161} INFO - Started process (PID=224) to work on /home/airflow/.local/lib/python3.8/site-packages/airflow/example_dags/example_task_group_decorator.py
[2024-02-02T13:55:32.668+0000] {processor.py:830} INFO - Processing file /home/airflow/.local/lib/python3.8/site-packages/airflow/example_dags/example_task_group_decorator.py for tasks to queue
[2024-02-02T13:55:32.671+0000] {logging_mixin.py:188} INFO - [2024-02-02T13:55:32.670+0000] {dagbag.py:538} INFO - Filling up the DagBag from /home/airflow/.local/lib/python3.8/site-packages/airflow/example_dags/example_task_group_decorator.py
[2024-02-02T13:55:32.689+0000] {processor.py:840} INFO - DAG(s) 'example_task_group_decorator' retrieved from /home/airflow/.local/lib/python3.8/site-packages/airflow/example_dags/example_task_group_decorator.py
[2024-02-02T13:55:32.729+0000] {logging_mixin.py:188} INFO - [2024-02-02T13:55:32.728+0000] {dag.py:3036} INFO - Sync 1 DAGs
[2024-02-02T13:55:32.756+0000] {logging_mixin.py:188} INFO - [2024-02-02T13:55:32.755+0000] {dag.py:3823} INFO - Setting next_dagrun for example_task_group_decorator to 2024-02-01 00:00:00+00:00, run_after=2024-02-02 00:00:00+00:00
[2024-02-02T13:55:32.781+0000] {processor.py:183} INFO - Processing /home/airflow/.local/lib/python3.8/site-packages/airflow/example_dags/example_task_group_decorator.py took 0.117 seconds
[2024-02-02T13:56:02.941+0000] {processor.py:161} INFO - Started process (PID=279) to work on /home/airflow/.local/lib/python3.8/site-packages/airflow/example_dags/example_task_group_decorator.py
[2024-02-02T13:56:02.942+0000] {processor.py:830} INFO - Processing file /home/airflow/.local/lib/python3.8/site-packages/airflow/example_dags/example_task_group_decorator.py for tasks to queue
[2024-02-02T13:56:02.944+0000] {logging_mixin.py:188} INFO - [2024-02-02T13:56:02.944+0000] {dagbag.py:538} INFO - Filling up the DagBag from /home/airflow/.local/lib/python3.8/site-packages/airflow/example_dags/example_task_group_decorator.py
[2024-02-02T13:56:02.958+0000] {processor.py:840} INFO - DAG(s) 'example_task_group_decorator' retrieved from /home/airflow/.local/lib/python3.8/site-packages/airflow/example_dags/example_task_group_decorator.py
[2024-02-02T13:56:02.983+0000] {logging_mixin.py:188} INFO - [2024-02-02T13:56:02.982+0000] {dag.py:3036} INFO - Sync 1 DAGs
[2024-02-02T13:56:03.007+0000] {logging_mixin.py:188} INFO - [2024-02-02T13:56:03.006+0000] {dag.py:3823} INFO - Setting next_dagrun for example_task_group_decorator to 2024-02-01 00:00:00+00:00, run_after=2024-02-02 00:00:00+00:00
[2024-02-02T13:56:03.038+0000] {processor.py:183} INFO - Processing /home/airflow/.local/lib/python3.8/site-packages/airflow/example_dags/example_task_group_decorator.py took 0.100 seconds
[2024-02-02T13:56:33.480+0000] {processor.py:161} INFO - Started process (PID=334) to work on /home/airflow/.local/lib/python3.8/site-packages/airflow/example_dags/example_task_group_decorator.py
[2024-02-02T13:56:33.482+0000] {processor.py:830} INFO - Processing file /home/airflow/.local/lib/python3.8/site-packages/airflow/example_dags/example_task_group_decorator.py for tasks to queue
[2024-02-02T13:56:33.484+0000] {logging_mixin.py:188} INFO - [2024-02-02T13:56:33.484+0000] {dagbag.py:538} INFO - Filling up the DagBag from /home/airflow/.local/lib/python3.8/site-packages/airflow/example_dags/example_task_group_decorator.py
[2024-02-02T13:56:33.498+0000] {processor.py:840} INFO - DAG(s) 'example_task_group_decorator' retrieved from /home/airflow/.local/lib/python3.8/site-packages/airflow/example_dags/example_task_group_decorator.py
[2024-02-02T13:56:33.522+0000] {logging_mixin.py:188} INFO - [2024-02-02T13:56:33.522+0000] {dag.py:3036} INFO - Sync 1 DAGs
[2024-02-02T13:56:33.542+0000] {logging_mixin.py:188} INFO - [2024-02-02T13:56:33.542+0000] {dag.py:3823} INFO - Setting next_dagrun for example_task_group_decorator to 2024-02-01 00:00:00+00:00, run_after=2024-02-02 00:00:00+00:00
[2024-02-02T13:56:33.567+0000] {processor.py:183} INFO - Processing /home/airflow/.local/lib/python3.8/site-packages/airflow/example_dags/example_task_group_decorator.py took 0.091 seconds
[2024-02-02T13:57:03.878+0000] {processor.py:161} INFO - Started process (PID=389) to work on /home/airflow/.local/lib/python3.8/site-packages/airflow/example_dags/example_task_group_decorator.py
[2024-02-02T13:57:03.879+0000] {processor.py:830} INFO - Processing file /home/airflow/.local/lib/python3.8/site-packages/airflow/example_dags/example_task_group_decorator.py for tasks to queue
[2024-02-02T13:57:03.882+0000] {logging_mixin.py:188} INFO - [2024-02-02T13:57:03.881+0000] {dagbag.py:538} INFO - Filling up the DagBag from /home/airflow/.local/lib/python3.8/site-packages/airflow/example_dags/example_task_group_decorator.py
[2024-02-02T13:57:03.898+0000] {processor.py:840} INFO - DAG(s) 'example_task_group_decorator' retrieved from /home/airflow/.local/lib/python3.8/site-packages/airflow/example_dags/example_task_group_decorator.py
[2024-02-02T13:57:03.925+0000] {logging_mixin.py:188} INFO - [2024-02-02T13:57:03.925+0000] {dag.py:3036} INFO - Sync 1 DAGs
[2024-02-02T13:57:03.946+0000] {logging_mixin.py:188} INFO - [2024-02-02T13:57:03.945+0000] {dag.py:3823} INFO - Setting next_dagrun for example_task_group_decorator to 2024-02-01 00:00:00+00:00, run_after=2024-02-02 00:00:00+00:00
[2024-02-02T13:57:03.968+0000] {processor.py:183} INFO - Processing /home/airflow/.local/lib/python3.8/site-packages/airflow/example_dags/example_task_group_decorator.py took 0.094 seconds
[2024-02-02T13:57:34.040+0000] {processor.py:161} INFO - Started process (PID=444) to work on /home/airflow/.local/lib/python3.8/site-packages/airflow/example_dags/example_task_group_decorator.py
[2024-02-02T13:57:34.041+0000] {processor.py:830} INFO - Processing file /home/airflow/.local/lib/python3.8/site-packages/airflow/example_dags/example_task_group_decorator.py for tasks to queue
[2024-02-02T13:57:34.044+0000] {logging_mixin.py:188} INFO - [2024-02-02T13:57:34.043+0000] {dagbag.py:538} INFO - Filling up the DagBag from /home/airflow/.local/lib/python3.8/site-packages/airflow/example_dags/example_task_group_decorator.py
[2024-02-02T13:57:34.058+0000] {processor.py:840} INFO - DAG(s) 'example_task_group_decorator' retrieved from /home/airflow/.local/lib/python3.8/site-packages/airflow/example_dags/example_task_group_decorator.py
[2024-02-02T13:57:34.090+0000] {logging_mixin.py:188} INFO - [2024-02-02T13:57:34.089+0000] {dag.py:3036} INFO - Sync 1 DAGs
[2024-02-02T13:57:34.115+0000] {logging_mixin.py:188} INFO - [2024-02-02T13:57:34.115+0000] {dag.py:3823} INFO - Setting next_dagrun for example_task_group_decorator to 2024-02-01 00:00:00+00:00, run_after=2024-02-02 00:00:00+00:00
[2024-02-02T13:57:34.138+0000] {processor.py:183} INFO - Processing /home/airflow/.local/lib/python3.8/site-packages/airflow/example_dags/example_task_group_decorator.py took 0.101 seconds
[2024-02-02T13:58:04.766+0000] {processor.py:161} INFO - Started process (PID=499) to work on /home/airflow/.local/lib/python3.8/site-packages/airflow/example_dags/example_task_group_decorator.py
[2024-02-02T13:58:04.767+0000] {processor.py:830} INFO - Processing file /home/airflow/.local/lib/python3.8/site-packages/airflow/example_dags/example_task_group_decorator.py for tasks to queue
[2024-02-02T13:58:04.770+0000] {logging_mixin.py:188} INFO - [2024-02-02T13:58:04.770+0000] {dagbag.py:538} INFO - Filling up the DagBag from /home/airflow/.local/lib/python3.8/site-packages/airflow/example_dags/example_task_group_decorator.py
[2024-02-02T13:58:04.786+0000] {processor.py:840} INFO - DAG(s) 'example_task_group_decorator' retrieved from /home/airflow/.local/lib/python3.8/site-packages/airflow/example_dags/example_task_group_decorator.py
[2024-02-02T13:58:04.815+0000] {logging_mixin.py:188} INFO - [2024-02-02T13:58:04.815+0000] {dag.py:3036} INFO - Sync 1 DAGs
[2024-02-02T13:58:04.839+0000] {logging_mixin.py:188} INFO - [2024-02-02T13:58:04.839+0000] {dag.py:3823} INFO - Setting next_dagrun for example_task_group_decorator to 2024-02-01 00:00:00+00:00, run_after=2024-02-02 00:00:00+00:00
[2024-02-02T13:58:04.871+0000] {processor.py:183} INFO - Processing /home/airflow/.local/lib/python3.8/site-packages/airflow/example_dags/example_task_group_decorator.py took 0.110 seconds
[2024-02-02T13:58:35.227+0000] {processor.py:161} INFO - Started process (PID=554) to work on /home/airflow/.local/lib/python3.8/site-packages/airflow/example_dags/example_task_group_decorator.py
[2024-02-02T13:58:35.229+0000] {processor.py:830} INFO - Processing file /home/airflow/.local/lib/python3.8/site-packages/airflow/example_dags/example_task_group_decorator.py for tasks to queue
[2024-02-02T13:58:35.231+0000] {logging_mixin.py:188} INFO - [2024-02-02T13:58:35.231+0000] {dagbag.py:538} INFO - Filling up the DagBag from /home/airflow/.local/lib/python3.8/site-packages/airflow/example_dags/example_task_group_decorator.py
[2024-02-02T13:58:35.252+0000] {processor.py:840} INFO - DAG(s) 'example_task_group_decorator' retrieved from /home/airflow/.local/lib/python3.8/site-packages/airflow/example_dags/example_task_group_decorator.py
[2024-02-02T13:58:35.281+0000] {logging_mixin.py:188} INFO - [2024-02-02T13:58:35.281+0000] {dag.py:3036} INFO - Sync 1 DAGs
[2024-02-02T13:58:35.305+0000] {logging_mixin.py:188} INFO - [2024-02-02T13:58:35.305+0000] {dag.py:3823} INFO - Setting next_dagrun for example_task_group_decorator to 2024-02-01 00:00:00+00:00, run_after=2024-02-02 00:00:00+00:00
[2024-02-02T13:58:35.328+0000] {processor.py:183} INFO - Processing /home/airflow/.local/lib/python3.8/site-packages/airflow/example_dags/example_task_group_decorator.py took 0.105 seconds
[2024-02-02T13:59:06.006+0000] {processor.py:161} INFO - Started process (PID=609) to work on /home/airflow/.local/lib/python3.8/site-packages/airflow/example_dags/example_task_group_decorator.py
[2024-02-02T13:59:06.008+0000] {processor.py:830} INFO - Processing file /home/airflow/.local/lib/python3.8/site-packages/airflow/example_dags/example_task_group_decorator.py for tasks to queue
[2024-02-02T13:59:06.019+0000] {logging_mixin.py:188} INFO - [2024-02-02T13:59:06.018+0000] {dagbag.py:538} INFO - Filling up the DagBag from /home/airflow/.local/lib/python3.8/site-packages/airflow/example_dags/example_task_group_decorator.py
[2024-02-02T13:59:06.047+0000] {processor.py:840} INFO - DAG(s) 'example_task_group_decorator' retrieved from /home/airflow/.local/lib/python3.8/site-packages/airflow/example_dags/example_task_group_decorator.py
[2024-02-02T13:59:06.077+0000] {logging_mixin.py:188} INFO - [2024-02-02T13:59:06.076+0000] {dag.py:3036} INFO - Sync 1 DAGs
[2024-02-02T13:59:06.117+0000] {logging_mixin.py:188} INFO - [2024-02-02T13:59:06.107+0000] {dag.py:3823} INFO - Setting next_dagrun for example_task_group_decorator to 2024-02-01 00:00:00+00:00, run_after=2024-02-02 00:00:00+00:00
[2024-02-02T13:59:06.162+0000] {processor.py:183} INFO - Processing /home/airflow/.local/lib/python3.8/site-packages/airflow/example_dags/example_task_group_decorator.py took 0.159 seconds
[2024-02-02T13:59:36.573+0000] {processor.py:161} INFO - Started process (PID=664) to work on /home/airflow/.local/lib/python3.8/site-packages/airflow/example_dags/example_task_group_decorator.py
[2024-02-02T13:59:36.574+0000] {processor.py:830} INFO - Processing file /home/airflow/.local/lib/python3.8/site-packages/airflow/example_dags/example_task_group_decorator.py for tasks to queue
[2024-02-02T13:59:36.577+0000] {logging_mixin.py:188} INFO - [2024-02-02T13:59:36.576+0000] {dagbag.py:538} INFO - Filling up the DagBag from /home/airflow/.local/lib/python3.8/site-packages/airflow/example_dags/example_task_group_decorator.py
[2024-02-02T13:59:36.593+0000] {processor.py:840} INFO - DAG(s) 'example_task_group_decorator' retrieved from /home/airflow/.local/lib/python3.8/site-packages/airflow/example_dags/example_task_group_decorator.py
[2024-02-02T13:59:36.620+0000] {logging_mixin.py:188} INFO - [2024-02-02T13:59:36.619+0000] {dag.py:3036} INFO - Sync 1 DAGs
[2024-02-02T13:59:36.646+0000] {logging_mixin.py:188} INFO - [2024-02-02T13:59:36.645+0000] {dag.py:3823} INFO - Setting next_dagrun for example_task_group_decorator to 2024-02-01 00:00:00+00:00, run_after=2024-02-02 00:00:00+00:00
[2024-02-02T13:59:36.672+0000] {processor.py:183} INFO - Processing /home/airflow/.local/lib/python3.8/site-packages/airflow/example_dags/example_task_group_decorator.py took 0.104 seconds
[2024-02-02T14:00:07.131+0000] {processor.py:161} INFO - Started process (PID=719) to work on /home/airflow/.local/lib/python3.8/site-packages/airflow/example_dags/example_task_group_decorator.py
[2024-02-02T14:00:07.133+0000] {processor.py:830} INFO - Processing file /home/airflow/.local/lib/python3.8/site-packages/airflow/example_dags/example_task_group_decorator.py for tasks to queue
[2024-02-02T14:00:07.135+0000] {logging_mixin.py:188} INFO - [2024-02-02T14:00:07.135+0000] {dagbag.py:538} INFO - Filling up the DagBag from /home/airflow/.local/lib/python3.8/site-packages/airflow/example_dags/example_task_group_decorator.py
[2024-02-02T14:00:07.150+0000] {processor.py:840} INFO - DAG(s) 'example_task_group_decorator' retrieved from /home/airflow/.local/lib/python3.8/site-packages/airflow/example_dags/example_task_group_decorator.py
[2024-02-02T14:00:07.177+0000] {logging_mixin.py:188} INFO - [2024-02-02T14:00:07.177+0000] {dag.py:3036} INFO - Sync 1 DAGs
[2024-02-02T14:00:07.203+0000] {logging_mixin.py:188} INFO - [2024-02-02T14:00:07.203+0000] {dag.py:3823} INFO - Setting next_dagrun for example_task_group_decorator to 2024-02-01 00:00:00+00:00, run_after=2024-02-02 00:00:00+00:00
[2024-02-02T14:00:07.223+0000] {processor.py:183} INFO - Processing /home/airflow/.local/lib/python3.8/site-packages/airflow/example_dags/example_task_group_decorator.py took 0.096 seconds
[2024-02-02T14:00:37.314+0000] {processor.py:161} INFO - Started process (PID=774) to work on /home/airflow/.local/lib/python3.8/site-packages/airflow/example_dags/example_task_group_decorator.py
[2024-02-02T14:00:37.316+0000] {processor.py:830} INFO - Processing file /home/airflow/.local/lib/python3.8/site-packages/airflow/example_dags/example_task_group_decorator.py for tasks to queue
[2024-02-02T14:00:37.318+0000] {logging_mixin.py:188} INFO - [2024-02-02T14:00:37.318+0000] {dagbag.py:538} INFO - Filling up the DagBag from /home/airflow/.local/lib/python3.8/site-packages/airflow/example_dags/example_task_group_decorator.py
[2024-02-02T14:00:37.334+0000] {processor.py:840} INFO - DAG(s) 'example_task_group_decorator' retrieved from /home/airflow/.local/lib/python3.8/site-packages/airflow/example_dags/example_task_group_decorator.py
[2024-02-02T14:00:37.363+0000] {logging_mixin.py:188} INFO - [2024-02-02T14:00:37.362+0000] {dag.py:3036} INFO - Sync 1 DAGs
[2024-02-02T14:00:37.384+0000] {logging_mixin.py:188} INFO - [2024-02-02T14:00:37.384+0000] {dag.py:3823} INFO - Setting next_dagrun for example_task_group_decorator to 2024-02-01 00:00:00+00:00, run_after=2024-02-02 00:00:00+00:00
[2024-02-02T14:00:37.405+0000] {processor.py:183} INFO - Processing /home/airflow/.local/lib/python3.8/site-packages/airflow/example_dags/example_task_group_decorator.py took 0.094 seconds
[2024-02-02T14:01:07.847+0000] {processor.py:161} INFO - Started process (PID=829) to work on /home/airflow/.local/lib/python3.8/site-packages/airflow/example_dags/example_task_group_decorator.py
[2024-02-02T14:01:07.849+0000] {processor.py:830} INFO - Processing file /home/airflow/.local/lib/python3.8/site-packages/airflow/example_dags/example_task_group_decorator.py for tasks to queue
[2024-02-02T14:01:07.852+0000] {logging_mixin.py:188} INFO - [2024-02-02T14:01:07.852+0000] {dagbag.py:538} INFO - Filling up the DagBag from /home/airflow/.local/lib/python3.8/site-packages/airflow/example_dags/example_task_group_decorator.py
[2024-02-02T14:01:07.865+0000] {processor.py:840} INFO - DAG(s) 'example_task_group_decorator' retrieved from /home/airflow/.local/lib/python3.8/site-packages/airflow/example_dags/example_task_group_decorator.py
[2024-02-02T14:01:07.900+0000] {logging_mixin.py:188} INFO - [2024-02-02T14:01:07.899+0000] {dag.py:3036} INFO - Sync 1 DAGs
[2024-02-02T14:01:07.936+0000] {logging_mixin.py:188} INFO - [2024-02-02T14:01:07.936+0000] {dag.py:3823} INFO - Setting next_dagrun for example_task_group_decorator to 2024-02-01 00:00:00+00:00, run_after=2024-02-02 00:00:00+00:00
[2024-02-02T14:01:07.960+0000] {processor.py:183} INFO - Processing /home/airflow/.local/lib/python3.8/site-packages/airflow/example_dags/example_task_group_decorator.py took 0.116 seconds
