[2024-02-02T13:54:03.446+0000] {processor.py:161} INFO - Started process (PID=63) to work on /home/airflow/.local/lib/python3.8/site-packages/airflow/example_dags/example_sensors.py
[2024-02-02T13:54:03.447+0000] {processor.py:830} INFO - Processing file /home/airflow/.local/lib/python3.8/site-packages/airflow/example_dags/example_sensors.py for tasks to queue
[2024-02-02T13:54:03.450+0000] {logging_mixin.py:188} INFO - [2024-02-02T13:54:03.449+0000] {dagbag.py:538} INFO - Filling up the DagBag from /home/airflow/.local/lib/python3.8/site-packages/airflow/example_dags/example_sensors.py
[2024-02-02T13:54:03.478+0000] {processor.py:840} INFO - DAG(s) 'example_sensors' retrieved from /home/airflow/.local/lib/python3.8/site-packages/airflow/example_dags/example_sensors.py
[2024-02-02T13:54:03.733+0000] {logging_mixin.py:188} INFO - [2024-02-02T13:54:03.731+0000] {override.py:1769} INFO - Created Permission View: can delete on DAG:example_sensors
[2024-02-02T13:54:03.770+0000] {logging_mixin.py:188} INFO - [2024-02-02T13:54:03.769+0000] {override.py:1769} INFO - Created Permission View: can read on DAG:example_sensors
[2024-02-02T13:54:03.802+0000] {logging_mixin.py:188} INFO - [2024-02-02T13:54:03.800+0000] {override.py:1769} INFO - Created Permission View: can edit on DAG:example_sensors
[2024-02-02T13:54:03.806+0000] {logging_mixin.py:188} INFO - [2024-02-02T13:54:03.804+0000] {dag.py:3036} INFO - Sync 1 DAGs
[2024-02-02T13:54:03.847+0000] {logging_mixin.py:188} INFO - [2024-02-02T13:54:03.847+0000] {dag.py:3058} INFO - Creating ORM DAG for example_sensors
[2024-02-02T13:54:03.859+0000] {logging_mixin.py:188} INFO - [2024-02-02T13:54:03.858+0000] {dag.py:3823} INFO - Setting next_dagrun for example_sensors to None, run_after=None
[2024-02-02T13:54:03.916+0000] {processor.py:183} INFO - Processing /home/airflow/.local/lib/python3.8/site-packages/airflow/example_dags/example_sensors.py took 0.474 seconds
[2024-02-02T13:54:34.479+0000] {processor.py:161} INFO - Started process (PID=121) to work on /home/airflow/.local/lib/python3.8/site-packages/airflow/example_dags/example_sensors.py
[2024-02-02T13:54:34.480+0000] {processor.py:830} INFO - Processing file /home/airflow/.local/lib/python3.8/site-packages/airflow/example_dags/example_sensors.py for tasks to queue
[2024-02-02T13:54:34.483+0000] {logging_mixin.py:188} INFO - [2024-02-02T13:54:34.482+0000] {dagbag.py:538} INFO - Filling up the DagBag from /home/airflow/.local/lib/python3.8/site-packages/airflow/example_dags/example_sensors.py
[2024-02-02T13:54:34.495+0000] {processor.py:840} INFO - DAG(s) 'example_sensors' retrieved from /home/airflow/.local/lib/python3.8/site-packages/airflow/example_dags/example_sensors.py
[2024-02-02T13:54:34.522+0000] {logging_mixin.py:188} INFO - [2024-02-02T13:54:34.522+0000] {dag.py:3036} INFO - Sync 1 DAGs
[2024-02-02T13:54:34.536+0000] {logging_mixin.py:188} INFO - [2024-02-02T13:54:34.535+0000] {dag.py:3823} INFO - Setting next_dagrun for example_sensors to None, run_after=None
[2024-02-02T13:54:34.561+0000] {processor.py:183} INFO - Processing /home/airflow/.local/lib/python3.8/site-packages/airflow/example_dags/example_sensors.py took 0.085 seconds
[2024-02-02T13:55:05.435+0000] {processor.py:161} INFO - Started process (PID=176) to work on /home/airflow/.local/lib/python3.8/site-packages/airflow/example_dags/example_sensors.py
[2024-02-02T13:55:05.436+0000] {processor.py:830} INFO - Processing file /home/airflow/.local/lib/python3.8/site-packages/airflow/example_dags/example_sensors.py for tasks to queue
[2024-02-02T13:55:05.438+0000] {logging_mixin.py:188} INFO - [2024-02-02T13:55:05.438+0000] {dagbag.py:538} INFO - Filling up the DagBag from /home/airflow/.local/lib/python3.8/site-packages/airflow/example_dags/example_sensors.py
[2024-02-02T13:55:05.448+0000] {processor.py:840} INFO - DAG(s) 'example_sensors' retrieved from /home/airflow/.local/lib/python3.8/site-packages/airflow/example_dags/example_sensors.py
[2024-02-02T13:55:05.483+0000] {logging_mixin.py:188} INFO - [2024-02-02T13:55:05.483+0000] {dag.py:3036} INFO - Sync 1 DAGs
[2024-02-02T13:55:05.501+0000] {logging_mixin.py:188} INFO - [2024-02-02T13:55:05.501+0000] {dag.py:3823} INFO - Setting next_dagrun for example_sensors to None, run_after=None
[2024-02-02T13:55:05.525+0000] {processor.py:183} INFO - Processing /home/airflow/.local/lib/python3.8/site-packages/airflow/example_dags/example_sensors.py took 0.095 seconds
[2024-02-02T13:55:35.960+0000] {processor.py:161} INFO - Started process (PID=231) to work on /home/airflow/.local/lib/python3.8/site-packages/airflow/example_dags/example_sensors.py
[2024-02-02T13:55:35.961+0000] {processor.py:830} INFO - Processing file /home/airflow/.local/lib/python3.8/site-packages/airflow/example_dags/example_sensors.py for tasks to queue
[2024-02-02T13:55:35.964+0000] {logging_mixin.py:188} INFO - [2024-02-02T13:55:35.963+0000] {dagbag.py:538} INFO - Filling up the DagBag from /home/airflow/.local/lib/python3.8/site-packages/airflow/example_dags/example_sensors.py
[2024-02-02T13:55:35.976+0000] {processor.py:840} INFO - DAG(s) 'example_sensors' retrieved from /home/airflow/.local/lib/python3.8/site-packages/airflow/example_dags/example_sensors.py
[2024-02-02T13:55:36.003+0000] {logging_mixin.py:188} INFO - [2024-02-02T13:55:36.002+0000] {dag.py:3036} INFO - Sync 1 DAGs
[2024-02-02T13:55:36.016+0000] {logging_mixin.py:188} INFO - [2024-02-02T13:55:36.016+0000] {dag.py:3823} INFO - Setting next_dagrun for example_sensors to None, run_after=None
[2024-02-02T13:55:36.039+0000] {processor.py:183} INFO - Processing /home/airflow/.local/lib/python3.8/site-packages/airflow/example_dags/example_sensors.py took 0.083 seconds
[2024-02-02T13:56:06.296+0000] {processor.py:161} INFO - Started process (PID=286) to work on /home/airflow/.local/lib/python3.8/site-packages/airflow/example_dags/example_sensors.py
[2024-02-02T13:56:06.298+0000] {processor.py:830} INFO - Processing file /home/airflow/.local/lib/python3.8/site-packages/airflow/example_dags/example_sensors.py for tasks to queue
[2024-02-02T13:56:06.301+0000] {logging_mixin.py:188} INFO - [2024-02-02T13:56:06.301+0000] {dagbag.py:538} INFO - Filling up the DagBag from /home/airflow/.local/lib/python3.8/site-packages/airflow/example_dags/example_sensors.py
[2024-02-02T13:56:06.313+0000] {processor.py:840} INFO - DAG(s) 'example_sensors' retrieved from /home/airflow/.local/lib/python3.8/site-packages/airflow/example_dags/example_sensors.py
[2024-02-02T13:56:06.349+0000] {logging_mixin.py:188} INFO - [2024-02-02T13:56:06.348+0000] {dag.py:3036} INFO - Sync 1 DAGs
[2024-02-02T13:56:06.363+0000] {logging_mixin.py:188} INFO - [2024-02-02T13:56:06.363+0000] {dag.py:3823} INFO - Setting next_dagrun for example_sensors to None, run_after=None
[2024-02-02T13:56:06.389+0000] {processor.py:183} INFO - Processing /home/airflow/.local/lib/python3.8/site-packages/airflow/example_dags/example_sensors.py took 0.097 seconds
[2024-02-02T13:56:36.764+0000] {processor.py:161} INFO - Started process (PID=341) to work on /home/airflow/.local/lib/python3.8/site-packages/airflow/example_dags/example_sensors.py
[2024-02-02T13:56:36.766+0000] {processor.py:830} INFO - Processing file /home/airflow/.local/lib/python3.8/site-packages/airflow/example_dags/example_sensors.py for tasks to queue
[2024-02-02T13:56:36.768+0000] {logging_mixin.py:188} INFO - [2024-02-02T13:56:36.768+0000] {dagbag.py:538} INFO - Filling up the DagBag from /home/airflow/.local/lib/python3.8/site-packages/airflow/example_dags/example_sensors.py
[2024-02-02T13:56:36.778+0000] {processor.py:840} INFO - DAG(s) 'example_sensors' retrieved from /home/airflow/.local/lib/python3.8/site-packages/airflow/example_dags/example_sensors.py
[2024-02-02T13:56:36.804+0000] {logging_mixin.py:188} INFO - [2024-02-02T13:56:36.804+0000] {dag.py:3036} INFO - Sync 1 DAGs
[2024-02-02T13:56:36.817+0000] {logging_mixin.py:188} INFO - [2024-02-02T13:56:36.817+0000] {dag.py:3823} INFO - Setting next_dagrun for example_sensors to None, run_after=None
[2024-02-02T13:56:36.839+0000] {processor.py:183} INFO - Processing /home/airflow/.local/lib/python3.8/site-packages/airflow/example_dags/example_sensors.py took 0.078 seconds
[2024-02-02T13:57:07.193+0000] {processor.py:161} INFO - Started process (PID=396) to work on /home/airflow/.local/lib/python3.8/site-packages/airflow/example_dags/example_sensors.py
[2024-02-02T13:57:07.194+0000] {processor.py:830} INFO - Processing file /home/airflow/.local/lib/python3.8/site-packages/airflow/example_dags/example_sensors.py for tasks to queue
[2024-02-02T13:57:07.197+0000] {logging_mixin.py:188} INFO - [2024-02-02T13:57:07.196+0000] {dagbag.py:538} INFO - Filling up the DagBag from /home/airflow/.local/lib/python3.8/site-packages/airflow/example_dags/example_sensors.py
[2024-02-02T13:57:07.208+0000] {processor.py:840} INFO - DAG(s) 'example_sensors' retrieved from /home/airflow/.local/lib/python3.8/site-packages/airflow/example_dags/example_sensors.py
[2024-02-02T13:57:07.240+0000] {logging_mixin.py:188} INFO - [2024-02-02T13:57:07.239+0000] {dag.py:3036} INFO - Sync 1 DAGs
[2024-02-02T13:57:07.253+0000] {logging_mixin.py:188} INFO - [2024-02-02T13:57:07.252+0000] {dag.py:3823} INFO - Setting next_dagrun for example_sensors to None, run_after=None
[2024-02-02T13:57:07.273+0000] {processor.py:183} INFO - Processing /home/airflow/.local/lib/python3.8/site-packages/airflow/example_dags/example_sensors.py took 0.085 seconds
[2024-02-02T13:57:37.379+0000] {processor.py:161} INFO - Started process (PID=451) to work on /home/airflow/.local/lib/python3.8/site-packages/airflow/example_dags/example_sensors.py
[2024-02-02T13:57:37.380+0000] {processor.py:830} INFO - Processing file /home/airflow/.local/lib/python3.8/site-packages/airflow/example_dags/example_sensors.py for tasks to queue
[2024-02-02T13:57:37.383+0000] {logging_mixin.py:188} INFO - [2024-02-02T13:57:37.382+0000] {dagbag.py:538} INFO - Filling up the DagBag from /home/airflow/.local/lib/python3.8/site-packages/airflow/example_dags/example_sensors.py
[2024-02-02T13:57:37.393+0000] {processor.py:840} INFO - DAG(s) 'example_sensors' retrieved from /home/airflow/.local/lib/python3.8/site-packages/airflow/example_dags/example_sensors.py
[2024-02-02T13:57:37.419+0000] {logging_mixin.py:188} INFO - [2024-02-02T13:57:37.419+0000] {dag.py:3036} INFO - Sync 1 DAGs
[2024-02-02T13:57:37.432+0000] {logging_mixin.py:188} INFO - [2024-02-02T13:57:37.432+0000] {dag.py:3823} INFO - Setting next_dagrun for example_sensors to None, run_after=None
[2024-02-02T13:57:37.455+0000] {processor.py:183} INFO - Processing /home/airflow/.local/lib/python3.8/site-packages/airflow/example_dags/example_sensors.py took 0.079 seconds
[2024-02-02T13:58:08.075+0000] {processor.py:161} INFO - Started process (PID=506) to work on /home/airflow/.local/lib/python3.8/site-packages/airflow/example_dags/example_sensors.py
[2024-02-02T13:58:08.076+0000] {processor.py:830} INFO - Processing file /home/airflow/.local/lib/python3.8/site-packages/airflow/example_dags/example_sensors.py for tasks to queue
[2024-02-02T13:58:08.079+0000] {logging_mixin.py:188} INFO - [2024-02-02T13:58:08.079+0000] {dagbag.py:538} INFO - Filling up the DagBag from /home/airflow/.local/lib/python3.8/site-packages/airflow/example_dags/example_sensors.py
[2024-02-02T13:58:08.090+0000] {processor.py:840} INFO - DAG(s) 'example_sensors' retrieved from /home/airflow/.local/lib/python3.8/site-packages/airflow/example_dags/example_sensors.py
[2024-02-02T13:58:08.119+0000] {logging_mixin.py:188} INFO - [2024-02-02T13:58:08.119+0000] {dag.py:3036} INFO - Sync 1 DAGs
[2024-02-02T13:58:08.134+0000] {logging_mixin.py:188} INFO - [2024-02-02T13:58:08.134+0000] {dag.py:3823} INFO - Setting next_dagrun for example_sensors to None, run_after=None
[2024-02-02T13:58:08.160+0000] {processor.py:183} INFO - Processing /home/airflow/.local/lib/python3.8/site-packages/airflow/example_dags/example_sensors.py took 0.089 seconds
[2024-02-02T13:58:38.545+0000] {processor.py:161} INFO - Started process (PID=561) to work on /home/airflow/.local/lib/python3.8/site-packages/airflow/example_dags/example_sensors.py
[2024-02-02T13:58:38.547+0000] {processor.py:830} INFO - Processing file /home/airflow/.local/lib/python3.8/site-packages/airflow/example_dags/example_sensors.py for tasks to queue
[2024-02-02T13:58:38.549+0000] {logging_mixin.py:188} INFO - [2024-02-02T13:58:38.549+0000] {dagbag.py:538} INFO - Filling up the DagBag from /home/airflow/.local/lib/python3.8/site-packages/airflow/example_dags/example_sensors.py
[2024-02-02T13:58:38.560+0000] {processor.py:840} INFO - DAG(s) 'example_sensors' retrieved from /home/airflow/.local/lib/python3.8/site-packages/airflow/example_dags/example_sensors.py
[2024-02-02T13:58:38.589+0000] {logging_mixin.py:188} INFO - [2024-02-02T13:58:38.589+0000] {dag.py:3036} INFO - Sync 1 DAGs
[2024-02-02T13:58:38.602+0000] {logging_mixin.py:188} INFO - [2024-02-02T13:58:38.602+0000] {dag.py:3823} INFO - Setting next_dagrun for example_sensors to None, run_after=None
[2024-02-02T13:58:38.627+0000] {processor.py:183} INFO - Processing /home/airflow/.local/lib/python3.8/site-packages/airflow/example_dags/example_sensors.py took 0.086 seconds
[2024-02-02T13:59:09.349+0000] {processor.py:161} INFO - Started process (PID=616) to work on /home/airflow/.local/lib/python3.8/site-packages/airflow/example_dags/example_sensors.py
[2024-02-02T13:59:09.350+0000] {processor.py:830} INFO - Processing file /home/airflow/.local/lib/python3.8/site-packages/airflow/example_dags/example_sensors.py for tasks to queue
[2024-02-02T13:59:09.355+0000] {logging_mixin.py:188} INFO - [2024-02-02T13:59:09.355+0000] {dagbag.py:538} INFO - Filling up the DagBag from /home/airflow/.local/lib/python3.8/site-packages/airflow/example_dags/example_sensors.py
[2024-02-02T13:59:09.368+0000] {processor.py:840} INFO - DAG(s) 'example_sensors' retrieved from /home/airflow/.local/lib/python3.8/site-packages/airflow/example_dags/example_sensors.py
[2024-02-02T13:59:09.401+0000] {logging_mixin.py:188} INFO - [2024-02-02T13:59:09.400+0000] {dag.py:3036} INFO - Sync 1 DAGs
[2024-02-02T13:59:09.412+0000] {logging_mixin.py:188} INFO - [2024-02-02T13:59:09.412+0000] {dag.py:3823} INFO - Setting next_dagrun for example_sensors to None, run_after=None
[2024-02-02T13:59:09.434+0000] {processor.py:183} INFO - Processing /home/airflow/.local/lib/python3.8/site-packages/airflow/example_dags/example_sensors.py took 0.091 seconds
[2024-02-02T13:59:39.902+0000] {processor.py:161} INFO - Started process (PID=671) to work on /home/airflow/.local/lib/python3.8/site-packages/airflow/example_dags/example_sensors.py
[2024-02-02T13:59:39.903+0000] {processor.py:830} INFO - Processing file /home/airflow/.local/lib/python3.8/site-packages/airflow/example_dags/example_sensors.py for tasks to queue
[2024-02-02T13:59:39.906+0000] {logging_mixin.py:188} INFO - [2024-02-02T13:59:39.905+0000] {dagbag.py:538} INFO - Filling up the DagBag from /home/airflow/.local/lib/python3.8/site-packages/airflow/example_dags/example_sensors.py
[2024-02-02T13:59:39.916+0000] {processor.py:840} INFO - DAG(s) 'example_sensors' retrieved from /home/airflow/.local/lib/python3.8/site-packages/airflow/example_dags/example_sensors.py
[2024-02-02T13:59:39.941+0000] {logging_mixin.py:188} INFO - [2024-02-02T13:59:39.941+0000] {dag.py:3036} INFO - Sync 1 DAGs
[2024-02-02T13:59:39.952+0000] {logging_mixin.py:188} INFO - [2024-02-02T13:59:39.952+0000] {dag.py:3823} INFO - Setting next_dagrun for example_sensors to None, run_after=None
[2024-02-02T13:59:39.975+0000] {processor.py:183} INFO - Processing /home/airflow/.local/lib/python3.8/site-packages/airflow/example_dags/example_sensors.py took 0.076 seconds
[2024-02-02T14:00:10.329+0000] {processor.py:161} INFO - Started process (PID=726) to work on /home/airflow/.local/lib/python3.8/site-packages/airflow/example_dags/example_sensors.py
[2024-02-02T14:00:10.330+0000] {processor.py:830} INFO - Processing file /home/airflow/.local/lib/python3.8/site-packages/airflow/example_dags/example_sensors.py for tasks to queue
[2024-02-02T14:00:10.333+0000] {logging_mixin.py:188} INFO - [2024-02-02T14:00:10.332+0000] {dagbag.py:538} INFO - Filling up the DagBag from /home/airflow/.local/lib/python3.8/site-packages/airflow/example_dags/example_sensors.py
[2024-02-02T14:00:10.345+0000] {processor.py:840} INFO - DAG(s) 'example_sensors' retrieved from /home/airflow/.local/lib/python3.8/site-packages/airflow/example_dags/example_sensors.py
[2024-02-02T14:00:10.370+0000] {logging_mixin.py:188} INFO - [2024-02-02T14:00:10.370+0000] {dag.py:3036} INFO - Sync 1 DAGs
[2024-02-02T14:00:10.385+0000] {logging_mixin.py:188} INFO - [2024-02-02T14:00:10.385+0000] {dag.py:3823} INFO - Setting next_dagrun for example_sensors to None, run_after=None
[2024-02-02T14:00:10.408+0000] {processor.py:183} INFO - Processing /home/airflow/.local/lib/python3.8/site-packages/airflow/example_dags/example_sensors.py took 0.082 seconds
[2024-02-02T14:00:40.636+0000] {processor.py:161} INFO - Started process (PID=781) to work on /home/airflow/.local/lib/python3.8/site-packages/airflow/example_dags/example_sensors.py
[2024-02-02T14:00:40.637+0000] {processor.py:830} INFO - Processing file /home/airflow/.local/lib/python3.8/site-packages/airflow/example_dags/example_sensors.py for tasks to queue
[2024-02-02T14:00:40.640+0000] {logging_mixin.py:188} INFO - [2024-02-02T14:00:40.639+0000] {dagbag.py:538} INFO - Filling up the DagBag from /home/airflow/.local/lib/python3.8/site-packages/airflow/example_dags/example_sensors.py
[2024-02-02T14:00:40.654+0000] {processor.py:840} INFO - DAG(s) 'example_sensors' retrieved from /home/airflow/.local/lib/python3.8/site-packages/airflow/example_dags/example_sensors.py
[2024-02-02T14:00:40.689+0000] {logging_mixin.py:188} INFO - [2024-02-02T14:00:40.689+0000] {dag.py:3036} INFO - Sync 1 DAGs
[2024-02-02T14:00:40.704+0000] {logging_mixin.py:188} INFO - [2024-02-02T14:00:40.704+0000] {dag.py:3823} INFO - Setting next_dagrun for example_sensors to None, run_after=None
[2024-02-02T14:00:40.728+0000] {processor.py:183} INFO - Processing /home/airflow/.local/lib/python3.8/site-packages/airflow/example_dags/example_sensors.py took 0.097 seconds
[2024-02-02T14:01:11.172+0000] {processor.py:161} INFO - Started process (PID=836) to work on /home/airflow/.local/lib/python3.8/site-packages/airflow/example_dags/example_sensors.py
[2024-02-02T14:01:11.173+0000] {processor.py:830} INFO - Processing file /home/airflow/.local/lib/python3.8/site-packages/airflow/example_dags/example_sensors.py for tasks to queue
[2024-02-02T14:01:11.176+0000] {logging_mixin.py:188} INFO - [2024-02-02T14:01:11.175+0000] {dagbag.py:538} INFO - Filling up the DagBag from /home/airflow/.local/lib/python3.8/site-packages/airflow/example_dags/example_sensors.py
[2024-02-02T14:01:11.189+0000] {processor.py:840} INFO - DAG(s) 'example_sensors' retrieved from /home/airflow/.local/lib/python3.8/site-packages/airflow/example_dags/example_sensors.py
[2024-02-02T14:01:11.221+0000] {logging_mixin.py:188} INFO - [2024-02-02T14:01:11.221+0000] {dag.py:3036} INFO - Sync 1 DAGs
[2024-02-02T14:01:11.237+0000] {logging_mixin.py:188} INFO - [2024-02-02T14:01:11.237+0000] {dag.py:3823} INFO - Setting next_dagrun for example_sensors to None, run_after=None
[2024-02-02T14:01:11.261+0000] {processor.py:183} INFO - Processing /home/airflow/.local/lib/python3.8/site-packages/airflow/example_dags/example_sensors.py took 0.093 seconds
