[2024-02-02T13:53:57.441+0000] {processor.py:161} INFO - Started process (PID=46) to work on /home/airflow/.local/lib/python3.8/site-packages/airflow/example_dags/example_xcom.py
[2024-02-02T13:53:57.449+0000] {processor.py:830} INFO - Processing file /home/airflow/.local/lib/python3.8/site-packages/airflow/example_dags/example_xcom.py for tasks to queue
[2024-02-02T13:53:57.458+0000] {logging_mixin.py:188} INFO - [2024-02-02T13:53:57.457+0000] {dagbag.py:538} INFO - Filling up the DagBag from /home/airflow/.local/lib/python3.8/site-packages/airflow/example_dags/example_xcom.py
[2024-02-02T13:53:57.507+0000] {processor.py:840} INFO - DAG(s) 'example_xcom' retrieved from /home/airflow/.local/lib/python3.8/site-packages/airflow/example_dags/example_xcom.py
[2024-02-02T13:53:57.729+0000] {logging_mixin.py:188} INFO - [2024-02-02T13:53:57.728+0000] {override.py:1769} INFO - Created Permission View: can delete on DAG:example_xcom
[2024-02-02T13:53:57.770+0000] {logging_mixin.py:188} INFO - [2024-02-02T13:53:57.769+0000] {override.py:1769} INFO - Created Permission View: can read on DAG:example_xcom
[2024-02-02T13:53:57.792+0000] {logging_mixin.py:188} INFO - [2024-02-02T13:53:57.791+0000] {override.py:1769} INFO - Created Permission View: can edit on DAG:example_xcom
[2024-02-02T13:53:57.797+0000] {logging_mixin.py:188} INFO - [2024-02-02T13:53:57.796+0000] {dag.py:3036} INFO - Sync 1 DAGs
[2024-02-02T13:53:57.850+0000] {logging_mixin.py:188} INFO - [2024-02-02T13:53:57.850+0000] {dag.py:3058} INFO - Creating ORM DAG for example_xcom
[2024-02-02T13:53:57.893+0000] {logging_mixin.py:188} INFO - [2024-02-02T13:53:57.892+0000] {dag.py:3823} INFO - Setting next_dagrun for example_xcom to 2021-01-01 00:00:00+00:00, run_after=2021-01-01 00:00:00+00:00
[2024-02-02T13:53:57.957+0000] {processor.py:183} INFO - Processing /home/airflow/.local/lib/python3.8/site-packages/airflow/example_dags/example_xcom.py took 0.521 seconds
[2024-02-02T13:54:28.125+0000] {processor.py:161} INFO - Started process (PID=104) to work on /home/airflow/.local/lib/python3.8/site-packages/airflow/example_dags/example_xcom.py
[2024-02-02T13:54:28.127+0000] {processor.py:830} INFO - Processing file /home/airflow/.local/lib/python3.8/site-packages/airflow/example_dags/example_xcom.py for tasks to queue
[2024-02-02T13:54:28.129+0000] {logging_mixin.py:188} INFO - [2024-02-02T13:54:28.128+0000] {dagbag.py:538} INFO - Filling up the DagBag from /home/airflow/.local/lib/python3.8/site-packages/airflow/example_dags/example_xcom.py
[2024-02-02T13:54:28.139+0000] {processor.py:840} INFO - DAG(s) 'example_xcom' retrieved from /home/airflow/.local/lib/python3.8/site-packages/airflow/example_dags/example_xcom.py
[2024-02-02T13:54:28.166+0000] {logging_mixin.py:188} INFO - [2024-02-02T13:54:28.165+0000] {dag.py:3036} INFO - Sync 1 DAGs
[2024-02-02T13:54:28.193+0000] {logging_mixin.py:188} INFO - [2024-02-02T13:54:28.193+0000] {dag.py:3823} INFO - Setting next_dagrun for example_xcom to 2021-01-01 00:00:00+00:00, run_after=2021-01-01 00:00:00+00:00
[2024-02-02T13:54:28.218+0000] {processor.py:183} INFO - Processing /home/airflow/.local/lib/python3.8/site-packages/airflow/example_dags/example_xcom.py took 0.096 seconds
[2024-02-02T13:54:58.328+0000] {processor.py:161} INFO - Started process (PID=159) to work on /home/airflow/.local/lib/python3.8/site-packages/airflow/example_dags/example_xcom.py
[2024-02-02T13:54:58.330+0000] {processor.py:830} INFO - Processing file /home/airflow/.local/lib/python3.8/site-packages/airflow/example_dags/example_xcom.py for tasks to queue
[2024-02-02T13:54:58.335+0000] {logging_mixin.py:188} INFO - [2024-02-02T13:54:58.335+0000] {dagbag.py:538} INFO - Filling up the DagBag from /home/airflow/.local/lib/python3.8/site-packages/airflow/example_dags/example_xcom.py
[2024-02-02T13:54:58.348+0000] {processor.py:840} INFO - DAG(s) 'example_xcom' retrieved from /home/airflow/.local/lib/python3.8/site-packages/airflow/example_dags/example_xcom.py
[2024-02-02T13:54:58.384+0000] {logging_mixin.py:188} INFO - [2024-02-02T13:54:58.383+0000] {dag.py:3036} INFO - Sync 1 DAGs
[2024-02-02T13:54:58.432+0000] {logging_mixin.py:188} INFO - [2024-02-02T13:54:58.432+0000] {dag.py:3823} INFO - Setting next_dagrun for example_xcom to 2021-01-01 00:00:00+00:00, run_after=2021-01-01 00:00:00+00:00
[2024-02-02T13:54:58.463+0000] {processor.py:183} INFO - Processing /home/airflow/.local/lib/python3.8/site-packages/airflow/example_dags/example_xcom.py took 0.143 seconds
[2024-02-02T13:55:28.991+0000] {processor.py:161} INFO - Started process (PID=214) to work on /home/airflow/.local/lib/python3.8/site-packages/airflow/example_dags/example_xcom.py
[2024-02-02T13:55:28.992+0000] {processor.py:830} INFO - Processing file /home/airflow/.local/lib/python3.8/site-packages/airflow/example_dags/example_xcom.py for tasks to queue
[2024-02-02T13:55:28.994+0000] {logging_mixin.py:188} INFO - [2024-02-02T13:55:28.994+0000] {dagbag.py:538} INFO - Filling up the DagBag from /home/airflow/.local/lib/python3.8/site-packages/airflow/example_dags/example_xcom.py
[2024-02-02T13:55:29.006+0000] {processor.py:840} INFO - DAG(s) 'example_xcom' retrieved from /home/airflow/.local/lib/python3.8/site-packages/airflow/example_dags/example_xcom.py
[2024-02-02T13:55:29.035+0000] {logging_mixin.py:188} INFO - [2024-02-02T13:55:29.035+0000] {dag.py:3036} INFO - Sync 1 DAGs
[2024-02-02T13:55:29.069+0000] {logging_mixin.py:188} INFO - [2024-02-02T13:55:29.068+0000] {dag.py:3823} INFO - Setting next_dagrun for example_xcom to 2021-01-01 00:00:00+00:00, run_after=2021-01-01 00:00:00+00:00
[2024-02-02T13:55:29.098+0000] {processor.py:183} INFO - Processing /home/airflow/.local/lib/python3.8/site-packages/airflow/example_dags/example_xcom.py took 0.110 seconds
[2024-02-02T13:55:59.375+0000] {processor.py:161} INFO - Started process (PID=269) to work on /home/airflow/.local/lib/python3.8/site-packages/airflow/example_dags/example_xcom.py
[2024-02-02T13:55:59.376+0000] {processor.py:830} INFO - Processing file /home/airflow/.local/lib/python3.8/site-packages/airflow/example_dags/example_xcom.py for tasks to queue
[2024-02-02T13:55:59.379+0000] {logging_mixin.py:188} INFO - [2024-02-02T13:55:59.379+0000] {dagbag.py:538} INFO - Filling up the DagBag from /home/airflow/.local/lib/python3.8/site-packages/airflow/example_dags/example_xcom.py
[2024-02-02T13:55:59.387+0000] {processor.py:840} INFO - DAG(s) 'example_xcom' retrieved from /home/airflow/.local/lib/python3.8/site-packages/airflow/example_dags/example_xcom.py
[2024-02-02T13:55:59.418+0000] {logging_mixin.py:188} INFO - [2024-02-02T13:55:59.418+0000] {dag.py:3036} INFO - Sync 1 DAGs
[2024-02-02T13:55:59.442+0000] {logging_mixin.py:188} INFO - [2024-02-02T13:55:59.442+0000] {dag.py:3823} INFO - Setting next_dagrun for example_xcom to 2021-01-01 00:00:00+00:00, run_after=2021-01-01 00:00:00+00:00
[2024-02-02T13:55:59.466+0000] {processor.py:183} INFO - Processing /home/airflow/.local/lib/python3.8/site-packages/airflow/example_dags/example_xcom.py took 0.095 seconds
[2024-02-02T13:56:29.885+0000] {processor.py:161} INFO - Started process (PID=324) to work on /home/airflow/.local/lib/python3.8/site-packages/airflow/example_dags/example_xcom.py
[2024-02-02T13:56:29.887+0000] {processor.py:830} INFO - Processing file /home/airflow/.local/lib/python3.8/site-packages/airflow/example_dags/example_xcom.py for tasks to queue
[2024-02-02T13:56:29.892+0000] {logging_mixin.py:188} INFO - [2024-02-02T13:56:29.892+0000] {dagbag.py:538} INFO - Filling up the DagBag from /home/airflow/.local/lib/python3.8/site-packages/airflow/example_dags/example_xcom.py
[2024-02-02T13:56:29.911+0000] {processor.py:840} INFO - DAG(s) 'example_xcom' retrieved from /home/airflow/.local/lib/python3.8/site-packages/airflow/example_dags/example_xcom.py
[2024-02-02T13:56:29.963+0000] {logging_mixin.py:188} INFO - [2024-02-02T13:56:29.963+0000] {dag.py:3036} INFO - Sync 1 DAGs
[2024-02-02T13:56:30.014+0000] {logging_mixin.py:188} INFO - [2024-02-02T13:56:30.014+0000] {dag.py:3823} INFO - Setting next_dagrun for example_xcom to 2021-01-01 00:00:00+00:00, run_after=2021-01-01 00:00:00+00:00
[2024-02-02T13:56:30.050+0000] {processor.py:183} INFO - Processing /home/airflow/.local/lib/python3.8/site-packages/airflow/example_dags/example_xcom.py took 0.170 seconds
[2024-02-02T13:57:00.231+0000] {processor.py:161} INFO - Started process (PID=379) to work on /home/airflow/.local/lib/python3.8/site-packages/airflow/example_dags/example_xcom.py
[2024-02-02T13:57:00.232+0000] {processor.py:830} INFO - Processing file /home/airflow/.local/lib/python3.8/site-packages/airflow/example_dags/example_xcom.py for tasks to queue
[2024-02-02T13:57:00.235+0000] {logging_mixin.py:188} INFO - [2024-02-02T13:57:00.235+0000] {dagbag.py:538} INFO - Filling up the DagBag from /home/airflow/.local/lib/python3.8/site-packages/airflow/example_dags/example_xcom.py
[2024-02-02T13:57:00.250+0000] {processor.py:840} INFO - DAG(s) 'example_xcom' retrieved from /home/airflow/.local/lib/python3.8/site-packages/airflow/example_dags/example_xcom.py
[2024-02-02T13:57:00.277+0000] {logging_mixin.py:188} INFO - [2024-02-02T13:57:00.277+0000] {dag.py:3036} INFO - Sync 1 DAGs
[2024-02-02T13:57:00.300+0000] {logging_mixin.py:188} INFO - [2024-02-02T13:57:00.300+0000] {dag.py:3823} INFO - Setting next_dagrun for example_xcom to 2021-01-01 00:00:00+00:00, run_after=2021-01-01 00:00:00+00:00
[2024-02-02T13:57:00.325+0000] {processor.py:183} INFO - Processing /home/airflow/.local/lib/python3.8/site-packages/airflow/example_dags/example_xcom.py took 0.100 seconds
[2024-02-02T13:57:30.376+0000] {processor.py:161} INFO - Started process (PID=434) to work on /home/airflow/.local/lib/python3.8/site-packages/airflow/example_dags/example_xcom.py
[2024-02-02T13:57:30.377+0000] {processor.py:830} INFO - Processing file /home/airflow/.local/lib/python3.8/site-packages/airflow/example_dags/example_xcom.py for tasks to queue
[2024-02-02T13:57:30.379+0000] {logging_mixin.py:188} INFO - [2024-02-02T13:57:30.379+0000] {dagbag.py:538} INFO - Filling up the DagBag from /home/airflow/.local/lib/python3.8/site-packages/airflow/example_dags/example_xcom.py
[2024-02-02T13:57:30.388+0000] {processor.py:840} INFO - DAG(s) 'example_xcom' retrieved from /home/airflow/.local/lib/python3.8/site-packages/airflow/example_dags/example_xcom.py
[2024-02-02T13:57:30.410+0000] {logging_mixin.py:188} INFO - [2024-02-02T13:57:30.410+0000] {dag.py:3036} INFO - Sync 1 DAGs
[2024-02-02T13:57:30.431+0000] {logging_mixin.py:188} INFO - [2024-02-02T13:57:30.431+0000] {dag.py:3823} INFO - Setting next_dagrun for example_xcom to 2021-01-01 00:00:00+00:00, run_after=2021-01-01 00:00:00+00:00
[2024-02-02T13:57:30.455+0000] {processor.py:183} INFO - Processing /home/airflow/.local/lib/python3.8/site-packages/airflow/example_dags/example_xcom.py took 0.082 seconds
[2024-02-02T13:58:01.020+0000] {processor.py:161} INFO - Started process (PID=489) to work on /home/airflow/.local/lib/python3.8/site-packages/airflow/example_dags/example_xcom.py
[2024-02-02T13:58:01.021+0000] {processor.py:830} INFO - Processing file /home/airflow/.local/lib/python3.8/site-packages/airflow/example_dags/example_xcom.py for tasks to queue
[2024-02-02T13:58:01.024+0000] {logging_mixin.py:188} INFO - [2024-02-02T13:58:01.023+0000] {dagbag.py:538} INFO - Filling up the DagBag from /home/airflow/.local/lib/python3.8/site-packages/airflow/example_dags/example_xcom.py
[2024-02-02T13:58:01.035+0000] {processor.py:840} INFO - DAG(s) 'example_xcom' retrieved from /home/airflow/.local/lib/python3.8/site-packages/airflow/example_dags/example_xcom.py
[2024-02-02T13:58:01.060+0000] {logging_mixin.py:188} INFO - [2024-02-02T13:58:01.060+0000] {dag.py:3036} INFO - Sync 1 DAGs
[2024-02-02T13:58:01.081+0000] {logging_mixin.py:188} INFO - [2024-02-02T13:58:01.081+0000] {dag.py:3823} INFO - Setting next_dagrun for example_xcom to 2021-01-01 00:00:00+00:00, run_after=2021-01-01 00:00:00+00:00
[2024-02-02T13:58:01.105+0000] {processor.py:183} INFO - Processing /home/airflow/.local/lib/python3.8/site-packages/airflow/example_dags/example_xcom.py took 0.089 seconds
[2024-02-02T13:58:31.317+0000] {processor.py:161} INFO - Started process (PID=544) to work on /home/airflow/.local/lib/python3.8/site-packages/airflow/example_dags/example_xcom.py
[2024-02-02T13:58:31.318+0000] {processor.py:830} INFO - Processing file /home/airflow/.local/lib/python3.8/site-packages/airflow/example_dags/example_xcom.py for tasks to queue
[2024-02-02T13:58:31.320+0000] {logging_mixin.py:188} INFO - [2024-02-02T13:58:31.320+0000] {dagbag.py:538} INFO - Filling up the DagBag from /home/airflow/.local/lib/python3.8/site-packages/airflow/example_dags/example_xcom.py
[2024-02-02T13:58:31.329+0000] {processor.py:840} INFO - DAG(s) 'example_xcom' retrieved from /home/airflow/.local/lib/python3.8/site-packages/airflow/example_dags/example_xcom.py
[2024-02-02T13:58:31.355+0000] {logging_mixin.py:188} INFO - [2024-02-02T13:58:31.355+0000] {dag.py:3036} INFO - Sync 1 DAGs
[2024-02-02T13:58:31.382+0000] {logging_mixin.py:188} INFO - [2024-02-02T13:58:31.381+0000] {dag.py:3823} INFO - Setting next_dagrun for example_xcom to 2021-01-01 00:00:00+00:00, run_after=2021-01-01 00:00:00+00:00
[2024-02-02T13:58:31.404+0000] {processor.py:183} INFO - Processing /home/airflow/.local/lib/python3.8/site-packages/airflow/example_dags/example_xcom.py took 0.090 seconds
[2024-02-02T13:59:02.223+0000] {processor.py:161} INFO - Started process (PID=599) to work on /home/airflow/.local/lib/python3.8/site-packages/airflow/example_dags/example_xcom.py
[2024-02-02T13:59:02.225+0000] {processor.py:830} INFO - Processing file /home/airflow/.local/lib/python3.8/site-packages/airflow/example_dags/example_xcom.py for tasks to queue
[2024-02-02T13:59:02.228+0000] {logging_mixin.py:188} INFO - [2024-02-02T13:59:02.227+0000] {dagbag.py:538} INFO - Filling up the DagBag from /home/airflow/.local/lib/python3.8/site-packages/airflow/example_dags/example_xcom.py
[2024-02-02T13:59:02.238+0000] {processor.py:840} INFO - DAG(s) 'example_xcom' retrieved from /home/airflow/.local/lib/python3.8/site-packages/airflow/example_dags/example_xcom.py
[2024-02-02T13:59:02.268+0000] {logging_mixin.py:188} INFO - [2024-02-02T13:59:02.267+0000] {dag.py:3036} INFO - Sync 1 DAGs
[2024-02-02T13:59:02.325+0000] {logging_mixin.py:188} INFO - [2024-02-02T13:59:02.324+0000] {dag.py:3823} INFO - Setting next_dagrun for example_xcom to 2021-01-01 00:00:00+00:00, run_after=2021-01-01 00:00:00+00:00
[2024-02-02T13:59:02.397+0000] {processor.py:183} INFO - Processing /home/airflow/.local/lib/python3.8/site-packages/airflow/example_dags/example_xcom.py took 0.178 seconds
[2024-02-02T13:59:32.866+0000] {processor.py:161} INFO - Started process (PID=654) to work on /home/airflow/.local/lib/python3.8/site-packages/airflow/example_dags/example_xcom.py
[2024-02-02T13:59:32.867+0000] {processor.py:830} INFO - Processing file /home/airflow/.local/lib/python3.8/site-packages/airflow/example_dags/example_xcom.py for tasks to queue
[2024-02-02T13:59:32.869+0000] {logging_mixin.py:188} INFO - [2024-02-02T13:59:32.869+0000] {dagbag.py:538} INFO - Filling up the DagBag from /home/airflow/.local/lib/python3.8/site-packages/airflow/example_dags/example_xcom.py
[2024-02-02T13:59:32.880+0000] {processor.py:840} INFO - DAG(s) 'example_xcom' retrieved from /home/airflow/.local/lib/python3.8/site-packages/airflow/example_dags/example_xcom.py
[2024-02-02T13:59:32.902+0000] {logging_mixin.py:188} INFO - [2024-02-02T13:59:32.902+0000] {dag.py:3036} INFO - Sync 1 DAGs
[2024-02-02T13:59:32.925+0000] {logging_mixin.py:188} INFO - [2024-02-02T13:59:32.925+0000] {dag.py:3823} INFO - Setting next_dagrun for example_xcom to 2021-01-01 00:00:00+00:00, run_after=2021-01-01 00:00:00+00:00
[2024-02-02T13:59:32.947+0000] {processor.py:183} INFO - Processing /home/airflow/.local/lib/python3.8/site-packages/airflow/example_dags/example_xcom.py took 0.085 seconds
[2024-02-02T14:00:03.398+0000] {processor.py:161} INFO - Started process (PID=709) to work on /home/airflow/.local/lib/python3.8/site-packages/airflow/example_dags/example_xcom.py
[2024-02-02T14:00:03.400+0000] {processor.py:830} INFO - Processing file /home/airflow/.local/lib/python3.8/site-packages/airflow/example_dags/example_xcom.py for tasks to queue
[2024-02-02T14:00:03.403+0000] {logging_mixin.py:188} INFO - [2024-02-02T14:00:03.402+0000] {dagbag.py:538} INFO - Filling up the DagBag from /home/airflow/.local/lib/python3.8/site-packages/airflow/example_dags/example_xcom.py
[2024-02-02T14:00:03.414+0000] {processor.py:840} INFO - DAG(s) 'example_xcom' retrieved from /home/airflow/.local/lib/python3.8/site-packages/airflow/example_dags/example_xcom.py
[2024-02-02T14:00:03.444+0000] {logging_mixin.py:188} INFO - [2024-02-02T14:00:03.443+0000] {dag.py:3036} INFO - Sync 1 DAGs
[2024-02-02T14:00:03.477+0000] {logging_mixin.py:188} INFO - [2024-02-02T14:00:03.476+0000] {dag.py:3823} INFO - Setting next_dagrun for example_xcom to 2021-01-01 00:00:00+00:00, run_after=2021-01-01 00:00:00+00:00
[2024-02-02T14:00:03.500+0000] {processor.py:183} INFO - Processing /home/airflow/.local/lib/python3.8/site-packages/airflow/example_dags/example_xcom.py took 0.105 seconds
[2024-02-02T14:00:33.601+0000] {processor.py:161} INFO - Started process (PID=764) to work on /home/airflow/.local/lib/python3.8/site-packages/airflow/example_dags/example_xcom.py
[2024-02-02T14:00:33.602+0000] {processor.py:830} INFO - Processing file /home/airflow/.local/lib/python3.8/site-packages/airflow/example_dags/example_xcom.py for tasks to queue
[2024-02-02T14:00:33.605+0000] {logging_mixin.py:188} INFO - [2024-02-02T14:00:33.604+0000] {dagbag.py:538} INFO - Filling up the DagBag from /home/airflow/.local/lib/python3.8/site-packages/airflow/example_dags/example_xcom.py
[2024-02-02T14:00:33.617+0000] {processor.py:840} INFO - DAG(s) 'example_xcom' retrieved from /home/airflow/.local/lib/python3.8/site-packages/airflow/example_dags/example_xcom.py
[2024-02-02T14:00:33.645+0000] {logging_mixin.py:188} INFO - [2024-02-02T14:00:33.645+0000] {dag.py:3036} INFO - Sync 1 DAGs
[2024-02-02T14:00:33.671+0000] {logging_mixin.py:188} INFO - [2024-02-02T14:00:33.670+0000] {dag.py:3823} INFO - Setting next_dagrun for example_xcom to 2021-01-01 00:00:00+00:00, run_after=2021-01-01 00:00:00+00:00
[2024-02-02T14:00:33.696+0000] {processor.py:183} INFO - Processing /home/airflow/.local/lib/python3.8/site-packages/airflow/example_dags/example_xcom.py took 0.099 seconds
[2024-02-02T14:01:04.124+0000] {processor.py:161} INFO - Started process (PID=819) to work on /home/airflow/.local/lib/python3.8/site-packages/airflow/example_dags/example_xcom.py
[2024-02-02T14:01:04.126+0000] {processor.py:830} INFO - Processing file /home/airflow/.local/lib/python3.8/site-packages/airflow/example_dags/example_xcom.py for tasks to queue
[2024-02-02T14:01:04.129+0000] {logging_mixin.py:188} INFO - [2024-02-02T14:01:04.128+0000] {dagbag.py:538} INFO - Filling up the DagBag from /home/airflow/.local/lib/python3.8/site-packages/airflow/example_dags/example_xcom.py
[2024-02-02T14:01:04.139+0000] {processor.py:840} INFO - DAG(s) 'example_xcom' retrieved from /home/airflow/.local/lib/python3.8/site-packages/airflow/example_dags/example_xcom.py
[2024-02-02T14:01:04.166+0000] {logging_mixin.py:188} INFO - [2024-02-02T14:01:04.166+0000] {dag.py:3036} INFO - Sync 1 DAGs
[2024-02-02T14:01:04.196+0000] {logging_mixin.py:188} INFO - [2024-02-02T14:01:04.196+0000] {dag.py:3823} INFO - Setting next_dagrun for example_xcom to 2021-01-01 00:00:00+00:00, run_after=2021-01-01 00:00:00+00:00
[2024-02-02T14:01:04.219+0000] {processor.py:183} INFO - Processing /home/airflow/.local/lib/python3.8/site-packages/airflow/example_dags/example_xcom.py took 0.099 seconds
