[2024-02-02T13:54:07.557+0000] {processor.py:161} INFO - Started process (PID=76) to work on /home/airflow/.local/lib/python3.8/site-packages/airflow/example_dags/example_branch_operator_decorator.py
[2024-02-02T13:54:07.558+0000] {processor.py:830} INFO - Processing file /home/airflow/.local/lib/python3.8/site-packages/airflow/example_dags/example_branch_operator_decorator.py for tasks to queue
[2024-02-02T13:54:07.562+0000] {logging_mixin.py:188} INFO - [2024-02-02T13:54:07.561+0000] {dagbag.py:538} INFO - Filling up the DagBag from /home/airflow/.local/lib/python3.8/site-packages/airflow/example_dags/example_branch_operator_decorator.py
[2024-02-02T13:54:07.607+0000] {processor.py:840} INFO - DAG(s) 'example_branch_python_operator_decorator' retrieved from /home/airflow/.local/lib/python3.8/site-packages/airflow/example_dags/example_branch_operator_decorator.py
[2024-02-02T13:54:07.789+0000] {logging_mixin.py:188} INFO - [2024-02-02T13:54:07.788+0000] {override.py:1769} INFO - Created Permission View: can delete on DAG:example_branch_python_operator_decorator
[2024-02-02T13:54:07.816+0000] {logging_mixin.py:188} INFO - [2024-02-02T13:54:07.816+0000] {override.py:1769} INFO - Created Permission View: can read on DAG:example_branch_python_operator_decorator
[2024-02-02T13:54:07.828+0000] {logging_mixin.py:188} INFO - [2024-02-02T13:54:07.827+0000] {override.py:1769} INFO - Created Permission View: can edit on DAG:example_branch_python_operator_decorator
[2024-02-02T13:54:07.829+0000] {logging_mixin.py:188} INFO - [2024-02-02T13:54:07.828+0000] {dag.py:3036} INFO - Sync 1 DAGs
[2024-02-02T13:54:07.844+0000] {logging_mixin.py:188} INFO - [2024-02-02T13:54:07.844+0000] {dag.py:3058} INFO - Creating ORM DAG for example_branch_python_operator_decorator
[2024-02-02T13:54:07.872+0000] {logging_mixin.py:188} INFO - [2024-02-02T13:54:07.872+0000] {dag.py:3823} INFO - Setting next_dagrun for example_branch_python_operator_decorator to 2024-02-01 00:00:00+00:00, run_after=2024-02-02 00:00:00+00:00
[2024-02-02T13:54:07.919+0000] {processor.py:183} INFO - Processing /home/airflow/.local/lib/python3.8/site-packages/airflow/example_dags/example_branch_operator_decorator.py took 0.367 seconds
[2024-02-02T13:54:38.475+0000] {processor.py:161} INFO - Started process (PID=134) to work on /home/airflow/.local/lib/python3.8/site-packages/airflow/example_dags/example_branch_operator_decorator.py
[2024-02-02T13:54:38.477+0000] {processor.py:830} INFO - Processing file /home/airflow/.local/lib/python3.8/site-packages/airflow/example_dags/example_branch_operator_decorator.py for tasks to queue
[2024-02-02T13:54:38.479+0000] {logging_mixin.py:188} INFO - [2024-02-02T13:54:38.478+0000] {dagbag.py:538} INFO - Filling up the DagBag from /home/airflow/.local/lib/python3.8/site-packages/airflow/example_dags/example_branch_operator_decorator.py
[2024-02-02T13:54:38.504+0000] {processor.py:840} INFO - DAG(s) 'example_branch_python_operator_decorator' retrieved from /home/airflow/.local/lib/python3.8/site-packages/airflow/example_dags/example_branch_operator_decorator.py
[2024-02-02T13:54:38.536+0000] {logging_mixin.py:188} INFO - [2024-02-02T13:54:38.536+0000] {dag.py:3036} INFO - Sync 1 DAGs
[2024-02-02T13:54:38.560+0000] {logging_mixin.py:188} INFO - [2024-02-02T13:54:38.559+0000] {dag.py:3823} INFO - Setting next_dagrun for example_branch_python_operator_decorator to 2024-02-01 00:00:00+00:00, run_after=2024-02-02 00:00:00+00:00
[2024-02-02T13:54:38.582+0000] {processor.py:183} INFO - Processing /home/airflow/.local/lib/python3.8/site-packages/airflow/example_dags/example_branch_operator_decorator.py took 0.110 seconds
[2024-02-02T13:55:09.485+0000] {processor.py:161} INFO - Started process (PID=189) to work on /home/airflow/.local/lib/python3.8/site-packages/airflow/example_dags/example_branch_operator_decorator.py
[2024-02-02T13:55:09.486+0000] {processor.py:830} INFO - Processing file /home/airflow/.local/lib/python3.8/site-packages/airflow/example_dags/example_branch_operator_decorator.py for tasks to queue
[2024-02-02T13:55:09.489+0000] {logging_mixin.py:188} INFO - [2024-02-02T13:55:09.489+0000] {dagbag.py:538} INFO - Filling up the DagBag from /home/airflow/.local/lib/python3.8/site-packages/airflow/example_dags/example_branch_operator_decorator.py
[2024-02-02T13:55:09.522+0000] {processor.py:840} INFO - DAG(s) 'example_branch_python_operator_decorator' retrieved from /home/airflow/.local/lib/python3.8/site-packages/airflow/example_dags/example_branch_operator_decorator.py
[2024-02-02T13:55:09.564+0000] {logging_mixin.py:188} INFO - [2024-02-02T13:55:09.563+0000] {dag.py:3036} INFO - Sync 1 DAGs
[2024-02-02T13:55:09.595+0000] {logging_mixin.py:188} INFO - [2024-02-02T13:55:09.595+0000] {dag.py:3823} INFO - Setting next_dagrun for example_branch_python_operator_decorator to 2024-02-01 00:00:00+00:00, run_after=2024-02-02 00:00:00+00:00
[2024-02-02T13:55:09.624+0000] {processor.py:183} INFO - Processing /home/airflow/.local/lib/python3.8/site-packages/airflow/example_dags/example_branch_operator_decorator.py took 0.145 seconds
[2024-02-02T13:55:39.868+0000] {processor.py:161} INFO - Started process (PID=244) to work on /home/airflow/.local/lib/python3.8/site-packages/airflow/example_dags/example_branch_operator_decorator.py
[2024-02-02T13:55:39.870+0000] {processor.py:830} INFO - Processing file /home/airflow/.local/lib/python3.8/site-packages/airflow/example_dags/example_branch_operator_decorator.py for tasks to queue
[2024-02-02T13:55:39.874+0000] {logging_mixin.py:188} INFO - [2024-02-02T13:55:39.874+0000] {dagbag.py:538} INFO - Filling up the DagBag from /home/airflow/.local/lib/python3.8/site-packages/airflow/example_dags/example_branch_operator_decorator.py
[2024-02-02T13:55:39.912+0000] {processor.py:840} INFO - DAG(s) 'example_branch_python_operator_decorator' retrieved from /home/airflow/.local/lib/python3.8/site-packages/airflow/example_dags/example_branch_operator_decorator.py
[2024-02-02T13:55:39.945+0000] {logging_mixin.py:188} INFO - [2024-02-02T13:55:39.944+0000] {dag.py:3036} INFO - Sync 1 DAGs
[2024-02-02T13:55:39.976+0000] {logging_mixin.py:188} INFO - [2024-02-02T13:55:39.976+0000] {dag.py:3823} INFO - Setting next_dagrun for example_branch_python_operator_decorator to 2024-02-01 00:00:00+00:00, run_after=2024-02-02 00:00:00+00:00
[2024-02-02T13:55:40.003+0000] {processor.py:183} INFO - Processing /home/airflow/.local/lib/python3.8/site-packages/airflow/example_dags/example_branch_operator_decorator.py took 0.143 seconds
[2024-02-02T13:56:10.237+0000] {processor.py:161} INFO - Started process (PID=299) to work on /home/airflow/.local/lib/python3.8/site-packages/airflow/example_dags/example_branch_operator_decorator.py
[2024-02-02T13:56:10.238+0000] {processor.py:830} INFO - Processing file /home/airflow/.local/lib/python3.8/site-packages/airflow/example_dags/example_branch_operator_decorator.py for tasks to queue
[2024-02-02T13:56:10.241+0000] {logging_mixin.py:188} INFO - [2024-02-02T13:56:10.241+0000] {dagbag.py:538} INFO - Filling up the DagBag from /home/airflow/.local/lib/python3.8/site-packages/airflow/example_dags/example_branch_operator_decorator.py
[2024-02-02T13:56:10.269+0000] {processor.py:840} INFO - DAG(s) 'example_branch_python_operator_decorator' retrieved from /home/airflow/.local/lib/python3.8/site-packages/airflow/example_dags/example_branch_operator_decorator.py
[2024-02-02T13:56:10.304+0000] {logging_mixin.py:188} INFO - [2024-02-02T13:56:10.303+0000] {dag.py:3036} INFO - Sync 1 DAGs
[2024-02-02T13:56:10.330+0000] {logging_mixin.py:188} INFO - [2024-02-02T13:56:10.330+0000] {dag.py:3823} INFO - Setting next_dagrun for example_branch_python_operator_decorator to 2024-02-01 00:00:00+00:00, run_after=2024-02-02 00:00:00+00:00
[2024-02-02T13:56:10.351+0000] {processor.py:183} INFO - Processing /home/airflow/.local/lib/python3.8/site-packages/airflow/example_dags/example_branch_operator_decorator.py took 0.119 seconds
[2024-02-02T13:56:40.788+0000] {processor.py:161} INFO - Started process (PID=354) to work on /home/airflow/.local/lib/python3.8/site-packages/airflow/example_dags/example_branch_operator_decorator.py
[2024-02-02T13:56:40.790+0000] {processor.py:830} INFO - Processing file /home/airflow/.local/lib/python3.8/site-packages/airflow/example_dags/example_branch_operator_decorator.py for tasks to queue
[2024-02-02T13:56:40.793+0000] {logging_mixin.py:188} INFO - [2024-02-02T13:56:40.792+0000] {dagbag.py:538} INFO - Filling up the DagBag from /home/airflow/.local/lib/python3.8/site-packages/airflow/example_dags/example_branch_operator_decorator.py
[2024-02-02T13:56:40.819+0000] {processor.py:840} INFO - DAG(s) 'example_branch_python_operator_decorator' retrieved from /home/airflow/.local/lib/python3.8/site-packages/airflow/example_dags/example_branch_operator_decorator.py
[2024-02-02T13:56:40.847+0000] {logging_mixin.py:188} INFO - [2024-02-02T13:56:40.847+0000] {dag.py:3036} INFO - Sync 1 DAGs
[2024-02-02T13:56:40.871+0000] {logging_mixin.py:188} INFO - [2024-02-02T13:56:40.870+0000] {dag.py:3823} INFO - Setting next_dagrun for example_branch_python_operator_decorator to 2024-02-01 00:00:00+00:00, run_after=2024-02-02 00:00:00+00:00
[2024-02-02T13:56:40.896+0000] {processor.py:183} INFO - Processing /home/airflow/.local/lib/python3.8/site-packages/airflow/example_dags/example_branch_operator_decorator.py took 0.111 seconds
[2024-02-02T13:57:11.079+0000] {processor.py:161} INFO - Started process (PID=409) to work on /home/airflow/.local/lib/python3.8/site-packages/airflow/example_dags/example_branch_operator_decorator.py
[2024-02-02T13:57:11.081+0000] {processor.py:830} INFO - Processing file /home/airflow/.local/lib/python3.8/site-packages/airflow/example_dags/example_branch_operator_decorator.py for tasks to queue
[2024-02-02T13:57:11.084+0000] {logging_mixin.py:188} INFO - [2024-02-02T13:57:11.083+0000] {dagbag.py:538} INFO - Filling up the DagBag from /home/airflow/.local/lib/python3.8/site-packages/airflow/example_dags/example_branch_operator_decorator.py
[2024-02-02T13:57:11.106+0000] {processor.py:840} INFO - DAG(s) 'example_branch_python_operator_decorator' retrieved from /home/airflow/.local/lib/python3.8/site-packages/airflow/example_dags/example_branch_operator_decorator.py
[2024-02-02T13:57:11.135+0000] {logging_mixin.py:188} INFO - [2024-02-02T13:57:11.134+0000] {dag.py:3036} INFO - Sync 1 DAGs
[2024-02-02T13:57:11.157+0000] {logging_mixin.py:188} INFO - [2024-02-02T13:57:11.157+0000] {dag.py:3823} INFO - Setting next_dagrun for example_branch_python_operator_decorator to 2024-02-01 00:00:00+00:00, run_after=2024-02-02 00:00:00+00:00
[2024-02-02T13:57:11.179+0000] {processor.py:183} INFO - Processing /home/airflow/.local/lib/python3.8/site-packages/airflow/example_dags/example_branch_operator_decorator.py took 0.103 seconds
[2024-02-02T13:57:41.438+0000] {processor.py:161} INFO - Started process (PID=464) to work on /home/airflow/.local/lib/python3.8/site-packages/airflow/example_dags/example_branch_operator_decorator.py
[2024-02-02T13:57:41.439+0000] {processor.py:830} INFO - Processing file /home/airflow/.local/lib/python3.8/site-packages/airflow/example_dags/example_branch_operator_decorator.py for tasks to queue
[2024-02-02T13:57:41.442+0000] {logging_mixin.py:188} INFO - [2024-02-02T13:57:41.442+0000] {dagbag.py:538} INFO - Filling up the DagBag from /home/airflow/.local/lib/python3.8/site-packages/airflow/example_dags/example_branch_operator_decorator.py
[2024-02-02T13:57:41.465+0000] {processor.py:840} INFO - DAG(s) 'example_branch_python_operator_decorator' retrieved from /home/airflow/.local/lib/python3.8/site-packages/airflow/example_dags/example_branch_operator_decorator.py
[2024-02-02T13:57:41.498+0000] {logging_mixin.py:188} INFO - [2024-02-02T13:57:41.498+0000] {dag.py:3036} INFO - Sync 1 DAGs
[2024-02-02T13:57:41.522+0000] {logging_mixin.py:188} INFO - [2024-02-02T13:57:41.522+0000] {dag.py:3823} INFO - Setting next_dagrun for example_branch_python_operator_decorator to 2024-02-01 00:00:00+00:00, run_after=2024-02-02 00:00:00+00:00
[2024-02-02T13:57:41.546+0000] {processor.py:183} INFO - Processing /home/airflow/.local/lib/python3.8/site-packages/airflow/example_dags/example_branch_operator_decorator.py took 0.112 seconds
[2024-02-02T13:58:12.014+0000] {processor.py:161} INFO - Started process (PID=519) to work on /home/airflow/.local/lib/python3.8/site-packages/airflow/example_dags/example_branch_operator_decorator.py
[2024-02-02T13:58:12.016+0000] {processor.py:830} INFO - Processing file /home/airflow/.local/lib/python3.8/site-packages/airflow/example_dags/example_branch_operator_decorator.py for tasks to queue
[2024-02-02T13:58:12.019+0000] {logging_mixin.py:188} INFO - [2024-02-02T13:58:12.018+0000] {dagbag.py:538} INFO - Filling up the DagBag from /home/airflow/.local/lib/python3.8/site-packages/airflow/example_dags/example_branch_operator_decorator.py
[2024-02-02T13:58:12.043+0000] {processor.py:840} INFO - DAG(s) 'example_branch_python_operator_decorator' retrieved from /home/airflow/.local/lib/python3.8/site-packages/airflow/example_dags/example_branch_operator_decorator.py
[2024-02-02T13:58:12.075+0000] {logging_mixin.py:188} INFO - [2024-02-02T13:58:12.074+0000] {dag.py:3036} INFO - Sync 1 DAGs
[2024-02-02T13:58:12.099+0000] {logging_mixin.py:188} INFO - [2024-02-02T13:58:12.099+0000] {dag.py:3823} INFO - Setting next_dagrun for example_branch_python_operator_decorator to 2024-02-01 00:00:00+00:00, run_after=2024-02-02 00:00:00+00:00
[2024-02-02T13:58:12.124+0000] {processor.py:183} INFO - Processing /home/airflow/.local/lib/python3.8/site-packages/airflow/example_dags/example_branch_operator_decorator.py took 0.113 seconds
[2024-02-02T13:58:42.434+0000] {processor.py:161} INFO - Started process (PID=574) to work on /home/airflow/.local/lib/python3.8/site-packages/airflow/example_dags/example_branch_operator_decorator.py
[2024-02-02T13:58:42.435+0000] {processor.py:830} INFO - Processing file /home/airflow/.local/lib/python3.8/site-packages/airflow/example_dags/example_branch_operator_decorator.py for tasks to queue
[2024-02-02T13:58:42.438+0000] {logging_mixin.py:188} INFO - [2024-02-02T13:58:42.437+0000] {dagbag.py:538} INFO - Filling up the DagBag from /home/airflow/.local/lib/python3.8/site-packages/airflow/example_dags/example_branch_operator_decorator.py
[2024-02-02T13:58:42.460+0000] {processor.py:840} INFO - DAG(s) 'example_branch_python_operator_decorator' retrieved from /home/airflow/.local/lib/python3.8/site-packages/airflow/example_dags/example_branch_operator_decorator.py
[2024-02-02T13:58:42.491+0000] {logging_mixin.py:188} INFO - [2024-02-02T13:58:42.490+0000] {dag.py:3036} INFO - Sync 1 DAGs
[2024-02-02T13:58:42.515+0000] {logging_mixin.py:188} INFO - [2024-02-02T13:58:42.515+0000] {dag.py:3823} INFO - Setting next_dagrun for example_branch_python_operator_decorator to 2024-02-01 00:00:00+00:00, run_after=2024-02-02 00:00:00+00:00
[2024-02-02T13:58:42.538+0000] {processor.py:183} INFO - Processing /home/airflow/.local/lib/python3.8/site-packages/airflow/example_dags/example_branch_operator_decorator.py took 0.108 seconds
[2024-02-02T13:59:13.283+0000] {processor.py:161} INFO - Started process (PID=629) to work on /home/airflow/.local/lib/python3.8/site-packages/airflow/example_dags/example_branch_operator_decorator.py
[2024-02-02T13:59:13.285+0000] {processor.py:830} INFO - Processing file /home/airflow/.local/lib/python3.8/site-packages/airflow/example_dags/example_branch_operator_decorator.py for tasks to queue
[2024-02-02T13:59:13.289+0000] {logging_mixin.py:188} INFO - [2024-02-02T13:59:13.288+0000] {dagbag.py:538} INFO - Filling up the DagBag from /home/airflow/.local/lib/python3.8/site-packages/airflow/example_dags/example_branch_operator_decorator.py
[2024-02-02T13:59:13.327+0000] {processor.py:840} INFO - DAG(s) 'example_branch_python_operator_decorator' retrieved from /home/airflow/.local/lib/python3.8/site-packages/airflow/example_dags/example_branch_operator_decorator.py
[2024-02-02T13:59:13.373+0000] {logging_mixin.py:188} INFO - [2024-02-02T13:59:13.372+0000] {dag.py:3036} INFO - Sync 1 DAGs
[2024-02-02T13:59:13.409+0000] {logging_mixin.py:188} INFO - [2024-02-02T13:59:13.409+0000] {dag.py:3823} INFO - Setting next_dagrun for example_branch_python_operator_decorator to 2024-02-01 00:00:00+00:00, run_after=2024-02-02 00:00:00+00:00
[2024-02-02T13:59:13.434+0000] {processor.py:183} INFO - Processing /home/airflow/.local/lib/python3.8/site-packages/airflow/example_dags/example_branch_operator_decorator.py took 0.156 seconds
[2024-02-02T13:59:43.804+0000] {processor.py:161} INFO - Started process (PID=684) to work on /home/airflow/.local/lib/python3.8/site-packages/airflow/example_dags/example_branch_operator_decorator.py
[2024-02-02T13:59:43.806+0000] {processor.py:830} INFO - Processing file /home/airflow/.local/lib/python3.8/site-packages/airflow/example_dags/example_branch_operator_decorator.py for tasks to queue
[2024-02-02T13:59:43.809+0000] {logging_mixin.py:188} INFO - [2024-02-02T13:59:43.809+0000] {dagbag.py:538} INFO - Filling up the DagBag from /home/airflow/.local/lib/python3.8/site-packages/airflow/example_dags/example_branch_operator_decorator.py
[2024-02-02T13:59:43.834+0000] {processor.py:840} INFO - DAG(s) 'example_branch_python_operator_decorator' retrieved from /home/airflow/.local/lib/python3.8/site-packages/airflow/example_dags/example_branch_operator_decorator.py
[2024-02-02T13:59:43.868+0000] {logging_mixin.py:188} INFO - [2024-02-02T13:59:43.867+0000] {dag.py:3036} INFO - Sync 1 DAGs
[2024-02-02T13:59:43.892+0000] {logging_mixin.py:188} INFO - [2024-02-02T13:59:43.892+0000] {dag.py:3823} INFO - Setting next_dagrun for example_branch_python_operator_decorator to 2024-02-01 00:00:00+00:00, run_after=2024-02-02 00:00:00+00:00
[2024-02-02T13:59:43.917+0000] {processor.py:183} INFO - Processing /home/airflow/.local/lib/python3.8/site-packages/airflow/example_dags/example_branch_operator_decorator.py took 0.117 seconds
[2024-02-02T14:00:14.236+0000] {processor.py:161} INFO - Started process (PID=739) to work on /home/airflow/.local/lib/python3.8/site-packages/airflow/example_dags/example_branch_operator_decorator.py
[2024-02-02T14:00:14.237+0000] {processor.py:830} INFO - Processing file /home/airflow/.local/lib/python3.8/site-packages/airflow/example_dags/example_branch_operator_decorator.py for tasks to queue
[2024-02-02T14:00:14.239+0000] {logging_mixin.py:188} INFO - [2024-02-02T14:00:14.239+0000] {dagbag.py:538} INFO - Filling up the DagBag from /home/airflow/.local/lib/python3.8/site-packages/airflow/example_dags/example_branch_operator_decorator.py
[2024-02-02T14:00:14.262+0000] {processor.py:840} INFO - DAG(s) 'example_branch_python_operator_decorator' retrieved from /home/airflow/.local/lib/python3.8/site-packages/airflow/example_dags/example_branch_operator_decorator.py
[2024-02-02T14:00:14.293+0000] {logging_mixin.py:188} INFO - [2024-02-02T14:00:14.292+0000] {dag.py:3036} INFO - Sync 1 DAGs
[2024-02-02T14:00:14.316+0000] {logging_mixin.py:188} INFO - [2024-02-02T14:00:14.316+0000] {dag.py:3823} INFO - Setting next_dagrun for example_branch_python_operator_decorator to 2024-02-01 00:00:00+00:00, run_after=2024-02-02 00:00:00+00:00
[2024-02-02T14:00:14.337+0000] {processor.py:183} INFO - Processing /home/airflow/.local/lib/python3.8/site-packages/airflow/example_dags/example_branch_operator_decorator.py took 0.105 seconds
[2024-02-02T14:00:44.633+0000] {processor.py:161} INFO - Started process (PID=794) to work on /home/airflow/.local/lib/python3.8/site-packages/airflow/example_dags/example_branch_operator_decorator.py
[2024-02-02T14:00:44.635+0000] {processor.py:830} INFO - Processing file /home/airflow/.local/lib/python3.8/site-packages/airflow/example_dags/example_branch_operator_decorator.py for tasks to queue
[2024-02-02T14:00:44.637+0000] {logging_mixin.py:188} INFO - [2024-02-02T14:00:44.637+0000] {dagbag.py:538} INFO - Filling up the DagBag from /home/airflow/.local/lib/python3.8/site-packages/airflow/example_dags/example_branch_operator_decorator.py
[2024-02-02T14:00:44.660+0000] {processor.py:840} INFO - DAG(s) 'example_branch_python_operator_decorator' retrieved from /home/airflow/.local/lib/python3.8/site-packages/airflow/example_dags/example_branch_operator_decorator.py
[2024-02-02T14:00:44.691+0000] {logging_mixin.py:188} INFO - [2024-02-02T14:00:44.690+0000] {dag.py:3036} INFO - Sync 1 DAGs
[2024-02-02T14:00:44.716+0000] {logging_mixin.py:188} INFO - [2024-02-02T14:00:44.715+0000] {dag.py:3823} INFO - Setting next_dagrun for example_branch_python_operator_decorator to 2024-02-01 00:00:00+00:00, run_after=2024-02-02 00:00:00+00:00
[2024-02-02T14:00:44.737+0000] {processor.py:183} INFO - Processing /home/airflow/.local/lib/python3.8/site-packages/airflow/example_dags/example_branch_operator_decorator.py took 0.107 seconds
[2024-02-02T14:01:15.238+0000] {processor.py:161} INFO - Started process (PID=849) to work on /home/airflow/.local/lib/python3.8/site-packages/airflow/example_dags/example_branch_operator_decorator.py
[2024-02-02T14:01:15.239+0000] {processor.py:830} INFO - Processing file /home/airflow/.local/lib/python3.8/site-packages/airflow/example_dags/example_branch_operator_decorator.py for tasks to queue
[2024-02-02T14:01:15.243+0000] {logging_mixin.py:188} INFO - [2024-02-02T14:01:15.243+0000] {dagbag.py:538} INFO - Filling up the DagBag from /home/airflow/.local/lib/python3.8/site-packages/airflow/example_dags/example_branch_operator_decorator.py
[2024-02-02T14:01:15.270+0000] {processor.py:840} INFO - DAG(s) 'example_branch_python_operator_decorator' retrieved from /home/airflow/.local/lib/python3.8/site-packages/airflow/example_dags/example_branch_operator_decorator.py
[2024-02-02T14:01:15.302+0000] {logging_mixin.py:188} INFO - [2024-02-02T14:01:15.301+0000] {dag.py:3036} INFO - Sync 1 DAGs
[2024-02-02T14:01:15.333+0000] {logging_mixin.py:188} INFO - [2024-02-02T14:01:15.333+0000] {dag.py:3823} INFO - Setting next_dagrun for example_branch_python_operator_decorator to 2024-02-01 00:00:00+00:00, run_after=2024-02-02 00:00:00+00:00
[2024-02-02T14:01:15.357+0000] {processor.py:183} INFO - Processing /home/airflow/.local/lib/python3.8/site-packages/airflow/example_dags/example_branch_operator_decorator.py took 0.124 seconds
