[2024-02-02T13:53:59.834+0000] {processor.py:161} INFO - Started process (PID=52) to work on /home/airflow/.local/lib/python3.8/site-packages/airflow/example_dags/example_branch_operator.py
[2024-02-02T13:53:59.843+0000] {processor.py:830} INFO - Processing file /home/airflow/.local/lib/python3.8/site-packages/airflow/example_dags/example_branch_operator.py for tasks to queue
[2024-02-02T13:53:59.851+0000] {logging_mixin.py:188} INFO - [2024-02-02T13:53:59.851+0000] {dagbag.py:538} INFO - Filling up the DagBag from /home/airflow/.local/lib/python3.8/site-packages/airflow/example_dags/example_branch_operator.py
[2024-02-02T13:53:59.904+0000] {processor.py:840} INFO - DAG(s) 'example_branch_operator' retrieved from /home/airflow/.local/lib/python3.8/site-packages/airflow/example_dags/example_branch_operator.py
[2024-02-02T13:54:00.215+0000] {logging_mixin.py:188} INFO - [2024-02-02T13:54:00.214+0000] {override.py:1769} INFO - Created Permission View: can delete on DAG:example_branch_operator
[2024-02-02T13:54:00.253+0000] {logging_mixin.py:188} INFO - [2024-02-02T13:54:00.252+0000] {override.py:1769} INFO - Created Permission View: can read on DAG:example_branch_operator
[2024-02-02T13:54:00.286+0000] {logging_mixin.py:188} INFO - [2024-02-02T13:54:00.286+0000] {override.py:1769} INFO - Created Permission View: can edit on DAG:example_branch_operator
[2024-02-02T13:54:00.287+0000] {logging_mixin.py:188} INFO - [2024-02-02T13:54:00.287+0000] {dag.py:3036} INFO - Sync 1 DAGs
[2024-02-02T13:54:00.322+0000] {logging_mixin.py:188} INFO - [2024-02-02T13:54:00.322+0000] {dag.py:3058} INFO - Creating ORM DAG for example_branch_operator
[2024-02-02T13:54:00.360+0000] {logging_mixin.py:188} INFO - [2024-02-02T13:54:00.359+0000] {dag.py:3823} INFO - Setting next_dagrun for example_branch_operator to 2024-02-01 00:00:00+00:00, run_after=2024-02-02 00:00:00+00:00
[2024-02-02T13:54:00.447+0000] {processor.py:183} INFO - Processing /home/airflow/.local/lib/python3.8/site-packages/airflow/example_dags/example_branch_operator.py took 0.625 seconds
[2024-02-02T13:54:31.486+0000] {processor.py:161} INFO - Started process (PID=110) to work on /home/airflow/.local/lib/python3.8/site-packages/airflow/example_dags/example_branch_operator.py
[2024-02-02T13:54:31.488+0000] {processor.py:830} INFO - Processing file /home/airflow/.local/lib/python3.8/site-packages/airflow/example_dags/example_branch_operator.py for tasks to queue
[2024-02-02T13:54:31.490+0000] {logging_mixin.py:188} INFO - [2024-02-02T13:54:31.490+0000] {dagbag.py:538} INFO - Filling up the DagBag from /home/airflow/.local/lib/python3.8/site-packages/airflow/example_dags/example_branch_operator.py
[2024-02-02T13:54:31.514+0000] {processor.py:840} INFO - DAG(s) 'example_branch_operator' retrieved from /home/airflow/.local/lib/python3.8/site-packages/airflow/example_dags/example_branch_operator.py
[2024-02-02T13:54:31.552+0000] {logging_mixin.py:188} INFO - [2024-02-02T13:54:31.551+0000] {dag.py:3036} INFO - Sync 1 DAGs
[2024-02-02T13:54:31.585+0000] {logging_mixin.py:188} INFO - [2024-02-02T13:54:31.585+0000] {dag.py:3823} INFO - Setting next_dagrun for example_branch_operator to 2024-02-01 00:00:00+00:00, run_after=2024-02-02 00:00:00+00:00
[2024-02-02T13:54:31.615+0000] {processor.py:183} INFO - Processing /home/airflow/.local/lib/python3.8/site-packages/airflow/example_dags/example_branch_operator.py took 0.134 seconds
[2024-02-02T13:55:01.739+0000] {processor.py:161} INFO - Started process (PID=166) to work on /home/airflow/.local/lib/python3.8/site-packages/airflow/example_dags/example_branch_operator.py
[2024-02-02T13:55:01.740+0000] {processor.py:830} INFO - Processing file /home/airflow/.local/lib/python3.8/site-packages/airflow/example_dags/example_branch_operator.py for tasks to queue
[2024-02-02T13:55:01.743+0000] {logging_mixin.py:188} INFO - [2024-02-02T13:55:01.742+0000] {dagbag.py:538} INFO - Filling up the DagBag from /home/airflow/.local/lib/python3.8/site-packages/airflow/example_dags/example_branch_operator.py
[2024-02-02T13:55:01.761+0000] {processor.py:840} INFO - DAG(s) 'example_branch_operator' retrieved from /home/airflow/.local/lib/python3.8/site-packages/airflow/example_dags/example_branch_operator.py
[2024-02-02T13:55:01.795+0000] {logging_mixin.py:188} INFO - [2024-02-02T13:55:01.794+0000] {dag.py:3036} INFO - Sync 1 DAGs
[2024-02-02T13:55:01.828+0000] {logging_mixin.py:188} INFO - [2024-02-02T13:55:01.828+0000] {dag.py:3823} INFO - Setting next_dagrun for example_branch_operator to 2024-02-01 00:00:00+00:00, run_after=2024-02-02 00:00:00+00:00
[2024-02-02T13:55:01.854+0000] {processor.py:183} INFO - Processing /home/airflow/.local/lib/python3.8/site-packages/airflow/example_dags/example_branch_operator.py took 0.120 seconds
[2024-02-02T13:55:32.376+0000] {processor.py:161} INFO - Started process (PID=220) to work on /home/airflow/.local/lib/python3.8/site-packages/airflow/example_dags/example_branch_operator.py
[2024-02-02T13:55:32.378+0000] {processor.py:830} INFO - Processing file /home/airflow/.local/lib/python3.8/site-packages/airflow/example_dags/example_branch_operator.py for tasks to queue
[2024-02-02T13:55:32.381+0000] {logging_mixin.py:188} INFO - [2024-02-02T13:55:32.380+0000] {dagbag.py:538} INFO - Filling up the DagBag from /home/airflow/.local/lib/python3.8/site-packages/airflow/example_dags/example_branch_operator.py
[2024-02-02T13:55:32.401+0000] {processor.py:840} INFO - DAG(s) 'example_branch_operator' retrieved from /home/airflow/.local/lib/python3.8/site-packages/airflow/example_dags/example_branch_operator.py
[2024-02-02T13:55:32.433+0000] {logging_mixin.py:188} INFO - [2024-02-02T13:55:32.433+0000] {dag.py:3036} INFO - Sync 1 DAGs
[2024-02-02T13:55:32.458+0000] {logging_mixin.py:188} INFO - [2024-02-02T13:55:32.458+0000] {dag.py:3823} INFO - Setting next_dagrun for example_branch_operator to 2024-02-01 00:00:00+00:00, run_after=2024-02-02 00:00:00+00:00
[2024-02-02T13:55:32.482+0000] {processor.py:183} INFO - Processing /home/airflow/.local/lib/python3.8/site-packages/airflow/example_dags/example_branch_operator.py took 0.109 seconds
[2024-02-02T13:56:02.662+0000] {processor.py:161} INFO - Started process (PID=275) to work on /home/airflow/.local/lib/python3.8/site-packages/airflow/example_dags/example_branch_operator.py
[2024-02-02T13:56:02.663+0000] {processor.py:830} INFO - Processing file /home/airflow/.local/lib/python3.8/site-packages/airflow/example_dags/example_branch_operator.py for tasks to queue
[2024-02-02T13:56:02.666+0000] {logging_mixin.py:188} INFO - [2024-02-02T13:56:02.666+0000] {dagbag.py:538} INFO - Filling up the DagBag from /home/airflow/.local/lib/python3.8/site-packages/airflow/example_dags/example_branch_operator.py
[2024-02-02T13:56:02.688+0000] {processor.py:840} INFO - DAG(s) 'example_branch_operator' retrieved from /home/airflow/.local/lib/python3.8/site-packages/airflow/example_dags/example_branch_operator.py
[2024-02-02T13:56:02.716+0000] {logging_mixin.py:188} INFO - [2024-02-02T13:56:02.716+0000] {dag.py:3036} INFO - Sync 1 DAGs
[2024-02-02T13:56:02.738+0000] {logging_mixin.py:188} INFO - [2024-02-02T13:56:02.738+0000] {dag.py:3823} INFO - Setting next_dagrun for example_branch_operator to 2024-02-01 00:00:00+00:00, run_after=2024-02-02 00:00:00+00:00
[2024-02-02T13:56:02.772+0000] {processor.py:183} INFO - Processing /home/airflow/.local/lib/python3.8/site-packages/airflow/example_dags/example_branch_operator.py took 0.114 seconds
[2024-02-02T13:56:33.197+0000] {processor.py:161} INFO - Started process (PID=330) to work on /home/airflow/.local/lib/python3.8/site-packages/airflow/example_dags/example_branch_operator.py
[2024-02-02T13:56:33.198+0000] {processor.py:830} INFO - Processing file /home/airflow/.local/lib/python3.8/site-packages/airflow/example_dags/example_branch_operator.py for tasks to queue
[2024-02-02T13:56:33.201+0000] {logging_mixin.py:188} INFO - [2024-02-02T13:56:33.201+0000] {dagbag.py:538} INFO - Filling up the DagBag from /home/airflow/.local/lib/python3.8/site-packages/airflow/example_dags/example_branch_operator.py
[2024-02-02T13:56:33.225+0000] {processor.py:840} INFO - DAG(s) 'example_branch_operator' retrieved from /home/airflow/.local/lib/python3.8/site-packages/airflow/example_dags/example_branch_operator.py
[2024-02-02T13:56:33.259+0000] {logging_mixin.py:188} INFO - [2024-02-02T13:56:33.258+0000] {dag.py:3036} INFO - Sync 1 DAGs
[2024-02-02T13:56:33.296+0000] {logging_mixin.py:188} INFO - [2024-02-02T13:56:33.296+0000] {dag.py:3823} INFO - Setting next_dagrun for example_branch_operator to 2024-02-01 00:00:00+00:00, run_after=2024-02-02 00:00:00+00:00
[2024-02-02T13:56:33.327+0000] {processor.py:183} INFO - Processing /home/airflow/.local/lib/python3.8/site-packages/airflow/example_dags/example_branch_operator.py took 0.135 seconds
[2024-02-02T13:57:03.627+0000] {processor.py:161} INFO - Started process (PID=385) to work on /home/airflow/.local/lib/python3.8/site-packages/airflow/example_dags/example_branch_operator.py
[2024-02-02T13:57:03.628+0000] {processor.py:830} INFO - Processing file /home/airflow/.local/lib/python3.8/site-packages/airflow/example_dags/example_branch_operator.py for tasks to queue
[2024-02-02T13:57:03.631+0000] {logging_mixin.py:188} INFO - [2024-02-02T13:57:03.631+0000] {dagbag.py:538} INFO - Filling up the DagBag from /home/airflow/.local/lib/python3.8/site-packages/airflow/example_dags/example_branch_operator.py
[2024-02-02T13:57:03.652+0000] {processor.py:840} INFO - DAG(s) 'example_branch_operator' retrieved from /home/airflow/.local/lib/python3.8/site-packages/airflow/example_dags/example_branch_operator.py
[2024-02-02T13:57:03.684+0000] {logging_mixin.py:188} INFO - [2024-02-02T13:57:03.683+0000] {dag.py:3036} INFO - Sync 1 DAGs
[2024-02-02T13:57:03.708+0000] {logging_mixin.py:188} INFO - [2024-02-02T13:57:03.708+0000] {dag.py:3823} INFO - Setting next_dagrun for example_branch_operator to 2024-02-01 00:00:00+00:00, run_after=2024-02-02 00:00:00+00:00
[2024-02-02T13:57:03.731+0000] {processor.py:183} INFO - Processing /home/airflow/.local/lib/python3.8/site-packages/airflow/example_dags/example_branch_operator.py took 0.109 seconds
[2024-02-02T13:57:33.802+0000] {processor.py:161} INFO - Started process (PID=440) to work on /home/airflow/.local/lib/python3.8/site-packages/airflow/example_dags/example_branch_operator.py
[2024-02-02T13:57:33.803+0000] {processor.py:830} INFO - Processing file /home/airflow/.local/lib/python3.8/site-packages/airflow/example_dags/example_branch_operator.py for tasks to queue
[2024-02-02T13:57:33.806+0000] {logging_mixin.py:188} INFO - [2024-02-02T13:57:33.806+0000] {dagbag.py:538} INFO - Filling up the DagBag from /home/airflow/.local/lib/python3.8/site-packages/airflow/example_dags/example_branch_operator.py
[2024-02-02T13:57:33.824+0000] {processor.py:840} INFO - DAG(s) 'example_branch_operator' retrieved from /home/airflow/.local/lib/python3.8/site-packages/airflow/example_dags/example_branch_operator.py
[2024-02-02T13:57:33.854+0000] {logging_mixin.py:188} INFO - [2024-02-02T13:57:33.853+0000] {dag.py:3036} INFO - Sync 1 DAGs
[2024-02-02T13:57:33.879+0000] {logging_mixin.py:188} INFO - [2024-02-02T13:57:33.879+0000] {dag.py:3823} INFO - Setting next_dagrun for example_branch_operator to 2024-02-01 00:00:00+00:00, run_after=2024-02-02 00:00:00+00:00
[2024-02-02T13:57:33.903+0000] {processor.py:183} INFO - Processing /home/airflow/.local/lib/python3.8/site-packages/airflow/example_dags/example_branch_operator.py took 0.105 seconds
[2024-02-02T13:58:04.498+0000] {processor.py:161} INFO - Started process (PID=495) to work on /home/airflow/.local/lib/python3.8/site-packages/airflow/example_dags/example_branch_operator.py
[2024-02-02T13:58:04.500+0000] {processor.py:830} INFO - Processing file /home/airflow/.local/lib/python3.8/site-packages/airflow/example_dags/example_branch_operator.py for tasks to queue
[2024-02-02T13:58:04.503+0000] {logging_mixin.py:188} INFO - [2024-02-02T13:58:04.503+0000] {dagbag.py:538} INFO - Filling up the DagBag from /home/airflow/.local/lib/python3.8/site-packages/airflow/example_dags/example_branch_operator.py
[2024-02-02T13:58:04.528+0000] {processor.py:840} INFO - DAG(s) 'example_branch_operator' retrieved from /home/airflow/.local/lib/python3.8/site-packages/airflow/example_dags/example_branch_operator.py
[2024-02-02T13:58:04.560+0000] {logging_mixin.py:188} INFO - [2024-02-02T13:58:04.560+0000] {dag.py:3036} INFO - Sync 1 DAGs
[2024-02-02T13:58:04.583+0000] {logging_mixin.py:188} INFO - [2024-02-02T13:58:04.583+0000] {dag.py:3823} INFO - Setting next_dagrun for example_branch_operator to 2024-02-01 00:00:00+00:00, run_after=2024-02-02 00:00:00+00:00
[2024-02-02T13:58:04.605+0000] {processor.py:183} INFO - Processing /home/airflow/.local/lib/python3.8/site-packages/airflow/example_dags/example_branch_operator.py took 0.112 seconds
[2024-02-02T13:58:34.787+0000] {processor.py:161} INFO - Started process (PID=550) to work on /home/airflow/.local/lib/python3.8/site-packages/airflow/example_dags/example_branch_operator.py
[2024-02-02T13:58:34.789+0000] {processor.py:830} INFO - Processing file /home/airflow/.local/lib/python3.8/site-packages/airflow/example_dags/example_branch_operator.py for tasks to queue
[2024-02-02T13:58:34.791+0000] {logging_mixin.py:188} INFO - [2024-02-02T13:58:34.791+0000] {dagbag.py:538} INFO - Filling up the DagBag from /home/airflow/.local/lib/python3.8/site-packages/airflow/example_dags/example_branch_operator.py
[2024-02-02T13:58:34.813+0000] {processor.py:840} INFO - DAG(s) 'example_branch_operator' retrieved from /home/airflow/.local/lib/python3.8/site-packages/airflow/example_dags/example_branch_operator.py
[2024-02-02T13:58:34.843+0000] {logging_mixin.py:188} INFO - [2024-02-02T13:58:34.842+0000] {dag.py:3036} INFO - Sync 1 DAGs
[2024-02-02T13:58:34.866+0000] {logging_mixin.py:188} INFO - [2024-02-02T13:58:34.866+0000] {dag.py:3823} INFO - Setting next_dagrun for example_branch_operator to 2024-02-01 00:00:00+00:00, run_after=2024-02-02 00:00:00+00:00
[2024-02-02T13:58:34.891+0000] {processor.py:183} INFO - Processing /home/airflow/.local/lib/python3.8/site-packages/airflow/example_dags/example_branch_operator.py took 0.109 seconds
[2024-02-02T13:59:05.748+0000] {processor.py:161} INFO - Started process (PID=605) to work on /home/airflow/.local/lib/python3.8/site-packages/airflow/example_dags/example_branch_operator.py
[2024-02-02T13:59:05.750+0000] {processor.py:830} INFO - Processing file /home/airflow/.local/lib/python3.8/site-packages/airflow/example_dags/example_branch_operator.py for tasks to queue
[2024-02-02T13:59:05.753+0000] {logging_mixin.py:188} INFO - [2024-02-02T13:59:05.752+0000] {dagbag.py:538} INFO - Filling up the DagBag from /home/airflow/.local/lib/python3.8/site-packages/airflow/example_dags/example_branch_operator.py
[2024-02-02T13:59:05.773+0000] {processor.py:840} INFO - DAG(s) 'example_branch_operator' retrieved from /home/airflow/.local/lib/python3.8/site-packages/airflow/example_dags/example_branch_operator.py
[2024-02-02T13:59:05.803+0000] {logging_mixin.py:188} INFO - [2024-02-02T13:59:05.802+0000] {dag.py:3036} INFO - Sync 1 DAGs
[2024-02-02T13:59:05.826+0000] {logging_mixin.py:188} INFO - [2024-02-02T13:59:05.826+0000] {dag.py:3823} INFO - Setting next_dagrun for example_branch_operator to 2024-02-01 00:00:00+00:00, run_after=2024-02-02 00:00:00+00:00
[2024-02-02T13:59:05.849+0000] {processor.py:183} INFO - Processing /home/airflow/.local/lib/python3.8/site-packages/airflow/example_dags/example_branch_operator.py took 0.105 seconds
[2024-02-02T13:59:36.294+0000] {processor.py:161} INFO - Started process (PID=660) to work on /home/airflow/.local/lib/python3.8/site-packages/airflow/example_dags/example_branch_operator.py
[2024-02-02T13:59:36.296+0000] {processor.py:830} INFO - Processing file /home/airflow/.local/lib/python3.8/site-packages/airflow/example_dags/example_branch_operator.py for tasks to queue
[2024-02-02T13:59:36.300+0000] {logging_mixin.py:188} INFO - [2024-02-02T13:59:36.299+0000] {dagbag.py:538} INFO - Filling up the DagBag from /home/airflow/.local/lib/python3.8/site-packages/airflow/example_dags/example_branch_operator.py
[2024-02-02T13:59:36.323+0000] {processor.py:840} INFO - DAG(s) 'example_branch_operator' retrieved from /home/airflow/.local/lib/python3.8/site-packages/airflow/example_dags/example_branch_operator.py
[2024-02-02T13:59:36.353+0000] {logging_mixin.py:188} INFO - [2024-02-02T13:59:36.352+0000] {dag.py:3036} INFO - Sync 1 DAGs
[2024-02-02T13:59:36.382+0000] {logging_mixin.py:188} INFO - [2024-02-02T13:59:36.381+0000] {dag.py:3823} INFO - Setting next_dagrun for example_branch_operator to 2024-02-01 00:00:00+00:00, run_after=2024-02-02 00:00:00+00:00
[2024-02-02T13:59:36.408+0000] {processor.py:183} INFO - Processing /home/airflow/.local/lib/python3.8/site-packages/airflow/example_dags/example_branch_operator.py took 0.120 seconds
[2024-02-02T14:00:06.860+0000] {processor.py:161} INFO - Started process (PID=715) to work on /home/airflow/.local/lib/python3.8/site-packages/airflow/example_dags/example_branch_operator.py
[2024-02-02T14:00:06.862+0000] {processor.py:830} INFO - Processing file /home/airflow/.local/lib/python3.8/site-packages/airflow/example_dags/example_branch_operator.py for tasks to queue
[2024-02-02T14:00:06.864+0000] {logging_mixin.py:188} INFO - [2024-02-02T14:00:06.864+0000] {dagbag.py:538} INFO - Filling up the DagBag from /home/airflow/.local/lib/python3.8/site-packages/airflow/example_dags/example_branch_operator.py
[2024-02-02T14:00:06.881+0000] {processor.py:840} INFO - DAG(s) 'example_branch_operator' retrieved from /home/airflow/.local/lib/python3.8/site-packages/airflow/example_dags/example_branch_operator.py
[2024-02-02T14:00:06.909+0000] {logging_mixin.py:188} INFO - [2024-02-02T14:00:06.908+0000] {dag.py:3036} INFO - Sync 1 DAGs
[2024-02-02T14:00:06.931+0000] {logging_mixin.py:188} INFO - [2024-02-02T14:00:06.931+0000] {dag.py:3823} INFO - Setting next_dagrun for example_branch_operator to 2024-02-01 00:00:00+00:00, run_after=2024-02-02 00:00:00+00:00
[2024-02-02T14:00:06.956+0000] {processor.py:183} INFO - Processing /home/airflow/.local/lib/python3.8/site-packages/airflow/example_dags/example_branch_operator.py took 0.099 seconds
[2024-02-02T14:00:37.058+0000] {processor.py:161} INFO - Started process (PID=770) to work on /home/airflow/.local/lib/python3.8/site-packages/airflow/example_dags/example_branch_operator.py
[2024-02-02T14:00:37.060+0000] {processor.py:830} INFO - Processing file /home/airflow/.local/lib/python3.8/site-packages/airflow/example_dags/example_branch_operator.py for tasks to queue
[2024-02-02T14:00:37.063+0000] {logging_mixin.py:188} INFO - [2024-02-02T14:00:37.062+0000] {dagbag.py:538} INFO - Filling up the DagBag from /home/airflow/.local/lib/python3.8/site-packages/airflow/example_dags/example_branch_operator.py
[2024-02-02T14:00:37.084+0000] {processor.py:840} INFO - DAG(s) 'example_branch_operator' retrieved from /home/airflow/.local/lib/python3.8/site-packages/airflow/example_dags/example_branch_operator.py
[2024-02-02T14:00:37.121+0000] {logging_mixin.py:188} INFO - [2024-02-02T14:00:37.120+0000] {dag.py:3036} INFO - Sync 1 DAGs
[2024-02-02T14:00:37.147+0000] {logging_mixin.py:188} INFO - [2024-02-02T14:00:37.147+0000] {dag.py:3823} INFO - Setting next_dagrun for example_branch_operator to 2024-02-01 00:00:00+00:00, run_after=2024-02-02 00:00:00+00:00
[2024-02-02T14:00:37.172+0000] {processor.py:183} INFO - Processing /home/airflow/.local/lib/python3.8/site-packages/airflow/example_dags/example_branch_operator.py took 0.118 seconds
[2024-02-02T14:01:07.574+0000] {processor.py:161} INFO - Started process (PID=825) to work on /home/airflow/.local/lib/python3.8/site-packages/airflow/example_dags/example_branch_operator.py
[2024-02-02T14:01:07.575+0000] {processor.py:830} INFO - Processing file /home/airflow/.local/lib/python3.8/site-packages/airflow/example_dags/example_branch_operator.py for tasks to queue
[2024-02-02T14:01:07.578+0000] {logging_mixin.py:188} INFO - [2024-02-02T14:01:07.578+0000] {dagbag.py:538} INFO - Filling up the DagBag from /home/airflow/.local/lib/python3.8/site-packages/airflow/example_dags/example_branch_operator.py
[2024-02-02T14:01:07.595+0000] {processor.py:840} INFO - DAG(s) 'example_branch_operator' retrieved from /home/airflow/.local/lib/python3.8/site-packages/airflow/example_dags/example_branch_operator.py
[2024-02-02T14:01:07.628+0000] {logging_mixin.py:188} INFO - [2024-02-02T14:01:07.628+0000] {dag.py:3036} INFO - Sync 1 DAGs
[2024-02-02T14:01:07.656+0000] {logging_mixin.py:188} INFO - [2024-02-02T14:01:07.656+0000] {dag.py:3823} INFO - Setting next_dagrun for example_branch_operator to 2024-02-01 00:00:00+00:00, run_after=2024-02-02 00:00:00+00:00
[2024-02-02T14:01:07.681+0000] {processor.py:183} INFO - Processing /home/airflow/.local/lib/python3.8/site-packages/airflow/example_dags/example_branch_operator.py took 0.110 seconds
