[2024-02-02T13:54:04.551+0000] {processor.py:161} INFO - Started process (PID=66) to work on /home/airflow/.local/lib/python3.8/site-packages/airflow/example_dags/example_sensor_decorator.py
[2024-02-02T13:54:04.556+0000] {processor.py:830} INFO - Processing file /home/airflow/.local/lib/python3.8/site-packages/airflow/example_dags/example_sensor_decorator.py for tasks to queue
[2024-02-02T13:54:04.563+0000] {logging_mixin.py:188} INFO - [2024-02-02T13:54:04.563+0000] {dagbag.py:538} INFO - Filling up the DagBag from /home/airflow/.local/lib/python3.8/site-packages/airflow/example_dags/example_sensor_decorator.py
[2024-02-02T13:54:04.575+0000] {processor.py:840} INFO - DAG(s) 'example_sensor_decorator' retrieved from /home/airflow/.local/lib/python3.8/site-packages/airflow/example_dags/example_sensor_decorator.py
[2024-02-02T13:54:04.835+0000] {logging_mixin.py:188} INFO - [2024-02-02T13:54:04.834+0000] {override.py:1769} INFO - Created Permission View: can delete on DAG:example_sensor_decorator
[2024-02-02T13:54:04.872+0000] {logging_mixin.py:188} INFO - [2024-02-02T13:54:04.871+0000] {override.py:1769} INFO - Created Permission View: can read on DAG:example_sensor_decorator
[2024-02-02T13:54:04.908+0000] {logging_mixin.py:188} INFO - [2024-02-02T13:54:04.907+0000] {override.py:1769} INFO - Created Permission View: can edit on DAG:example_sensor_decorator
[2024-02-02T13:54:04.909+0000] {logging_mixin.py:188} INFO - [2024-02-02T13:54:04.909+0000] {dag.py:3036} INFO - Sync 1 DAGs
[2024-02-02T13:54:04.926+0000] {logging_mixin.py:188} INFO - [2024-02-02T13:54:04.925+0000] {dag.py:3058} INFO - Creating ORM DAG for example_sensor_decorator
[2024-02-02T13:54:04.937+0000] {logging_mixin.py:188} INFO - [2024-02-02T13:54:04.933+0000] {dag.py:3823} INFO - Setting next_dagrun for example_sensor_decorator to None, run_after=None
[2024-02-02T13:54:04.997+0000] {processor.py:183} INFO - Processing /home/airflow/.local/lib/python3.8/site-packages/airflow/example_dags/example_sensor_decorator.py took 0.451 seconds
[2024-02-02T13:54:35.841+0000] {processor.py:161} INFO - Started process (PID=124) to work on /home/airflow/.local/lib/python3.8/site-packages/airflow/example_dags/example_sensor_decorator.py
[2024-02-02T13:54:35.842+0000] {processor.py:830} INFO - Processing file /home/airflow/.local/lib/python3.8/site-packages/airflow/example_dags/example_sensor_decorator.py for tasks to queue
[2024-02-02T13:54:35.845+0000] {logging_mixin.py:188} INFO - [2024-02-02T13:54:35.844+0000] {dagbag.py:538} INFO - Filling up the DagBag from /home/airflow/.local/lib/python3.8/site-packages/airflow/example_dags/example_sensor_decorator.py
[2024-02-02T13:54:35.851+0000] {processor.py:840} INFO - DAG(s) 'example_sensor_decorator' retrieved from /home/airflow/.local/lib/python3.8/site-packages/airflow/example_dags/example_sensor_decorator.py
[2024-02-02T13:54:35.875+0000] {logging_mixin.py:188} INFO - [2024-02-02T13:54:35.874+0000] {dag.py:3036} INFO - Sync 1 DAGs
[2024-02-02T13:54:35.889+0000] {logging_mixin.py:188} INFO - [2024-02-02T13:54:35.889+0000] {dag.py:3823} INFO - Setting next_dagrun for example_sensor_decorator to None, run_after=None
[2024-02-02T13:54:35.912+0000] {processor.py:183} INFO - Processing /home/airflow/.local/lib/python3.8/site-packages/airflow/example_dags/example_sensor_decorator.py took 0.075 seconds
[2024-02-02T13:55:06.740+0000] {processor.py:161} INFO - Started process (PID=179) to work on /home/airflow/.local/lib/python3.8/site-packages/airflow/example_dags/example_sensor_decorator.py
[2024-02-02T13:55:06.742+0000] {processor.py:830} INFO - Processing file /home/airflow/.local/lib/python3.8/site-packages/airflow/example_dags/example_sensor_decorator.py for tasks to queue
[2024-02-02T13:55:06.745+0000] {logging_mixin.py:188} INFO - [2024-02-02T13:55:06.744+0000] {dagbag.py:538} INFO - Filling up the DagBag from /home/airflow/.local/lib/python3.8/site-packages/airflow/example_dags/example_sensor_decorator.py
[2024-02-02T13:55:06.752+0000] {processor.py:840} INFO - DAG(s) 'example_sensor_decorator' retrieved from /home/airflow/.local/lib/python3.8/site-packages/airflow/example_dags/example_sensor_decorator.py
[2024-02-02T13:55:06.778+0000] {logging_mixin.py:188} INFO - [2024-02-02T13:55:06.778+0000] {dag.py:3036} INFO - Sync 1 DAGs
[2024-02-02T13:55:06.792+0000] {logging_mixin.py:188} INFO - [2024-02-02T13:55:06.792+0000] {dag.py:3823} INFO - Setting next_dagrun for example_sensor_decorator to None, run_after=None
[2024-02-02T13:55:06.820+0000] {processor.py:183} INFO - Processing /home/airflow/.local/lib/python3.8/site-packages/airflow/example_dags/example_sensor_decorator.py took 0.085 seconds
[2024-02-02T13:55:37.276+0000] {processor.py:161} INFO - Started process (PID=234) to work on /home/airflow/.local/lib/python3.8/site-packages/airflow/example_dags/example_sensor_decorator.py
[2024-02-02T13:55:37.278+0000] {processor.py:830} INFO - Processing file /home/airflow/.local/lib/python3.8/site-packages/airflow/example_dags/example_sensor_decorator.py for tasks to queue
[2024-02-02T13:55:37.280+0000] {logging_mixin.py:188} INFO - [2024-02-02T13:55:37.280+0000] {dagbag.py:538} INFO - Filling up the DagBag from /home/airflow/.local/lib/python3.8/site-packages/airflow/example_dags/example_sensor_decorator.py
[2024-02-02T13:55:37.287+0000] {processor.py:840} INFO - DAG(s) 'example_sensor_decorator' retrieved from /home/airflow/.local/lib/python3.8/site-packages/airflow/example_dags/example_sensor_decorator.py
[2024-02-02T13:55:37.310+0000] {logging_mixin.py:188} INFO - [2024-02-02T13:55:37.310+0000] {dag.py:3036} INFO - Sync 1 DAGs
[2024-02-02T13:55:37.323+0000] {logging_mixin.py:188} INFO - [2024-02-02T13:55:37.322+0000] {dag.py:3823} INFO - Setting next_dagrun for example_sensor_decorator to None, run_after=None
[2024-02-02T13:55:37.346+0000] {processor.py:183} INFO - Processing /home/airflow/.local/lib/python3.8/site-packages/airflow/example_dags/example_sensor_decorator.py took 0.073 seconds
[2024-02-02T13:56:07.643+0000] {processor.py:161} INFO - Started process (PID=289) to work on /home/airflow/.local/lib/python3.8/site-packages/airflow/example_dags/example_sensor_decorator.py
[2024-02-02T13:56:07.645+0000] {processor.py:830} INFO - Processing file /home/airflow/.local/lib/python3.8/site-packages/airflow/example_dags/example_sensor_decorator.py for tasks to queue
[2024-02-02T13:56:07.648+0000] {logging_mixin.py:188} INFO - [2024-02-02T13:56:07.648+0000] {dagbag.py:538} INFO - Filling up the DagBag from /home/airflow/.local/lib/python3.8/site-packages/airflow/example_dags/example_sensor_decorator.py
[2024-02-02T13:56:07.659+0000] {processor.py:840} INFO - DAG(s) 'example_sensor_decorator' retrieved from /home/airflow/.local/lib/python3.8/site-packages/airflow/example_dags/example_sensor_decorator.py
[2024-02-02T13:56:07.682+0000] {logging_mixin.py:188} INFO - [2024-02-02T13:56:07.681+0000] {dag.py:3036} INFO - Sync 1 DAGs
[2024-02-02T13:56:07.696+0000] {logging_mixin.py:188} INFO - [2024-02-02T13:56:07.696+0000] {dag.py:3823} INFO - Setting next_dagrun for example_sensor_decorator to None, run_after=None
[2024-02-02T13:56:07.718+0000] {processor.py:183} INFO - Processing /home/airflow/.local/lib/python3.8/site-packages/airflow/example_dags/example_sensor_decorator.py took 0.080 seconds
[2024-02-02T13:56:38.092+0000] {processor.py:161} INFO - Started process (PID=344) to work on /home/airflow/.local/lib/python3.8/site-packages/airflow/example_dags/example_sensor_decorator.py
[2024-02-02T13:56:38.094+0000] {processor.py:830} INFO - Processing file /home/airflow/.local/lib/python3.8/site-packages/airflow/example_dags/example_sensor_decorator.py for tasks to queue
[2024-02-02T13:56:38.097+0000] {logging_mixin.py:188} INFO - [2024-02-02T13:56:38.096+0000] {dagbag.py:538} INFO - Filling up the DagBag from /home/airflow/.local/lib/python3.8/site-packages/airflow/example_dags/example_sensor_decorator.py
[2024-02-02T13:56:38.105+0000] {processor.py:840} INFO - DAG(s) 'example_sensor_decorator' retrieved from /home/airflow/.local/lib/python3.8/site-packages/airflow/example_dags/example_sensor_decorator.py
[2024-02-02T13:56:38.127+0000] {logging_mixin.py:188} INFO - [2024-02-02T13:56:38.126+0000] {dag.py:3036} INFO - Sync 1 DAGs
[2024-02-02T13:56:38.141+0000] {logging_mixin.py:188} INFO - [2024-02-02T13:56:38.141+0000] {dag.py:3823} INFO - Setting next_dagrun for example_sensor_decorator to None, run_after=None
[2024-02-02T13:56:38.163+0000] {processor.py:183} INFO - Processing /home/airflow/.local/lib/python3.8/site-packages/airflow/example_dags/example_sensor_decorator.py took 0.074 seconds
[2024-02-02T13:57:08.501+0000] {processor.py:161} INFO - Started process (PID=399) to work on /home/airflow/.local/lib/python3.8/site-packages/airflow/example_dags/example_sensor_decorator.py
[2024-02-02T13:57:08.502+0000] {processor.py:830} INFO - Processing file /home/airflow/.local/lib/python3.8/site-packages/airflow/example_dags/example_sensor_decorator.py for tasks to queue
[2024-02-02T13:57:08.505+0000] {logging_mixin.py:188} INFO - [2024-02-02T13:57:08.505+0000] {dagbag.py:538} INFO - Filling up the DagBag from /home/airflow/.local/lib/python3.8/site-packages/airflow/example_dags/example_sensor_decorator.py
[2024-02-02T13:57:08.517+0000] {processor.py:840} INFO - DAG(s) 'example_sensor_decorator' retrieved from /home/airflow/.local/lib/python3.8/site-packages/airflow/example_dags/example_sensor_decorator.py
[2024-02-02T13:57:08.547+0000] {logging_mixin.py:188} INFO - [2024-02-02T13:57:08.547+0000] {dag.py:3036} INFO - Sync 1 DAGs
[2024-02-02T13:57:08.561+0000] {logging_mixin.py:188} INFO - [2024-02-02T13:57:08.561+0000] {dag.py:3823} INFO - Setting next_dagrun for example_sensor_decorator to None, run_after=None
[2024-02-02T13:57:08.584+0000] {processor.py:183} INFO - Processing /home/airflow/.local/lib/python3.8/site-packages/airflow/example_dags/example_sensor_decorator.py took 0.086 seconds
[2024-02-02T13:57:38.704+0000] {processor.py:161} INFO - Started process (PID=454) to work on /home/airflow/.local/lib/python3.8/site-packages/airflow/example_dags/example_sensor_decorator.py
[2024-02-02T13:57:38.705+0000] {processor.py:830} INFO - Processing file /home/airflow/.local/lib/python3.8/site-packages/airflow/example_dags/example_sensor_decorator.py for tasks to queue
[2024-02-02T13:57:38.708+0000] {logging_mixin.py:188} INFO - [2024-02-02T13:57:38.708+0000] {dagbag.py:538} INFO - Filling up the DagBag from /home/airflow/.local/lib/python3.8/site-packages/airflow/example_dags/example_sensor_decorator.py
[2024-02-02T13:57:38.714+0000] {processor.py:840} INFO - DAG(s) 'example_sensor_decorator' retrieved from /home/airflow/.local/lib/python3.8/site-packages/airflow/example_dags/example_sensor_decorator.py
[2024-02-02T13:57:38.738+0000] {logging_mixin.py:188} INFO - [2024-02-02T13:57:38.737+0000] {dag.py:3036} INFO - Sync 1 DAGs
[2024-02-02T13:57:38.750+0000] {logging_mixin.py:188} INFO - [2024-02-02T13:57:38.750+0000] {dag.py:3823} INFO - Setting next_dagrun for example_sensor_decorator to None, run_after=None
[2024-02-02T13:57:38.772+0000] {processor.py:183} INFO - Processing /home/airflow/.local/lib/python3.8/site-packages/airflow/example_dags/example_sensor_decorator.py took 0.072 seconds
[2024-02-02T13:58:09.408+0000] {processor.py:161} INFO - Started process (PID=509) to work on /home/airflow/.local/lib/python3.8/site-packages/airflow/example_dags/example_sensor_decorator.py
[2024-02-02T13:58:09.409+0000] {processor.py:830} INFO - Processing file /home/airflow/.local/lib/python3.8/site-packages/airflow/example_dags/example_sensor_decorator.py for tasks to queue
[2024-02-02T13:58:09.411+0000] {logging_mixin.py:188} INFO - [2024-02-02T13:58:09.411+0000] {dagbag.py:538} INFO - Filling up the DagBag from /home/airflow/.local/lib/python3.8/site-packages/airflow/example_dags/example_sensor_decorator.py
[2024-02-02T13:58:09.418+0000] {processor.py:840} INFO - DAG(s) 'example_sensor_decorator' retrieved from /home/airflow/.local/lib/python3.8/site-packages/airflow/example_dags/example_sensor_decorator.py
[2024-02-02T13:58:09.440+0000] {logging_mixin.py:188} INFO - [2024-02-02T13:58:09.440+0000] {dag.py:3036} INFO - Sync 1 DAGs
[2024-02-02T13:58:09.452+0000] {logging_mixin.py:188} INFO - [2024-02-02T13:58:09.452+0000] {dag.py:3823} INFO - Setting next_dagrun for example_sensor_decorator to None, run_after=None
[2024-02-02T13:58:09.475+0000] {processor.py:183} INFO - Processing /home/airflow/.local/lib/python3.8/site-packages/airflow/example_dags/example_sensor_decorator.py took 0.071 seconds
[2024-02-02T13:58:39.831+0000] {processor.py:161} INFO - Started process (PID=564) to work on /home/airflow/.local/lib/python3.8/site-packages/airflow/example_dags/example_sensor_decorator.py
[2024-02-02T13:58:39.833+0000] {processor.py:830} INFO - Processing file /home/airflow/.local/lib/python3.8/site-packages/airflow/example_dags/example_sensor_decorator.py for tasks to queue
[2024-02-02T13:58:39.836+0000] {logging_mixin.py:188} INFO - [2024-02-02T13:58:39.836+0000] {dagbag.py:538} INFO - Filling up the DagBag from /home/airflow/.local/lib/python3.8/site-packages/airflow/example_dags/example_sensor_decorator.py
[2024-02-02T13:58:39.845+0000] {processor.py:840} INFO - DAG(s) 'example_sensor_decorator' retrieved from /home/airflow/.local/lib/python3.8/site-packages/airflow/example_dags/example_sensor_decorator.py
[2024-02-02T13:58:39.868+0000] {logging_mixin.py:188} INFO - [2024-02-02T13:58:39.867+0000] {dag.py:3036} INFO - Sync 1 DAGs
[2024-02-02T13:58:39.881+0000] {logging_mixin.py:188} INFO - [2024-02-02T13:58:39.881+0000] {dag.py:3823} INFO - Setting next_dagrun for example_sensor_decorator to None, run_after=None
[2024-02-02T13:58:39.904+0000] {processor.py:183} INFO - Processing /home/airflow/.local/lib/python3.8/site-packages/airflow/example_dags/example_sensor_decorator.py took 0.077 seconds
[2024-02-02T13:59:10.703+0000] {processor.py:161} INFO - Started process (PID=619) to work on /home/airflow/.local/lib/python3.8/site-packages/airflow/example_dags/example_sensor_decorator.py
[2024-02-02T13:59:10.705+0000] {processor.py:830} INFO - Processing file /home/airflow/.local/lib/python3.8/site-packages/airflow/example_dags/example_sensor_decorator.py for tasks to queue
[2024-02-02T13:59:10.708+0000] {logging_mixin.py:188} INFO - [2024-02-02T13:59:10.707+0000] {dagbag.py:538} INFO - Filling up the DagBag from /home/airflow/.local/lib/python3.8/site-packages/airflow/example_dags/example_sensor_decorator.py
[2024-02-02T13:59:10.717+0000] {processor.py:840} INFO - DAG(s) 'example_sensor_decorator' retrieved from /home/airflow/.local/lib/python3.8/site-packages/airflow/example_dags/example_sensor_decorator.py
[2024-02-02T13:59:10.740+0000] {logging_mixin.py:188} INFO - [2024-02-02T13:59:10.740+0000] {dag.py:3036} INFO - Sync 1 DAGs
[2024-02-02T13:59:10.754+0000] {logging_mixin.py:188} INFO - [2024-02-02T13:59:10.754+0000] {dag.py:3823} INFO - Setting next_dagrun for example_sensor_decorator to None, run_after=None
[2024-02-02T13:59:10.783+0000] {processor.py:183} INFO - Processing /home/airflow/.local/lib/python3.8/site-packages/airflow/example_dags/example_sensor_decorator.py took 0.085 seconds
[2024-02-02T13:59:41.225+0000] {processor.py:161} INFO - Started process (PID=674) to work on /home/airflow/.local/lib/python3.8/site-packages/airflow/example_dags/example_sensor_decorator.py
[2024-02-02T13:59:41.227+0000] {processor.py:830} INFO - Processing file /home/airflow/.local/lib/python3.8/site-packages/airflow/example_dags/example_sensor_decorator.py for tasks to queue
[2024-02-02T13:59:41.229+0000] {logging_mixin.py:188} INFO - [2024-02-02T13:59:41.229+0000] {dagbag.py:538} INFO - Filling up the DagBag from /home/airflow/.local/lib/python3.8/site-packages/airflow/example_dags/example_sensor_decorator.py
[2024-02-02T13:59:41.239+0000] {processor.py:840} INFO - DAG(s) 'example_sensor_decorator' retrieved from /home/airflow/.local/lib/python3.8/site-packages/airflow/example_dags/example_sensor_decorator.py
[2024-02-02T13:59:41.267+0000] {logging_mixin.py:188} INFO - [2024-02-02T13:59:41.266+0000] {dag.py:3036} INFO - Sync 1 DAGs
[2024-02-02T13:59:41.282+0000] {logging_mixin.py:188} INFO - [2024-02-02T13:59:41.281+0000] {dag.py:3823} INFO - Setting next_dagrun for example_sensor_decorator to None, run_after=None
[2024-02-02T13:59:41.307+0000] {processor.py:183} INFO - Processing /home/airflow/.local/lib/python3.8/site-packages/airflow/example_dags/example_sensor_decorator.py took 0.086 seconds
[2024-02-02T14:00:11.682+0000] {processor.py:161} INFO - Started process (PID=729) to work on /home/airflow/.local/lib/python3.8/site-packages/airflow/example_dags/example_sensor_decorator.py
[2024-02-02T14:00:11.683+0000] {processor.py:830} INFO - Processing file /home/airflow/.local/lib/python3.8/site-packages/airflow/example_dags/example_sensor_decorator.py for tasks to queue
[2024-02-02T14:00:11.686+0000] {logging_mixin.py:188} INFO - [2024-02-02T14:00:11.686+0000] {dagbag.py:538} INFO - Filling up the DagBag from /home/airflow/.local/lib/python3.8/site-packages/airflow/example_dags/example_sensor_decorator.py
[2024-02-02T14:00:11.693+0000] {processor.py:840} INFO - DAG(s) 'example_sensor_decorator' retrieved from /home/airflow/.local/lib/python3.8/site-packages/airflow/example_dags/example_sensor_decorator.py
[2024-02-02T14:00:11.716+0000] {logging_mixin.py:188} INFO - [2024-02-02T14:00:11.715+0000] {dag.py:3036} INFO - Sync 1 DAGs
[2024-02-02T14:00:11.730+0000] {logging_mixin.py:188} INFO - [2024-02-02T14:00:11.730+0000] {dag.py:3823} INFO - Setting next_dagrun for example_sensor_decorator to None, run_after=None
[2024-02-02T14:00:11.758+0000] {processor.py:183} INFO - Processing /home/airflow/.local/lib/python3.8/site-packages/airflow/example_dags/example_sensor_decorator.py took 0.079 seconds
[2024-02-02T14:00:42.033+0000] {processor.py:161} INFO - Started process (PID=784) to work on /home/airflow/.local/lib/python3.8/site-packages/airflow/example_dags/example_sensor_decorator.py
[2024-02-02T14:00:42.034+0000] {processor.py:830} INFO - Processing file /home/airflow/.local/lib/python3.8/site-packages/airflow/example_dags/example_sensor_decorator.py for tasks to queue
[2024-02-02T14:00:42.037+0000] {logging_mixin.py:188} INFO - [2024-02-02T14:00:42.036+0000] {dagbag.py:538} INFO - Filling up the DagBag from /home/airflow/.local/lib/python3.8/site-packages/airflow/example_dags/example_sensor_decorator.py
[2024-02-02T14:00:42.044+0000] {processor.py:840} INFO - DAG(s) 'example_sensor_decorator' retrieved from /home/airflow/.local/lib/python3.8/site-packages/airflow/example_dags/example_sensor_decorator.py
[2024-02-02T14:00:42.068+0000] {logging_mixin.py:188} INFO - [2024-02-02T14:00:42.067+0000] {dag.py:3036} INFO - Sync 1 DAGs
[2024-02-02T14:00:42.083+0000] {logging_mixin.py:188} INFO - [2024-02-02T14:00:42.082+0000] {dag.py:3823} INFO - Setting next_dagrun for example_sensor_decorator to None, run_after=None
[2024-02-02T14:00:42.106+0000] {processor.py:183} INFO - Processing /home/airflow/.local/lib/python3.8/site-packages/airflow/example_dags/example_sensor_decorator.py took 0.077 seconds
[2024-02-02T14:01:12.503+0000] {processor.py:161} INFO - Started process (PID=839) to work on /home/airflow/.local/lib/python3.8/site-packages/airflow/example_dags/example_sensor_decorator.py
[2024-02-02T14:01:12.505+0000] {processor.py:830} INFO - Processing file /home/airflow/.local/lib/python3.8/site-packages/airflow/example_dags/example_sensor_decorator.py for tasks to queue
[2024-02-02T14:01:12.508+0000] {logging_mixin.py:188} INFO - [2024-02-02T14:01:12.507+0000] {dagbag.py:538} INFO - Filling up the DagBag from /home/airflow/.local/lib/python3.8/site-packages/airflow/example_dags/example_sensor_decorator.py
[2024-02-02T14:01:12.518+0000] {processor.py:840} INFO - DAG(s) 'example_sensor_decorator' retrieved from /home/airflow/.local/lib/python3.8/site-packages/airflow/example_dags/example_sensor_decorator.py
[2024-02-02T14:01:12.544+0000] {logging_mixin.py:188} INFO - [2024-02-02T14:01:12.544+0000] {dag.py:3036} INFO - Sync 1 DAGs
[2024-02-02T14:01:12.559+0000] {logging_mixin.py:188} INFO - [2024-02-02T14:01:12.559+0000] {dag.py:3823} INFO - Setting next_dagrun for example_sensor_decorator to None, run_after=None
[2024-02-02T14:01:12.585+0000] {processor.py:183} INFO - Processing /home/airflow/.local/lib/python3.8/site-packages/airflow/example_dags/example_sensor_decorator.py took 0.086 seconds
