[2024-02-02T13:54:07.749+0000] {processor.py:161} INFO - Started process (PID=77) to work on /home/airflow/.local/lib/python3.8/site-packages/airflow/example_dags/example_skip_dag.py
[2024-02-02T13:54:07.751+0000] {processor.py:830} INFO - Processing file /home/airflow/.local/lib/python3.8/site-packages/airflow/example_dags/example_skip_dag.py for tasks to queue
[2024-02-02T13:54:07.754+0000] {logging_mixin.py:188} INFO - [2024-02-02T13:54:07.753+0000] {dagbag.py:538} INFO - Filling up the DagBag from /home/airflow/.local/lib/python3.8/site-packages/airflow/example_dags/example_skip_dag.py
[2024-02-02T13:54:07.766+0000] {processor.py:840} INFO - DAG(s) 'example_skip_dag' retrieved from /home/airflow/.local/lib/python3.8/site-packages/airflow/example_dags/example_skip_dag.py
[2024-02-02T13:54:08.004+0000] {logging_mixin.py:188} INFO - [2024-02-02T13:54:08.003+0000] {override.py:1769} INFO - Created Permission View: can delete on DAG:example_skip_dag
[2024-02-02T13:54:08.051+0000] {logging_mixin.py:188} INFO - [2024-02-02T13:54:08.050+0000] {override.py:1769} INFO - Created Permission View: can read on DAG:example_skip_dag
[2024-02-02T13:54:08.069+0000] {logging_mixin.py:188} INFO - [2024-02-02T13:54:08.068+0000] {override.py:1769} INFO - Created Permission View: can edit on DAG:example_skip_dag
[2024-02-02T13:54:08.070+0000] {logging_mixin.py:188} INFO - [2024-02-02T13:54:08.070+0000] {dag.py:3036} INFO - Sync 1 DAGs
[2024-02-02T13:54:08.086+0000] {logging_mixin.py:188} INFO - [2024-02-02T13:54:08.086+0000] {dag.py:3058} INFO - Creating ORM DAG for example_skip_dag
[2024-02-02T13:54:08.099+0000] {logging_mixin.py:188} INFO - [2024-02-02T13:54:08.099+0000] {dag.py:3823} INFO - Setting next_dagrun for example_skip_dag to 2024-02-01 00:00:00+00:00, run_after=2024-02-02 00:00:00+00:00
[2024-02-02T13:54:08.119+0000] {processor.py:183} INFO - Processing /home/airflow/.local/lib/python3.8/site-packages/airflow/example_dags/example_skip_dag.py took 0.375 seconds
[2024-02-02T13:54:38.509+0000] {processor.py:161} INFO - Started process (PID=135) to work on /home/airflow/.local/lib/python3.8/site-packages/airflow/example_dags/example_skip_dag.py
[2024-02-02T13:54:38.510+0000] {processor.py:830} INFO - Processing file /home/airflow/.local/lib/python3.8/site-packages/airflow/example_dags/example_skip_dag.py for tasks to queue
[2024-02-02T13:54:38.513+0000] {logging_mixin.py:188} INFO - [2024-02-02T13:54:38.512+0000] {dagbag.py:538} INFO - Filling up the DagBag from /home/airflow/.local/lib/python3.8/site-packages/airflow/example_dags/example_skip_dag.py
[2024-02-02T13:54:38.520+0000] {processor.py:840} INFO - DAG(s) 'example_skip_dag' retrieved from /home/airflow/.local/lib/python3.8/site-packages/airflow/example_dags/example_skip_dag.py
[2024-02-02T13:54:38.547+0000] {logging_mixin.py:188} INFO - [2024-02-02T13:54:38.547+0000] {dag.py:3036} INFO - Sync 1 DAGs
[2024-02-02T13:54:38.569+0000] {logging_mixin.py:188} INFO - [2024-02-02T13:54:38.569+0000] {dag.py:3823} INFO - Setting next_dagrun for example_skip_dag to 2024-02-01 00:00:00+00:00, run_after=2024-02-02 00:00:00+00:00
[2024-02-02T13:54:38.594+0000] {processor.py:183} INFO - Processing /home/airflow/.local/lib/python3.8/site-packages/airflow/example_dags/example_skip_dag.py took 0.089 seconds
[2024-02-02T13:55:09.536+0000] {processor.py:161} INFO - Started process (PID=190) to work on /home/airflow/.local/lib/python3.8/site-packages/airflow/example_dags/example_skip_dag.py
[2024-02-02T13:55:09.538+0000] {processor.py:830} INFO - Processing file /home/airflow/.local/lib/python3.8/site-packages/airflow/example_dags/example_skip_dag.py for tasks to queue
[2024-02-02T13:55:09.541+0000] {logging_mixin.py:188} INFO - [2024-02-02T13:55:09.541+0000] {dagbag.py:538} INFO - Filling up the DagBag from /home/airflow/.local/lib/python3.8/site-packages/airflow/example_dags/example_skip_dag.py
[2024-02-02T13:55:09.551+0000] {processor.py:840} INFO - DAG(s) 'example_skip_dag' retrieved from /home/airflow/.local/lib/python3.8/site-packages/airflow/example_dags/example_skip_dag.py
[2024-02-02T13:55:09.583+0000] {logging_mixin.py:188} INFO - [2024-02-02T13:55:09.582+0000] {dag.py:3036} INFO - Sync 1 DAGs
[2024-02-02T13:55:09.614+0000] {logging_mixin.py:188} INFO - [2024-02-02T13:55:09.614+0000] {dag.py:3823} INFO - Setting next_dagrun for example_skip_dag to 2024-02-01 00:00:00+00:00, run_after=2024-02-02 00:00:00+00:00
[2024-02-02T13:55:09.641+0000] {processor.py:183} INFO - Processing /home/airflow/.local/lib/python3.8/site-packages/airflow/example_dags/example_skip_dag.py took 0.114 seconds
[2024-02-02T13:55:39.903+0000] {processor.py:161} INFO - Started process (PID=245) to work on /home/airflow/.local/lib/python3.8/site-packages/airflow/example_dags/example_skip_dag.py
[2024-02-02T13:55:39.905+0000] {processor.py:830} INFO - Processing file /home/airflow/.local/lib/python3.8/site-packages/airflow/example_dags/example_skip_dag.py for tasks to queue
[2024-02-02T13:55:39.907+0000] {logging_mixin.py:188} INFO - [2024-02-02T13:55:39.907+0000] {dagbag.py:538} INFO - Filling up the DagBag from /home/airflow/.local/lib/python3.8/site-packages/airflow/example_dags/example_skip_dag.py
[2024-02-02T13:55:39.917+0000] {processor.py:840} INFO - DAG(s) 'example_skip_dag' retrieved from /home/airflow/.local/lib/python3.8/site-packages/airflow/example_dags/example_skip_dag.py
[2024-02-02T13:55:39.945+0000] {logging_mixin.py:188} INFO - [2024-02-02T13:55:39.944+0000] {dag.py:3036} INFO - Sync 1 DAGs
[2024-02-02T13:55:39.975+0000] {logging_mixin.py:188} INFO - [2024-02-02T13:55:39.974+0000] {dag.py:3823} INFO - Setting next_dagrun for example_skip_dag to 2024-02-01 00:00:00+00:00, run_after=2024-02-02 00:00:00+00:00
[2024-02-02T13:55:40.001+0000] {processor.py:183} INFO - Processing /home/airflow/.local/lib/python3.8/site-packages/airflow/example_dags/example_skip_dag.py took 0.103 seconds
[2024-02-02T13:56:10.275+0000] {processor.py:161} INFO - Started process (PID=300) to work on /home/airflow/.local/lib/python3.8/site-packages/airflow/example_dags/example_skip_dag.py
[2024-02-02T13:56:10.277+0000] {processor.py:830} INFO - Processing file /home/airflow/.local/lib/python3.8/site-packages/airflow/example_dags/example_skip_dag.py for tasks to queue
[2024-02-02T13:56:10.279+0000] {logging_mixin.py:188} INFO - [2024-02-02T13:56:10.279+0000] {dagbag.py:538} INFO - Filling up the DagBag from /home/airflow/.local/lib/python3.8/site-packages/airflow/example_dags/example_skip_dag.py
[2024-02-02T13:56:10.290+0000] {processor.py:840} INFO - DAG(s) 'example_skip_dag' retrieved from /home/airflow/.local/lib/python3.8/site-packages/airflow/example_dags/example_skip_dag.py
[2024-02-02T13:56:10.315+0000] {logging_mixin.py:188} INFO - [2024-02-02T13:56:10.314+0000] {dag.py:3036} INFO - Sync 1 DAGs
[2024-02-02T13:56:10.338+0000] {logging_mixin.py:188} INFO - [2024-02-02T13:56:10.338+0000] {dag.py:3823} INFO - Setting next_dagrun for example_skip_dag to 2024-02-01 00:00:00+00:00, run_after=2024-02-02 00:00:00+00:00
[2024-02-02T13:56:10.358+0000] {processor.py:183} INFO - Processing /home/airflow/.local/lib/python3.8/site-packages/airflow/example_dags/example_skip_dag.py took 0.087 seconds
[2024-02-02T13:56:40.825+0000] {processor.py:161} INFO - Started process (PID=355) to work on /home/airflow/.local/lib/python3.8/site-packages/airflow/example_dags/example_skip_dag.py
[2024-02-02T13:56:40.827+0000] {processor.py:830} INFO - Processing file /home/airflow/.local/lib/python3.8/site-packages/airflow/example_dags/example_skip_dag.py for tasks to queue
[2024-02-02T13:56:40.829+0000] {logging_mixin.py:188} INFO - [2024-02-02T13:56:40.829+0000] {dagbag.py:538} INFO - Filling up the DagBag from /home/airflow/.local/lib/python3.8/site-packages/airflow/example_dags/example_skip_dag.py
[2024-02-02T13:56:40.838+0000] {processor.py:840} INFO - DAG(s) 'example_skip_dag' retrieved from /home/airflow/.local/lib/python3.8/site-packages/airflow/example_dags/example_skip_dag.py
[2024-02-02T13:56:40.862+0000] {logging_mixin.py:188} INFO - [2024-02-02T13:56:40.861+0000] {dag.py:3036} INFO - Sync 1 DAGs
[2024-02-02T13:56:40.886+0000] {logging_mixin.py:188} INFO - [2024-02-02T13:56:40.885+0000] {dag.py:3823} INFO - Setting next_dagrun for example_skip_dag to 2024-02-01 00:00:00+00:00, run_after=2024-02-02 00:00:00+00:00
[2024-02-02T13:56:40.910+0000] {processor.py:183} INFO - Processing /home/airflow/.local/lib/python3.8/site-packages/airflow/example_dags/example_skip_dag.py took 0.089 seconds
[2024-02-02T13:57:11.114+0000] {processor.py:161} INFO - Started process (PID=410) to work on /home/airflow/.local/lib/python3.8/site-packages/airflow/example_dags/example_skip_dag.py
[2024-02-02T13:57:11.116+0000] {processor.py:830} INFO - Processing file /home/airflow/.local/lib/python3.8/site-packages/airflow/example_dags/example_skip_dag.py for tasks to queue
[2024-02-02T13:57:11.119+0000] {logging_mixin.py:188} INFO - [2024-02-02T13:57:11.118+0000] {dagbag.py:538} INFO - Filling up the DagBag from /home/airflow/.local/lib/python3.8/site-packages/airflow/example_dags/example_skip_dag.py
[2024-02-02T13:57:11.125+0000] {processor.py:840} INFO - DAG(s) 'example_skip_dag' retrieved from /home/airflow/.local/lib/python3.8/site-packages/airflow/example_dags/example_skip_dag.py
[2024-02-02T13:57:11.149+0000] {logging_mixin.py:188} INFO - [2024-02-02T13:57:11.149+0000] {dag.py:3036} INFO - Sync 1 DAGs
[2024-02-02T13:57:11.171+0000] {logging_mixin.py:188} INFO - [2024-02-02T13:57:11.171+0000] {dag.py:3823} INFO - Setting next_dagrun for example_skip_dag to 2024-02-01 00:00:00+00:00, run_after=2024-02-02 00:00:00+00:00
[2024-02-02T13:57:11.196+0000] {processor.py:183} INFO - Processing /home/airflow/.local/lib/python3.8/site-packages/airflow/example_dags/example_skip_dag.py took 0.087 seconds
[2024-02-02T13:57:41.463+0000] {processor.py:161} INFO - Started process (PID=465) to work on /home/airflow/.local/lib/python3.8/site-packages/airflow/example_dags/example_skip_dag.py
[2024-02-02T13:57:41.465+0000] {processor.py:830} INFO - Processing file /home/airflow/.local/lib/python3.8/site-packages/airflow/example_dags/example_skip_dag.py for tasks to queue
[2024-02-02T13:57:41.468+0000] {logging_mixin.py:188} INFO - [2024-02-02T13:57:41.468+0000] {dagbag.py:538} INFO - Filling up the DagBag from /home/airflow/.local/lib/python3.8/site-packages/airflow/example_dags/example_skip_dag.py
[2024-02-02T13:57:41.476+0000] {processor.py:840} INFO - DAG(s) 'example_skip_dag' retrieved from /home/airflow/.local/lib/python3.8/site-packages/airflow/example_dags/example_skip_dag.py
[2024-02-02T13:57:41.502+0000] {logging_mixin.py:188} INFO - [2024-02-02T13:57:41.501+0000] {dag.py:3036} INFO - Sync 1 DAGs
[2024-02-02T13:57:41.524+0000] {logging_mixin.py:188} INFO - [2024-02-02T13:57:41.524+0000] {dag.py:3823} INFO - Setting next_dagrun for example_skip_dag to 2024-02-01 00:00:00+00:00, run_after=2024-02-02 00:00:00+00:00
[2024-02-02T13:57:41.548+0000] {processor.py:183} INFO - Processing /home/airflow/.local/lib/python3.8/site-packages/airflow/example_dags/example_skip_dag.py took 0.089 seconds
[2024-02-02T13:58:12.045+0000] {processor.py:161} INFO - Started process (PID=520) to work on /home/airflow/.local/lib/python3.8/site-packages/airflow/example_dags/example_skip_dag.py
[2024-02-02T13:58:12.047+0000] {processor.py:830} INFO - Processing file /home/airflow/.local/lib/python3.8/site-packages/airflow/example_dags/example_skip_dag.py for tasks to queue
[2024-02-02T13:58:12.049+0000] {logging_mixin.py:188} INFO - [2024-02-02T13:58:12.049+0000] {dagbag.py:538} INFO - Filling up the DagBag from /home/airflow/.local/lib/python3.8/site-packages/airflow/example_dags/example_skip_dag.py
[2024-02-02T13:58:12.057+0000] {processor.py:840} INFO - DAG(s) 'example_skip_dag' retrieved from /home/airflow/.local/lib/python3.8/site-packages/airflow/example_dags/example_skip_dag.py
[2024-02-02T13:58:12.086+0000] {logging_mixin.py:188} INFO - [2024-02-02T13:58:12.085+0000] {dag.py:3036} INFO - Sync 1 DAGs
[2024-02-02T13:58:12.110+0000] {logging_mixin.py:188} INFO - [2024-02-02T13:58:12.110+0000] {dag.py:3823} INFO - Setting next_dagrun for example_skip_dag to 2024-02-01 00:00:00+00:00, run_after=2024-02-02 00:00:00+00:00
[2024-02-02T13:58:12.136+0000] {processor.py:183} INFO - Processing /home/airflow/.local/lib/python3.8/site-packages/airflow/example_dags/example_skip_dag.py took 0.094 seconds
[2024-02-02T13:58:42.463+0000] {processor.py:161} INFO - Started process (PID=575) to work on /home/airflow/.local/lib/python3.8/site-packages/airflow/example_dags/example_skip_dag.py
[2024-02-02T13:58:42.465+0000] {processor.py:830} INFO - Processing file /home/airflow/.local/lib/python3.8/site-packages/airflow/example_dags/example_skip_dag.py for tasks to queue
[2024-02-02T13:58:42.467+0000] {logging_mixin.py:188} INFO - [2024-02-02T13:58:42.467+0000] {dagbag.py:538} INFO - Filling up the DagBag from /home/airflow/.local/lib/python3.8/site-packages/airflow/example_dags/example_skip_dag.py
[2024-02-02T13:58:42.474+0000] {processor.py:840} INFO - DAG(s) 'example_skip_dag' retrieved from /home/airflow/.local/lib/python3.8/site-packages/airflow/example_dags/example_skip_dag.py
[2024-02-02T13:58:42.500+0000] {logging_mixin.py:188} INFO - [2024-02-02T13:58:42.499+0000] {dag.py:3036} INFO - Sync 1 DAGs
[2024-02-02T13:58:42.521+0000] {logging_mixin.py:188} INFO - [2024-02-02T13:58:42.521+0000] {dag.py:3823} INFO - Setting next_dagrun for example_skip_dag to 2024-02-01 00:00:00+00:00, run_after=2024-02-02 00:00:00+00:00
[2024-02-02T13:58:42.542+0000] {processor.py:183} INFO - Processing /home/airflow/.local/lib/python3.8/site-packages/airflow/example_dags/example_skip_dag.py took 0.084 seconds
[2024-02-02T13:59:13.326+0000] {processor.py:161} INFO - Started process (PID=630) to work on /home/airflow/.local/lib/python3.8/site-packages/airflow/example_dags/example_skip_dag.py
[2024-02-02T13:59:13.328+0000] {processor.py:830} INFO - Processing file /home/airflow/.local/lib/python3.8/site-packages/airflow/example_dags/example_skip_dag.py for tasks to queue
[2024-02-02T13:59:13.331+0000] {logging_mixin.py:188} INFO - [2024-02-02T13:59:13.331+0000] {dagbag.py:538} INFO - Filling up the DagBag from /home/airflow/.local/lib/python3.8/site-packages/airflow/example_dags/example_skip_dag.py
[2024-02-02T13:59:13.340+0000] {processor.py:840} INFO - DAG(s) 'example_skip_dag' retrieved from /home/airflow/.local/lib/python3.8/site-packages/airflow/example_dags/example_skip_dag.py
[2024-02-02T13:59:13.378+0000] {logging_mixin.py:188} INFO - [2024-02-02T13:59:13.377+0000] {dag.py:3036} INFO - Sync 1 DAGs
[2024-02-02T13:59:13.409+0000] {logging_mixin.py:188} INFO - [2024-02-02T13:59:13.408+0000] {dag.py:3823} INFO - Setting next_dagrun for example_skip_dag to 2024-02-01 00:00:00+00:00, run_after=2024-02-02 00:00:00+00:00
[2024-02-02T13:59:13.434+0000] {processor.py:183} INFO - Processing /home/airflow/.local/lib/python3.8/site-packages/airflow/example_dags/example_skip_dag.py took 0.111 seconds
[2024-02-02T13:59:43.838+0000] {processor.py:161} INFO - Started process (PID=685) to work on /home/airflow/.local/lib/python3.8/site-packages/airflow/example_dags/example_skip_dag.py
[2024-02-02T13:59:43.840+0000] {processor.py:830} INFO - Processing file /home/airflow/.local/lib/python3.8/site-packages/airflow/example_dags/example_skip_dag.py for tasks to queue
[2024-02-02T13:59:43.842+0000] {logging_mixin.py:188} INFO - [2024-02-02T13:59:43.842+0000] {dagbag.py:538} INFO - Filling up the DagBag from /home/airflow/.local/lib/python3.8/site-packages/airflow/example_dags/example_skip_dag.py
[2024-02-02T13:59:43.849+0000] {processor.py:840} INFO - DAG(s) 'example_skip_dag' retrieved from /home/airflow/.local/lib/python3.8/site-packages/airflow/example_dags/example_skip_dag.py
[2024-02-02T13:59:43.878+0000] {logging_mixin.py:188} INFO - [2024-02-02T13:59:43.877+0000] {dag.py:3036} INFO - Sync 1 DAGs
[2024-02-02T13:59:43.901+0000] {logging_mixin.py:188} INFO - [2024-02-02T13:59:43.901+0000] {dag.py:3823} INFO - Setting next_dagrun for example_skip_dag to 2024-02-01 00:00:00+00:00, run_after=2024-02-02 00:00:00+00:00
[2024-02-02T13:59:43.925+0000] {processor.py:183} INFO - Processing /home/airflow/.local/lib/python3.8/site-packages/airflow/example_dags/example_skip_dag.py took 0.091 seconds
[2024-02-02T14:00:14.272+0000] {processor.py:161} INFO - Started process (PID=740) to work on /home/airflow/.local/lib/python3.8/site-packages/airflow/example_dags/example_skip_dag.py
[2024-02-02T14:00:14.273+0000] {processor.py:830} INFO - Processing file /home/airflow/.local/lib/python3.8/site-packages/airflow/example_dags/example_skip_dag.py for tasks to queue
[2024-02-02T14:00:14.276+0000] {logging_mixin.py:188} INFO - [2024-02-02T14:00:14.276+0000] {dagbag.py:538} INFO - Filling up the DagBag from /home/airflow/.local/lib/python3.8/site-packages/airflow/example_dags/example_skip_dag.py
[2024-02-02T14:00:14.284+0000] {processor.py:840} INFO - DAG(s) 'example_skip_dag' retrieved from /home/airflow/.local/lib/python3.8/site-packages/airflow/example_dags/example_skip_dag.py
[2024-02-02T14:00:14.308+0000] {logging_mixin.py:188} INFO - [2024-02-02T14:00:14.308+0000] {dag.py:3036} INFO - Sync 1 DAGs
[2024-02-02T14:00:14.331+0000] {logging_mixin.py:188} INFO - [2024-02-02T14:00:14.330+0000] {dag.py:3823} INFO - Setting next_dagrun for example_skip_dag to 2024-02-01 00:00:00+00:00, run_after=2024-02-02 00:00:00+00:00
[2024-02-02T14:00:14.352+0000] {processor.py:183} INFO - Processing /home/airflow/.local/lib/python3.8/site-packages/airflow/example_dags/example_skip_dag.py took 0.084 seconds
[2024-02-02T14:00:44.665+0000] {processor.py:161} INFO - Started process (PID=795) to work on /home/airflow/.local/lib/python3.8/site-packages/airflow/example_dags/example_skip_dag.py
[2024-02-02T14:00:44.667+0000] {processor.py:830} INFO - Processing file /home/airflow/.local/lib/python3.8/site-packages/airflow/example_dags/example_skip_dag.py for tasks to queue
[2024-02-02T14:00:44.669+0000] {logging_mixin.py:188} INFO - [2024-02-02T14:00:44.669+0000] {dagbag.py:538} INFO - Filling up the DagBag from /home/airflow/.local/lib/python3.8/site-packages/airflow/example_dags/example_skip_dag.py
[2024-02-02T14:00:44.676+0000] {processor.py:840} INFO - DAG(s) 'example_skip_dag' retrieved from /home/airflow/.local/lib/python3.8/site-packages/airflow/example_dags/example_skip_dag.py
[2024-02-02T14:00:44.700+0000] {logging_mixin.py:188} INFO - [2024-02-02T14:00:44.700+0000] {dag.py:3036} INFO - Sync 1 DAGs
[2024-02-02T14:00:44.721+0000] {logging_mixin.py:188} INFO - [2024-02-02T14:00:44.720+0000] {dag.py:3823} INFO - Setting next_dagrun for example_skip_dag to 2024-02-01 00:00:00+00:00, run_after=2024-02-02 00:00:00+00:00
[2024-02-02T14:00:44.742+0000] {processor.py:183} INFO - Processing /home/airflow/.local/lib/python3.8/site-packages/airflow/example_dags/example_skip_dag.py took 0.081 seconds
[2024-02-02T14:01:15.273+0000] {processor.py:161} INFO - Started process (PID=850) to work on /home/airflow/.local/lib/python3.8/site-packages/airflow/example_dags/example_skip_dag.py
[2024-02-02T14:01:15.275+0000] {processor.py:830} INFO - Processing file /home/airflow/.local/lib/python3.8/site-packages/airflow/example_dags/example_skip_dag.py for tasks to queue
[2024-02-02T14:01:15.278+0000] {logging_mixin.py:188} INFO - [2024-02-02T14:01:15.277+0000] {dagbag.py:538} INFO - Filling up the DagBag from /home/airflow/.local/lib/python3.8/site-packages/airflow/example_dags/example_skip_dag.py
[2024-02-02T14:01:15.285+0000] {processor.py:840} INFO - DAG(s) 'example_skip_dag' retrieved from /home/airflow/.local/lib/python3.8/site-packages/airflow/example_dags/example_skip_dag.py
[2024-02-02T14:01:15.315+0000] {logging_mixin.py:188} INFO - [2024-02-02T14:01:15.314+0000] {dag.py:3036} INFO - Sync 1 DAGs
[2024-02-02T14:01:15.343+0000] {logging_mixin.py:188} INFO - [2024-02-02T14:01:15.343+0000] {dag.py:3823} INFO - Setting next_dagrun for example_skip_dag to 2024-02-01 00:00:00+00:00, run_after=2024-02-02 00:00:00+00:00
[2024-02-02T14:01:15.369+0000] {processor.py:183} INFO - Processing /home/airflow/.local/lib/python3.8/site-packages/airflow/example_dags/example_skip_dag.py took 0.100 seconds
