[2024-02-02T13:54:07.161+0000] {processor.py:161} INFO - Started process (PID=75) to work on /home/airflow/.local/lib/python3.8/site-packages/airflow/example_dags/example_subdag_operator.py
[2024-02-02T13:54:07.163+0000] {processor.py:830} INFO - Processing file /home/airflow/.local/lib/python3.8/site-packages/airflow/example_dags/example_subdag_operator.py for tasks to queue
[2024-02-02T13:54:07.177+0000] {logging_mixin.py:188} INFO - [2024-02-02T13:54:07.176+0000] {dagbag.py:538} INFO - Filling up the DagBag from /home/airflow/.local/lib/python3.8/site-packages/airflow/example_dags/example_subdag_operator.py
[2024-02-02T13:54:07.256+0000] {processor.py:840} INFO - DAG(s) 'example_subdag_operator.section-1', 'example_subdag_operator.section-2', 'example_subdag_operator' retrieved from /home/airflow/.local/lib/python3.8/site-packages/airflow/example_dags/example_subdag_operator.py
[2024-02-02T13:54:07.542+0000] {logging_mixin.py:188} INFO - [2024-02-02T13:54:07.541+0000] {override.py:1769} INFO - Created Permission View: can delete on DAG:example_subdag_operator
[2024-02-02T13:54:07.571+0000] {logging_mixin.py:188} INFO - [2024-02-02T13:54:07.571+0000] {override.py:1769} INFO - Created Permission View: can read on DAG:example_subdag_operator
[2024-02-02T13:54:07.584+0000] {logging_mixin.py:188} INFO - [2024-02-02T13:54:07.584+0000] {override.py:1769} INFO - Created Permission View: can edit on DAG:example_subdag_operator
[2024-02-02T13:54:07.587+0000] {logging_mixin.py:188} INFO - [2024-02-02T13:54:07.586+0000] {dag.py:3036} INFO - Sync 3 DAGs
[2024-02-02T13:54:07.612+0000] {logging_mixin.py:188} INFO - [2024-02-02T13:54:07.612+0000] {dag.py:3058} INFO - Creating ORM DAG for example_subdag_operator.section-2
[2024-02-02T13:54:07.614+0000] {logging_mixin.py:188} INFO - [2024-02-02T13:54:07.614+0000] {dag.py:3058} INFO - Creating ORM DAG for example_subdag_operator
[2024-02-02T13:54:07.616+0000] {logging_mixin.py:188} INFO - [2024-02-02T13:54:07.615+0000] {dag.py:3058} INFO - Creating ORM DAG for example_subdag_operator.section-1
[2024-02-02T13:54:07.638+0000] {logging_mixin.py:188} INFO - [2024-02-02T13:54:07.638+0000] {dag.py:3823} INFO - Setting next_dagrun for example_subdag_operator to 2022-01-01 00:00:00+00:00, run_after=2022-01-01 00:00:00+00:00
[2024-02-02T13:54:07.640+0000] {logging_mixin.py:188} INFO - [2024-02-02T13:54:07.640+0000] {dag.py:3823} INFO - Setting next_dagrun for example_subdag_operator.section-1 to None, run_after=None
[2024-02-02T13:54:07.641+0000] {logging_mixin.py:188} INFO - [2024-02-02T13:54:07.641+0000] {dag.py:3823} INFO - Setting next_dagrun for example_subdag_operator.section-2 to None, run_after=None
[2024-02-02T13:54:07.664+0000] {logging_mixin.py:188} INFO - [2024-02-02T13:54:07.663+0000] {dag.py:3036} INFO - Sync 2 DAGs
[2024-02-02T13:54:07.676+0000] {logging_mixin.py:188} INFO - [2024-02-02T13:54:07.676+0000] {dag.py:3823} INFO - Setting next_dagrun for example_subdag_operator.section-1 to None, run_after=None
[2024-02-02T13:54:07.682+0000] {logging_mixin.py:188} INFO - [2024-02-02T13:54:07.681+0000] {dag.py:3823} INFO - Setting next_dagrun for example_subdag_operator.section-2 to None, run_after=None
[2024-02-02T13:54:07.709+0000] {processor.py:183} INFO - Processing /home/airflow/.local/lib/python3.8/site-packages/airflow/example_dags/example_subdag_operator.py took 0.563 seconds
[2024-02-02T13:54:38.330+0000] {processor.py:161} INFO - Started process (PID=133) to work on /home/airflow/.local/lib/python3.8/site-packages/airflow/example_dags/example_subdag_operator.py
[2024-02-02T13:54:38.332+0000] {processor.py:830} INFO - Processing file /home/airflow/.local/lib/python3.8/site-packages/airflow/example_dags/example_subdag_operator.py for tasks to queue
[2024-02-02T13:54:38.335+0000] {logging_mixin.py:188} INFO - [2024-02-02T13:54:38.335+0000] {dagbag.py:538} INFO - Filling up the DagBag from /home/airflow/.local/lib/python3.8/site-packages/airflow/example_dags/example_subdag_operator.py
[2024-02-02T13:54:38.375+0000] {processor.py:840} INFO - DAG(s) 'example_subdag_operator.section-1', 'example_subdag_operator.section-2', 'example_subdag_operator' retrieved from /home/airflow/.local/lib/python3.8/site-packages/airflow/example_dags/example_subdag_operator.py
[2024-02-02T13:54:38.404+0000] {logging_mixin.py:188} INFO - [2024-02-02T13:54:38.403+0000] {dag.py:3036} INFO - Sync 3 DAGs
[2024-02-02T13:54:38.437+0000] {logging_mixin.py:188} INFO - [2024-02-02T13:54:38.437+0000] {dag.py:3823} INFO - Setting next_dagrun for example_subdag_operator to 2022-01-01 00:00:00+00:00, run_after=2022-01-01 00:00:00+00:00
[2024-02-02T13:54:38.442+0000] {logging_mixin.py:188} INFO - [2024-02-02T13:54:38.442+0000] {dag.py:3823} INFO - Setting next_dagrun for example_subdag_operator.section-1 to None, run_after=None
[2024-02-02T13:54:38.444+0000] {logging_mixin.py:188} INFO - [2024-02-02T13:54:38.443+0000] {dag.py:3823} INFO - Setting next_dagrun for example_subdag_operator.section-2 to None, run_after=None
[2024-02-02T13:54:38.451+0000] {logging_mixin.py:188} INFO - [2024-02-02T13:54:38.451+0000] {dag.py:3036} INFO - Sync 2 DAGs
[2024-02-02T13:54:38.458+0000] {logging_mixin.py:188} INFO - [2024-02-02T13:54:38.458+0000] {dag.py:3823} INFO - Setting next_dagrun for example_subdag_operator.section-1 to None, run_after=None
[2024-02-02T13:54:38.459+0000] {logging_mixin.py:188} INFO - [2024-02-02T13:54:38.459+0000] {dag.py:3823} INFO - Setting next_dagrun for example_subdag_operator.section-2 to None, run_after=None
[2024-02-02T13:54:38.473+0000] {processor.py:183} INFO - Processing /home/airflow/.local/lib/python3.8/site-packages/airflow/example_dags/example_subdag_operator.py took 0.148 seconds
[2024-02-02T13:55:09.343+0000] {processor.py:161} INFO - Started process (PID=188) to work on /home/airflow/.local/lib/python3.8/site-packages/airflow/example_dags/example_subdag_operator.py
[2024-02-02T13:55:09.345+0000] {processor.py:830} INFO - Processing file /home/airflow/.local/lib/python3.8/site-packages/airflow/example_dags/example_subdag_operator.py for tasks to queue
[2024-02-02T13:55:09.347+0000] {logging_mixin.py:188} INFO - [2024-02-02T13:55:09.347+0000] {dagbag.py:538} INFO - Filling up the DagBag from /home/airflow/.local/lib/python3.8/site-packages/airflow/example_dags/example_subdag_operator.py
[2024-02-02T13:55:09.374+0000] {processor.py:840} INFO - DAG(s) 'example_subdag_operator.section-1', 'example_subdag_operator.section-2', 'example_subdag_operator' retrieved from /home/airflow/.local/lib/python3.8/site-packages/airflow/example_dags/example_subdag_operator.py
[2024-02-02T13:55:09.395+0000] {logging_mixin.py:188} INFO - [2024-02-02T13:55:09.394+0000] {dag.py:3036} INFO - Sync 3 DAGs
[2024-02-02T13:55:09.423+0000] {logging_mixin.py:188} INFO - [2024-02-02T13:55:09.423+0000] {dag.py:3823} INFO - Setting next_dagrun for example_subdag_operator to 2022-01-01 00:00:00+00:00, run_after=2022-01-01 00:00:00+00:00
[2024-02-02T13:55:09.429+0000] {logging_mixin.py:188} INFO - [2024-02-02T13:55:09.429+0000] {dag.py:3823} INFO - Setting next_dagrun for example_subdag_operator.section-1 to None, run_after=None
[2024-02-02T13:55:09.432+0000] {logging_mixin.py:188} INFO - [2024-02-02T13:55:09.432+0000] {dag.py:3823} INFO - Setting next_dagrun for example_subdag_operator.section-2 to None, run_after=None
[2024-02-02T13:55:09.451+0000] {logging_mixin.py:188} INFO - [2024-02-02T13:55:09.451+0000] {dag.py:3036} INFO - Sync 2 DAGs
[2024-02-02T13:55:09.462+0000] {logging_mixin.py:188} INFO - [2024-02-02T13:55:09.462+0000] {dag.py:3823} INFO - Setting next_dagrun for example_subdag_operator.section-1 to None, run_after=None
[2024-02-02T13:55:09.464+0000] {logging_mixin.py:188} INFO - [2024-02-02T13:55:09.463+0000] {dag.py:3823} INFO - Setting next_dagrun for example_subdag_operator.section-2 to None, run_after=None
[2024-02-02T13:55:09.487+0000] {processor.py:183} INFO - Processing /home/airflow/.local/lib/python3.8/site-packages/airflow/example_dags/example_subdag_operator.py took 0.147 seconds
[2024-02-02T13:55:39.743+0000] {processor.py:161} INFO - Started process (PID=243) to work on /home/airflow/.local/lib/python3.8/site-packages/airflow/example_dags/example_subdag_operator.py
[2024-02-02T13:55:39.745+0000] {processor.py:830} INFO - Processing file /home/airflow/.local/lib/python3.8/site-packages/airflow/example_dags/example_subdag_operator.py for tasks to queue
[2024-02-02T13:55:39.747+0000] {logging_mixin.py:188} INFO - [2024-02-02T13:55:39.747+0000] {dagbag.py:538} INFO - Filling up the DagBag from /home/airflow/.local/lib/python3.8/site-packages/airflow/example_dags/example_subdag_operator.py
[2024-02-02T13:55:39.774+0000] {processor.py:840} INFO - DAG(s) 'example_subdag_operator.section-1', 'example_subdag_operator.section-2', 'example_subdag_operator' retrieved from /home/airflow/.local/lib/python3.8/site-packages/airflow/example_dags/example_subdag_operator.py
[2024-02-02T13:55:39.791+0000] {logging_mixin.py:188} INFO - [2024-02-02T13:55:39.790+0000] {dag.py:3036} INFO - Sync 3 DAGs
[2024-02-02T13:55:39.815+0000] {logging_mixin.py:188} INFO - [2024-02-02T13:55:39.815+0000] {dag.py:3823} INFO - Setting next_dagrun for example_subdag_operator to 2022-01-01 00:00:00+00:00, run_after=2022-01-01 00:00:00+00:00
[2024-02-02T13:55:39.819+0000] {logging_mixin.py:188} INFO - [2024-02-02T13:55:39.819+0000] {dag.py:3823} INFO - Setting next_dagrun for example_subdag_operator.section-1 to None, run_after=None
[2024-02-02T13:55:39.821+0000] {logging_mixin.py:188} INFO - [2024-02-02T13:55:39.821+0000] {dag.py:3823} INFO - Setting next_dagrun for example_subdag_operator.section-2 to None, run_after=None
[2024-02-02T13:55:39.829+0000] {logging_mixin.py:188} INFO - [2024-02-02T13:55:39.828+0000] {dag.py:3036} INFO - Sync 2 DAGs
[2024-02-02T13:55:39.835+0000] {logging_mixin.py:188} INFO - [2024-02-02T13:55:39.835+0000] {dag.py:3823} INFO - Setting next_dagrun for example_subdag_operator.section-1 to None, run_after=None
[2024-02-02T13:55:39.836+0000] {logging_mixin.py:188} INFO - [2024-02-02T13:55:39.836+0000] {dag.py:3823} INFO - Setting next_dagrun for example_subdag_operator.section-2 to None, run_after=None
[2024-02-02T13:55:39.851+0000] {processor.py:183} INFO - Processing /home/airflow/.local/lib/python3.8/site-packages/airflow/example_dags/example_subdag_operator.py took 0.113 seconds
[2024-02-02T13:56:10.102+0000] {processor.py:161} INFO - Started process (PID=298) to work on /home/airflow/.local/lib/python3.8/site-packages/airflow/example_dags/example_subdag_operator.py
[2024-02-02T13:56:10.104+0000] {processor.py:830} INFO - Processing file /home/airflow/.local/lib/python3.8/site-packages/airflow/example_dags/example_subdag_operator.py for tasks to queue
[2024-02-02T13:56:10.106+0000] {logging_mixin.py:188} INFO - [2024-02-02T13:56:10.106+0000] {dagbag.py:538} INFO - Filling up the DagBag from /home/airflow/.local/lib/python3.8/site-packages/airflow/example_dags/example_subdag_operator.py
[2024-02-02T13:56:10.136+0000] {processor.py:840} INFO - DAG(s) 'example_subdag_operator.section-1', 'example_subdag_operator.section-2', 'example_subdag_operator' retrieved from /home/airflow/.local/lib/python3.8/site-packages/airflow/example_dags/example_subdag_operator.py
[2024-02-02T13:56:10.157+0000] {logging_mixin.py:188} INFO - [2024-02-02T13:56:10.157+0000] {dag.py:3036} INFO - Sync 3 DAGs
[2024-02-02T13:56:10.188+0000] {logging_mixin.py:188} INFO - [2024-02-02T13:56:10.188+0000] {dag.py:3823} INFO - Setting next_dagrun for example_subdag_operator to 2022-01-01 00:00:00+00:00, run_after=2022-01-01 00:00:00+00:00
[2024-02-02T13:56:10.195+0000] {logging_mixin.py:188} INFO - [2024-02-02T13:56:10.195+0000] {dag.py:3823} INFO - Setting next_dagrun for example_subdag_operator.section-1 to None, run_after=None
[2024-02-02T13:56:10.197+0000] {logging_mixin.py:188} INFO - [2024-02-02T13:56:10.197+0000] {dag.py:3823} INFO - Setting next_dagrun for example_subdag_operator.section-2 to None, run_after=None
[2024-02-02T13:56:10.210+0000] {logging_mixin.py:188} INFO - [2024-02-02T13:56:10.208+0000] {dag.py:3036} INFO - Sync 2 DAGs
[2024-02-02T13:56:10.218+0000] {logging_mixin.py:188} INFO - [2024-02-02T13:56:10.217+0000] {dag.py:3823} INFO - Setting next_dagrun for example_subdag_operator.section-1 to None, run_after=None
[2024-02-02T13:56:10.219+0000] {logging_mixin.py:188} INFO - [2024-02-02T13:56:10.219+0000] {dag.py:3823} INFO - Setting next_dagrun for example_subdag_operator.section-2 to None, run_after=None
[2024-02-02T13:56:10.236+0000] {processor.py:183} INFO - Processing /home/airflow/.local/lib/python3.8/site-packages/airflow/example_dags/example_subdag_operator.py took 0.137 seconds
[2024-02-02T13:56:40.667+0000] {processor.py:161} INFO - Started process (PID=353) to work on /home/airflow/.local/lib/python3.8/site-packages/airflow/example_dags/example_subdag_operator.py
[2024-02-02T13:56:40.669+0000] {processor.py:830} INFO - Processing file /home/airflow/.local/lib/python3.8/site-packages/airflow/example_dags/example_subdag_operator.py for tasks to queue
[2024-02-02T13:56:40.671+0000] {logging_mixin.py:188} INFO - [2024-02-02T13:56:40.671+0000] {dagbag.py:538} INFO - Filling up the DagBag from /home/airflow/.local/lib/python3.8/site-packages/airflow/example_dags/example_subdag_operator.py
[2024-02-02T13:56:40.699+0000] {processor.py:840} INFO - DAG(s) 'example_subdag_operator.section-1', 'example_subdag_operator.section-2', 'example_subdag_operator' retrieved from /home/airflow/.local/lib/python3.8/site-packages/airflow/example_dags/example_subdag_operator.py
[2024-02-02T13:56:40.720+0000] {logging_mixin.py:188} INFO - [2024-02-02T13:56:40.720+0000] {dag.py:3036} INFO - Sync 3 DAGs
[2024-02-02T13:56:40.742+0000] {logging_mixin.py:188} INFO - [2024-02-02T13:56:40.742+0000] {dag.py:3823} INFO - Setting next_dagrun for example_subdag_operator to 2022-01-01 00:00:00+00:00, run_after=2022-01-01 00:00:00+00:00
[2024-02-02T13:56:40.748+0000] {logging_mixin.py:188} INFO - [2024-02-02T13:56:40.747+0000] {dag.py:3823} INFO - Setting next_dagrun for example_subdag_operator.section-1 to None, run_after=None
[2024-02-02T13:56:40.750+0000] {logging_mixin.py:188} INFO - [2024-02-02T13:56:40.750+0000] {dag.py:3823} INFO - Setting next_dagrun for example_subdag_operator.section-2 to None, run_after=None
[2024-02-02T13:56:40.760+0000] {logging_mixin.py:188} INFO - [2024-02-02T13:56:40.759+0000] {dag.py:3036} INFO - Sync 2 DAGs
[2024-02-02T13:56:40.767+0000] {logging_mixin.py:188} INFO - [2024-02-02T13:56:40.767+0000] {dag.py:3823} INFO - Setting next_dagrun for example_subdag_operator.section-1 to None, run_after=None
[2024-02-02T13:56:40.768+0000] {logging_mixin.py:188} INFO - [2024-02-02T13:56:40.768+0000] {dag.py:3823} INFO - Setting next_dagrun for example_subdag_operator.section-2 to None, run_after=None
[2024-02-02T13:56:40.784+0000] {processor.py:183} INFO - Processing /home/airflow/.local/lib/python3.8/site-packages/airflow/example_dags/example_subdag_operator.py took 0.120 seconds
[2024-02-02T13:57:10.961+0000] {processor.py:161} INFO - Started process (PID=408) to work on /home/airflow/.local/lib/python3.8/site-packages/airflow/example_dags/example_subdag_operator.py
[2024-02-02T13:57:10.962+0000] {processor.py:830} INFO - Processing file /home/airflow/.local/lib/python3.8/site-packages/airflow/example_dags/example_subdag_operator.py for tasks to queue
[2024-02-02T13:57:10.965+0000] {logging_mixin.py:188} INFO - [2024-02-02T13:57:10.965+0000] {dagbag.py:538} INFO - Filling up the DagBag from /home/airflow/.local/lib/python3.8/site-packages/airflow/example_dags/example_subdag_operator.py
[2024-02-02T13:57:10.992+0000] {processor.py:840} INFO - DAG(s) 'example_subdag_operator.section-1', 'example_subdag_operator.section-2', 'example_subdag_operator' retrieved from /home/airflow/.local/lib/python3.8/site-packages/airflow/example_dags/example_subdag_operator.py
[2024-02-02T13:57:11.012+0000] {logging_mixin.py:188} INFO - [2024-02-02T13:57:11.012+0000] {dag.py:3036} INFO - Sync 3 DAGs
[2024-02-02T13:57:11.033+0000] {logging_mixin.py:188} INFO - [2024-02-02T13:57:11.033+0000] {dag.py:3823} INFO - Setting next_dagrun for example_subdag_operator to 2022-01-01 00:00:00+00:00, run_after=2022-01-01 00:00:00+00:00
[2024-02-02T13:57:11.037+0000] {logging_mixin.py:188} INFO - [2024-02-02T13:57:11.037+0000] {dag.py:3823} INFO - Setting next_dagrun for example_subdag_operator.section-1 to None, run_after=None
[2024-02-02T13:57:11.040+0000] {logging_mixin.py:188} INFO - [2024-02-02T13:57:11.039+0000] {dag.py:3823} INFO - Setting next_dagrun for example_subdag_operator.section-2 to None, run_after=None
[2024-02-02T13:57:11.049+0000] {logging_mixin.py:188} INFO - [2024-02-02T13:57:11.048+0000] {dag.py:3036} INFO - Sync 2 DAGs
[2024-02-02T13:57:11.056+0000] {logging_mixin.py:188} INFO - [2024-02-02T13:57:11.055+0000] {dag.py:3823} INFO - Setting next_dagrun for example_subdag_operator.section-1 to None, run_after=None
[2024-02-02T13:57:11.057+0000] {logging_mixin.py:188} INFO - [2024-02-02T13:57:11.057+0000] {dag.py:3823} INFO - Setting next_dagrun for example_subdag_operator.section-2 to None, run_after=None
[2024-02-02T13:57:11.072+0000] {processor.py:183} INFO - Processing /home/airflow/.local/lib/python3.8/site-packages/airflow/example_dags/example_subdag_operator.py took 0.113 seconds
[2024-02-02T13:57:41.308+0000] {processor.py:161} INFO - Started process (PID=463) to work on /home/airflow/.local/lib/python3.8/site-packages/airflow/example_dags/example_subdag_operator.py
[2024-02-02T13:57:41.310+0000] {processor.py:830} INFO - Processing file /home/airflow/.local/lib/python3.8/site-packages/airflow/example_dags/example_subdag_operator.py for tasks to queue
[2024-02-02T13:57:41.312+0000] {logging_mixin.py:188} INFO - [2024-02-02T13:57:41.312+0000] {dagbag.py:538} INFO - Filling up the DagBag from /home/airflow/.local/lib/python3.8/site-packages/airflow/example_dags/example_subdag_operator.py
[2024-02-02T13:57:41.343+0000] {processor.py:840} INFO - DAG(s) 'example_subdag_operator.section-1', 'example_subdag_operator.section-2', 'example_subdag_operator' retrieved from /home/airflow/.local/lib/python3.8/site-packages/airflow/example_dags/example_subdag_operator.py
[2024-02-02T13:57:41.361+0000] {logging_mixin.py:188} INFO - [2024-02-02T13:57:41.361+0000] {dag.py:3036} INFO - Sync 3 DAGs
[2024-02-02T13:57:41.381+0000] {logging_mixin.py:188} INFO - [2024-02-02T13:57:41.381+0000] {dag.py:3823} INFO - Setting next_dagrun for example_subdag_operator to 2022-01-01 00:00:00+00:00, run_after=2022-01-01 00:00:00+00:00
[2024-02-02T13:57:41.385+0000] {logging_mixin.py:188} INFO - [2024-02-02T13:57:41.385+0000] {dag.py:3823} INFO - Setting next_dagrun for example_subdag_operator.section-1 to None, run_after=None
[2024-02-02T13:57:41.387+0000] {logging_mixin.py:188} INFO - [2024-02-02T13:57:41.387+0000] {dag.py:3823} INFO - Setting next_dagrun for example_subdag_operator.section-2 to None, run_after=None
[2024-02-02T13:57:41.396+0000] {logging_mixin.py:188} INFO - [2024-02-02T13:57:41.396+0000] {dag.py:3036} INFO - Sync 2 DAGs
[2024-02-02T13:57:41.403+0000] {logging_mixin.py:188} INFO - [2024-02-02T13:57:41.403+0000] {dag.py:3823} INFO - Setting next_dagrun for example_subdag_operator.section-1 to None, run_after=None
[2024-02-02T13:57:41.404+0000] {logging_mixin.py:188} INFO - [2024-02-02T13:57:41.404+0000] {dag.py:3823} INFO - Setting next_dagrun for example_subdag_operator.section-2 to None, run_after=None
[2024-02-02T13:57:41.421+0000] {processor.py:183} INFO - Processing /home/airflow/.local/lib/python3.8/site-packages/airflow/example_dags/example_subdag_operator.py took 0.116 seconds
[2024-02-02T13:58:11.892+0000] {processor.py:161} INFO - Started process (PID=518) to work on /home/airflow/.local/lib/python3.8/site-packages/airflow/example_dags/example_subdag_operator.py
[2024-02-02T13:58:11.894+0000] {processor.py:830} INFO - Processing file /home/airflow/.local/lib/python3.8/site-packages/airflow/example_dags/example_subdag_operator.py for tasks to queue
[2024-02-02T13:58:11.897+0000] {logging_mixin.py:188} INFO - [2024-02-02T13:58:11.896+0000] {dagbag.py:538} INFO - Filling up the DagBag from /home/airflow/.local/lib/python3.8/site-packages/airflow/example_dags/example_subdag_operator.py
[2024-02-02T13:58:11.925+0000] {processor.py:840} INFO - DAG(s) 'example_subdag_operator.section-1', 'example_subdag_operator.section-2', 'example_subdag_operator' retrieved from /home/airflow/.local/lib/python3.8/site-packages/airflow/example_dags/example_subdag_operator.py
[2024-02-02T13:58:11.946+0000] {logging_mixin.py:188} INFO - [2024-02-02T13:58:11.945+0000] {dag.py:3036} INFO - Sync 3 DAGs
[2024-02-02T13:58:11.968+0000] {logging_mixin.py:188} INFO - [2024-02-02T13:58:11.967+0000] {dag.py:3823} INFO - Setting next_dagrun for example_subdag_operator to 2022-01-01 00:00:00+00:00, run_after=2022-01-01 00:00:00+00:00
[2024-02-02T13:58:11.972+0000] {logging_mixin.py:188} INFO - [2024-02-02T13:58:11.972+0000] {dag.py:3823} INFO - Setting next_dagrun for example_subdag_operator.section-1 to None, run_after=None
[2024-02-02T13:58:11.974+0000] {logging_mixin.py:188} INFO - [2024-02-02T13:58:11.974+0000] {dag.py:3823} INFO - Setting next_dagrun for example_subdag_operator.section-2 to None, run_after=None
[2024-02-02T13:58:11.982+0000] {logging_mixin.py:188} INFO - [2024-02-02T13:58:11.982+0000] {dag.py:3036} INFO - Sync 2 DAGs
[2024-02-02T13:58:11.989+0000] {logging_mixin.py:188} INFO - [2024-02-02T13:58:11.989+0000] {dag.py:3823} INFO - Setting next_dagrun for example_subdag_operator.section-1 to None, run_after=None
[2024-02-02T13:58:11.990+0000] {logging_mixin.py:188} INFO - [2024-02-02T13:58:11.990+0000] {dag.py:3823} INFO - Setting next_dagrun for example_subdag_operator.section-2 to None, run_after=None
[2024-02-02T13:58:12.006+0000] {processor.py:183} INFO - Processing /home/airflow/.local/lib/python3.8/site-packages/airflow/example_dags/example_subdag_operator.py took 0.118 seconds
[2024-02-02T13:58:42.308+0000] {processor.py:161} INFO - Started process (PID=573) to work on /home/airflow/.local/lib/python3.8/site-packages/airflow/example_dags/example_subdag_operator.py
[2024-02-02T13:58:42.309+0000] {processor.py:830} INFO - Processing file /home/airflow/.local/lib/python3.8/site-packages/airflow/example_dags/example_subdag_operator.py for tasks to queue
[2024-02-02T13:58:42.312+0000] {logging_mixin.py:188} INFO - [2024-02-02T13:58:42.311+0000] {dagbag.py:538} INFO - Filling up the DagBag from /home/airflow/.local/lib/python3.8/site-packages/airflow/example_dags/example_subdag_operator.py
[2024-02-02T13:58:42.343+0000] {processor.py:840} INFO - DAG(s) 'example_subdag_operator.section-1', 'example_subdag_operator.section-2', 'example_subdag_operator' retrieved from /home/airflow/.local/lib/python3.8/site-packages/airflow/example_dags/example_subdag_operator.py
[2024-02-02T13:58:42.363+0000] {logging_mixin.py:188} INFO - [2024-02-02T13:58:42.362+0000] {dag.py:3036} INFO - Sync 3 DAGs
[2024-02-02T13:58:42.386+0000] {logging_mixin.py:188} INFO - [2024-02-02T13:58:42.385+0000] {dag.py:3823} INFO - Setting next_dagrun for example_subdag_operator to 2022-01-01 00:00:00+00:00, run_after=2022-01-01 00:00:00+00:00
[2024-02-02T13:58:42.389+0000] {logging_mixin.py:188} INFO - [2024-02-02T13:58:42.389+0000] {dag.py:3823} INFO - Setting next_dagrun for example_subdag_operator.section-1 to None, run_after=None
[2024-02-02T13:58:42.391+0000] {logging_mixin.py:188} INFO - [2024-02-02T13:58:42.391+0000] {dag.py:3823} INFO - Setting next_dagrun for example_subdag_operator.section-2 to None, run_after=None
[2024-02-02T13:58:42.399+0000] {logging_mixin.py:188} INFO - [2024-02-02T13:58:42.399+0000] {dag.py:3036} INFO - Sync 2 DAGs
[2024-02-02T13:58:42.405+0000] {logging_mixin.py:188} INFO - [2024-02-02T13:58:42.405+0000] {dag.py:3823} INFO - Setting next_dagrun for example_subdag_operator.section-1 to None, run_after=None
[2024-02-02T13:58:42.407+0000] {logging_mixin.py:188} INFO - [2024-02-02T13:58:42.406+0000] {dag.py:3823} INFO - Setting next_dagrun for example_subdag_operator.section-2 to None, run_after=None
[2024-02-02T13:58:42.422+0000] {processor.py:183} INFO - Processing /home/airflow/.local/lib/python3.8/site-packages/airflow/example_dags/example_subdag_operator.py took 0.118 seconds
[2024-02-02T13:59:13.148+0000] {processor.py:161} INFO - Started process (PID=628) to work on /home/airflow/.local/lib/python3.8/site-packages/airflow/example_dags/example_subdag_operator.py
[2024-02-02T13:59:13.150+0000] {processor.py:830} INFO - Processing file /home/airflow/.local/lib/python3.8/site-packages/airflow/example_dags/example_subdag_operator.py for tasks to queue
[2024-02-02T13:59:13.152+0000] {logging_mixin.py:188} INFO - [2024-02-02T13:59:13.152+0000] {dagbag.py:538} INFO - Filling up the DagBag from /home/airflow/.local/lib/python3.8/site-packages/airflow/example_dags/example_subdag_operator.py
[2024-02-02T13:59:13.179+0000] {processor.py:840} INFO - DAG(s) 'example_subdag_operator.section-1', 'example_subdag_operator.section-2', 'example_subdag_operator' retrieved from /home/airflow/.local/lib/python3.8/site-packages/airflow/example_dags/example_subdag_operator.py
[2024-02-02T13:59:13.201+0000] {logging_mixin.py:188} INFO - [2024-02-02T13:59:13.201+0000] {dag.py:3036} INFO - Sync 3 DAGs
[2024-02-02T13:59:13.227+0000] {logging_mixin.py:188} INFO - [2024-02-02T13:59:13.227+0000] {dag.py:3823} INFO - Setting next_dagrun for example_subdag_operator to 2022-01-01 00:00:00+00:00, run_after=2022-01-01 00:00:00+00:00
[2024-02-02T13:59:13.231+0000] {logging_mixin.py:188} INFO - [2024-02-02T13:59:13.231+0000] {dag.py:3823} INFO - Setting next_dagrun for example_subdag_operator.section-1 to None, run_after=None
[2024-02-02T13:59:13.233+0000] {logging_mixin.py:188} INFO - [2024-02-02T13:59:13.233+0000] {dag.py:3823} INFO - Setting next_dagrun for example_subdag_operator.section-2 to None, run_after=None
[2024-02-02T13:59:13.243+0000] {logging_mixin.py:188} INFO - [2024-02-02T13:59:13.243+0000] {dag.py:3036} INFO - Sync 2 DAGs
[2024-02-02T13:59:13.250+0000] {logging_mixin.py:188} INFO - [2024-02-02T13:59:13.250+0000] {dag.py:3823} INFO - Setting next_dagrun for example_subdag_operator.section-1 to None, run_after=None
[2024-02-02T13:59:13.251+0000] {logging_mixin.py:188} INFO - [2024-02-02T13:59:13.251+0000] {dag.py:3823} INFO - Setting next_dagrun for example_subdag_operator.section-2 to None, run_after=None
[2024-02-02T13:59:13.278+0000] {processor.py:183} INFO - Processing /home/airflow/.local/lib/python3.8/site-packages/airflow/example_dags/example_subdag_operator.py took 0.133 seconds
[2024-02-02T13:59:43.671+0000] {processor.py:161} INFO - Started process (PID=683) to work on /home/airflow/.local/lib/python3.8/site-packages/airflow/example_dags/example_subdag_operator.py
[2024-02-02T13:59:43.672+0000] {processor.py:830} INFO - Processing file /home/airflow/.local/lib/python3.8/site-packages/airflow/example_dags/example_subdag_operator.py for tasks to queue
[2024-02-02T13:59:43.674+0000] {logging_mixin.py:188} INFO - [2024-02-02T13:59:43.674+0000] {dagbag.py:538} INFO - Filling up the DagBag from /home/airflow/.local/lib/python3.8/site-packages/airflow/example_dags/example_subdag_operator.py
[2024-02-02T13:59:43.702+0000] {processor.py:840} INFO - DAG(s) 'example_subdag_operator.section-1', 'example_subdag_operator.section-2', 'example_subdag_operator' retrieved from /home/airflow/.local/lib/python3.8/site-packages/airflow/example_dags/example_subdag_operator.py
[2024-02-02T13:59:43.725+0000] {logging_mixin.py:188} INFO - [2024-02-02T13:59:43.724+0000] {dag.py:3036} INFO - Sync 3 DAGs
[2024-02-02T13:59:43.749+0000] {logging_mixin.py:188} INFO - [2024-02-02T13:59:43.749+0000] {dag.py:3823} INFO - Setting next_dagrun for example_subdag_operator to 2022-01-01 00:00:00+00:00, run_after=2022-01-01 00:00:00+00:00
[2024-02-02T13:59:43.753+0000] {logging_mixin.py:188} INFO - [2024-02-02T13:59:43.753+0000] {dag.py:3823} INFO - Setting next_dagrun for example_subdag_operator.section-1 to None, run_after=None
[2024-02-02T13:59:43.756+0000] {logging_mixin.py:188} INFO - [2024-02-02T13:59:43.755+0000] {dag.py:3823} INFO - Setting next_dagrun for example_subdag_operator.section-2 to None, run_after=None
[2024-02-02T13:59:43.767+0000] {logging_mixin.py:188} INFO - [2024-02-02T13:59:43.767+0000] {dag.py:3036} INFO - Sync 2 DAGs
[2024-02-02T13:59:43.776+0000] {logging_mixin.py:188} INFO - [2024-02-02T13:59:43.776+0000] {dag.py:3823} INFO - Setting next_dagrun for example_subdag_operator.section-1 to None, run_after=None
[2024-02-02T13:59:43.778+0000] {logging_mixin.py:188} INFO - [2024-02-02T13:59:43.777+0000] {dag.py:3823} INFO - Setting next_dagrun for example_subdag_operator.section-2 to None, run_after=None
[2024-02-02T13:59:43.796+0000] {processor.py:183} INFO - Processing /home/airflow/.local/lib/python3.8/site-packages/airflow/example_dags/example_subdag_operator.py took 0.128 seconds
[2024-02-02T14:00:14.117+0000] {processor.py:161} INFO - Started process (PID=738) to work on /home/airflow/.local/lib/python3.8/site-packages/airflow/example_dags/example_subdag_operator.py
[2024-02-02T14:00:14.119+0000] {processor.py:830} INFO - Processing file /home/airflow/.local/lib/python3.8/site-packages/airflow/example_dags/example_subdag_operator.py for tasks to queue
[2024-02-02T14:00:14.121+0000] {logging_mixin.py:188} INFO - [2024-02-02T14:00:14.121+0000] {dagbag.py:538} INFO - Filling up the DagBag from /home/airflow/.local/lib/python3.8/site-packages/airflow/example_dags/example_subdag_operator.py
[2024-02-02T14:00:14.149+0000] {processor.py:840} INFO - DAG(s) 'example_subdag_operator.section-1', 'example_subdag_operator.section-2', 'example_subdag_operator' retrieved from /home/airflow/.local/lib/python3.8/site-packages/airflow/example_dags/example_subdag_operator.py
[2024-02-02T14:00:14.172+0000] {logging_mixin.py:188} INFO - [2024-02-02T14:00:14.171+0000] {dag.py:3036} INFO - Sync 3 DAGs
[2024-02-02T14:00:14.194+0000] {logging_mixin.py:188} INFO - [2024-02-02T14:00:14.194+0000] {dag.py:3823} INFO - Setting next_dagrun for example_subdag_operator to 2022-01-01 00:00:00+00:00, run_after=2022-01-01 00:00:00+00:00
[2024-02-02T14:00:14.198+0000] {logging_mixin.py:188} INFO - [2024-02-02T14:00:14.198+0000] {dag.py:3823} INFO - Setting next_dagrun for example_subdag_operator.section-1 to None, run_after=None
[2024-02-02T14:00:14.200+0000] {logging_mixin.py:188} INFO - [2024-02-02T14:00:14.200+0000] {dag.py:3823} INFO - Setting next_dagrun for example_subdag_operator.section-2 to None, run_after=None
[2024-02-02T14:00:14.208+0000] {logging_mixin.py:188} INFO - [2024-02-02T14:00:14.208+0000] {dag.py:3036} INFO - Sync 2 DAGs
[2024-02-02T14:00:14.215+0000] {logging_mixin.py:188} INFO - [2024-02-02T14:00:14.215+0000] {dag.py:3823} INFO - Setting next_dagrun for example_subdag_operator.section-1 to None, run_after=None
[2024-02-02T14:00:14.216+0000] {logging_mixin.py:188} INFO - [2024-02-02T14:00:14.216+0000] {dag.py:3823} INFO - Setting next_dagrun for example_subdag_operator.section-2 to None, run_after=None
[2024-02-02T14:00:14.232+0000] {processor.py:183} INFO - Processing /home/airflow/.local/lib/python3.8/site-packages/airflow/example_dags/example_subdag_operator.py took 0.119 seconds
[2024-02-02T14:00:44.513+0000] {processor.py:161} INFO - Started process (PID=793) to work on /home/airflow/.local/lib/python3.8/site-packages/airflow/example_dags/example_subdag_operator.py
[2024-02-02T14:00:44.515+0000] {processor.py:830} INFO - Processing file /home/airflow/.local/lib/python3.8/site-packages/airflow/example_dags/example_subdag_operator.py for tasks to queue
[2024-02-02T14:00:44.517+0000] {logging_mixin.py:188} INFO - [2024-02-02T14:00:44.517+0000] {dagbag.py:538} INFO - Filling up the DagBag from /home/airflow/.local/lib/python3.8/site-packages/airflow/example_dags/example_subdag_operator.py
[2024-02-02T14:00:44.542+0000] {processor.py:840} INFO - DAG(s) 'example_subdag_operator.section-1', 'example_subdag_operator.section-2', 'example_subdag_operator' retrieved from /home/airflow/.local/lib/python3.8/site-packages/airflow/example_dags/example_subdag_operator.py
[2024-02-02T14:00:44.562+0000] {logging_mixin.py:188} INFO - [2024-02-02T14:00:44.561+0000] {dag.py:3036} INFO - Sync 3 DAGs
[2024-02-02T14:00:44.588+0000] {logging_mixin.py:188} INFO - [2024-02-02T14:00:44.587+0000] {dag.py:3823} INFO - Setting next_dagrun for example_subdag_operator to 2022-01-01 00:00:00+00:00, run_after=2022-01-01 00:00:00+00:00
[2024-02-02T14:00:44.592+0000] {logging_mixin.py:188} INFO - [2024-02-02T14:00:44.592+0000] {dag.py:3823} INFO - Setting next_dagrun for example_subdag_operator.section-1 to None, run_after=None
[2024-02-02T14:00:44.594+0000] {logging_mixin.py:188} INFO - [2024-02-02T14:00:44.594+0000] {dag.py:3823} INFO - Setting next_dagrun for example_subdag_operator.section-2 to None, run_after=None
[2024-02-02T14:00:44.603+0000] {logging_mixin.py:188} INFO - [2024-02-02T14:00:44.603+0000] {dag.py:3036} INFO - Sync 2 DAGs
[2024-02-02T14:00:44.611+0000] {logging_mixin.py:188} INFO - [2024-02-02T14:00:44.611+0000] {dag.py:3823} INFO - Setting next_dagrun for example_subdag_operator.section-1 to None, run_after=None
[2024-02-02T14:00:44.612+0000] {logging_mixin.py:188} INFO - [2024-02-02T14:00:44.612+0000] {dag.py:3823} INFO - Setting next_dagrun for example_subdag_operator.section-2 to None, run_after=None
[2024-02-02T14:00:44.628+0000] {processor.py:183} INFO - Processing /home/airflow/.local/lib/python3.8/site-packages/airflow/example_dags/example_subdag_operator.py took 0.119 seconds
[2024-02-02T14:01:15.102+0000] {processor.py:161} INFO - Started process (PID=848) to work on /home/airflow/.local/lib/python3.8/site-packages/airflow/example_dags/example_subdag_operator.py
[2024-02-02T14:01:15.103+0000] {processor.py:830} INFO - Processing file /home/airflow/.local/lib/python3.8/site-packages/airflow/example_dags/example_subdag_operator.py for tasks to queue
[2024-02-02T14:01:15.106+0000] {logging_mixin.py:188} INFO - [2024-02-02T14:01:15.105+0000] {dagbag.py:538} INFO - Filling up the DagBag from /home/airflow/.local/lib/python3.8/site-packages/airflow/example_dags/example_subdag_operator.py
[2024-02-02T14:01:15.135+0000] {processor.py:840} INFO - DAG(s) 'example_subdag_operator.section-1', 'example_subdag_operator.section-2', 'example_subdag_operator' retrieved from /home/airflow/.local/lib/python3.8/site-packages/airflow/example_dags/example_subdag_operator.py
[2024-02-02T14:01:15.152+0000] {logging_mixin.py:188} INFO - [2024-02-02T14:01:15.151+0000] {dag.py:3036} INFO - Sync 3 DAGs
[2024-02-02T14:01:15.175+0000] {logging_mixin.py:188} INFO - [2024-02-02T14:01:15.174+0000] {dag.py:3823} INFO - Setting next_dagrun for example_subdag_operator to 2022-01-01 00:00:00+00:00, run_after=2022-01-01 00:00:00+00:00
[2024-02-02T14:01:15.179+0000] {logging_mixin.py:188} INFO - [2024-02-02T14:01:15.178+0000] {dag.py:3823} INFO - Setting next_dagrun for example_subdag_operator.section-1 to None, run_after=None
[2024-02-02T14:01:15.181+0000] {logging_mixin.py:188} INFO - [2024-02-02T14:01:15.181+0000] {dag.py:3823} INFO - Setting next_dagrun for example_subdag_operator.section-2 to None, run_after=None
[2024-02-02T14:01:15.192+0000] {logging_mixin.py:188} INFO - [2024-02-02T14:01:15.191+0000] {dag.py:3036} INFO - Sync 2 DAGs
[2024-02-02T14:01:15.202+0000] {logging_mixin.py:188} INFO - [2024-02-02T14:01:15.201+0000] {dag.py:3823} INFO - Setting next_dagrun for example_subdag_operator.section-1 to None, run_after=None
[2024-02-02T14:01:15.203+0000] {logging_mixin.py:188} INFO - [2024-02-02T14:01:15.203+0000] {dag.py:3823} INFO - Setting next_dagrun for example_subdag_operator.section-2 to None, run_after=None
[2024-02-02T14:01:15.228+0000] {processor.py:183} INFO - Processing /home/airflow/.local/lib/python3.8/site-packages/airflow/example_dags/example_subdag_operator.py took 0.129 seconds
