[2024-02-02T13:54:08.176+0000] {processor.py:161} INFO - Started process (PID=79) to work on /home/airflow/.local/lib/python3.8/site-packages/airflow/example_dags/example_python_operator.py
[2024-02-02T13:54:08.177+0000] {processor.py:830} INFO - Processing file /home/airflow/.local/lib/python3.8/site-packages/airflow/example_dags/example_python_operator.py for tasks to queue
[2024-02-02T13:54:08.180+0000] {logging_mixin.py:188} INFO - [2024-02-02T13:54:08.180+0000] {dagbag.py:538} INFO - Filling up the DagBag from /home/airflow/.local/lib/python3.8/site-packages/airflow/example_dags/example_python_operator.py
[2024-02-02T13:54:08.204+0000] {processor.py:840} INFO - DAG(s) 'example_python_operator' retrieved from /home/airflow/.local/lib/python3.8/site-packages/airflow/example_dags/example_python_operator.py
[2024-02-02T13:54:08.342+0000] {logging_mixin.py:188} INFO - [2024-02-02T13:54:08.341+0000] {override.py:1769} INFO - Created Permission View: can delete on DAG:example_python_operator
[2024-02-02T13:54:08.355+0000] {logging_mixin.py:188} INFO - [2024-02-02T13:54:08.355+0000] {override.py:1769} INFO - Created Permission View: can read on DAG:example_python_operator
[2024-02-02T13:54:08.363+0000] {logging_mixin.py:188} INFO - [2024-02-02T13:54:08.363+0000] {override.py:1769} INFO - Created Permission View: can edit on DAG:example_python_operator
[2024-02-02T13:54:08.364+0000] {logging_mixin.py:188} INFO - [2024-02-02T13:54:08.364+0000] {dag.py:3036} INFO - Sync 1 DAGs
[2024-02-02T13:54:08.379+0000] {logging_mixin.py:188} INFO - [2024-02-02T13:54:08.379+0000] {dag.py:3058} INFO - Creating ORM DAG for example_python_operator
[2024-02-02T13:54:08.380+0000] {logging_mixin.py:188} INFO - [2024-02-02T13:54:08.380+0000] {dag.py:3823} INFO - Setting next_dagrun for example_python_operator to None, run_after=None
[2024-02-02T13:54:08.406+0000] {processor.py:183} INFO - Processing /home/airflow/.local/lib/python3.8/site-packages/airflow/example_dags/example_python_operator.py took 0.236 seconds
[2024-02-02T13:54:38.837+0000] {processor.py:161} INFO - Started process (PID=137) to work on /home/airflow/.local/lib/python3.8/site-packages/airflow/example_dags/example_python_operator.py
[2024-02-02T13:54:38.839+0000] {processor.py:830} INFO - Processing file /home/airflow/.local/lib/python3.8/site-packages/airflow/example_dags/example_python_operator.py for tasks to queue
[2024-02-02T13:54:38.841+0000] {logging_mixin.py:188} INFO - [2024-02-02T13:54:38.841+0000] {dagbag.py:538} INFO - Filling up the DagBag from /home/airflow/.local/lib/python3.8/site-packages/airflow/example_dags/example_python_operator.py
[2024-02-02T13:54:38.852+0000] {processor.py:840} INFO - DAG(s) 'example_python_operator' retrieved from /home/airflow/.local/lib/python3.8/site-packages/airflow/example_dags/example_python_operator.py
[2024-02-02T13:54:38.897+0000] {logging_mixin.py:188} INFO - [2024-02-02T13:54:38.896+0000] {dag.py:3036} INFO - Sync 1 DAGs
[2024-02-02T13:54:38.911+0000] {logging_mixin.py:188} INFO - [2024-02-02T13:54:38.911+0000] {dag.py:3823} INFO - Setting next_dagrun for example_python_operator to None, run_after=None
[2024-02-02T13:54:38.950+0000] {processor.py:183} INFO - Processing /home/airflow/.local/lib/python3.8/site-packages/airflow/example_dags/example_python_operator.py took 0.116 seconds
[2024-02-02T13:55:09.682+0000] {processor.py:161} INFO - Started process (PID=192) to work on /home/airflow/.local/lib/python3.8/site-packages/airflow/example_dags/example_python_operator.py
[2024-02-02T13:55:09.683+0000] {processor.py:830} INFO - Processing file /home/airflow/.local/lib/python3.8/site-packages/airflow/example_dags/example_python_operator.py for tasks to queue
[2024-02-02T13:55:09.686+0000] {logging_mixin.py:188} INFO - [2024-02-02T13:55:09.686+0000] {dagbag.py:538} INFO - Filling up the DagBag from /home/airflow/.local/lib/python3.8/site-packages/airflow/example_dags/example_python_operator.py
[2024-02-02T13:55:09.699+0000] {processor.py:840} INFO - DAG(s) 'example_python_operator' retrieved from /home/airflow/.local/lib/python3.8/site-packages/airflow/example_dags/example_python_operator.py
[2024-02-02T13:55:09.724+0000] {logging_mixin.py:188} INFO - [2024-02-02T13:55:09.723+0000] {dag.py:3036} INFO - Sync 1 DAGs
[2024-02-02T13:55:09.738+0000] {logging_mixin.py:188} INFO - [2024-02-02T13:55:09.737+0000] {dag.py:3823} INFO - Setting next_dagrun for example_python_operator to None, run_after=None
[2024-02-02T13:55:09.759+0000] {processor.py:183} INFO - Processing /home/airflow/.local/lib/python3.8/site-packages/airflow/example_dags/example_python_operator.py took 0.081 seconds
[2024-02-02T13:55:40.238+0000] {processor.py:161} INFO - Started process (PID=247) to work on /home/airflow/.local/lib/python3.8/site-packages/airflow/example_dags/example_python_operator.py
[2024-02-02T13:55:40.239+0000] {processor.py:830} INFO - Processing file /home/airflow/.local/lib/python3.8/site-packages/airflow/example_dags/example_python_operator.py for tasks to queue
[2024-02-02T13:55:40.242+0000] {logging_mixin.py:188} INFO - [2024-02-02T13:55:40.242+0000] {dagbag.py:538} INFO - Filling up the DagBag from /home/airflow/.local/lib/python3.8/site-packages/airflow/example_dags/example_python_operator.py
[2024-02-02T13:55:40.253+0000] {processor.py:840} INFO - DAG(s) 'example_python_operator' retrieved from /home/airflow/.local/lib/python3.8/site-packages/airflow/example_dags/example_python_operator.py
[2024-02-02T13:55:40.279+0000] {logging_mixin.py:188} INFO - [2024-02-02T13:55:40.279+0000] {dag.py:3036} INFO - Sync 1 DAGs
[2024-02-02T13:55:40.294+0000] {logging_mixin.py:188} INFO - [2024-02-02T13:55:40.293+0000] {dag.py:3823} INFO - Setting next_dagrun for example_python_operator to None, run_after=None
[2024-02-02T13:55:40.318+0000] {processor.py:183} INFO - Processing /home/airflow/.local/lib/python3.8/site-packages/airflow/example_dags/example_python_operator.py took 0.085 seconds
[2024-02-02T13:56:10.572+0000] {processor.py:161} INFO - Started process (PID=302) to work on /home/airflow/.local/lib/python3.8/site-packages/airflow/example_dags/example_python_operator.py
[2024-02-02T13:56:10.574+0000] {processor.py:830} INFO - Processing file /home/airflow/.local/lib/python3.8/site-packages/airflow/example_dags/example_python_operator.py for tasks to queue
[2024-02-02T13:56:10.577+0000] {logging_mixin.py:188} INFO - [2024-02-02T13:56:10.576+0000] {dagbag.py:538} INFO - Filling up the DagBag from /home/airflow/.local/lib/python3.8/site-packages/airflow/example_dags/example_python_operator.py
[2024-02-02T13:56:10.594+0000] {processor.py:840} INFO - DAG(s) 'example_python_operator' retrieved from /home/airflow/.local/lib/python3.8/site-packages/airflow/example_dags/example_python_operator.py
[2024-02-02T13:56:10.625+0000] {logging_mixin.py:188} INFO - [2024-02-02T13:56:10.624+0000] {dag.py:3036} INFO - Sync 1 DAGs
[2024-02-02T13:56:10.639+0000] {logging_mixin.py:188} INFO - [2024-02-02T13:56:10.639+0000] {dag.py:3823} INFO - Setting next_dagrun for example_python_operator to None, run_after=None
[2024-02-02T13:56:10.669+0000] {processor.py:183} INFO - Processing /home/airflow/.local/lib/python3.8/site-packages/airflow/example_dags/example_python_operator.py took 0.100 seconds
[2024-02-02T13:56:40.951+0000] {processor.py:161} INFO - Started process (PID=357) to work on /home/airflow/.local/lib/python3.8/site-packages/airflow/example_dags/example_python_operator.py
[2024-02-02T13:56:40.952+0000] {processor.py:830} INFO - Processing file /home/airflow/.local/lib/python3.8/site-packages/airflow/example_dags/example_python_operator.py for tasks to queue
[2024-02-02T13:56:40.955+0000] {logging_mixin.py:188} INFO - [2024-02-02T13:56:40.954+0000] {dagbag.py:538} INFO - Filling up the DagBag from /home/airflow/.local/lib/python3.8/site-packages/airflow/example_dags/example_python_operator.py
[2024-02-02T13:56:40.967+0000] {processor.py:840} INFO - DAG(s) 'example_python_operator' retrieved from /home/airflow/.local/lib/python3.8/site-packages/airflow/example_dags/example_python_operator.py
[2024-02-02T13:56:40.991+0000] {logging_mixin.py:188} INFO - [2024-02-02T13:56:40.990+0000] {dag.py:3036} INFO - Sync 1 DAGs
[2024-02-02T13:56:41.002+0000] {logging_mixin.py:188} INFO - [2024-02-02T13:56:41.002+0000] {dag.py:3823} INFO - Setting next_dagrun for example_python_operator to None, run_after=None
[2024-02-02T13:56:41.024+0000] {processor.py:183} INFO - Processing /home/airflow/.local/lib/python3.8/site-packages/airflow/example_dags/example_python_operator.py took 0.076 seconds
[2024-02-02T13:57:11.239+0000] {processor.py:161} INFO - Started process (PID=412) to work on /home/airflow/.local/lib/python3.8/site-packages/airflow/example_dags/example_python_operator.py
[2024-02-02T13:57:11.240+0000] {processor.py:830} INFO - Processing file /home/airflow/.local/lib/python3.8/site-packages/airflow/example_dags/example_python_operator.py for tasks to queue
[2024-02-02T13:57:11.243+0000] {logging_mixin.py:188} INFO - [2024-02-02T13:57:11.242+0000] {dagbag.py:538} INFO - Filling up the DagBag from /home/airflow/.local/lib/python3.8/site-packages/airflow/example_dags/example_python_operator.py
[2024-02-02T13:57:11.257+0000] {processor.py:840} INFO - DAG(s) 'example_python_operator' retrieved from /home/airflow/.local/lib/python3.8/site-packages/airflow/example_dags/example_python_operator.py
[2024-02-02T13:57:11.282+0000] {logging_mixin.py:188} INFO - [2024-02-02T13:57:11.281+0000] {dag.py:3036} INFO - Sync 1 DAGs
[2024-02-02T13:57:11.295+0000] {logging_mixin.py:188} INFO - [2024-02-02T13:57:11.295+0000] {dag.py:3823} INFO - Setting next_dagrun for example_python_operator to None, run_after=None
[2024-02-02T13:57:11.317+0000] {processor.py:183} INFO - Processing /home/airflow/.local/lib/python3.8/site-packages/airflow/example_dags/example_python_operator.py took 0.082 seconds
[2024-02-02T13:57:41.781+0000] {processor.py:161} INFO - Started process (PID=467) to work on /home/airflow/.local/lib/python3.8/site-packages/airflow/example_dags/example_python_operator.py
[2024-02-02T13:57:41.783+0000] {processor.py:830} INFO - Processing file /home/airflow/.local/lib/python3.8/site-packages/airflow/example_dags/example_python_operator.py for tasks to queue
[2024-02-02T13:57:41.786+0000] {logging_mixin.py:188} INFO - [2024-02-02T13:57:41.785+0000] {dagbag.py:538} INFO - Filling up the DagBag from /home/airflow/.local/lib/python3.8/site-packages/airflow/example_dags/example_python_operator.py
[2024-02-02T13:57:41.799+0000] {processor.py:840} INFO - DAG(s) 'example_python_operator' retrieved from /home/airflow/.local/lib/python3.8/site-packages/airflow/example_dags/example_python_operator.py
[2024-02-02T13:57:41.824+0000] {logging_mixin.py:188} INFO - [2024-02-02T13:57:41.824+0000] {dag.py:3036} INFO - Sync 1 DAGs
[2024-02-02T13:57:41.839+0000] {logging_mixin.py:188} INFO - [2024-02-02T13:57:41.839+0000] {dag.py:3823} INFO - Setting next_dagrun for example_python_operator to None, run_after=None
[2024-02-02T13:57:41.864+0000] {processor.py:183} INFO - Processing /home/airflow/.local/lib/python3.8/site-packages/airflow/example_dags/example_python_operator.py took 0.087 seconds
[2024-02-02T13:58:12.188+0000] {processor.py:161} INFO - Started process (PID=522) to work on /home/airflow/.local/lib/python3.8/site-packages/airflow/example_dags/example_python_operator.py
[2024-02-02T13:58:12.190+0000] {processor.py:830} INFO - Processing file /home/airflow/.local/lib/python3.8/site-packages/airflow/example_dags/example_python_operator.py for tasks to queue
[2024-02-02T13:58:12.193+0000] {logging_mixin.py:188} INFO - [2024-02-02T13:58:12.192+0000] {dagbag.py:538} INFO - Filling up the DagBag from /home/airflow/.local/lib/python3.8/site-packages/airflow/example_dags/example_python_operator.py
[2024-02-02T13:58:12.206+0000] {processor.py:840} INFO - DAG(s) 'example_python_operator' retrieved from /home/airflow/.local/lib/python3.8/site-packages/airflow/example_dags/example_python_operator.py
[2024-02-02T13:58:12.230+0000] {logging_mixin.py:188} INFO - [2024-02-02T13:58:12.230+0000] {dag.py:3036} INFO - Sync 1 DAGs
[2024-02-02T13:58:12.243+0000] {logging_mixin.py:188} INFO - [2024-02-02T13:58:12.243+0000] {dag.py:3823} INFO - Setting next_dagrun for example_python_operator to None, run_after=None
[2024-02-02T13:58:12.267+0000] {processor.py:183} INFO - Processing /home/airflow/.local/lib/python3.8/site-packages/airflow/example_dags/example_python_operator.py took 0.083 seconds
[2024-02-02T13:58:42.858+0000] {processor.py:161} INFO - Started process (PID=577) to work on /home/airflow/.local/lib/python3.8/site-packages/airflow/example_dags/example_python_operator.py
[2024-02-02T13:58:42.859+0000] {processor.py:830} INFO - Processing file /home/airflow/.local/lib/python3.8/site-packages/airflow/example_dags/example_python_operator.py for tasks to queue
[2024-02-02T13:58:42.868+0000] {logging_mixin.py:188} INFO - [2024-02-02T13:58:42.868+0000] {dagbag.py:538} INFO - Filling up the DagBag from /home/airflow/.local/lib/python3.8/site-packages/airflow/example_dags/example_python_operator.py
[2024-02-02T13:58:42.883+0000] {processor.py:840} INFO - DAG(s) 'example_python_operator' retrieved from /home/airflow/.local/lib/python3.8/site-packages/airflow/example_dags/example_python_operator.py
[2024-02-02T13:58:42.913+0000] {logging_mixin.py:188} INFO - [2024-02-02T13:58:42.912+0000] {dag.py:3036} INFO - Sync 1 DAGs
[2024-02-02T13:58:42.928+0000] {logging_mixin.py:188} INFO - [2024-02-02T13:58:42.928+0000] {dag.py:3823} INFO - Setting next_dagrun for example_python_operator to None, run_after=None
[2024-02-02T13:58:42.954+0000] {processor.py:183} INFO - Processing /home/airflow/.local/lib/python3.8/site-packages/airflow/example_dags/example_python_operator.py took 0.105 seconds
[2024-02-02T13:59:13.666+0000] {processor.py:161} INFO - Started process (PID=632) to work on /home/airflow/.local/lib/python3.8/site-packages/airflow/example_dags/example_python_operator.py
[2024-02-02T13:59:13.667+0000] {processor.py:830} INFO - Processing file /home/airflow/.local/lib/python3.8/site-packages/airflow/example_dags/example_python_operator.py for tasks to queue
[2024-02-02T13:59:13.670+0000] {logging_mixin.py:188} INFO - [2024-02-02T13:59:13.669+0000] {dagbag.py:538} INFO - Filling up the DagBag from /home/airflow/.local/lib/python3.8/site-packages/airflow/example_dags/example_python_operator.py
[2024-02-02T13:59:13.682+0000] {processor.py:840} INFO - DAG(s) 'example_python_operator' retrieved from /home/airflow/.local/lib/python3.8/site-packages/airflow/example_dags/example_python_operator.py
[2024-02-02T13:59:13.706+0000] {logging_mixin.py:188} INFO - [2024-02-02T13:59:13.706+0000] {dag.py:3036} INFO - Sync 1 DAGs
[2024-02-02T13:59:13.718+0000] {logging_mixin.py:188} INFO - [2024-02-02T13:59:13.718+0000] {dag.py:3823} INFO - Setting next_dagrun for example_python_operator to None, run_after=None
[2024-02-02T13:59:13.740+0000] {processor.py:183} INFO - Processing /home/airflow/.local/lib/python3.8/site-packages/airflow/example_dags/example_python_operator.py took 0.079 seconds
[2024-02-02T13:59:44.179+0000] {processor.py:161} INFO - Started process (PID=687) to work on /home/airflow/.local/lib/python3.8/site-packages/airflow/example_dags/example_python_operator.py
[2024-02-02T13:59:44.181+0000] {processor.py:830} INFO - Processing file /home/airflow/.local/lib/python3.8/site-packages/airflow/example_dags/example_python_operator.py for tasks to queue
[2024-02-02T13:59:44.183+0000] {logging_mixin.py:188} INFO - [2024-02-02T13:59:44.183+0000] {dagbag.py:538} INFO - Filling up the DagBag from /home/airflow/.local/lib/python3.8/site-packages/airflow/example_dags/example_python_operator.py
[2024-02-02T13:59:44.195+0000] {processor.py:840} INFO - DAG(s) 'example_python_operator' retrieved from /home/airflow/.local/lib/python3.8/site-packages/airflow/example_dags/example_python_operator.py
[2024-02-02T13:59:44.219+0000] {logging_mixin.py:188} INFO - [2024-02-02T13:59:44.218+0000] {dag.py:3036} INFO - Sync 1 DAGs
[2024-02-02T13:59:44.234+0000] {logging_mixin.py:188} INFO - [2024-02-02T13:59:44.233+0000] {dag.py:3823} INFO - Setting next_dagrun for example_python_operator to None, run_after=None
[2024-02-02T13:59:44.255+0000] {processor.py:183} INFO - Processing /home/airflow/.local/lib/python3.8/site-packages/airflow/example_dags/example_python_operator.py took 0.080 seconds
[2024-02-02T14:00:14.395+0000] {processor.py:161} INFO - Started process (PID=742) to work on /home/airflow/.local/lib/python3.8/site-packages/airflow/example_dags/example_python_operator.py
[2024-02-02T14:00:14.397+0000] {processor.py:830} INFO - Processing file /home/airflow/.local/lib/python3.8/site-packages/airflow/example_dags/example_python_operator.py for tasks to queue
[2024-02-02T14:00:14.400+0000] {logging_mixin.py:188} INFO - [2024-02-02T14:00:14.399+0000] {dagbag.py:538} INFO - Filling up the DagBag from /home/airflow/.local/lib/python3.8/site-packages/airflow/example_dags/example_python_operator.py
[2024-02-02T14:00:14.411+0000] {processor.py:840} INFO - DAG(s) 'example_python_operator' retrieved from /home/airflow/.local/lib/python3.8/site-packages/airflow/example_dags/example_python_operator.py
[2024-02-02T14:00:14.436+0000] {logging_mixin.py:188} INFO - [2024-02-02T14:00:14.435+0000] {dag.py:3036} INFO - Sync 1 DAGs
[2024-02-02T14:00:14.448+0000] {logging_mixin.py:188} INFO - [2024-02-02T14:00:14.448+0000] {dag.py:3823} INFO - Setting next_dagrun for example_python_operator to None, run_after=None
[2024-02-02T14:00:14.471+0000] {processor.py:183} INFO - Processing /home/airflow/.local/lib/python3.8/site-packages/airflow/example_dags/example_python_operator.py took 0.080 seconds
[2024-02-02T14:00:44.973+0000] {processor.py:161} INFO - Started process (PID=797) to work on /home/airflow/.local/lib/python3.8/site-packages/airflow/example_dags/example_python_operator.py
[2024-02-02T14:00:44.974+0000] {processor.py:830} INFO - Processing file /home/airflow/.local/lib/python3.8/site-packages/airflow/example_dags/example_python_operator.py for tasks to queue
[2024-02-02T14:00:44.977+0000] {logging_mixin.py:188} INFO - [2024-02-02T14:00:44.976+0000] {dagbag.py:538} INFO - Filling up the DagBag from /home/airflow/.local/lib/python3.8/site-packages/airflow/example_dags/example_python_operator.py
[2024-02-02T14:00:44.989+0000] {processor.py:840} INFO - DAG(s) 'example_python_operator' retrieved from /home/airflow/.local/lib/python3.8/site-packages/airflow/example_dags/example_python_operator.py
[2024-02-02T14:00:45.017+0000] {logging_mixin.py:188} INFO - [2024-02-02T14:00:45.017+0000] {dag.py:3036} INFO - Sync 1 DAGs
[2024-02-02T14:00:45.031+0000] {logging_mixin.py:188} INFO - [2024-02-02T14:00:45.031+0000] {dag.py:3823} INFO - Setting next_dagrun for example_python_operator to None, run_after=None
[2024-02-02T14:00:45.055+0000] {processor.py:183} INFO - Processing /home/airflow/.local/lib/python3.8/site-packages/airflow/example_dags/example_python_operator.py took 0.086 seconds
[2024-02-02T14:01:15.417+0000] {processor.py:161} INFO - Started process (PID=852) to work on /home/airflow/.local/lib/python3.8/site-packages/airflow/example_dags/example_python_operator.py
[2024-02-02T14:01:15.418+0000] {processor.py:830} INFO - Processing file /home/airflow/.local/lib/python3.8/site-packages/airflow/example_dags/example_python_operator.py for tasks to queue
[2024-02-02T14:01:15.421+0000] {logging_mixin.py:188} INFO - [2024-02-02T14:01:15.421+0000] {dagbag.py:538} INFO - Filling up the DagBag from /home/airflow/.local/lib/python3.8/site-packages/airflow/example_dags/example_python_operator.py
[2024-02-02T14:01:15.434+0000] {processor.py:840} INFO - DAG(s) 'example_python_operator' retrieved from /home/airflow/.local/lib/python3.8/site-packages/airflow/example_dags/example_python_operator.py
[2024-02-02T14:01:15.460+0000] {logging_mixin.py:188} INFO - [2024-02-02T14:01:15.459+0000] {dag.py:3036} INFO - Sync 1 DAGs
[2024-02-02T14:01:15.476+0000] {logging_mixin.py:188} INFO - [2024-02-02T14:01:15.476+0000] {dag.py:3823} INFO - Setting next_dagrun for example_python_operator to None, run_after=None
[2024-02-02T14:01:15.501+0000] {processor.py:183} INFO - Processing /home/airflow/.local/lib/python3.8/site-packages/airflow/example_dags/example_python_operator.py took 0.088 seconds
