[2024-02-02T13:54:01.929+0000] {processor.py:161} INFO - Started process (PID=58) to work on /home/airflow/.local/lib/python3.8/site-packages/airflow/example_dags/example_sla_dag.py
[2024-02-02T13:54:01.940+0000] {processor.py:830} INFO - Processing file /home/airflow/.local/lib/python3.8/site-packages/airflow/example_dags/example_sla_dag.py for tasks to queue
[2024-02-02T13:54:01.945+0000] {logging_mixin.py:188} INFO - [2024-02-02T13:54:01.944+0000] {dagbag.py:538} INFO - Filling up the DagBag from /home/airflow/.local/lib/python3.8/site-packages/airflow/example_dags/example_sla_dag.py
[2024-02-02T13:54:01.974+0000] {processor.py:840} INFO - DAG(s) 'example_sla_dag' retrieved from /home/airflow/.local/lib/python3.8/site-packages/airflow/example_dags/example_sla_dag.py
[2024-02-02T13:54:02.201+0000] {logging_mixin.py:188} INFO - [2024-02-02T13:54:02.200+0000] {override.py:1769} INFO - Created Permission View: can delete on DAG:example_sla_dag
[2024-02-02T13:54:02.246+0000] {logging_mixin.py:188} INFO - [2024-02-02T13:54:02.237+0000] {override.py:1769} INFO - Created Permission View: can read on DAG:example_sla_dag
[2024-02-02T13:54:02.270+0000] {logging_mixin.py:188} INFO - [2024-02-02T13:54:02.269+0000] {override.py:1769} INFO - Created Permission View: can edit on DAG:example_sla_dag
[2024-02-02T13:54:02.273+0000] {logging_mixin.py:188} INFO - [2024-02-02T13:54:02.272+0000] {dag.py:3036} INFO - Sync 1 DAGs
[2024-02-02T13:54:02.310+0000] {logging_mixin.py:188} INFO - [2024-02-02T13:54:02.310+0000] {dag.py:3058} INFO - Creating ORM DAG for example_sla_dag
[2024-02-02T13:54:02.338+0000] {logging_mixin.py:188} INFO - [2024-02-02T13:54:02.338+0000] {dag.py:3823} INFO - Setting next_dagrun for example_sla_dag to 2024-02-02 13:52:00+00:00, run_after=2024-02-02 13:54:00+00:00
[2024-02-02T13:54:02.415+0000] {processor.py:183} INFO - Processing /home/airflow/.local/lib/python3.8/site-packages/airflow/example_dags/example_sla_dag.py took 0.490 seconds
[2024-02-02T13:54:32.939+0000] {processor.py:161} INFO - Started process (PID=116) to work on /home/airflow/.local/lib/python3.8/site-packages/airflow/example_dags/example_sla_dag.py
[2024-02-02T13:54:32.940+0000] {processor.py:830} INFO - Processing file /home/airflow/.local/lib/python3.8/site-packages/airflow/example_dags/example_sla_dag.py for tasks to queue
[2024-02-02T13:54:32.943+0000] {logging_mixin.py:188} INFO - [2024-02-02T13:54:32.943+0000] {dagbag.py:538} INFO - Filling up the DagBag from /home/airflow/.local/lib/python3.8/site-packages/airflow/example_dags/example_sla_dag.py
[2024-02-02T13:54:32.953+0000] {processor.py:840} INFO - DAG(s) 'example_sla_dag' retrieved from /home/airflow/.local/lib/python3.8/site-packages/airflow/example_dags/example_sla_dag.py
[2024-02-02T13:54:32.983+0000] {logging_mixin.py:188} INFO - [2024-02-02T13:54:32.982+0000] {dag.py:3036} INFO - Sync 1 DAGs
[2024-02-02T13:54:33.014+0000] {logging_mixin.py:188} INFO - [2024-02-02T13:54:33.013+0000] {dag.py:3823} INFO - Setting next_dagrun for example_sla_dag to 2024-02-02 13:52:00+00:00, run_after=2024-02-02 13:54:00+00:00
[2024-02-02T13:54:33.043+0000] {processor.py:183} INFO - Processing /home/airflow/.local/lib/python3.8/site-packages/airflow/example_dags/example_sla_dag.py took 0.107 seconds
[2024-02-02T13:55:03.101+0000] {processor.py:161} INFO - Started process (PID=171) to work on /home/airflow/.local/lib/python3.8/site-packages/airflow/example_dags/example_sla_dag.py
[2024-02-02T13:55:03.102+0000] {processor.py:830} INFO - Processing file /home/airflow/.local/lib/python3.8/site-packages/airflow/example_dags/example_sla_dag.py for tasks to queue
[2024-02-02T13:55:03.105+0000] {logging_mixin.py:188} INFO - [2024-02-02T13:55:03.104+0000] {dagbag.py:538} INFO - Filling up the DagBag from /home/airflow/.local/lib/python3.8/site-packages/airflow/example_dags/example_sla_dag.py
[2024-02-02T13:55:03.117+0000] {processor.py:840} INFO - DAG(s) 'example_sla_dag' retrieved from /home/airflow/.local/lib/python3.8/site-packages/airflow/example_dags/example_sla_dag.py
[2024-02-02T13:55:03.145+0000] {logging_mixin.py:188} INFO - [2024-02-02T13:55:03.144+0000] {dag.py:3036} INFO - Sync 1 DAGs
[2024-02-02T13:55:03.175+0000] {logging_mixin.py:188} INFO - [2024-02-02T13:55:03.175+0000] {dag.py:3823} INFO - Setting next_dagrun for example_sla_dag to 2024-02-02 13:52:00+00:00, run_after=2024-02-02 13:54:00+00:00
[2024-02-02T13:55:03.214+0000] {processor.py:183} INFO - Processing /home/airflow/.local/lib/python3.8/site-packages/airflow/example_dags/example_sla_dag.py took 0.117 seconds
[2024-02-02T13:55:33.684+0000] {processor.py:161} INFO - Started process (PID=226) to work on /home/airflow/.local/lib/python3.8/site-packages/airflow/example_dags/example_sla_dag.py
[2024-02-02T13:55:33.685+0000] {processor.py:830} INFO - Processing file /home/airflow/.local/lib/python3.8/site-packages/airflow/example_dags/example_sla_dag.py for tasks to queue
[2024-02-02T13:55:33.688+0000] {logging_mixin.py:188} INFO - [2024-02-02T13:55:33.687+0000] {dagbag.py:538} INFO - Filling up the DagBag from /home/airflow/.local/lib/python3.8/site-packages/airflow/example_dags/example_sla_dag.py
[2024-02-02T13:55:33.698+0000] {processor.py:840} INFO - DAG(s) 'example_sla_dag' retrieved from /home/airflow/.local/lib/python3.8/site-packages/airflow/example_dags/example_sla_dag.py
[2024-02-02T13:55:33.718+0000] {logging_mixin.py:188} INFO - [2024-02-02T13:55:33.718+0000] {dag.py:3036} INFO - Sync 1 DAGs
[2024-02-02T13:55:33.743+0000] {logging_mixin.py:188} INFO - [2024-02-02T13:55:33.743+0000] {dag.py:3823} INFO - Setting next_dagrun for example_sla_dag to 2024-02-02 13:52:00+00:00, run_after=2024-02-02 13:54:00+00:00
[2024-02-02T13:55:33.767+0000] {processor.py:183} INFO - Processing /home/airflow/.local/lib/python3.8/site-packages/airflow/example_dags/example_sla_dag.py took 0.088 seconds
[2024-02-02T13:56:03.987+0000] {processor.py:161} INFO - Started process (PID=281) to work on /home/airflow/.local/lib/python3.8/site-packages/airflow/example_dags/example_sla_dag.py
[2024-02-02T13:56:03.989+0000] {processor.py:830} INFO - Processing file /home/airflow/.local/lib/python3.8/site-packages/airflow/example_dags/example_sla_dag.py for tasks to queue
[2024-02-02T13:56:03.991+0000] {logging_mixin.py:188} INFO - [2024-02-02T13:56:03.991+0000] {dagbag.py:538} INFO - Filling up the DagBag from /home/airflow/.local/lib/python3.8/site-packages/airflow/example_dags/example_sla_dag.py
[2024-02-02T13:56:04.000+0000] {processor.py:840} INFO - DAG(s) 'example_sla_dag' retrieved from /home/airflow/.local/lib/python3.8/site-packages/airflow/example_dags/example_sla_dag.py
[2024-02-02T13:56:04.022+0000] {logging_mixin.py:188} INFO - [2024-02-02T13:56:04.022+0000] {dag.py:3036} INFO - Sync 1 DAGs
[2024-02-02T13:56:04.048+0000] {logging_mixin.py:188} INFO - [2024-02-02T13:56:04.048+0000] {dag.py:3823} INFO - Setting next_dagrun for example_sla_dag to 2024-02-02 13:54:00+00:00, run_after=2024-02-02 13:56:00+00:00
[2024-02-02T13:56:04.072+0000] {processor.py:183} INFO - Processing /home/airflow/.local/lib/python3.8/site-packages/airflow/example_dags/example_sla_dag.py took 0.088 seconds
[2024-02-02T13:56:34.497+0000] {processor.py:161} INFO - Started process (PID=336) to work on /home/airflow/.local/lib/python3.8/site-packages/airflow/example_dags/example_sla_dag.py
[2024-02-02T13:56:34.498+0000] {processor.py:830} INFO - Processing file /home/airflow/.local/lib/python3.8/site-packages/airflow/example_dags/example_sla_dag.py for tasks to queue
[2024-02-02T13:56:34.501+0000] {logging_mixin.py:188} INFO - [2024-02-02T13:56:34.500+0000] {dagbag.py:538} INFO - Filling up the DagBag from /home/airflow/.local/lib/python3.8/site-packages/airflow/example_dags/example_sla_dag.py
[2024-02-02T13:56:34.512+0000] {processor.py:840} INFO - DAG(s) 'example_sla_dag' retrieved from /home/airflow/.local/lib/python3.8/site-packages/airflow/example_dags/example_sla_dag.py
[2024-02-02T13:56:34.533+0000] {logging_mixin.py:188} INFO - [2024-02-02T13:56:34.532+0000] {dag.py:3036} INFO - Sync 1 DAGs
[2024-02-02T13:56:34.560+0000] {logging_mixin.py:188} INFO - [2024-02-02T13:56:34.560+0000] {dag.py:3823} INFO - Setting next_dagrun for example_sla_dag to 2024-02-02 13:54:00+00:00, run_after=2024-02-02 13:56:00+00:00
[2024-02-02T13:56:34.581+0000] {processor.py:183} INFO - Processing /home/airflow/.local/lib/python3.8/site-packages/airflow/example_dags/example_sla_dag.py took 0.087 seconds
[2024-02-02T13:57:04.915+0000] {processor.py:161} INFO - Started process (PID=391) to work on /home/airflow/.local/lib/python3.8/site-packages/airflow/example_dags/example_sla_dag.py
[2024-02-02T13:57:04.916+0000] {processor.py:830} INFO - Processing file /home/airflow/.local/lib/python3.8/site-packages/airflow/example_dags/example_sla_dag.py for tasks to queue
[2024-02-02T13:57:04.919+0000] {logging_mixin.py:188} INFO - [2024-02-02T13:57:04.918+0000] {dagbag.py:538} INFO - Filling up the DagBag from /home/airflow/.local/lib/python3.8/site-packages/airflow/example_dags/example_sla_dag.py
[2024-02-02T13:57:04.928+0000] {processor.py:840} INFO - DAG(s) 'example_sla_dag' retrieved from /home/airflow/.local/lib/python3.8/site-packages/airflow/example_dags/example_sla_dag.py
[2024-02-02T13:57:04.951+0000] {logging_mixin.py:188} INFO - [2024-02-02T13:57:04.950+0000] {dag.py:3036} INFO - Sync 1 DAGs
[2024-02-02T13:57:04.976+0000] {logging_mixin.py:188} INFO - [2024-02-02T13:57:04.975+0000] {dag.py:3823} INFO - Setting next_dagrun for example_sla_dag to 2024-02-02 13:54:00+00:00, run_after=2024-02-02 13:56:00+00:00
[2024-02-02T13:57:04.999+0000] {processor.py:183} INFO - Processing /home/airflow/.local/lib/python3.8/site-packages/airflow/example_dags/example_sla_dag.py took 0.087 seconds
[2024-02-02T13:57:35.087+0000] {processor.py:161} INFO - Started process (PID=446) to work on /home/airflow/.local/lib/python3.8/site-packages/airflow/example_dags/example_sla_dag.py
[2024-02-02T13:57:35.088+0000] {processor.py:830} INFO - Processing file /home/airflow/.local/lib/python3.8/site-packages/airflow/example_dags/example_sla_dag.py for tasks to queue
[2024-02-02T13:57:35.091+0000] {logging_mixin.py:188} INFO - [2024-02-02T13:57:35.090+0000] {dagbag.py:538} INFO - Filling up the DagBag from /home/airflow/.local/lib/python3.8/site-packages/airflow/example_dags/example_sla_dag.py
[2024-02-02T13:57:35.099+0000] {processor.py:840} INFO - DAG(s) 'example_sla_dag' retrieved from /home/airflow/.local/lib/python3.8/site-packages/airflow/example_dags/example_sla_dag.py
[2024-02-02T13:57:35.122+0000] {logging_mixin.py:188} INFO - [2024-02-02T13:57:35.121+0000] {dag.py:3036} INFO - Sync 1 DAGs
[2024-02-02T13:57:35.149+0000] {logging_mixin.py:188} INFO - [2024-02-02T13:57:35.149+0000] {dag.py:3823} INFO - Setting next_dagrun for example_sla_dag to 2024-02-02 13:54:00+00:00, run_after=2024-02-02 13:56:00+00:00
[2024-02-02T13:57:35.171+0000] {processor.py:183} INFO - Processing /home/airflow/.local/lib/python3.8/site-packages/airflow/example_dags/example_sla_dag.py took 0.087 seconds
[2024-02-02T13:58:05.783+0000] {processor.py:161} INFO - Started process (PID=501) to work on /home/airflow/.local/lib/python3.8/site-packages/airflow/example_dags/example_sla_dag.py
[2024-02-02T13:58:05.784+0000] {processor.py:830} INFO - Processing file /home/airflow/.local/lib/python3.8/site-packages/airflow/example_dags/example_sla_dag.py for tasks to queue
[2024-02-02T13:58:05.787+0000] {logging_mixin.py:188} INFO - [2024-02-02T13:58:05.787+0000] {dagbag.py:538} INFO - Filling up the DagBag from /home/airflow/.local/lib/python3.8/site-packages/airflow/example_dags/example_sla_dag.py
[2024-02-02T13:58:05.798+0000] {processor.py:840} INFO - DAG(s) 'example_sla_dag' retrieved from /home/airflow/.local/lib/python3.8/site-packages/airflow/example_dags/example_sla_dag.py
[2024-02-02T13:58:05.821+0000] {logging_mixin.py:188} INFO - [2024-02-02T13:58:05.820+0000] {dag.py:3036} INFO - Sync 1 DAGs
[2024-02-02T13:58:05.848+0000] {logging_mixin.py:188} INFO - [2024-02-02T13:58:05.848+0000] {dag.py:3823} INFO - Setting next_dagrun for example_sla_dag to 2024-02-02 13:56:00+00:00, run_after=2024-02-02 13:58:00+00:00
[2024-02-02T13:58:05.870+0000] {processor.py:183} INFO - Processing /home/airflow/.local/lib/python3.8/site-packages/airflow/example_dags/example_sla_dag.py took 0.090 seconds
[2024-02-02T13:58:36.246+0000] {processor.py:161} INFO - Started process (PID=556) to work on /home/airflow/.local/lib/python3.8/site-packages/airflow/example_dags/example_sla_dag.py
[2024-02-02T13:58:36.249+0000] {processor.py:830} INFO - Processing file /home/airflow/.local/lib/python3.8/site-packages/airflow/example_dags/example_sla_dag.py for tasks to queue
[2024-02-02T13:58:36.252+0000] {logging_mixin.py:188} INFO - [2024-02-02T13:58:36.251+0000] {dagbag.py:538} INFO - Filling up the DagBag from /home/airflow/.local/lib/python3.8/site-packages/airflow/example_dags/example_sla_dag.py
[2024-02-02T13:58:36.262+0000] {processor.py:840} INFO - DAG(s) 'example_sla_dag' retrieved from /home/airflow/.local/lib/python3.8/site-packages/airflow/example_dags/example_sla_dag.py
[2024-02-02T13:58:36.287+0000] {logging_mixin.py:188} INFO - [2024-02-02T13:58:36.287+0000] {dag.py:3036} INFO - Sync 1 DAGs
[2024-02-02T13:58:36.321+0000] {logging_mixin.py:188} INFO - [2024-02-02T13:58:36.321+0000] {dag.py:3823} INFO - Setting next_dagrun for example_sla_dag to 2024-02-02 13:56:00+00:00, run_after=2024-02-02 13:58:00+00:00
[2024-02-02T13:58:36.356+0000] {processor.py:183} INFO - Processing /home/airflow/.local/lib/python3.8/site-packages/airflow/example_dags/example_sla_dag.py took 0.114 seconds
[2024-02-02T13:59:07.038+0000] {processor.py:161} INFO - Started process (PID=611) to work on /home/airflow/.local/lib/python3.8/site-packages/airflow/example_dags/example_sla_dag.py
[2024-02-02T13:59:07.039+0000] {processor.py:830} INFO - Processing file /home/airflow/.local/lib/python3.8/site-packages/airflow/example_dags/example_sla_dag.py for tasks to queue
[2024-02-02T13:59:07.042+0000] {logging_mixin.py:188} INFO - [2024-02-02T13:59:07.042+0000] {dagbag.py:538} INFO - Filling up the DagBag from /home/airflow/.local/lib/python3.8/site-packages/airflow/example_dags/example_sla_dag.py
[2024-02-02T13:59:07.054+0000] {processor.py:840} INFO - DAG(s) 'example_sla_dag' retrieved from /home/airflow/.local/lib/python3.8/site-packages/airflow/example_dags/example_sla_dag.py
[2024-02-02T13:59:07.077+0000] {logging_mixin.py:188} INFO - [2024-02-02T13:59:07.077+0000] {dag.py:3036} INFO - Sync 1 DAGs
[2024-02-02T13:59:07.104+0000] {logging_mixin.py:188} INFO - [2024-02-02T13:59:07.103+0000] {dag.py:3823} INFO - Setting next_dagrun for example_sla_dag to 2024-02-02 13:56:00+00:00, run_after=2024-02-02 13:58:00+00:00
[2024-02-02T13:59:07.129+0000] {processor.py:183} INFO - Processing /home/airflow/.local/lib/python3.8/site-packages/airflow/example_dags/example_sla_dag.py took 0.095 seconds
[2024-02-02T13:59:37.591+0000] {processor.py:161} INFO - Started process (PID=666) to work on /home/airflow/.local/lib/python3.8/site-packages/airflow/example_dags/example_sla_dag.py
[2024-02-02T13:59:37.593+0000] {processor.py:830} INFO - Processing file /home/airflow/.local/lib/python3.8/site-packages/airflow/example_dags/example_sla_dag.py for tasks to queue
[2024-02-02T13:59:37.597+0000] {logging_mixin.py:188} INFO - [2024-02-02T13:59:37.596+0000] {dagbag.py:538} INFO - Filling up the DagBag from /home/airflow/.local/lib/python3.8/site-packages/airflow/example_dags/example_sla_dag.py
[2024-02-02T13:59:37.610+0000] {processor.py:840} INFO - DAG(s) 'example_sla_dag' retrieved from /home/airflow/.local/lib/python3.8/site-packages/airflow/example_dags/example_sla_dag.py
[2024-02-02T13:59:37.638+0000] {logging_mixin.py:188} INFO - [2024-02-02T13:59:37.638+0000] {dag.py:3036} INFO - Sync 1 DAGs
[2024-02-02T13:59:37.692+0000] {logging_mixin.py:188} INFO - [2024-02-02T13:59:37.692+0000] {dag.py:3823} INFO - Setting next_dagrun for example_sla_dag to 2024-02-02 13:56:00+00:00, run_after=2024-02-02 13:58:00+00:00
[2024-02-02T13:59:37.721+0000] {processor.py:183} INFO - Processing /home/airflow/.local/lib/python3.8/site-packages/airflow/example_dags/example_sla_dag.py took 0.134 seconds
[2024-02-02T14:00:08.139+0000] {processor.py:161} INFO - Started process (PID=721) to work on /home/airflow/.local/lib/python3.8/site-packages/airflow/example_dags/example_sla_dag.py
[2024-02-02T14:00:08.141+0000] {processor.py:830} INFO - Processing file /home/airflow/.local/lib/python3.8/site-packages/airflow/example_dags/example_sla_dag.py for tasks to queue
[2024-02-02T14:00:08.143+0000] {logging_mixin.py:188} INFO - [2024-02-02T14:00:08.143+0000] {dagbag.py:538} INFO - Filling up the DagBag from /home/airflow/.local/lib/python3.8/site-packages/airflow/example_dags/example_sla_dag.py
[2024-02-02T14:00:08.152+0000] {processor.py:840} INFO - DAG(s) 'example_sla_dag' retrieved from /home/airflow/.local/lib/python3.8/site-packages/airflow/example_dags/example_sla_dag.py
[2024-02-02T14:00:08.182+0000] {logging_mixin.py:188} INFO - [2024-02-02T14:00:08.181+0000] {dag.py:3036} INFO - Sync 1 DAGs
[2024-02-02T14:00:08.210+0000] {logging_mixin.py:188} INFO - [2024-02-02T14:00:08.210+0000] {dag.py:3823} INFO - Setting next_dagrun for example_sla_dag to 2024-02-02 13:58:00+00:00, run_after=2024-02-02 14:00:00+00:00
[2024-02-02T14:00:08.232+0000] {processor.py:183} INFO - Processing /home/airflow/.local/lib/python3.8/site-packages/airflow/example_dags/example_sla_dag.py took 0.096 seconds
[2024-02-02T14:00:38.359+0000] {processor.py:161} INFO - Started process (PID=776) to work on /home/airflow/.local/lib/python3.8/site-packages/airflow/example_dags/example_sla_dag.py
[2024-02-02T14:00:38.360+0000] {processor.py:830} INFO - Processing file /home/airflow/.local/lib/python3.8/site-packages/airflow/example_dags/example_sla_dag.py for tasks to queue
[2024-02-02T14:00:38.362+0000] {logging_mixin.py:188} INFO - [2024-02-02T14:00:38.362+0000] {dagbag.py:538} INFO - Filling up the DagBag from /home/airflow/.local/lib/python3.8/site-packages/airflow/example_dags/example_sla_dag.py
[2024-02-02T14:00:38.370+0000] {processor.py:840} INFO - DAG(s) 'example_sla_dag' retrieved from /home/airflow/.local/lib/python3.8/site-packages/airflow/example_dags/example_sla_dag.py
[2024-02-02T14:00:38.395+0000] {logging_mixin.py:188} INFO - [2024-02-02T14:00:38.394+0000] {dag.py:3036} INFO - Sync 1 DAGs
[2024-02-02T14:00:38.421+0000] {logging_mixin.py:188} INFO - [2024-02-02T14:00:38.420+0000] {dag.py:3823} INFO - Setting next_dagrun for example_sla_dag to 2024-02-02 13:58:00+00:00, run_after=2024-02-02 14:00:00+00:00
[2024-02-02T14:00:38.446+0000] {processor.py:183} INFO - Processing /home/airflow/.local/lib/python3.8/site-packages/airflow/example_dags/example_sla_dag.py took 0.090 seconds
[2024-02-02T14:01:08.871+0000] {processor.py:161} INFO - Started process (PID=831) to work on /home/airflow/.local/lib/python3.8/site-packages/airflow/example_dags/example_sla_dag.py
[2024-02-02T14:01:08.872+0000] {processor.py:830} INFO - Processing file /home/airflow/.local/lib/python3.8/site-packages/airflow/example_dags/example_sla_dag.py for tasks to queue
[2024-02-02T14:01:08.875+0000] {logging_mixin.py:188} INFO - [2024-02-02T14:01:08.874+0000] {dagbag.py:538} INFO - Filling up the DagBag from /home/airflow/.local/lib/python3.8/site-packages/airflow/example_dags/example_sla_dag.py
[2024-02-02T14:01:08.884+0000] {processor.py:840} INFO - DAG(s) 'example_sla_dag' retrieved from /home/airflow/.local/lib/python3.8/site-packages/airflow/example_dags/example_sla_dag.py
[2024-02-02T14:01:08.909+0000] {logging_mixin.py:188} INFO - [2024-02-02T14:01:08.908+0000] {dag.py:3036} INFO - Sync 1 DAGs
[2024-02-02T14:01:08.933+0000] {logging_mixin.py:188} INFO - [2024-02-02T14:01:08.932+0000] {dag.py:3823} INFO - Setting next_dagrun for example_sla_dag to 2024-02-02 13:58:00+00:00, run_after=2024-02-02 14:00:00+00:00
[2024-02-02T14:01:08.957+0000] {processor.py:183} INFO - Processing /home/airflow/.local/lib/python3.8/site-packages/airflow/example_dags/example_sla_dag.py took 0.090 seconds
