[2024-02-02T13:54:08.548+0000] {processor.py:161} INFO - Started process (PID=81) to work on /home/airflow/.local/lib/python3.8/site-packages/airflow/example_dags/example_latest_only.py
[2024-02-02T13:54:08.550+0000] {processor.py:830} INFO - Processing file /home/airflow/.local/lib/python3.8/site-packages/airflow/example_dags/example_latest_only.py for tasks to queue
[2024-02-02T13:54:08.553+0000] {logging_mixin.py:188} INFO - [2024-02-02T13:54:08.553+0000] {dagbag.py:538} INFO - Filling up the DagBag from /home/airflow/.local/lib/python3.8/site-packages/airflow/example_dags/example_latest_only.py
[2024-02-02T13:54:08.560+0000] {processor.py:840} INFO - DAG(s) 'latest_only' retrieved from /home/airflow/.local/lib/python3.8/site-packages/airflow/example_dags/example_latest_only.py
[2024-02-02T13:54:08.709+0000] {logging_mixin.py:188} INFO - [2024-02-02T13:54:08.708+0000] {override.py:1769} INFO - Created Permission View: can delete on DAG:latest_only
[2024-02-02T13:54:08.732+0000] {logging_mixin.py:188} INFO - [2024-02-02T13:54:08.731+0000] {override.py:1769} INFO - Created Permission View: can read on DAG:latest_only
[2024-02-02T13:54:08.751+0000] {logging_mixin.py:188} INFO - [2024-02-02T13:54:08.751+0000] {override.py:1769} INFO - Created Permission View: can edit on DAG:latest_only
[2024-02-02T13:54:08.753+0000] {logging_mixin.py:188} INFO - [2024-02-02T13:54:08.753+0000] {dag.py:3036} INFO - Sync 1 DAGs
[2024-02-02T13:54:08.772+0000] {logging_mixin.py:188} INFO - [2024-02-02T13:54:08.772+0000] {dag.py:3058} INFO - Creating ORM DAG for latest_only
[2024-02-02T13:54:08.786+0000] {logging_mixin.py:188} INFO - [2024-02-02T13:54:08.786+0000] {dag.py:3823} INFO - Setting next_dagrun for latest_only to 2024-02-02 08:00:00+00:00, run_after=2024-02-02 12:00:00+00:00
[2024-02-02T13:54:08.812+0000] {processor.py:183} INFO - Processing /home/airflow/.local/lib/python3.8/site-packages/airflow/example_dags/example_latest_only.py took 0.269 seconds
[2024-02-02T13:54:39.003+0000] {processor.py:161} INFO - Started process (PID=139) to work on /home/airflow/.local/lib/python3.8/site-packages/airflow/example_dags/example_latest_only.py
[2024-02-02T13:54:39.004+0000] {processor.py:830} INFO - Processing file /home/airflow/.local/lib/python3.8/site-packages/airflow/example_dags/example_latest_only.py for tasks to queue
[2024-02-02T13:54:39.006+0000] {logging_mixin.py:188} INFO - [2024-02-02T13:54:39.006+0000] {dagbag.py:538} INFO - Filling up the DagBag from /home/airflow/.local/lib/python3.8/site-packages/airflow/example_dags/example_latest_only.py
[2024-02-02T13:54:39.012+0000] {processor.py:840} INFO - DAG(s) 'latest_only' retrieved from /home/airflow/.local/lib/python3.8/site-packages/airflow/example_dags/example_latest_only.py
[2024-02-02T13:54:39.036+0000] {logging_mixin.py:188} INFO - [2024-02-02T13:54:39.036+0000] {dag.py:3036} INFO - Sync 1 DAGs
[2024-02-02T13:54:39.063+0000] {logging_mixin.py:188} INFO - [2024-02-02T13:54:39.062+0000] {dag.py:3823} INFO - Setting next_dagrun for latest_only to 2024-02-02 08:00:00+00:00, run_after=2024-02-02 12:00:00+00:00
[2024-02-02T13:54:39.084+0000] {processor.py:183} INFO - Processing /home/airflow/.local/lib/python3.8/site-packages/airflow/example_dags/example_latest_only.py took 0.084 seconds
[2024-02-02T13:55:09.856+0000] {processor.py:161} INFO - Started process (PID=194) to work on /home/airflow/.local/lib/python3.8/site-packages/airflow/example_dags/example_latest_only.py
[2024-02-02T13:55:09.857+0000] {processor.py:830} INFO - Processing file /home/airflow/.local/lib/python3.8/site-packages/airflow/example_dags/example_latest_only.py for tasks to queue
[2024-02-02T13:55:09.860+0000] {logging_mixin.py:188} INFO - [2024-02-02T13:55:09.860+0000] {dagbag.py:538} INFO - Filling up the DagBag from /home/airflow/.local/lib/python3.8/site-packages/airflow/example_dags/example_latest_only.py
[2024-02-02T13:55:09.868+0000] {processor.py:840} INFO - DAG(s) 'latest_only' retrieved from /home/airflow/.local/lib/python3.8/site-packages/airflow/example_dags/example_latest_only.py
[2024-02-02T13:55:09.894+0000] {logging_mixin.py:188} INFO - [2024-02-02T13:55:09.894+0000] {dag.py:3036} INFO - Sync 1 DAGs
[2024-02-02T13:55:09.923+0000] {logging_mixin.py:188} INFO - [2024-02-02T13:55:09.923+0000] {dag.py:3823} INFO - Setting next_dagrun for latest_only to 2024-02-02 08:00:00+00:00, run_after=2024-02-02 12:00:00+00:00
[2024-02-02T13:55:09.948+0000] {processor.py:183} INFO - Processing /home/airflow/.local/lib/python3.8/site-packages/airflow/example_dags/example_latest_only.py took 0.098 seconds
[2024-02-02T13:55:40.359+0000] {processor.py:161} INFO - Started process (PID=249) to work on /home/airflow/.local/lib/python3.8/site-packages/airflow/example_dags/example_latest_only.py
[2024-02-02T13:55:40.360+0000] {processor.py:830} INFO - Processing file /home/airflow/.local/lib/python3.8/site-packages/airflow/example_dags/example_latest_only.py for tasks to queue
[2024-02-02T13:55:40.363+0000] {logging_mixin.py:188} INFO - [2024-02-02T13:55:40.362+0000] {dagbag.py:538} INFO - Filling up the DagBag from /home/airflow/.local/lib/python3.8/site-packages/airflow/example_dags/example_latest_only.py
[2024-02-02T13:55:40.369+0000] {processor.py:840} INFO - DAG(s) 'latest_only' retrieved from /home/airflow/.local/lib/python3.8/site-packages/airflow/example_dags/example_latest_only.py
[2024-02-02T13:55:40.395+0000] {logging_mixin.py:188} INFO - [2024-02-02T13:55:40.394+0000] {dag.py:3036} INFO - Sync 1 DAGs
[2024-02-02T13:55:40.423+0000] {logging_mixin.py:188} INFO - [2024-02-02T13:55:40.423+0000] {dag.py:3823} INFO - Setting next_dagrun for latest_only to 2024-02-02 08:00:00+00:00, run_after=2024-02-02 12:00:00+00:00
[2024-02-02T13:55:40.450+0000] {processor.py:183} INFO - Processing /home/airflow/.local/lib/python3.8/site-packages/airflow/example_dags/example_latest_only.py took 0.095 seconds
[2024-02-02T13:56:10.715+0000] {processor.py:161} INFO - Started process (PID=304) to work on /home/airflow/.local/lib/python3.8/site-packages/airflow/example_dags/example_latest_only.py
[2024-02-02T13:56:10.716+0000] {processor.py:830} INFO - Processing file /home/airflow/.local/lib/python3.8/site-packages/airflow/example_dags/example_latest_only.py for tasks to queue
[2024-02-02T13:56:10.718+0000] {logging_mixin.py:188} INFO - [2024-02-02T13:56:10.718+0000] {dagbag.py:538} INFO - Filling up the DagBag from /home/airflow/.local/lib/python3.8/site-packages/airflow/example_dags/example_latest_only.py
[2024-02-02T13:56:10.724+0000] {processor.py:840} INFO - DAG(s) 'latest_only' retrieved from /home/airflow/.local/lib/python3.8/site-packages/airflow/example_dags/example_latest_only.py
[2024-02-02T13:56:10.746+0000] {logging_mixin.py:188} INFO - [2024-02-02T13:56:10.746+0000] {dag.py:3036} INFO - Sync 1 DAGs
[2024-02-02T13:56:10.768+0000] {logging_mixin.py:188} INFO - [2024-02-02T13:56:10.768+0000] {dag.py:3823} INFO - Setting next_dagrun for latest_only to 2024-02-02 08:00:00+00:00, run_after=2024-02-02 12:00:00+00:00
[2024-02-02T13:56:10.792+0000] {processor.py:183} INFO - Processing /home/airflow/.local/lib/python3.8/site-packages/airflow/example_dags/example_latest_only.py took 0.081 seconds
[2024-02-02T13:56:41.131+0000] {processor.py:161} INFO - Started process (PID=359) to work on /home/airflow/.local/lib/python3.8/site-packages/airflow/example_dags/example_latest_only.py
[2024-02-02T13:56:41.132+0000] {processor.py:830} INFO - Processing file /home/airflow/.local/lib/python3.8/site-packages/airflow/example_dags/example_latest_only.py for tasks to queue
[2024-02-02T13:56:41.135+0000] {logging_mixin.py:188} INFO - [2024-02-02T13:56:41.134+0000] {dagbag.py:538} INFO - Filling up the DagBag from /home/airflow/.local/lib/python3.8/site-packages/airflow/example_dags/example_latest_only.py
[2024-02-02T13:56:41.141+0000] {processor.py:840} INFO - DAG(s) 'latest_only' retrieved from /home/airflow/.local/lib/python3.8/site-packages/airflow/example_dags/example_latest_only.py
[2024-02-02T13:56:41.164+0000] {logging_mixin.py:188} INFO - [2024-02-02T13:56:41.164+0000] {dag.py:3036} INFO - Sync 1 DAGs
[2024-02-02T13:56:41.189+0000] {logging_mixin.py:188} INFO - [2024-02-02T13:56:41.189+0000] {dag.py:3823} INFO - Setting next_dagrun for latest_only to 2024-02-02 08:00:00+00:00, run_after=2024-02-02 12:00:00+00:00
[2024-02-02T13:56:41.214+0000] {processor.py:183} INFO - Processing /home/airflow/.local/lib/python3.8/site-packages/airflow/example_dags/example_latest_only.py took 0.086 seconds
[2024-02-02T13:57:11.392+0000] {processor.py:161} INFO - Started process (PID=414) to work on /home/airflow/.local/lib/python3.8/site-packages/airflow/example_dags/example_latest_only.py
[2024-02-02T13:57:11.394+0000] {processor.py:830} INFO - Processing file /home/airflow/.local/lib/python3.8/site-packages/airflow/example_dags/example_latest_only.py for tasks to queue
[2024-02-02T13:57:11.396+0000] {logging_mixin.py:188} INFO - [2024-02-02T13:57:11.396+0000] {dagbag.py:538} INFO - Filling up the DagBag from /home/airflow/.local/lib/python3.8/site-packages/airflow/example_dags/example_latest_only.py
[2024-02-02T13:57:11.403+0000] {processor.py:840} INFO - DAG(s) 'latest_only' retrieved from /home/airflow/.local/lib/python3.8/site-packages/airflow/example_dags/example_latest_only.py
[2024-02-02T13:57:11.428+0000] {logging_mixin.py:188} INFO - [2024-02-02T13:57:11.428+0000] {dag.py:3036} INFO - Sync 1 DAGs
[2024-02-02T13:57:11.454+0000] {logging_mixin.py:188} INFO - [2024-02-02T13:57:11.454+0000] {dag.py:3823} INFO - Setting next_dagrun for latest_only to 2024-02-02 08:00:00+00:00, run_after=2024-02-02 12:00:00+00:00
[2024-02-02T13:57:11.479+0000] {processor.py:183} INFO - Processing /home/airflow/.local/lib/python3.8/site-packages/airflow/example_dags/example_latest_only.py took 0.090 seconds
[2024-02-02T13:57:41.913+0000] {processor.py:161} INFO - Started process (PID=469) to work on /home/airflow/.local/lib/python3.8/site-packages/airflow/example_dags/example_latest_only.py
[2024-02-02T13:57:41.915+0000] {processor.py:830} INFO - Processing file /home/airflow/.local/lib/python3.8/site-packages/airflow/example_dags/example_latest_only.py for tasks to queue
[2024-02-02T13:57:41.917+0000] {logging_mixin.py:188} INFO - [2024-02-02T13:57:41.917+0000] {dagbag.py:538} INFO - Filling up the DagBag from /home/airflow/.local/lib/python3.8/site-packages/airflow/example_dags/example_latest_only.py
[2024-02-02T13:57:41.923+0000] {processor.py:840} INFO - DAG(s) 'latest_only' retrieved from /home/airflow/.local/lib/python3.8/site-packages/airflow/example_dags/example_latest_only.py
[2024-02-02T13:57:41.946+0000] {logging_mixin.py:188} INFO - [2024-02-02T13:57:41.946+0000] {dag.py:3036} INFO - Sync 1 DAGs
[2024-02-02T13:57:41.974+0000] {logging_mixin.py:188} INFO - [2024-02-02T13:57:41.974+0000] {dag.py:3823} INFO - Setting next_dagrun for latest_only to 2024-02-02 08:00:00+00:00, run_after=2024-02-02 12:00:00+00:00
[2024-02-02T13:57:41.997+0000] {processor.py:183} INFO - Processing /home/airflow/.local/lib/python3.8/site-packages/airflow/example_dags/example_latest_only.py took 0.087 seconds
[2024-02-02T13:58:12.345+0000] {processor.py:161} INFO - Started process (PID=524) to work on /home/airflow/.local/lib/python3.8/site-packages/airflow/example_dags/example_latest_only.py
[2024-02-02T13:58:12.346+0000] {processor.py:830} INFO - Processing file /home/airflow/.local/lib/python3.8/site-packages/airflow/example_dags/example_latest_only.py for tasks to queue
[2024-02-02T13:58:12.349+0000] {logging_mixin.py:188} INFO - [2024-02-02T13:58:12.349+0000] {dagbag.py:538} INFO - Filling up the DagBag from /home/airflow/.local/lib/python3.8/site-packages/airflow/example_dags/example_latest_only.py
[2024-02-02T13:58:12.355+0000] {processor.py:840} INFO - DAG(s) 'latest_only' retrieved from /home/airflow/.local/lib/python3.8/site-packages/airflow/example_dags/example_latest_only.py
[2024-02-02T13:58:12.381+0000] {logging_mixin.py:188} INFO - [2024-02-02T13:58:12.380+0000] {dag.py:3036} INFO - Sync 1 DAGs
[2024-02-02T13:58:12.405+0000] {logging_mixin.py:188} INFO - [2024-02-02T13:58:12.405+0000] {dag.py:3823} INFO - Setting next_dagrun for latest_only to 2024-02-02 08:00:00+00:00, run_after=2024-02-02 12:00:00+00:00
[2024-02-02T13:58:12.434+0000] {processor.py:183} INFO - Processing /home/airflow/.local/lib/python3.8/site-packages/airflow/example_dags/example_latest_only.py took 0.093 seconds
[2024-02-02T13:58:43.001+0000] {processor.py:161} INFO - Started process (PID=579) to work on /home/airflow/.local/lib/python3.8/site-packages/airflow/example_dags/example_latest_only.py
[2024-02-02T13:58:43.002+0000] {processor.py:830} INFO - Processing file /home/airflow/.local/lib/python3.8/site-packages/airflow/example_dags/example_latest_only.py for tasks to queue
[2024-02-02T13:58:43.005+0000] {logging_mixin.py:188} INFO - [2024-02-02T13:58:43.004+0000] {dagbag.py:538} INFO - Filling up the DagBag from /home/airflow/.local/lib/python3.8/site-packages/airflow/example_dags/example_latest_only.py
[2024-02-02T13:58:43.011+0000] {processor.py:840} INFO - DAG(s) 'latest_only' retrieved from /home/airflow/.local/lib/python3.8/site-packages/airflow/example_dags/example_latest_only.py
[2024-02-02T13:58:43.036+0000] {logging_mixin.py:188} INFO - [2024-02-02T13:58:43.036+0000] {dag.py:3036} INFO - Sync 1 DAGs
[2024-02-02T13:58:43.061+0000] {logging_mixin.py:188} INFO - [2024-02-02T13:58:43.061+0000] {dag.py:3823} INFO - Setting next_dagrun for latest_only to 2024-02-02 08:00:00+00:00, run_after=2024-02-02 12:00:00+00:00
[2024-02-02T13:58:43.091+0000] {processor.py:183} INFO - Processing /home/airflow/.local/lib/python3.8/site-packages/airflow/example_dags/example_latest_only.py took 0.093 seconds
[2024-02-02T13:59:13.780+0000] {processor.py:161} INFO - Started process (PID=634) to work on /home/airflow/.local/lib/python3.8/site-packages/airflow/example_dags/example_latest_only.py
[2024-02-02T13:59:13.781+0000] {processor.py:830} INFO - Processing file /home/airflow/.local/lib/python3.8/site-packages/airflow/example_dags/example_latest_only.py for tasks to queue
[2024-02-02T13:59:13.784+0000] {logging_mixin.py:188} INFO - [2024-02-02T13:59:13.783+0000] {dagbag.py:538} INFO - Filling up the DagBag from /home/airflow/.local/lib/python3.8/site-packages/airflow/example_dags/example_latest_only.py
[2024-02-02T13:59:13.789+0000] {processor.py:840} INFO - DAG(s) 'latest_only' retrieved from /home/airflow/.local/lib/python3.8/site-packages/airflow/example_dags/example_latest_only.py
[2024-02-02T13:59:13.814+0000] {logging_mixin.py:188} INFO - [2024-02-02T13:59:13.813+0000] {dag.py:3036} INFO - Sync 1 DAGs
[2024-02-02T13:59:13.839+0000] {logging_mixin.py:188} INFO - [2024-02-02T13:59:13.838+0000] {dag.py:3823} INFO - Setting next_dagrun for latest_only to 2024-02-02 08:00:00+00:00, run_after=2024-02-02 12:00:00+00:00
[2024-02-02T13:59:13.863+0000] {processor.py:183} INFO - Processing /home/airflow/.local/lib/python3.8/site-packages/airflow/example_dags/example_latest_only.py took 0.086 seconds
[2024-02-02T13:59:44.307+0000] {processor.py:161} INFO - Started process (PID=689) to work on /home/airflow/.local/lib/python3.8/site-packages/airflow/example_dags/example_latest_only.py
[2024-02-02T13:59:44.308+0000] {processor.py:830} INFO - Processing file /home/airflow/.local/lib/python3.8/site-packages/airflow/example_dags/example_latest_only.py for tasks to queue
[2024-02-02T13:59:44.311+0000] {logging_mixin.py:188} INFO - [2024-02-02T13:59:44.311+0000] {dagbag.py:538} INFO - Filling up the DagBag from /home/airflow/.local/lib/python3.8/site-packages/airflow/example_dags/example_latest_only.py
[2024-02-02T13:59:44.318+0000] {processor.py:840} INFO - DAG(s) 'latest_only' retrieved from /home/airflow/.local/lib/python3.8/site-packages/airflow/example_dags/example_latest_only.py
[2024-02-02T13:59:44.345+0000] {logging_mixin.py:188} INFO - [2024-02-02T13:59:44.345+0000] {dag.py:3036} INFO - Sync 1 DAGs
[2024-02-02T13:59:44.371+0000] {logging_mixin.py:188} INFO - [2024-02-02T13:59:44.371+0000] {dag.py:3823} INFO - Setting next_dagrun for latest_only to 2024-02-02 08:00:00+00:00, run_after=2024-02-02 12:00:00+00:00
[2024-02-02T13:59:44.398+0000] {processor.py:183} INFO - Processing /home/airflow/.local/lib/python3.8/site-packages/airflow/example_dags/example_latest_only.py took 0.094 seconds
[2024-02-02T14:00:14.559+0000] {processor.py:161} INFO - Started process (PID=744) to work on /home/airflow/.local/lib/python3.8/site-packages/airflow/example_dags/example_latest_only.py
[2024-02-02T14:00:14.560+0000] {processor.py:830} INFO - Processing file /home/airflow/.local/lib/python3.8/site-packages/airflow/example_dags/example_latest_only.py for tasks to queue
[2024-02-02T14:00:14.562+0000] {logging_mixin.py:188} INFO - [2024-02-02T14:00:14.562+0000] {dagbag.py:538} INFO - Filling up the DagBag from /home/airflow/.local/lib/python3.8/site-packages/airflow/example_dags/example_latest_only.py
[2024-02-02T14:00:14.568+0000] {processor.py:840} INFO - DAG(s) 'latest_only' retrieved from /home/airflow/.local/lib/python3.8/site-packages/airflow/example_dags/example_latest_only.py
[2024-02-02T14:00:14.592+0000] {logging_mixin.py:188} INFO - [2024-02-02T14:00:14.591+0000] {dag.py:3036} INFO - Sync 1 DAGs
[2024-02-02T14:00:14.617+0000] {logging_mixin.py:188} INFO - [2024-02-02T14:00:14.617+0000] {dag.py:3823} INFO - Setting next_dagrun for latest_only to 2024-02-02 08:00:00+00:00, run_after=2024-02-02 12:00:00+00:00
[2024-02-02T14:00:14.640+0000] {processor.py:183} INFO - Processing /home/airflow/.local/lib/python3.8/site-packages/airflow/example_dags/example_latest_only.py took 0.084 seconds
[2024-02-02T14:00:45.092+0000] {processor.py:161} INFO - Started process (PID=799) to work on /home/airflow/.local/lib/python3.8/site-packages/airflow/example_dags/example_latest_only.py
[2024-02-02T14:00:45.094+0000] {processor.py:830} INFO - Processing file /home/airflow/.local/lib/python3.8/site-packages/airflow/example_dags/example_latest_only.py for tasks to queue
[2024-02-02T14:00:45.097+0000] {logging_mixin.py:188} INFO - [2024-02-02T14:00:45.096+0000] {dagbag.py:538} INFO - Filling up the DagBag from /home/airflow/.local/lib/python3.8/site-packages/airflow/example_dags/example_latest_only.py
[2024-02-02T14:00:45.105+0000] {processor.py:840} INFO - DAG(s) 'latest_only' retrieved from /home/airflow/.local/lib/python3.8/site-packages/airflow/example_dags/example_latest_only.py
[2024-02-02T14:00:45.129+0000] {logging_mixin.py:188} INFO - [2024-02-02T14:00:45.128+0000] {dag.py:3036} INFO - Sync 1 DAGs
[2024-02-02T14:00:45.150+0000] {logging_mixin.py:188} INFO - [2024-02-02T14:00:45.150+0000] {dag.py:3823} INFO - Setting next_dagrun for latest_only to 2024-02-02 08:00:00+00:00, run_after=2024-02-02 12:00:00+00:00
[2024-02-02T14:00:45.177+0000] {processor.py:183} INFO - Processing /home/airflow/.local/lib/python3.8/site-packages/airflow/example_dags/example_latest_only.py took 0.088 seconds
[2024-02-02T14:01:15.584+0000] {processor.py:161} INFO - Started process (PID=854) to work on /home/airflow/.local/lib/python3.8/site-packages/airflow/example_dags/example_latest_only.py
[2024-02-02T14:01:15.586+0000] {processor.py:830} INFO - Processing file /home/airflow/.local/lib/python3.8/site-packages/airflow/example_dags/example_latest_only.py for tasks to queue
[2024-02-02T14:01:15.588+0000] {logging_mixin.py:188} INFO - [2024-02-02T14:01:15.588+0000] {dagbag.py:538} INFO - Filling up the DagBag from /home/airflow/.local/lib/python3.8/site-packages/airflow/example_dags/example_latest_only.py
[2024-02-02T14:01:15.596+0000] {processor.py:840} INFO - DAG(s) 'latest_only' retrieved from /home/airflow/.local/lib/python3.8/site-packages/airflow/example_dags/example_latest_only.py
[2024-02-02T14:01:15.619+0000] {logging_mixin.py:188} INFO - [2024-02-02T14:01:15.618+0000] {dag.py:3036} INFO - Sync 1 DAGs
[2024-02-02T14:01:15.641+0000] {logging_mixin.py:188} INFO - [2024-02-02T14:01:15.640+0000] {dag.py:3823} INFO - Setting next_dagrun for latest_only to 2024-02-02 08:00:00+00:00, run_after=2024-02-02 12:00:00+00:00
[2024-02-02T14:01:15.667+0000] {processor.py:183} INFO - Processing /home/airflow/.local/lib/python3.8/site-packages/airflow/example_dags/example_latest_only.py took 0.087 seconds
