[2024-02-02T13:54:09.081+0000] {processor.py:161} INFO - Started process (PID=84) to work on /home/airflow/.local/lib/python3.8/site-packages/airflow/example_dags/example_short_circuit_operator.py
[2024-02-02T13:54:09.082+0000] {processor.py:830} INFO - Processing file /home/airflow/.local/lib/python3.8/site-packages/airflow/example_dags/example_short_circuit_operator.py for tasks to queue
[2024-02-02T13:54:09.085+0000] {logging_mixin.py:188} INFO - [2024-02-02T13:54:09.084+0000] {dagbag.py:538} INFO - Filling up the DagBag from /home/airflow/.local/lib/python3.8/site-packages/airflow/example_dags/example_short_circuit_operator.py
[2024-02-02T13:54:09.100+0000] {processor.py:840} INFO - DAG(s) 'example_short_circuit_operator' retrieved from /home/airflow/.local/lib/python3.8/site-packages/airflow/example_dags/example_short_circuit_operator.py
[2024-02-02T13:54:09.260+0000] {logging_mixin.py:188} INFO - [2024-02-02T13:54:09.259+0000] {override.py:1769} INFO - Created Permission View: can delete on DAG:example_short_circuit_operator
[2024-02-02T13:54:09.274+0000] {logging_mixin.py:188} INFO - [2024-02-02T13:54:09.274+0000] {override.py:1769} INFO - Created Permission View: can read on DAG:example_short_circuit_operator
[2024-02-02T13:54:09.284+0000] {logging_mixin.py:188} INFO - [2024-02-02T13:54:09.284+0000] {override.py:1769} INFO - Created Permission View: can edit on DAG:example_short_circuit_operator
[2024-02-02T13:54:09.285+0000] {logging_mixin.py:188} INFO - [2024-02-02T13:54:09.285+0000] {dag.py:3036} INFO - Sync 1 DAGs
[2024-02-02T13:54:09.299+0000] {logging_mixin.py:188} INFO - [2024-02-02T13:54:09.298+0000] {dag.py:3058} INFO - Creating ORM DAG for example_short_circuit_operator
[2024-02-02T13:54:09.309+0000] {logging_mixin.py:188} INFO - [2024-02-02T13:54:09.309+0000] {dag.py:3823} INFO - Setting next_dagrun for example_short_circuit_operator to 2024-02-01 00:00:00+00:00, run_after=2024-02-02 00:00:00+00:00
[2024-02-02T13:54:09.330+0000] {processor.py:183} INFO - Processing /home/airflow/.local/lib/python3.8/site-packages/airflow/example_dags/example_short_circuit_operator.py took 0.255 seconds
[2024-02-02T13:54:39.403+0000] {processor.py:161} INFO - Started process (PID=142) to work on /home/airflow/.local/lib/python3.8/site-packages/airflow/example_dags/example_short_circuit_operator.py
[2024-02-02T13:54:39.405+0000] {processor.py:830} INFO - Processing file /home/airflow/.local/lib/python3.8/site-packages/airflow/example_dags/example_short_circuit_operator.py for tasks to queue
[2024-02-02T13:54:39.407+0000] {logging_mixin.py:188} INFO - [2024-02-02T13:54:39.407+0000] {dagbag.py:538} INFO - Filling up the DagBag from /home/airflow/.local/lib/python3.8/site-packages/airflow/example_dags/example_short_circuit_operator.py
[2024-02-02T13:54:39.417+0000] {processor.py:840} INFO - DAG(s) 'example_short_circuit_operator' retrieved from /home/airflow/.local/lib/python3.8/site-packages/airflow/example_dags/example_short_circuit_operator.py
[2024-02-02T13:54:39.453+0000] {logging_mixin.py:188} INFO - [2024-02-02T13:54:39.453+0000] {dag.py:3036} INFO - Sync 1 DAGs
[2024-02-02T13:54:39.485+0000] {logging_mixin.py:188} INFO - [2024-02-02T13:54:39.485+0000] {dag.py:3823} INFO - Setting next_dagrun for example_short_circuit_operator to 2024-02-01 00:00:00+00:00, run_after=2024-02-02 00:00:00+00:00
[2024-02-02T13:54:39.519+0000] {processor.py:183} INFO - Processing /home/airflow/.local/lib/python3.8/site-packages/airflow/example_dags/example_short_circuit_operator.py took 0.118 seconds
[2024-02-02T13:55:10.064+0000] {processor.py:161} INFO - Started process (PID=197) to work on /home/airflow/.local/lib/python3.8/site-packages/airflow/example_dags/example_short_circuit_operator.py
[2024-02-02T13:55:10.066+0000] {processor.py:830} INFO - Processing file /home/airflow/.local/lib/python3.8/site-packages/airflow/example_dags/example_short_circuit_operator.py for tasks to queue
[2024-02-02T13:55:10.068+0000] {logging_mixin.py:188} INFO - [2024-02-02T13:55:10.068+0000] {dagbag.py:538} INFO - Filling up the DagBag from /home/airflow/.local/lib/python3.8/site-packages/airflow/example_dags/example_short_circuit_operator.py
[2024-02-02T13:55:10.078+0000] {processor.py:840} INFO - DAG(s) 'example_short_circuit_operator' retrieved from /home/airflow/.local/lib/python3.8/site-packages/airflow/example_dags/example_short_circuit_operator.py
[2024-02-02T13:55:10.105+0000] {logging_mixin.py:188} INFO - [2024-02-02T13:55:10.104+0000] {dag.py:3036} INFO - Sync 1 DAGs
[2024-02-02T13:55:10.142+0000] {logging_mixin.py:188} INFO - [2024-02-02T13:55:10.142+0000] {dag.py:3823} INFO - Setting next_dagrun for example_short_circuit_operator to 2024-02-01 00:00:00+00:00, run_after=2024-02-02 00:00:00+00:00
[2024-02-02T13:55:10.172+0000] {processor.py:183} INFO - Processing /home/airflow/.local/lib/python3.8/site-packages/airflow/example_dags/example_short_circuit_operator.py took 0.111 seconds
[2024-02-02T13:55:40.518+0000] {processor.py:161} INFO - Started process (PID=252) to work on /home/airflow/.local/lib/python3.8/site-packages/airflow/example_dags/example_short_circuit_operator.py
[2024-02-02T13:55:40.519+0000] {processor.py:830} INFO - Processing file /home/airflow/.local/lib/python3.8/site-packages/airflow/example_dags/example_short_circuit_operator.py for tasks to queue
[2024-02-02T13:55:40.523+0000] {logging_mixin.py:188} INFO - [2024-02-02T13:55:40.522+0000] {dagbag.py:538} INFO - Filling up the DagBag from /home/airflow/.local/lib/python3.8/site-packages/airflow/example_dags/example_short_circuit_operator.py
[2024-02-02T13:55:40.533+0000] {processor.py:840} INFO - DAG(s) 'example_short_circuit_operator' retrieved from /home/airflow/.local/lib/python3.8/site-packages/airflow/example_dags/example_short_circuit_operator.py
[2024-02-02T13:55:40.561+0000] {logging_mixin.py:188} INFO - [2024-02-02T13:55:40.561+0000] {dag.py:3036} INFO - Sync 1 DAGs
[2024-02-02T13:55:40.589+0000] {logging_mixin.py:188} INFO - [2024-02-02T13:55:40.589+0000] {dag.py:3823} INFO - Setting next_dagrun for example_short_circuit_operator to 2024-02-01 00:00:00+00:00, run_after=2024-02-02 00:00:00+00:00
[2024-02-02T13:55:40.619+0000] {processor.py:183} INFO - Processing /home/airflow/.local/lib/python3.8/site-packages/airflow/example_dags/example_short_circuit_operator.py took 0.104 seconds
[2024-02-02T13:56:10.952+0000] {processor.py:161} INFO - Started process (PID=307) to work on /home/airflow/.local/lib/python3.8/site-packages/airflow/example_dags/example_short_circuit_operator.py
[2024-02-02T13:56:10.954+0000] {processor.py:830} INFO - Processing file /home/airflow/.local/lib/python3.8/site-packages/airflow/example_dags/example_short_circuit_operator.py for tasks to queue
[2024-02-02T13:56:10.956+0000] {logging_mixin.py:188} INFO - [2024-02-02T13:56:10.956+0000] {dagbag.py:538} INFO - Filling up the DagBag from /home/airflow/.local/lib/python3.8/site-packages/airflow/example_dags/example_short_circuit_operator.py
[2024-02-02T13:56:10.965+0000] {processor.py:840} INFO - DAG(s) 'example_short_circuit_operator' retrieved from /home/airflow/.local/lib/python3.8/site-packages/airflow/example_dags/example_short_circuit_operator.py
[2024-02-02T13:56:10.990+0000] {logging_mixin.py:188} INFO - [2024-02-02T13:56:10.990+0000] {dag.py:3036} INFO - Sync 1 DAGs
[2024-02-02T13:56:11.011+0000] {logging_mixin.py:188} INFO - [2024-02-02T13:56:11.011+0000] {dag.py:3823} INFO - Setting next_dagrun for example_short_circuit_operator to 2024-02-01 00:00:00+00:00, run_after=2024-02-02 00:00:00+00:00
[2024-02-02T13:56:11.031+0000] {processor.py:183} INFO - Processing /home/airflow/.local/lib/python3.8/site-packages/airflow/example_dags/example_short_circuit_operator.py took 0.082 seconds
[2024-02-02T13:56:41.328+0000] {processor.py:161} INFO - Started process (PID=362) to work on /home/airflow/.local/lib/python3.8/site-packages/airflow/example_dags/example_short_circuit_operator.py
[2024-02-02T13:56:41.330+0000] {processor.py:830} INFO - Processing file /home/airflow/.local/lib/python3.8/site-packages/airflow/example_dags/example_short_circuit_operator.py for tasks to queue
[2024-02-02T13:56:41.332+0000] {logging_mixin.py:188} INFO - [2024-02-02T13:56:41.332+0000] {dagbag.py:538} INFO - Filling up the DagBag from /home/airflow/.local/lib/python3.8/site-packages/airflow/example_dags/example_short_circuit_operator.py
[2024-02-02T13:56:41.343+0000] {processor.py:840} INFO - DAG(s) 'example_short_circuit_operator' retrieved from /home/airflow/.local/lib/python3.8/site-packages/airflow/example_dags/example_short_circuit_operator.py
[2024-02-02T13:56:41.375+0000] {logging_mixin.py:188} INFO - [2024-02-02T13:56:41.374+0000] {dag.py:3036} INFO - Sync 1 DAGs
[2024-02-02T13:56:41.396+0000] {logging_mixin.py:188} INFO - [2024-02-02T13:56:41.396+0000] {dag.py:3823} INFO - Setting next_dagrun for example_short_circuit_operator to 2024-02-01 00:00:00+00:00, run_after=2024-02-02 00:00:00+00:00
[2024-02-02T13:56:41.419+0000] {processor.py:183} INFO - Processing /home/airflow/.local/lib/python3.8/site-packages/airflow/example_dags/example_short_circuit_operator.py took 0.094 seconds
[2024-02-02T13:57:11.607+0000] {processor.py:161} INFO - Started process (PID=417) to work on /home/airflow/.local/lib/python3.8/site-packages/airflow/example_dags/example_short_circuit_operator.py
[2024-02-02T13:57:11.608+0000] {processor.py:830} INFO - Processing file /home/airflow/.local/lib/python3.8/site-packages/airflow/example_dags/example_short_circuit_operator.py for tasks to queue
[2024-02-02T13:57:11.611+0000] {logging_mixin.py:188} INFO - [2024-02-02T13:57:11.610+0000] {dagbag.py:538} INFO - Filling up the DagBag from /home/airflow/.local/lib/python3.8/site-packages/airflow/example_dags/example_short_circuit_operator.py
[2024-02-02T13:57:11.619+0000] {processor.py:840} INFO - DAG(s) 'example_short_circuit_operator' retrieved from /home/airflow/.local/lib/python3.8/site-packages/airflow/example_dags/example_short_circuit_operator.py
[2024-02-02T13:57:11.652+0000] {logging_mixin.py:188} INFO - [2024-02-02T13:57:11.651+0000] {dag.py:3036} INFO - Sync 1 DAGs
[2024-02-02T13:57:11.678+0000] {logging_mixin.py:188} INFO - [2024-02-02T13:57:11.678+0000] {dag.py:3823} INFO - Setting next_dagrun for example_short_circuit_operator to 2024-02-01 00:00:00+00:00, run_after=2024-02-02 00:00:00+00:00
[2024-02-02T13:57:11.703+0000] {processor.py:183} INFO - Processing /home/airflow/.local/lib/python3.8/site-packages/airflow/example_dags/example_short_circuit_operator.py took 0.101 seconds
[2024-02-02T13:57:42.158+0000] {processor.py:161} INFO - Started process (PID=472) to work on /home/airflow/.local/lib/python3.8/site-packages/airflow/example_dags/example_short_circuit_operator.py
[2024-02-02T13:57:42.159+0000] {processor.py:830} INFO - Processing file /home/airflow/.local/lib/python3.8/site-packages/airflow/example_dags/example_short_circuit_operator.py for tasks to queue
[2024-02-02T13:57:42.162+0000] {logging_mixin.py:188} INFO - [2024-02-02T13:57:42.162+0000] {dagbag.py:538} INFO - Filling up the DagBag from /home/airflow/.local/lib/python3.8/site-packages/airflow/example_dags/example_short_circuit_operator.py
[2024-02-02T13:57:42.172+0000] {processor.py:840} INFO - DAG(s) 'example_short_circuit_operator' retrieved from /home/airflow/.local/lib/python3.8/site-packages/airflow/example_dags/example_short_circuit_operator.py
[2024-02-02T13:57:42.202+0000] {logging_mixin.py:188} INFO - [2024-02-02T13:57:42.201+0000] {dag.py:3036} INFO - Sync 1 DAGs
[2024-02-02T13:57:42.230+0000] {logging_mixin.py:188} INFO - [2024-02-02T13:57:42.229+0000] {dag.py:3823} INFO - Setting next_dagrun for example_short_circuit_operator to 2024-02-01 00:00:00+00:00, run_after=2024-02-02 00:00:00+00:00
[2024-02-02T13:57:42.256+0000] {processor.py:183} INFO - Processing /home/airflow/.local/lib/python3.8/site-packages/airflow/example_dags/example_short_circuit_operator.py took 0.101 seconds
[2024-02-02T13:58:12.567+0000] {processor.py:161} INFO - Started process (PID=527) to work on /home/airflow/.local/lib/python3.8/site-packages/airflow/example_dags/example_short_circuit_operator.py
[2024-02-02T13:58:12.569+0000] {processor.py:830} INFO - Processing file /home/airflow/.local/lib/python3.8/site-packages/airflow/example_dags/example_short_circuit_operator.py for tasks to queue
[2024-02-02T13:58:12.571+0000] {logging_mixin.py:188} INFO - [2024-02-02T13:58:12.571+0000] {dagbag.py:538} INFO - Filling up the DagBag from /home/airflow/.local/lib/python3.8/site-packages/airflow/example_dags/example_short_circuit_operator.py
[2024-02-02T13:58:12.582+0000] {processor.py:840} INFO - DAG(s) 'example_short_circuit_operator' retrieved from /home/airflow/.local/lib/python3.8/site-packages/airflow/example_dags/example_short_circuit_operator.py
[2024-02-02T13:58:12.611+0000] {logging_mixin.py:188} INFO - [2024-02-02T13:58:12.610+0000] {dag.py:3036} INFO - Sync 1 DAGs
[2024-02-02T13:58:12.637+0000] {logging_mixin.py:188} INFO - [2024-02-02T13:58:12.637+0000] {dag.py:3823} INFO - Setting next_dagrun for example_short_circuit_operator to 2024-02-01 00:00:00+00:00, run_after=2024-02-02 00:00:00+00:00
[2024-02-02T13:58:12.668+0000] {processor.py:183} INFO - Processing /home/airflow/.local/lib/python3.8/site-packages/airflow/example_dags/example_short_circuit_operator.py took 0.103 seconds
[2024-02-02T13:58:43.297+0000] {processor.py:161} INFO - Started process (PID=582) to work on /home/airflow/.local/lib/python3.8/site-packages/airflow/example_dags/example_short_circuit_operator.py
[2024-02-02T13:58:43.298+0000] {processor.py:830} INFO - Processing file /home/airflow/.local/lib/python3.8/site-packages/airflow/example_dags/example_short_circuit_operator.py for tasks to queue
[2024-02-02T13:58:43.301+0000] {logging_mixin.py:188} INFO - [2024-02-02T13:58:43.300+0000] {dagbag.py:538} INFO - Filling up the DagBag from /home/airflow/.local/lib/python3.8/site-packages/airflow/example_dags/example_short_circuit_operator.py
[2024-02-02T13:58:43.309+0000] {processor.py:840} INFO - DAG(s) 'example_short_circuit_operator' retrieved from /home/airflow/.local/lib/python3.8/site-packages/airflow/example_dags/example_short_circuit_operator.py
[2024-02-02T13:58:43.343+0000] {logging_mixin.py:188} INFO - [2024-02-02T13:58:43.342+0000] {dag.py:3036} INFO - Sync 1 DAGs
[2024-02-02T13:58:43.371+0000] {logging_mixin.py:188} INFO - [2024-02-02T13:58:43.371+0000] {dag.py:3823} INFO - Setting next_dagrun for example_short_circuit_operator to 2024-02-01 00:00:00+00:00, run_after=2024-02-02 00:00:00+00:00
[2024-02-02T13:58:43.396+0000] {processor.py:183} INFO - Processing /home/airflow/.local/lib/python3.8/site-packages/airflow/example_dags/example_short_circuit_operator.py took 0.103 seconds
[2024-02-02T13:59:13.935+0000] {processor.py:161} INFO - Started process (PID=637) to work on /home/airflow/.local/lib/python3.8/site-packages/airflow/example_dags/example_short_circuit_operator.py
[2024-02-02T13:59:13.937+0000] {processor.py:830} INFO - Processing file /home/airflow/.local/lib/python3.8/site-packages/airflow/example_dags/example_short_circuit_operator.py for tasks to queue
[2024-02-02T13:59:13.940+0000] {logging_mixin.py:188} INFO - [2024-02-02T13:59:13.940+0000] {dagbag.py:538} INFO - Filling up the DagBag from /home/airflow/.local/lib/python3.8/site-packages/airflow/example_dags/example_short_circuit_operator.py
[2024-02-02T13:59:13.952+0000] {processor.py:840} INFO - DAG(s) 'example_short_circuit_operator' retrieved from /home/airflow/.local/lib/python3.8/site-packages/airflow/example_dags/example_short_circuit_operator.py
[2024-02-02T13:59:13.985+0000] {logging_mixin.py:188} INFO - [2024-02-02T13:59:13.985+0000] {dag.py:3036} INFO - Sync 1 DAGs
[2024-02-02T13:59:14.014+0000] {logging_mixin.py:188} INFO - [2024-02-02T13:59:14.014+0000] {dag.py:3823} INFO - Setting next_dagrun for example_short_circuit_operator to 2024-02-01 00:00:00+00:00, run_after=2024-02-02 00:00:00+00:00
[2024-02-02T13:59:14.045+0000] {processor.py:183} INFO - Processing /home/airflow/.local/lib/python3.8/site-packages/airflow/example_dags/example_short_circuit_operator.py took 0.116 seconds
[2024-02-02T13:59:44.578+0000] {processor.py:161} INFO - Started process (PID=692) to work on /home/airflow/.local/lib/python3.8/site-packages/airflow/example_dags/example_short_circuit_operator.py
[2024-02-02T13:59:44.579+0000] {processor.py:830} INFO - Processing file /home/airflow/.local/lib/python3.8/site-packages/airflow/example_dags/example_short_circuit_operator.py for tasks to queue
[2024-02-02T13:59:44.582+0000] {logging_mixin.py:188} INFO - [2024-02-02T13:59:44.582+0000] {dagbag.py:538} INFO - Filling up the DagBag from /home/airflow/.local/lib/python3.8/site-packages/airflow/example_dags/example_short_circuit_operator.py
[2024-02-02T13:59:44.592+0000] {processor.py:840} INFO - DAG(s) 'example_short_circuit_operator' retrieved from /home/airflow/.local/lib/python3.8/site-packages/airflow/example_dags/example_short_circuit_operator.py
[2024-02-02T13:59:44.619+0000] {logging_mixin.py:188} INFO - [2024-02-02T13:59:44.619+0000] {dag.py:3036} INFO - Sync 1 DAGs
[2024-02-02T13:59:44.649+0000] {logging_mixin.py:188} INFO - [2024-02-02T13:59:44.648+0000] {dag.py:3823} INFO - Setting next_dagrun for example_short_circuit_operator to 2024-02-01 00:00:00+00:00, run_after=2024-02-02 00:00:00+00:00
[2024-02-02T13:59:44.674+0000] {processor.py:183} INFO - Processing /home/airflow/.local/lib/python3.8/site-packages/airflow/example_dags/example_short_circuit_operator.py took 0.100 seconds
[2024-02-02T14:00:14.755+0000] {processor.py:161} INFO - Started process (PID=747) to work on /home/airflow/.local/lib/python3.8/site-packages/airflow/example_dags/example_short_circuit_operator.py
[2024-02-02T14:00:14.757+0000] {processor.py:830} INFO - Processing file /home/airflow/.local/lib/python3.8/site-packages/airflow/example_dags/example_short_circuit_operator.py for tasks to queue
[2024-02-02T14:00:14.759+0000] {logging_mixin.py:188} INFO - [2024-02-02T14:00:14.759+0000] {dagbag.py:538} INFO - Filling up the DagBag from /home/airflow/.local/lib/python3.8/site-packages/airflow/example_dags/example_short_circuit_operator.py
[2024-02-02T14:00:14.768+0000] {processor.py:840} INFO - DAG(s) 'example_short_circuit_operator' retrieved from /home/airflow/.local/lib/python3.8/site-packages/airflow/example_dags/example_short_circuit_operator.py
[2024-02-02T14:00:14.797+0000] {logging_mixin.py:188} INFO - [2024-02-02T14:00:14.797+0000] {dag.py:3036} INFO - Sync 1 DAGs
[2024-02-02T14:00:14.820+0000] {logging_mixin.py:188} INFO - [2024-02-02T14:00:14.820+0000] {dag.py:3823} INFO - Setting next_dagrun for example_short_circuit_operator to 2024-02-01 00:00:00+00:00, run_after=2024-02-02 00:00:00+00:00
[2024-02-02T14:00:14.846+0000] {processor.py:183} INFO - Processing /home/airflow/.local/lib/python3.8/site-packages/airflow/example_dags/example_short_circuit_operator.py took 0.095 seconds
[2024-02-02T14:00:45.235+0000] {processor.py:161} INFO - Started process (PID=802) to work on /home/airflow/.local/lib/python3.8/site-packages/airflow/example_dags/example_short_circuit_operator.py
[2024-02-02T14:00:45.237+0000] {processor.py:830} INFO - Processing file /home/airflow/.local/lib/python3.8/site-packages/airflow/example_dags/example_short_circuit_operator.py for tasks to queue
[2024-02-02T14:00:45.239+0000] {logging_mixin.py:188} INFO - [2024-02-02T14:00:45.239+0000] {dagbag.py:538} INFO - Filling up the DagBag from /home/airflow/.local/lib/python3.8/site-packages/airflow/example_dags/example_short_circuit_operator.py
[2024-02-02T14:00:45.247+0000] {processor.py:840} INFO - DAG(s) 'example_short_circuit_operator' retrieved from /home/airflow/.local/lib/python3.8/site-packages/airflow/example_dags/example_short_circuit_operator.py
[2024-02-02T14:00:45.273+0000] {logging_mixin.py:188} INFO - [2024-02-02T14:00:45.273+0000] {dag.py:3036} INFO - Sync 1 DAGs
[2024-02-02T14:00:45.299+0000] {logging_mixin.py:188} INFO - [2024-02-02T14:00:45.299+0000] {dag.py:3823} INFO - Setting next_dagrun for example_short_circuit_operator to 2024-02-01 00:00:00+00:00, run_after=2024-02-02 00:00:00+00:00
[2024-02-02T14:00:45.326+0000] {processor.py:183} INFO - Processing /home/airflow/.local/lib/python3.8/site-packages/airflow/example_dags/example_short_circuit_operator.py took 0.094 seconds
[2024-02-02T14:01:15.793+0000] {processor.py:161} INFO - Started process (PID=857) to work on /home/airflow/.local/lib/python3.8/site-packages/airflow/example_dags/example_short_circuit_operator.py
[2024-02-02T14:01:15.794+0000] {processor.py:830} INFO - Processing file /home/airflow/.local/lib/python3.8/site-packages/airflow/example_dags/example_short_circuit_operator.py for tasks to queue
[2024-02-02T14:01:15.797+0000] {logging_mixin.py:188} INFO - [2024-02-02T14:01:15.797+0000] {dagbag.py:538} INFO - Filling up the DagBag from /home/airflow/.local/lib/python3.8/site-packages/airflow/example_dags/example_short_circuit_operator.py
[2024-02-02T14:01:15.806+0000] {processor.py:840} INFO - DAG(s) 'example_short_circuit_operator' retrieved from /home/airflow/.local/lib/python3.8/site-packages/airflow/example_dags/example_short_circuit_operator.py
[2024-02-02T14:01:15.836+0000] {logging_mixin.py:188} INFO - [2024-02-02T14:01:15.836+0000] {dag.py:3036} INFO - Sync 1 DAGs
[2024-02-02T14:01:15.868+0000] {logging_mixin.py:188} INFO - [2024-02-02T14:01:15.868+0000] {dag.py:3823} INFO - Setting next_dagrun for example_short_circuit_operator to 2024-02-01 00:00:00+00:00, run_after=2024-02-02 00:00:00+00:00
[2024-02-02T14:01:15.897+0000] {processor.py:183} INFO - Processing /home/airflow/.local/lib/python3.8/site-packages/airflow/example_dags/example_short_circuit_operator.py took 0.109 seconds
