[2024-02-02T13:54:08.026+0000] {processor.py:161} INFO - Started process (PID=78) to work on /home/airflow/.local/lib/python3.8/site-packages/airflow/example_dags/example_datasets.py
[2024-02-02T13:54:08.037+0000] {processor.py:830} INFO - Processing file /home/airflow/.local/lib/python3.8/site-packages/airflow/example_dags/example_datasets.py for tasks to queue
[2024-02-02T13:54:08.041+0000] {logging_mixin.py:188} INFO - [2024-02-02T13:54:08.040+0000] {dagbag.py:538} INFO - Filling up the DagBag from /home/airflow/.local/lib/python3.8/site-packages/airflow/example_dags/example_datasets.py
[2024-02-02T13:54:08.065+0000] {processor.py:840} INFO - DAG(s) 'dataset_consumes_unknown_never_scheduled', 'dataset_produces_2', 'dataset_consumes_1_never_scheduled', 'dataset_consumes_1_and_2', 'dataset_consumes_1', 'dataset_produces_1' retrieved from /home/airflow/.local/lib/python3.8/site-packages/airflow/example_dags/example_datasets.py
[2024-02-02T13:54:08.221+0000] {logging_mixin.py:188} INFO - [2024-02-02T13:54:08.220+0000] {override.py:1769} INFO - Created Permission View: can delete on DAG:dataset_consumes_unknown_never_scheduled
[2024-02-02T13:54:08.234+0000] {logging_mixin.py:188} INFO - [2024-02-02T13:54:08.233+0000] {override.py:1769} INFO - Created Permission View: can read on DAG:dataset_consumes_unknown_never_scheduled
[2024-02-02T13:54:08.245+0000] {logging_mixin.py:188} INFO - [2024-02-02T13:54:08.245+0000] {override.py:1769} INFO - Created Permission View: can edit on DAG:dataset_consumes_unknown_never_scheduled
[2024-02-02T13:54:08.264+0000] {logging_mixin.py:188} INFO - [2024-02-02T13:54:08.264+0000] {override.py:1769} INFO - Created Permission View: can delete on DAG:dataset_produces_2
[2024-02-02T13:54:08.275+0000] {logging_mixin.py:188} INFO - [2024-02-02T13:54:08.275+0000] {override.py:1769} INFO - Created Permission View: can read on DAG:dataset_produces_2
[2024-02-02T13:54:08.284+0000] {logging_mixin.py:188} INFO - [2024-02-02T13:54:08.284+0000] {override.py:1769} INFO - Created Permission View: can edit on DAG:dataset_produces_2
[2024-02-02T13:54:08.302+0000] {logging_mixin.py:188} INFO - [2024-02-02T13:54:08.302+0000] {override.py:1769} INFO - Created Permission View: can delete on DAG:dataset_consumes_1_never_scheduled
[2024-02-02T13:54:08.310+0000] {logging_mixin.py:188} INFO - [2024-02-02T13:54:08.310+0000] {override.py:1769} INFO - Created Permission View: can read on DAG:dataset_consumes_1_never_scheduled
[2024-02-02T13:54:08.321+0000] {logging_mixin.py:188} INFO - [2024-02-02T13:54:08.320+0000] {override.py:1769} INFO - Created Permission View: can edit on DAG:dataset_consumes_1_never_scheduled
[2024-02-02T13:54:08.339+0000] {logging_mixin.py:188} INFO - [2024-02-02T13:54:08.338+0000] {override.py:1769} INFO - Created Permission View: can delete on DAG:dataset_consumes_1_and_2
[2024-02-02T13:54:08.348+0000] {logging_mixin.py:188} INFO - [2024-02-02T13:54:08.348+0000] {override.py:1769} INFO - Created Permission View: can read on DAG:dataset_consumes_1_and_2
[2024-02-02T13:54:08.357+0000] {logging_mixin.py:188} INFO - [2024-02-02T13:54:08.357+0000] {override.py:1769} INFO - Created Permission View: can edit on DAG:dataset_consumes_1_and_2
[2024-02-02T13:54:08.371+0000] {logging_mixin.py:188} INFO - [2024-02-02T13:54:08.371+0000] {override.py:1769} INFO - Created Permission View: can delete on DAG:dataset_consumes_1
[2024-02-02T13:54:08.380+0000] {logging_mixin.py:188} INFO - [2024-02-02T13:54:08.379+0000] {override.py:1769} INFO - Created Permission View: can read on DAG:dataset_consumes_1
[2024-02-02T13:54:08.388+0000] {logging_mixin.py:188} INFO - [2024-02-02T13:54:08.388+0000] {override.py:1769} INFO - Created Permission View: can edit on DAG:dataset_consumes_1
[2024-02-02T13:54:08.404+0000] {logging_mixin.py:188} INFO - [2024-02-02T13:54:08.404+0000] {override.py:1769} INFO - Created Permission View: can delete on DAG:dataset_produces_1
[2024-02-02T13:54:08.414+0000] {logging_mixin.py:188} INFO - [2024-02-02T13:54:08.413+0000] {override.py:1769} INFO - Created Permission View: can read on DAG:dataset_produces_1
[2024-02-02T13:54:08.424+0000] {logging_mixin.py:188} INFO - [2024-02-02T13:54:08.424+0000] {override.py:1769} INFO - Created Permission View: can edit on DAG:dataset_produces_1
[2024-02-02T13:54:08.425+0000] {logging_mixin.py:188} INFO - [2024-02-02T13:54:08.425+0000] {dag.py:3036} INFO - Sync 6 DAGs
[2024-02-02T13:54:08.441+0000] {logging_mixin.py:188} INFO - [2024-02-02T13:54:08.441+0000] {dag.py:3058} INFO - Creating ORM DAG for dataset_consumes_unknown_never_scheduled
[2024-02-02T13:54:08.442+0000] {logging_mixin.py:188} INFO - [2024-02-02T13:54:08.442+0000] {dag.py:3058} INFO - Creating ORM DAG for dataset_consumes_1_never_scheduled
[2024-02-02T13:54:08.443+0000] {logging_mixin.py:188} INFO - [2024-02-02T13:54:08.443+0000] {dag.py:3058} INFO - Creating ORM DAG for dataset_consumes_1_and_2
[2024-02-02T13:54:08.444+0000] {logging_mixin.py:188} INFO - [2024-02-02T13:54:08.444+0000] {dag.py:3058} INFO - Creating ORM DAG for dataset_produces_2
[2024-02-02T13:54:08.445+0000] {logging_mixin.py:188} INFO - [2024-02-02T13:54:08.445+0000] {dag.py:3058} INFO - Creating ORM DAG for dataset_produces_1
[2024-02-02T13:54:08.446+0000] {logging_mixin.py:188} INFO - [2024-02-02T13:54:08.445+0000] {dag.py:3058} INFO - Creating ORM DAG for dataset_consumes_1
[2024-02-02T13:54:08.455+0000] {logging_mixin.py:188} INFO - [2024-02-02T13:54:08.455+0000] {dag.py:3823} INFO - Setting next_dagrun for dataset_consumes_1 to None, run_after=None
[2024-02-02T13:54:08.457+0000] {logging_mixin.py:188} INFO - [2024-02-02T13:54:08.457+0000] {dag.py:3823} INFO - Setting next_dagrun for dataset_consumes_1_and_2 to None, run_after=None
[2024-02-02T13:54:08.458+0000] {logging_mixin.py:188} INFO - [2024-02-02T13:54:08.458+0000] {dag.py:3823} INFO - Setting next_dagrun for dataset_consumes_1_never_scheduled to None, run_after=None
[2024-02-02T13:54:08.459+0000] {logging_mixin.py:188} INFO - [2024-02-02T13:54:08.459+0000] {dag.py:3823} INFO - Setting next_dagrun for dataset_consumes_unknown_never_scheduled to None, run_after=None
[2024-02-02T13:54:08.462+0000] {logging_mixin.py:188} INFO - [2024-02-02T13:54:08.462+0000] {dag.py:3823} INFO - Setting next_dagrun for dataset_produces_1 to 2024-02-01 00:00:00+00:00, run_after=2024-02-02 00:00:00+00:00
[2024-02-02T13:54:08.463+0000] {logging_mixin.py:188} INFO - [2024-02-02T13:54:08.463+0000] {dag.py:3823} INFO - Setting next_dagrun for dataset_produces_2 to None, run_after=None
[2024-02-02T13:54:08.506+0000] {processor.py:183} INFO - Processing /home/airflow/.local/lib/python3.8/site-packages/airflow/example_dags/example_datasets.py took 0.485 seconds
[2024-02-02T13:54:38.629+0000] {processor.py:161} INFO - Started process (PID=136) to work on /home/airflow/.local/lib/python3.8/site-packages/airflow/example_dags/example_datasets.py
[2024-02-02T13:54:38.630+0000] {processor.py:830} INFO - Processing file /home/airflow/.local/lib/python3.8/site-packages/airflow/example_dags/example_datasets.py for tasks to queue
[2024-02-02T13:54:38.632+0000] {logging_mixin.py:188} INFO - [2024-02-02T13:54:38.632+0000] {dagbag.py:538} INFO - Filling up the DagBag from /home/airflow/.local/lib/python3.8/site-packages/airflow/example_dags/example_datasets.py
[2024-02-02T13:54:38.643+0000] {processor.py:840} INFO - DAG(s) 'dataset_consumes_1_never_scheduled', 'dataset_produces_1', 'dataset_consumes_1_and_2', 'dataset_consumes_unknown_never_scheduled', 'dataset_produces_2', 'dataset_consumes_1' retrieved from /home/airflow/.local/lib/python3.8/site-packages/airflow/example_dags/example_datasets.py
[2024-02-02T13:54:38.683+0000] {logging_mixin.py:188} INFO - [2024-02-02T13:54:38.683+0000] {dag.py:3036} INFO - Sync 6 DAGs
[2024-02-02T13:54:38.716+0000] {logging_mixin.py:188} INFO - [2024-02-02T13:54:38.715+0000] {dag.py:3823} INFO - Setting next_dagrun for dataset_consumes_1 to None, run_after=None
[2024-02-02T13:54:38.723+0000] {logging_mixin.py:188} INFO - [2024-02-02T13:54:38.723+0000] {dag.py:3823} INFO - Setting next_dagrun for dataset_consumes_1_and_2 to None, run_after=None
[2024-02-02T13:54:38.726+0000] {logging_mixin.py:188} INFO - [2024-02-02T13:54:38.725+0000] {dag.py:3823} INFO - Setting next_dagrun for dataset_consumes_1_never_scheduled to None, run_after=None
[2024-02-02T13:54:38.728+0000] {logging_mixin.py:188} INFO - [2024-02-02T13:54:38.727+0000] {dag.py:3823} INFO - Setting next_dagrun for dataset_consumes_unknown_never_scheduled to None, run_after=None
[2024-02-02T13:54:38.731+0000] {logging_mixin.py:188} INFO - [2024-02-02T13:54:38.730+0000] {dag.py:3823} INFO - Setting next_dagrun for dataset_produces_1 to 2024-02-01 00:00:00+00:00, run_after=2024-02-02 00:00:00+00:00
[2024-02-02T13:54:38.733+0000] {logging_mixin.py:188} INFO - [2024-02-02T13:54:38.732+0000] {dag.py:3823} INFO - Setting next_dagrun for dataset_produces_2 to None, run_after=None
[2024-02-02T13:54:38.777+0000] {processor.py:183} INFO - Processing /home/airflow/.local/lib/python3.8/site-packages/airflow/example_dags/example_datasets.py took 0.152 seconds
[2024-02-02T13:55:09.670+0000] {processor.py:161} INFO - Started process (PID=191) to work on /home/airflow/.local/lib/python3.8/site-packages/airflow/example_dags/example_datasets.py
[2024-02-02T13:55:09.671+0000] {processor.py:830} INFO - Processing file /home/airflow/.local/lib/python3.8/site-packages/airflow/example_dags/example_datasets.py for tasks to queue
[2024-02-02T13:55:09.674+0000] {logging_mixin.py:188} INFO - [2024-02-02T13:55:09.673+0000] {dagbag.py:538} INFO - Filling up the DagBag from /home/airflow/.local/lib/python3.8/site-packages/airflow/example_dags/example_datasets.py
[2024-02-02T13:55:09.687+0000] {processor.py:840} INFO - DAG(s) 'dataset_produces_2', 'dataset_consumes_1_never_scheduled', 'dataset_produces_1', 'dataset_consumes_1_and_2', 'dataset_consumes_1', 'dataset_consumes_unknown_never_scheduled' retrieved from /home/airflow/.local/lib/python3.8/site-packages/airflow/example_dags/example_datasets.py
[2024-02-02T13:55:09.724+0000] {logging_mixin.py:188} INFO - [2024-02-02T13:55:09.724+0000] {dag.py:3036} INFO - Sync 6 DAGs
[2024-02-02T13:55:09.756+0000] {logging_mixin.py:188} INFO - [2024-02-02T13:55:09.755+0000] {dag.py:3823} INFO - Setting next_dagrun for dataset_consumes_1 to None, run_after=None
[2024-02-02T13:55:09.760+0000] {logging_mixin.py:188} INFO - [2024-02-02T13:55:09.760+0000] {dag.py:3823} INFO - Setting next_dagrun for dataset_consumes_1_and_2 to None, run_after=None
[2024-02-02T13:55:09.763+0000] {logging_mixin.py:188} INFO - [2024-02-02T13:55:09.763+0000] {dag.py:3823} INFO - Setting next_dagrun for dataset_consumes_1_never_scheduled to None, run_after=None
[2024-02-02T13:55:09.765+0000] {logging_mixin.py:188} INFO - [2024-02-02T13:55:09.765+0000] {dag.py:3823} INFO - Setting next_dagrun for dataset_consumes_unknown_never_scheduled to None, run_after=None
[2024-02-02T13:55:09.769+0000] {logging_mixin.py:188} INFO - [2024-02-02T13:55:09.769+0000] {dag.py:3823} INFO - Setting next_dagrun for dataset_produces_1 to 2024-02-01 00:00:00+00:00, run_after=2024-02-02 00:00:00+00:00
[2024-02-02T13:55:09.771+0000] {logging_mixin.py:188} INFO - [2024-02-02T13:55:09.771+0000] {dag.py:3823} INFO - Setting next_dagrun for dataset_produces_2 to None, run_after=None
[2024-02-02T13:55:09.814+0000] {processor.py:183} INFO - Processing /home/airflow/.local/lib/python3.8/site-packages/airflow/example_dags/example_datasets.py took 0.148 seconds
[2024-02-02T13:55:40.050+0000] {processor.py:161} INFO - Started process (PID=246) to work on /home/airflow/.local/lib/python3.8/site-packages/airflow/example_dags/example_datasets.py
[2024-02-02T13:55:40.051+0000] {processor.py:830} INFO - Processing file /home/airflow/.local/lib/python3.8/site-packages/airflow/example_dags/example_datasets.py for tasks to queue
[2024-02-02T13:55:40.053+0000] {logging_mixin.py:188} INFO - [2024-02-02T13:55:40.053+0000] {dagbag.py:538} INFO - Filling up the DagBag from /home/airflow/.local/lib/python3.8/site-packages/airflow/example_dags/example_datasets.py
[2024-02-02T13:55:40.065+0000] {processor.py:840} INFO - DAG(s) 'dataset_produces_1', 'dataset_consumes_1', 'dataset_consumes_1_and_2', 'dataset_produces_2', 'dataset_consumes_1_never_scheduled', 'dataset_consumes_unknown_never_scheduled' retrieved from /home/airflow/.local/lib/python3.8/site-packages/airflow/example_dags/example_datasets.py
[2024-02-02T13:55:40.105+0000] {logging_mixin.py:188} INFO - [2024-02-02T13:55:40.104+0000] {dag.py:3036} INFO - Sync 6 DAGs
[2024-02-02T13:55:40.130+0000] {logging_mixin.py:188} INFO - [2024-02-02T13:55:40.130+0000] {dag.py:3823} INFO - Setting next_dagrun for dataset_consumes_1 to None, run_after=None
[2024-02-02T13:55:40.134+0000] {logging_mixin.py:188} INFO - [2024-02-02T13:55:40.134+0000] {dag.py:3823} INFO - Setting next_dagrun for dataset_consumes_1_and_2 to None, run_after=None
[2024-02-02T13:55:40.136+0000] {logging_mixin.py:188} INFO - [2024-02-02T13:55:40.136+0000] {dag.py:3823} INFO - Setting next_dagrun for dataset_consumes_1_never_scheduled to None, run_after=None
[2024-02-02T13:55:40.138+0000] {logging_mixin.py:188} INFO - [2024-02-02T13:55:40.138+0000] {dag.py:3823} INFO - Setting next_dagrun for dataset_consumes_unknown_never_scheduled to None, run_after=None
[2024-02-02T13:55:40.143+0000] {logging_mixin.py:188} INFO - [2024-02-02T13:55:40.142+0000] {dag.py:3823} INFO - Setting next_dagrun for dataset_produces_1 to 2024-02-01 00:00:00+00:00, run_after=2024-02-02 00:00:00+00:00
[2024-02-02T13:55:40.145+0000] {logging_mixin.py:188} INFO - [2024-02-02T13:55:40.145+0000] {dag.py:3823} INFO - Setting next_dagrun for dataset_produces_2 to None, run_after=None
[2024-02-02T13:55:40.185+0000] {processor.py:183} INFO - Processing /home/airflow/.local/lib/python3.8/site-packages/airflow/example_dags/example_datasets.py took 0.138 seconds
[2024-02-02T13:56:10.392+0000] {processor.py:161} INFO - Started process (PID=301) to work on /home/airflow/.local/lib/python3.8/site-packages/airflow/example_dags/example_datasets.py
[2024-02-02T13:56:10.394+0000] {processor.py:830} INFO - Processing file /home/airflow/.local/lib/python3.8/site-packages/airflow/example_dags/example_datasets.py for tasks to queue
[2024-02-02T13:56:10.397+0000] {logging_mixin.py:188} INFO - [2024-02-02T13:56:10.396+0000] {dagbag.py:538} INFO - Filling up the DagBag from /home/airflow/.local/lib/python3.8/site-packages/airflow/example_dags/example_datasets.py
[2024-02-02T13:56:10.410+0000] {processor.py:840} INFO - DAG(s) 'dataset_consumes_1', 'dataset_consumes_1_and_2', 'dataset_produces_2', 'dataset_consumes_1_never_scheduled', 'dataset_produces_1', 'dataset_consumes_unknown_never_scheduled' retrieved from /home/airflow/.local/lib/python3.8/site-packages/airflow/example_dags/example_datasets.py
[2024-02-02T13:56:10.446+0000] {logging_mixin.py:188} INFO - [2024-02-02T13:56:10.446+0000] {dag.py:3036} INFO - Sync 6 DAGs
[2024-02-02T13:56:10.472+0000] {logging_mixin.py:188} INFO - [2024-02-02T13:56:10.472+0000] {dag.py:3823} INFO - Setting next_dagrun for dataset_consumes_1 to None, run_after=None
[2024-02-02T13:56:10.477+0000] {logging_mixin.py:188} INFO - [2024-02-02T13:56:10.477+0000] {dag.py:3823} INFO - Setting next_dagrun for dataset_consumes_1_and_2 to None, run_after=None
[2024-02-02T13:56:10.480+0000] {logging_mixin.py:188} INFO - [2024-02-02T13:56:10.479+0000] {dag.py:3823} INFO - Setting next_dagrun for dataset_consumes_1_never_scheduled to None, run_after=None
[2024-02-02T13:56:10.481+0000] {logging_mixin.py:188} INFO - [2024-02-02T13:56:10.481+0000] {dag.py:3823} INFO - Setting next_dagrun for dataset_consumes_unknown_never_scheduled to None, run_after=None
[2024-02-02T13:56:10.485+0000] {logging_mixin.py:188} INFO - [2024-02-02T13:56:10.485+0000] {dag.py:3823} INFO - Setting next_dagrun for dataset_produces_1 to 2024-02-01 00:00:00+00:00, run_after=2024-02-02 00:00:00+00:00
[2024-02-02T13:56:10.487+0000] {logging_mixin.py:188} INFO - [2024-02-02T13:56:10.487+0000] {dag.py:3823} INFO - Setting next_dagrun for dataset_produces_2 to None, run_after=None
[2024-02-02T13:56:10.525+0000] {processor.py:183} INFO - Processing /home/airflow/.local/lib/python3.8/site-packages/airflow/example_dags/example_datasets.py took 0.136 seconds
[2024-02-02T13:56:40.936+0000] {processor.py:161} INFO - Started process (PID=356) to work on /home/airflow/.local/lib/python3.8/site-packages/airflow/example_dags/example_datasets.py
[2024-02-02T13:56:40.937+0000] {processor.py:830} INFO - Processing file /home/airflow/.local/lib/python3.8/site-packages/airflow/example_dags/example_datasets.py for tasks to queue
[2024-02-02T13:56:40.940+0000] {logging_mixin.py:188} INFO - [2024-02-02T13:56:40.939+0000] {dagbag.py:538} INFO - Filling up the DagBag from /home/airflow/.local/lib/python3.8/site-packages/airflow/example_dags/example_datasets.py
[2024-02-02T13:56:40.951+0000] {processor.py:840} INFO - DAG(s) 'dataset_consumes_1_and_2', 'dataset_produces_2', 'dataset_produces_1', 'dataset_consumes_1', 'dataset_consumes_unknown_never_scheduled', 'dataset_consumes_1_never_scheduled' retrieved from /home/airflow/.local/lib/python3.8/site-packages/airflow/example_dags/example_datasets.py
[2024-02-02T13:56:40.990+0000] {logging_mixin.py:188} INFO - [2024-02-02T13:56:40.989+0000] {dag.py:3036} INFO - Sync 6 DAGs
[2024-02-02T13:56:41.012+0000] {logging_mixin.py:188} INFO - [2024-02-02T13:56:41.012+0000] {dag.py:3823} INFO - Setting next_dagrun for dataset_consumes_1 to None, run_after=None
[2024-02-02T13:56:41.017+0000] {logging_mixin.py:188} INFO - [2024-02-02T13:56:41.016+0000] {dag.py:3823} INFO - Setting next_dagrun for dataset_consumes_1_and_2 to None, run_after=None
[2024-02-02T13:56:41.018+0000] {logging_mixin.py:188} INFO - [2024-02-02T13:56:41.018+0000] {dag.py:3823} INFO - Setting next_dagrun for dataset_consumes_1_never_scheduled to None, run_after=None
[2024-02-02T13:56:41.021+0000] {logging_mixin.py:188} INFO - [2024-02-02T13:56:41.020+0000] {dag.py:3823} INFO - Setting next_dagrun for dataset_consumes_unknown_never_scheduled to None, run_after=None
[2024-02-02T13:56:41.024+0000] {logging_mixin.py:188} INFO - [2024-02-02T13:56:41.023+0000] {dag.py:3823} INFO - Setting next_dagrun for dataset_produces_1 to 2024-02-01 00:00:00+00:00, run_after=2024-02-02 00:00:00+00:00
[2024-02-02T13:56:41.026+0000] {logging_mixin.py:188} INFO - [2024-02-02T13:56:41.025+0000] {dag.py:3823} INFO - Setting next_dagrun for dataset_produces_2 to None, run_after=None
[2024-02-02T13:56:41.065+0000] {processor.py:183} INFO - Processing /home/airflow/.local/lib/python3.8/site-packages/airflow/example_dags/example_datasets.py took 0.132 seconds
[2024-02-02T13:57:11.218+0000] {processor.py:161} INFO - Started process (PID=411) to work on /home/airflow/.local/lib/python3.8/site-packages/airflow/example_dags/example_datasets.py
[2024-02-02T13:57:11.220+0000] {processor.py:830} INFO - Processing file /home/airflow/.local/lib/python3.8/site-packages/airflow/example_dags/example_datasets.py for tasks to queue
[2024-02-02T13:57:11.223+0000] {logging_mixin.py:188} INFO - [2024-02-02T13:57:11.222+0000] {dagbag.py:538} INFO - Filling up the DagBag from /home/airflow/.local/lib/python3.8/site-packages/airflow/example_dags/example_datasets.py
[2024-02-02T13:57:11.237+0000] {processor.py:840} INFO - DAG(s) 'dataset_consumes_1_and_2', 'dataset_produces_2', 'dataset_consumes_1_never_scheduled', 'dataset_consumes_unknown_never_scheduled', 'dataset_produces_1', 'dataset_consumes_1' retrieved from /home/airflow/.local/lib/python3.8/site-packages/airflow/example_dags/example_datasets.py
[2024-02-02T13:57:11.275+0000] {logging_mixin.py:188} INFO - [2024-02-02T13:57:11.275+0000] {dag.py:3036} INFO - Sync 6 DAGs
[2024-02-02T13:57:11.298+0000] {logging_mixin.py:188} INFO - [2024-02-02T13:57:11.298+0000] {dag.py:3823} INFO - Setting next_dagrun for dataset_consumes_1 to None, run_after=None
[2024-02-02T13:57:11.303+0000] {logging_mixin.py:188} INFO - [2024-02-02T13:57:11.302+0000] {dag.py:3823} INFO - Setting next_dagrun for dataset_consumes_1_and_2 to None, run_after=None
[2024-02-02T13:57:11.305+0000] {logging_mixin.py:188} INFO - [2024-02-02T13:57:11.304+0000] {dag.py:3823} INFO - Setting next_dagrun for dataset_consumes_1_never_scheduled to None, run_after=None
[2024-02-02T13:57:11.307+0000] {logging_mixin.py:188} INFO - [2024-02-02T13:57:11.306+0000] {dag.py:3823} INFO - Setting next_dagrun for dataset_consumes_unknown_never_scheduled to None, run_after=None
[2024-02-02T13:57:11.311+0000] {logging_mixin.py:188} INFO - [2024-02-02T13:57:11.310+0000] {dag.py:3823} INFO - Setting next_dagrun for dataset_produces_1 to 2024-02-01 00:00:00+00:00, run_after=2024-02-02 00:00:00+00:00
[2024-02-02T13:57:11.313+0000] {logging_mixin.py:188} INFO - [2024-02-02T13:57:11.312+0000] {dag.py:3823} INFO - Setting next_dagrun for dataset_produces_2 to None, run_after=None
[2024-02-02T13:57:11.353+0000] {processor.py:183} INFO - Processing /home/airflow/.local/lib/python3.8/site-packages/airflow/example_dags/example_datasets.py took 0.138 seconds
[2024-02-02T13:57:41.598+0000] {processor.py:161} INFO - Started process (PID=466) to work on /home/airflow/.local/lib/python3.8/site-packages/airflow/example_dags/example_datasets.py
[2024-02-02T13:57:41.600+0000] {processor.py:830} INFO - Processing file /home/airflow/.local/lib/python3.8/site-packages/airflow/example_dags/example_datasets.py for tasks to queue
[2024-02-02T13:57:41.603+0000] {logging_mixin.py:188} INFO - [2024-02-02T13:57:41.602+0000] {dagbag.py:538} INFO - Filling up the DagBag from /home/airflow/.local/lib/python3.8/site-packages/airflow/example_dags/example_datasets.py
[2024-02-02T13:57:41.614+0000] {processor.py:840} INFO - DAG(s) 'dataset_produces_2', 'dataset_produces_1', 'dataset_consumes_1', 'dataset_consumes_1_and_2', 'dataset_consumes_1_never_scheduled', 'dataset_consumes_unknown_never_scheduled' retrieved from /home/airflow/.local/lib/python3.8/site-packages/airflow/example_dags/example_datasets.py
[2024-02-02T13:57:41.654+0000] {logging_mixin.py:188} INFO - [2024-02-02T13:57:41.654+0000] {dag.py:3036} INFO - Sync 6 DAGs
[2024-02-02T13:57:41.681+0000] {logging_mixin.py:188} INFO - [2024-02-02T13:57:41.681+0000] {dag.py:3823} INFO - Setting next_dagrun for dataset_consumes_1 to None, run_after=None
[2024-02-02T13:57:41.686+0000] {logging_mixin.py:188} INFO - [2024-02-02T13:57:41.685+0000] {dag.py:3823} INFO - Setting next_dagrun for dataset_consumes_1_and_2 to None, run_after=None
[2024-02-02T13:57:41.687+0000] {logging_mixin.py:188} INFO - [2024-02-02T13:57:41.687+0000] {dag.py:3823} INFO - Setting next_dagrun for dataset_consumes_1_never_scheduled to None, run_after=None
[2024-02-02T13:57:41.689+0000] {logging_mixin.py:188} INFO - [2024-02-02T13:57:41.689+0000] {dag.py:3823} INFO - Setting next_dagrun for dataset_consumes_unknown_never_scheduled to None, run_after=None
[2024-02-02T13:57:41.693+0000] {logging_mixin.py:188} INFO - [2024-02-02T13:57:41.692+0000] {dag.py:3823} INFO - Setting next_dagrun for dataset_produces_1 to 2024-02-01 00:00:00+00:00, run_after=2024-02-02 00:00:00+00:00
[2024-02-02T13:57:41.695+0000] {logging_mixin.py:188} INFO - [2024-02-02T13:57:41.694+0000] {dag.py:3823} INFO - Setting next_dagrun for dataset_produces_2 to None, run_after=None
[2024-02-02T13:57:41.730+0000] {processor.py:183} INFO - Processing /home/airflow/.local/lib/python3.8/site-packages/airflow/example_dags/example_datasets.py took 0.135 seconds
[2024-02-02T13:58:12.170+0000] {processor.py:161} INFO - Started process (PID=521) to work on /home/airflow/.local/lib/python3.8/site-packages/airflow/example_dags/example_datasets.py
[2024-02-02T13:58:12.171+0000] {processor.py:830} INFO - Processing file /home/airflow/.local/lib/python3.8/site-packages/airflow/example_dags/example_datasets.py for tasks to queue
[2024-02-02T13:58:12.174+0000] {logging_mixin.py:188} INFO - [2024-02-02T13:58:12.174+0000] {dagbag.py:538} INFO - Filling up the DagBag from /home/airflow/.local/lib/python3.8/site-packages/airflow/example_dags/example_datasets.py
[2024-02-02T13:58:12.189+0000] {processor.py:840} INFO - DAG(s) 'dataset_consumes_1', 'dataset_produces_1', 'dataset_produces_2', 'dataset_consumes_unknown_never_scheduled', 'dataset_consumes_1_never_scheduled', 'dataset_consumes_1_and_2' retrieved from /home/airflow/.local/lib/python3.8/site-packages/airflow/example_dags/example_datasets.py
[2024-02-02T13:58:12.230+0000] {logging_mixin.py:188} INFO - [2024-02-02T13:58:12.229+0000] {dag.py:3036} INFO - Sync 6 DAGs
[2024-02-02T13:58:12.254+0000] {logging_mixin.py:188} INFO - [2024-02-02T13:58:12.254+0000] {dag.py:3823} INFO - Setting next_dagrun for dataset_consumes_1 to None, run_after=None
[2024-02-02T13:58:12.259+0000] {logging_mixin.py:188} INFO - [2024-02-02T13:58:12.258+0000] {dag.py:3823} INFO - Setting next_dagrun for dataset_consumes_1_and_2 to None, run_after=None
[2024-02-02T13:58:12.261+0000] {logging_mixin.py:188} INFO - [2024-02-02T13:58:12.260+0000] {dag.py:3823} INFO - Setting next_dagrun for dataset_consumes_1_never_scheduled to None, run_after=None
[2024-02-02T13:58:12.262+0000] {logging_mixin.py:188} INFO - [2024-02-02T13:58:12.262+0000] {dag.py:3823} INFO - Setting next_dagrun for dataset_consumes_unknown_never_scheduled to None, run_after=None
[2024-02-02T13:58:12.265+0000] {logging_mixin.py:188} INFO - [2024-02-02T13:58:12.265+0000] {dag.py:3823} INFO - Setting next_dagrun for dataset_produces_1 to 2024-02-01 00:00:00+00:00, run_after=2024-02-02 00:00:00+00:00
[2024-02-02T13:58:12.267+0000] {logging_mixin.py:188} INFO - [2024-02-02T13:58:12.267+0000] {dag.py:3823} INFO - Setting next_dagrun for dataset_produces_2 to None, run_after=None
[2024-02-02T13:58:12.307+0000] {processor.py:183} INFO - Processing /home/airflow/.local/lib/python3.8/site-packages/airflow/example_dags/example_datasets.py took 0.140 seconds
[2024-02-02T13:58:42.599+0000] {processor.py:161} INFO - Started process (PID=576) to work on /home/airflow/.local/lib/python3.8/site-packages/airflow/example_dags/example_datasets.py
[2024-02-02T13:58:42.601+0000] {processor.py:830} INFO - Processing file /home/airflow/.local/lib/python3.8/site-packages/airflow/example_dags/example_datasets.py for tasks to queue
[2024-02-02T13:58:42.604+0000] {logging_mixin.py:188} INFO - [2024-02-02T13:58:42.604+0000] {dagbag.py:538} INFO - Filling up the DagBag from /home/airflow/.local/lib/python3.8/site-packages/airflow/example_dags/example_datasets.py
[2024-02-02T13:58:42.622+0000] {processor.py:840} INFO - DAG(s) 'dataset_consumes_1_never_scheduled', 'dataset_consumes_1_and_2', 'dataset_produces_2', 'dataset_consumes_unknown_never_scheduled', 'dataset_consumes_1', 'dataset_produces_1' retrieved from /home/airflow/.local/lib/python3.8/site-packages/airflow/example_dags/example_datasets.py
[2024-02-02T13:58:42.692+0000] {logging_mixin.py:188} INFO - [2024-02-02T13:58:42.691+0000] {dag.py:3036} INFO - Sync 6 DAGs
[2024-02-02T13:58:42.745+0000] {logging_mixin.py:188} INFO - [2024-02-02T13:58:42.745+0000] {dag.py:3823} INFO - Setting next_dagrun for dataset_consumes_1 to None, run_after=None
[2024-02-02T13:58:42.752+0000] {logging_mixin.py:188} INFO - [2024-02-02T13:58:42.751+0000] {dag.py:3823} INFO - Setting next_dagrun for dataset_consumes_1_and_2 to None, run_after=None
[2024-02-02T13:58:42.754+0000] {logging_mixin.py:188} INFO - [2024-02-02T13:58:42.754+0000] {dag.py:3823} INFO - Setting next_dagrun for dataset_consumes_1_never_scheduled to None, run_after=None
[2024-02-02T13:58:42.756+0000] {logging_mixin.py:188} INFO - [2024-02-02T13:58:42.756+0000] {dag.py:3823} INFO - Setting next_dagrun for dataset_consumes_unknown_never_scheduled to None, run_after=None
[2024-02-02T13:58:42.761+0000] {logging_mixin.py:188} INFO - [2024-02-02T13:58:42.761+0000] {dag.py:3823} INFO - Setting next_dagrun for dataset_produces_1 to 2024-02-01 00:00:00+00:00, run_after=2024-02-02 00:00:00+00:00
[2024-02-02T13:58:42.763+0000] {logging_mixin.py:188} INFO - [2024-02-02T13:58:42.763+0000] {dag.py:3823} INFO - Setting next_dagrun for dataset_produces_2 to None, run_after=None
[2024-02-02T13:58:42.803+0000] {processor.py:183} INFO - Processing /home/airflow/.local/lib/python3.8/site-packages/airflow/example_dags/example_datasets.py took 0.209 seconds
[2024-02-02T13:59:13.493+0000] {processor.py:161} INFO - Started process (PID=631) to work on /home/airflow/.local/lib/python3.8/site-packages/airflow/example_dags/example_datasets.py
[2024-02-02T13:59:13.495+0000] {processor.py:830} INFO - Processing file /home/airflow/.local/lib/python3.8/site-packages/airflow/example_dags/example_datasets.py for tasks to queue
[2024-02-02T13:59:13.498+0000] {logging_mixin.py:188} INFO - [2024-02-02T13:59:13.497+0000] {dagbag.py:538} INFO - Filling up the DagBag from /home/airflow/.local/lib/python3.8/site-packages/airflow/example_dags/example_datasets.py
[2024-02-02T13:59:13.510+0000] {processor.py:840} INFO - DAG(s) 'dataset_produces_2', 'dataset_consumes_unknown_never_scheduled', 'dataset_consumes_1', 'dataset_consumes_1_and_2', 'dataset_consumes_1_never_scheduled', 'dataset_produces_1' retrieved from /home/airflow/.local/lib/python3.8/site-packages/airflow/example_dags/example_datasets.py
[2024-02-02T13:59:13.543+0000] {logging_mixin.py:188} INFO - [2024-02-02T13:59:13.542+0000] {dag.py:3036} INFO - Sync 6 DAGs
[2024-02-02T13:59:13.565+0000] {logging_mixin.py:188} INFO - [2024-02-02T13:59:13.565+0000] {dag.py:3823} INFO - Setting next_dagrun for dataset_consumes_1 to None, run_after=None
[2024-02-02T13:59:13.570+0000] {logging_mixin.py:188} INFO - [2024-02-02T13:59:13.570+0000] {dag.py:3823} INFO - Setting next_dagrun for dataset_consumes_1_and_2 to None, run_after=None
[2024-02-02T13:59:13.572+0000] {logging_mixin.py:188} INFO - [2024-02-02T13:59:13.572+0000] {dag.py:3823} INFO - Setting next_dagrun for dataset_consumes_1_never_scheduled to None, run_after=None
[2024-02-02T13:59:13.575+0000] {logging_mixin.py:188} INFO - [2024-02-02T13:59:13.574+0000] {dag.py:3823} INFO - Setting next_dagrun for dataset_consumes_unknown_never_scheduled to None, run_after=None
[2024-02-02T13:59:13.578+0000] {logging_mixin.py:188} INFO - [2024-02-02T13:59:13.578+0000] {dag.py:3823} INFO - Setting next_dagrun for dataset_produces_1 to 2024-02-01 00:00:00+00:00, run_after=2024-02-02 00:00:00+00:00
[2024-02-02T13:59:13.580+0000] {logging_mixin.py:188} INFO - [2024-02-02T13:59:13.580+0000] {dag.py:3823} INFO - Setting next_dagrun for dataset_produces_2 to None, run_after=None
[2024-02-02T13:59:13.613+0000] {processor.py:183} INFO - Processing /home/airflow/.local/lib/python3.8/site-packages/airflow/example_dags/example_datasets.py took 0.123 seconds
[2024-02-02T13:59:43.968+0000] {processor.py:161} INFO - Started process (PID=686) to work on /home/airflow/.local/lib/python3.8/site-packages/airflow/example_dags/example_datasets.py
[2024-02-02T13:59:43.969+0000] {processor.py:830} INFO - Processing file /home/airflow/.local/lib/python3.8/site-packages/airflow/example_dags/example_datasets.py for tasks to queue
[2024-02-02T13:59:43.972+0000] {logging_mixin.py:188} INFO - [2024-02-02T13:59:43.972+0000] {dagbag.py:538} INFO - Filling up the DagBag from /home/airflow/.local/lib/python3.8/site-packages/airflow/example_dags/example_datasets.py
[2024-02-02T13:59:43.986+0000] {processor.py:840} INFO - DAG(s) 'dataset_consumes_1_never_scheduled', 'dataset_produces_1', 'dataset_consumes_unknown_never_scheduled', 'dataset_consumes_1_and_2', 'dataset_consumes_1', 'dataset_produces_2' retrieved from /home/airflow/.local/lib/python3.8/site-packages/airflow/example_dags/example_datasets.py
[2024-02-02T13:59:44.037+0000] {logging_mixin.py:188} INFO - [2024-02-02T13:59:44.036+0000] {dag.py:3036} INFO - Sync 6 DAGs
[2024-02-02T13:59:44.066+0000] {logging_mixin.py:188} INFO - [2024-02-02T13:59:44.065+0000] {dag.py:3823} INFO - Setting next_dagrun for dataset_consumes_1 to None, run_after=None
[2024-02-02T13:59:44.071+0000] {logging_mixin.py:188} INFO - [2024-02-02T13:59:44.071+0000] {dag.py:3823} INFO - Setting next_dagrun for dataset_consumes_1_and_2 to None, run_after=None
[2024-02-02T13:59:44.073+0000] {logging_mixin.py:188} INFO - [2024-02-02T13:59:44.073+0000] {dag.py:3823} INFO - Setting next_dagrun for dataset_consumes_1_never_scheduled to None, run_after=None
[2024-02-02T13:59:44.075+0000] {logging_mixin.py:188} INFO - [2024-02-02T13:59:44.075+0000] {dag.py:3823} INFO - Setting next_dagrun for dataset_consumes_unknown_never_scheduled to None, run_after=None
[2024-02-02T13:59:44.079+0000] {logging_mixin.py:188} INFO - [2024-02-02T13:59:44.079+0000] {dag.py:3823} INFO - Setting next_dagrun for dataset_produces_1 to 2024-02-01 00:00:00+00:00, run_after=2024-02-02 00:00:00+00:00
[2024-02-02T13:59:44.082+0000] {logging_mixin.py:188} INFO - [2024-02-02T13:59:44.082+0000] {dag.py:3823} INFO - Setting next_dagrun for dataset_produces_2 to None, run_after=None
[2024-02-02T13:59:44.126+0000] {processor.py:183} INFO - Processing /home/airflow/.local/lib/python3.8/site-packages/airflow/example_dags/example_datasets.py took 0.161 seconds
[2024-02-02T14:00:14.390+0000] {processor.py:161} INFO - Started process (PID=741) to work on /home/airflow/.local/lib/python3.8/site-packages/airflow/example_dags/example_datasets.py
[2024-02-02T14:00:14.391+0000] {processor.py:830} INFO - Processing file /home/airflow/.local/lib/python3.8/site-packages/airflow/example_dags/example_datasets.py for tasks to queue
[2024-02-02T14:00:14.394+0000] {logging_mixin.py:188} INFO - [2024-02-02T14:00:14.393+0000] {dagbag.py:538} INFO - Filling up the DagBag from /home/airflow/.local/lib/python3.8/site-packages/airflow/example_dags/example_datasets.py
[2024-02-02T14:00:14.405+0000] {processor.py:840} INFO - DAG(s) 'dataset_consumes_1_never_scheduled', 'dataset_consumes_1_and_2', 'dataset_produces_1', 'dataset_consumes_unknown_never_scheduled', 'dataset_consumes_1', 'dataset_produces_2' retrieved from /home/airflow/.local/lib/python3.8/site-packages/airflow/example_dags/example_datasets.py
[2024-02-02T14:00:14.443+0000] {logging_mixin.py:188} INFO - [2024-02-02T14:00:14.443+0000] {dag.py:3036} INFO - Sync 6 DAGs
[2024-02-02T14:00:14.465+0000] {logging_mixin.py:188} INFO - [2024-02-02T14:00:14.465+0000] {dag.py:3823} INFO - Setting next_dagrun for dataset_consumes_1 to None, run_after=None
[2024-02-02T14:00:14.470+0000] {logging_mixin.py:188} INFO - [2024-02-02T14:00:14.470+0000] {dag.py:3823} INFO - Setting next_dagrun for dataset_consumes_1_and_2 to None, run_after=None
[2024-02-02T14:00:14.472+0000] {logging_mixin.py:188} INFO - [2024-02-02T14:00:14.472+0000] {dag.py:3823} INFO - Setting next_dagrun for dataset_consumes_1_never_scheduled to None, run_after=None
[2024-02-02T14:00:14.474+0000] {logging_mixin.py:188} INFO - [2024-02-02T14:00:14.474+0000] {dag.py:3823} INFO - Setting next_dagrun for dataset_consumes_unknown_never_scheduled to None, run_after=None
[2024-02-02T14:00:14.478+0000] {logging_mixin.py:188} INFO - [2024-02-02T14:00:14.478+0000] {dag.py:3823} INFO - Setting next_dagrun for dataset_produces_1 to 2024-02-01 00:00:00+00:00, run_after=2024-02-02 00:00:00+00:00
[2024-02-02T14:00:14.482+0000] {logging_mixin.py:188} INFO - [2024-02-02T14:00:14.481+0000] {dag.py:3823} INFO - Setting next_dagrun for dataset_produces_2 to None, run_after=None
[2024-02-02T14:00:14.521+0000] {processor.py:183} INFO - Processing /home/airflow/.local/lib/python3.8/site-packages/airflow/example_dags/example_datasets.py took 0.135 seconds
[2024-02-02T14:00:44.790+0000] {processor.py:161} INFO - Started process (PID=796) to work on /home/airflow/.local/lib/python3.8/site-packages/airflow/example_dags/example_datasets.py
[2024-02-02T14:00:44.791+0000] {processor.py:830} INFO - Processing file /home/airflow/.local/lib/python3.8/site-packages/airflow/example_dags/example_datasets.py for tasks to queue
[2024-02-02T14:00:44.794+0000] {logging_mixin.py:188} INFO - [2024-02-02T14:00:44.793+0000] {dagbag.py:538} INFO - Filling up the DagBag from /home/airflow/.local/lib/python3.8/site-packages/airflow/example_dags/example_datasets.py
[2024-02-02T14:00:44.805+0000] {processor.py:840} INFO - DAG(s) 'dataset_consumes_1_and_2', 'dataset_consumes_1_never_scheduled', 'dataset_produces_1', 'dataset_consumes_unknown_never_scheduled', 'dataset_consumes_1', 'dataset_produces_2' retrieved from /home/airflow/.local/lib/python3.8/site-packages/airflow/example_dags/example_datasets.py
[2024-02-02T14:00:44.850+0000] {logging_mixin.py:188} INFO - [2024-02-02T14:00:44.849+0000] {dag.py:3036} INFO - Sync 6 DAGs
[2024-02-02T14:00:44.874+0000] {logging_mixin.py:188} INFO - [2024-02-02T14:00:44.874+0000] {dag.py:3823} INFO - Setting next_dagrun for dataset_consumes_1 to None, run_after=None
[2024-02-02T14:00:44.879+0000] {logging_mixin.py:188} INFO - [2024-02-02T14:00:44.879+0000] {dag.py:3823} INFO - Setting next_dagrun for dataset_consumes_1_and_2 to None, run_after=None
[2024-02-02T14:00:44.881+0000] {logging_mixin.py:188} INFO - [2024-02-02T14:00:44.881+0000] {dag.py:3823} INFO - Setting next_dagrun for dataset_consumes_1_never_scheduled to None, run_after=None
[2024-02-02T14:00:44.883+0000] {logging_mixin.py:188} INFO - [2024-02-02T14:00:44.883+0000] {dag.py:3823} INFO - Setting next_dagrun for dataset_consumes_unknown_never_scheduled to None, run_after=None
[2024-02-02T14:00:44.886+0000] {logging_mixin.py:188} INFO - [2024-02-02T14:00:44.886+0000] {dag.py:3823} INFO - Setting next_dagrun for dataset_produces_1 to 2024-02-01 00:00:00+00:00, run_after=2024-02-02 00:00:00+00:00
[2024-02-02T14:00:44.888+0000] {logging_mixin.py:188} INFO - [2024-02-02T14:00:44.888+0000] {dag.py:3823} INFO - Setting next_dagrun for dataset_produces_2 to None, run_after=None
[2024-02-02T14:00:44.919+0000] {processor.py:183} INFO - Processing /home/airflow/.local/lib/python3.8/site-packages/airflow/example_dags/example_datasets.py took 0.133 seconds
[2024-02-02T14:01:15.407+0000] {processor.py:161} INFO - Started process (PID=851) to work on /home/airflow/.local/lib/python3.8/site-packages/airflow/example_dags/example_datasets.py
[2024-02-02T14:01:15.408+0000] {processor.py:830} INFO - Processing file /home/airflow/.local/lib/python3.8/site-packages/airflow/example_dags/example_datasets.py for tasks to queue
[2024-02-02T14:01:15.411+0000] {logging_mixin.py:188} INFO - [2024-02-02T14:01:15.410+0000] {dagbag.py:538} INFO - Filling up the DagBag from /home/airflow/.local/lib/python3.8/site-packages/airflow/example_dags/example_datasets.py
[2024-02-02T14:01:15.422+0000] {processor.py:840} INFO - DAG(s) 'dataset_consumes_1_and_2', 'dataset_produces_1', 'dataset_consumes_unknown_never_scheduled', 'dataset_produces_2', 'dataset_consumes_1', 'dataset_consumes_1_never_scheduled' retrieved from /home/airflow/.local/lib/python3.8/site-packages/airflow/example_dags/example_datasets.py
[2024-02-02T14:01:15.464+0000] {logging_mixin.py:188} INFO - [2024-02-02T14:01:15.463+0000] {dag.py:3036} INFO - Sync 6 DAGs
[2024-02-02T14:01:15.489+0000] {logging_mixin.py:188} INFO - [2024-02-02T14:01:15.489+0000] {dag.py:3823} INFO - Setting next_dagrun for dataset_consumes_1 to None, run_after=None
[2024-02-02T14:01:15.494+0000] {logging_mixin.py:188} INFO - [2024-02-02T14:01:15.494+0000] {dag.py:3823} INFO - Setting next_dagrun for dataset_consumes_1_and_2 to None, run_after=None
[2024-02-02T14:01:15.496+0000] {logging_mixin.py:188} INFO - [2024-02-02T14:01:15.496+0000] {dag.py:3823} INFO - Setting next_dagrun for dataset_consumes_1_never_scheduled to None, run_after=None
[2024-02-02T14:01:15.499+0000] {logging_mixin.py:188} INFO - [2024-02-02T14:01:15.498+0000] {dag.py:3823} INFO - Setting next_dagrun for dataset_consumes_unknown_never_scheduled to None, run_after=None
[2024-02-02T14:01:15.502+0000] {logging_mixin.py:188} INFO - [2024-02-02T14:01:15.502+0000] {dag.py:3823} INFO - Setting next_dagrun for dataset_produces_1 to 2024-02-01 00:00:00+00:00, run_after=2024-02-02 00:00:00+00:00
[2024-02-02T14:01:15.504+0000] {logging_mixin.py:188} INFO - [2024-02-02T14:01:15.504+0000] {dag.py:3823} INFO - Setting next_dagrun for dataset_produces_2 to None, run_after=None
[2024-02-02T14:01:15.543+0000] {processor.py:183} INFO - Processing /home/airflow/.local/lib/python3.8/site-packages/airflow/example_dags/example_datasets.py took 0.140 seconds
