[2024-02-02T13:53:59.999+0000] {processor.py:161} INFO - Started process (PID=53) to work on /home/airflow/.local/lib/python3.8/site-packages/airflow/example_dags/example_setup_teardown.py
[2024-02-02T13:54:00.002+0000] {processor.py:830} INFO - Processing file /home/airflow/.local/lib/python3.8/site-packages/airflow/example_dags/example_setup_teardown.py for tasks to queue
[2024-02-02T13:54:00.024+0000] {logging_mixin.py:188} INFO - [2024-02-02T13:54:00.023+0000] {dagbag.py:538} INFO - Filling up the DagBag from /home/airflow/.local/lib/python3.8/site-packages/airflow/example_dags/example_setup_teardown.py
[2024-02-02T13:54:00.074+0000] {processor.py:840} INFO - DAG(s) 'example_setup_teardown' retrieved from /home/airflow/.local/lib/python3.8/site-packages/airflow/example_dags/example_setup_teardown.py
[2024-02-02T13:54:00.546+0000] {logging_mixin.py:188} INFO - [2024-02-02T13:54:00.544+0000] {override.py:1769} INFO - Created Permission View: can delete on DAG:example_setup_teardown
[2024-02-02T13:54:00.608+0000] {logging_mixin.py:188} INFO - [2024-02-02T13:54:00.607+0000] {override.py:1769} INFO - Created Permission View: can read on DAG:example_setup_teardown
[2024-02-02T13:54:00.663+0000] {logging_mixin.py:188} INFO - [2024-02-02T13:54:00.662+0000] {override.py:1769} INFO - Created Permission View: can edit on DAG:example_setup_teardown
[2024-02-02T13:54:00.667+0000] {logging_mixin.py:188} INFO - [2024-02-02T13:54:00.666+0000] {dag.py:3036} INFO - Sync 1 DAGs
[2024-02-02T13:54:00.724+0000] {logging_mixin.py:188} INFO - [2024-02-02T13:54:00.722+0000] {dag.py:3058} INFO - Creating ORM DAG for example_setup_teardown
[2024-02-02T13:54:00.753+0000] {logging_mixin.py:188} INFO - [2024-02-02T13:54:00.752+0000] {dag.py:3823} INFO - Setting next_dagrun for example_setup_teardown to 2024-02-01 00:00:00+00:00, run_after=2024-02-02 00:00:00+00:00
[2024-02-02T13:54:00.804+0000] {processor.py:183} INFO - Processing /home/airflow/.local/lib/python3.8/site-packages/airflow/example_dags/example_setup_teardown.py took 0.814 seconds
[2024-02-02T13:54:31.489+0000] {processor.py:161} INFO - Started process (PID=111) to work on /home/airflow/.local/lib/python3.8/site-packages/airflow/example_dags/example_setup_teardown.py
[2024-02-02T13:54:31.490+0000] {processor.py:830} INFO - Processing file /home/airflow/.local/lib/python3.8/site-packages/airflow/example_dags/example_setup_teardown.py for tasks to queue
[2024-02-02T13:54:31.493+0000] {logging_mixin.py:188} INFO - [2024-02-02T13:54:31.493+0000] {dagbag.py:538} INFO - Filling up the DagBag from /home/airflow/.local/lib/python3.8/site-packages/airflow/example_dags/example_setup_teardown.py
[2024-02-02T13:54:31.503+0000] {processor.py:840} INFO - DAG(s) 'example_setup_teardown' retrieved from /home/airflow/.local/lib/python3.8/site-packages/airflow/example_dags/example_setup_teardown.py
[2024-02-02T13:54:31.528+0000] {logging_mixin.py:188} INFO - [2024-02-02T13:54:31.528+0000] {dag.py:3036} INFO - Sync 1 DAGs
[2024-02-02T13:54:31.563+0000] {logging_mixin.py:188} INFO - [2024-02-02T13:54:31.563+0000] {dag.py:3823} INFO - Setting next_dagrun for example_setup_teardown to 2024-02-01 00:00:00+00:00, run_after=2024-02-02 00:00:00+00:00
[2024-02-02T13:54:31.593+0000] {processor.py:183} INFO - Processing /home/airflow/.local/lib/python3.8/site-packages/airflow/example_dags/example_setup_teardown.py took 0.107 seconds
[2024-02-02T13:55:01.654+0000] {processor.py:161} INFO - Started process (PID=165) to work on /home/airflow/.local/lib/python3.8/site-packages/airflow/example_dags/example_setup_teardown.py
[2024-02-02T13:55:01.656+0000] {processor.py:830} INFO - Processing file /home/airflow/.local/lib/python3.8/site-packages/airflow/example_dags/example_setup_teardown.py for tasks to queue
[2024-02-02T13:55:01.659+0000] {logging_mixin.py:188} INFO - [2024-02-02T13:55:01.659+0000] {dagbag.py:538} INFO - Filling up the DagBag from /home/airflow/.local/lib/python3.8/site-packages/airflow/example_dags/example_setup_teardown.py
[2024-02-02T13:55:01.668+0000] {processor.py:840} INFO - DAG(s) 'example_setup_teardown' retrieved from /home/airflow/.local/lib/python3.8/site-packages/airflow/example_dags/example_setup_teardown.py
[2024-02-02T13:55:01.694+0000] {logging_mixin.py:188} INFO - [2024-02-02T13:55:01.693+0000] {dag.py:3036} INFO - Sync 1 DAGs
[2024-02-02T13:55:01.724+0000] {logging_mixin.py:188} INFO - [2024-02-02T13:55:01.724+0000] {dag.py:3823} INFO - Setting next_dagrun for example_setup_teardown to 2024-02-01 00:00:00+00:00, run_after=2024-02-02 00:00:00+00:00
[2024-02-02T13:55:01.749+0000] {processor.py:183} INFO - Processing /home/airflow/.local/lib/python3.8/site-packages/airflow/example_dags/example_setup_teardown.py took 0.100 seconds
[2024-02-02T13:55:32.380+0000] {processor.py:161} INFO - Started process (PID=221) to work on /home/airflow/.local/lib/python3.8/site-packages/airflow/example_dags/example_setup_teardown.py
[2024-02-02T13:55:32.381+0000] {processor.py:830} INFO - Processing file /home/airflow/.local/lib/python3.8/site-packages/airflow/example_dags/example_setup_teardown.py for tasks to queue
[2024-02-02T13:55:32.384+0000] {logging_mixin.py:188} INFO - [2024-02-02T13:55:32.384+0000] {dagbag.py:538} INFO - Filling up the DagBag from /home/airflow/.local/lib/python3.8/site-packages/airflow/example_dags/example_setup_teardown.py
[2024-02-02T13:55:32.394+0000] {processor.py:840} INFO - DAG(s) 'example_setup_teardown' retrieved from /home/airflow/.local/lib/python3.8/site-packages/airflow/example_dags/example_setup_teardown.py
[2024-02-02T13:55:32.421+0000] {logging_mixin.py:188} INFO - [2024-02-02T13:55:32.420+0000] {dag.py:3036} INFO - Sync 1 DAGs
[2024-02-02T13:55:32.445+0000] {logging_mixin.py:188} INFO - [2024-02-02T13:55:32.445+0000] {dag.py:3823} INFO - Setting next_dagrun for example_setup_teardown to 2024-02-01 00:00:00+00:00, run_after=2024-02-02 00:00:00+00:00
[2024-02-02T13:55:32.468+0000] {processor.py:183} INFO - Processing /home/airflow/.local/lib/python3.8/site-packages/airflow/example_dags/example_setup_teardown.py took 0.092 seconds
[2024-02-02T13:56:02.665+0000] {processor.py:161} INFO - Started process (PID=276) to work on /home/airflow/.local/lib/python3.8/site-packages/airflow/example_dags/example_setup_teardown.py
[2024-02-02T13:56:02.666+0000] {processor.py:830} INFO - Processing file /home/airflow/.local/lib/python3.8/site-packages/airflow/example_dags/example_setup_teardown.py for tasks to queue
[2024-02-02T13:56:02.668+0000] {logging_mixin.py:188} INFO - [2024-02-02T13:56:02.668+0000] {dagbag.py:538} INFO - Filling up the DagBag from /home/airflow/.local/lib/python3.8/site-packages/airflow/example_dags/example_setup_teardown.py
[2024-02-02T13:56:02.678+0000] {processor.py:840} INFO - DAG(s) 'example_setup_teardown' retrieved from /home/airflow/.local/lib/python3.8/site-packages/airflow/example_dags/example_setup_teardown.py
[2024-02-02T13:56:02.702+0000] {logging_mixin.py:188} INFO - [2024-02-02T13:56:02.701+0000] {dag.py:3036} INFO - Sync 1 DAGs
[2024-02-02T13:56:02.724+0000] {logging_mixin.py:188} INFO - [2024-02-02T13:56:02.723+0000] {dag.py:3823} INFO - Setting next_dagrun for example_setup_teardown to 2024-02-01 00:00:00+00:00, run_after=2024-02-02 00:00:00+00:00
[2024-02-02T13:56:02.746+0000] {processor.py:183} INFO - Processing /home/airflow/.local/lib/python3.8/site-packages/airflow/example_dags/example_setup_teardown.py took 0.086 seconds
[2024-02-02T13:56:33.198+0000] {processor.py:161} INFO - Started process (PID=331) to work on /home/airflow/.local/lib/python3.8/site-packages/airflow/example_dags/example_setup_teardown.py
[2024-02-02T13:56:33.200+0000] {processor.py:830} INFO - Processing file /home/airflow/.local/lib/python3.8/site-packages/airflow/example_dags/example_setup_teardown.py for tasks to queue
[2024-02-02T13:56:33.202+0000] {logging_mixin.py:188} INFO - [2024-02-02T13:56:33.202+0000] {dagbag.py:538} INFO - Filling up the DagBag from /home/airflow/.local/lib/python3.8/site-packages/airflow/example_dags/example_setup_teardown.py
[2024-02-02T13:56:33.211+0000] {processor.py:840} INFO - DAG(s) 'example_setup_teardown' retrieved from /home/airflow/.local/lib/python3.8/site-packages/airflow/example_dags/example_setup_teardown.py
[2024-02-02T13:56:33.238+0000] {logging_mixin.py:188} INFO - [2024-02-02T13:56:33.237+0000] {dag.py:3036} INFO - Sync 1 DAGs
[2024-02-02T13:56:33.263+0000] {logging_mixin.py:188} INFO - [2024-02-02T13:56:33.262+0000] {dag.py:3823} INFO - Setting next_dagrun for example_setup_teardown to 2024-02-01 00:00:00+00:00, run_after=2024-02-02 00:00:00+00:00
[2024-02-02T13:56:33.298+0000] {processor.py:183} INFO - Processing /home/airflow/.local/lib/python3.8/site-packages/airflow/example_dags/example_setup_teardown.py took 0.103 seconds
[2024-02-02T13:57:03.627+0000] {processor.py:161} INFO - Started process (PID=386) to work on /home/airflow/.local/lib/python3.8/site-packages/airflow/example_dags/example_setup_teardown.py
[2024-02-02T13:57:03.628+0000] {processor.py:830} INFO - Processing file /home/airflow/.local/lib/python3.8/site-packages/airflow/example_dags/example_setup_teardown.py for tasks to queue
[2024-02-02T13:57:03.631+0000] {logging_mixin.py:188} INFO - [2024-02-02T13:57:03.631+0000] {dagbag.py:538} INFO - Filling up the DagBag from /home/airflow/.local/lib/python3.8/site-packages/airflow/example_dags/example_setup_teardown.py
[2024-02-02T13:57:03.642+0000] {processor.py:840} INFO - DAG(s) 'example_setup_teardown' retrieved from /home/airflow/.local/lib/python3.8/site-packages/airflow/example_dags/example_setup_teardown.py
[2024-02-02T13:57:03.664+0000] {logging_mixin.py:188} INFO - [2024-02-02T13:57:03.664+0000] {dag.py:3036} INFO - Sync 1 DAGs
[2024-02-02T13:57:03.689+0000] {logging_mixin.py:188} INFO - [2024-02-02T13:57:03.689+0000] {dag.py:3823} INFO - Setting next_dagrun for example_setup_teardown to 2024-02-01 00:00:00+00:00, run_after=2024-02-02 00:00:00+00:00
[2024-02-02T13:57:03.710+0000] {processor.py:183} INFO - Processing /home/airflow/.local/lib/python3.8/site-packages/airflow/example_dags/example_setup_teardown.py took 0.086 seconds
[2024-02-02T13:57:33.803+0000] {processor.py:161} INFO - Started process (PID=441) to work on /home/airflow/.local/lib/python3.8/site-packages/airflow/example_dags/example_setup_teardown.py
[2024-02-02T13:57:33.804+0000] {processor.py:830} INFO - Processing file /home/airflow/.local/lib/python3.8/site-packages/airflow/example_dags/example_setup_teardown.py for tasks to queue
[2024-02-02T13:57:33.806+0000] {logging_mixin.py:188} INFO - [2024-02-02T13:57:33.806+0000] {dagbag.py:538} INFO - Filling up the DagBag from /home/airflow/.local/lib/python3.8/site-packages/airflow/example_dags/example_setup_teardown.py
[2024-02-02T13:57:33.814+0000] {processor.py:840} INFO - DAG(s) 'example_setup_teardown' retrieved from /home/airflow/.local/lib/python3.8/site-packages/airflow/example_dags/example_setup_teardown.py
[2024-02-02T13:57:33.838+0000] {logging_mixin.py:188} INFO - [2024-02-02T13:57:33.838+0000] {dag.py:3036} INFO - Sync 1 DAGs
[2024-02-02T13:57:33.859+0000] {logging_mixin.py:188} INFO - [2024-02-02T13:57:33.859+0000] {dag.py:3823} INFO - Setting next_dagrun for example_setup_teardown to 2024-02-01 00:00:00+00:00, run_after=2024-02-02 00:00:00+00:00
[2024-02-02T13:57:33.880+0000] {processor.py:183} INFO - Processing /home/airflow/.local/lib/python3.8/site-packages/airflow/example_dags/example_setup_teardown.py took 0.082 seconds
[2024-02-02T13:58:04.499+0000] {processor.py:161} INFO - Started process (PID=496) to work on /home/airflow/.local/lib/python3.8/site-packages/airflow/example_dags/example_setup_teardown.py
[2024-02-02T13:58:04.501+0000] {processor.py:830} INFO - Processing file /home/airflow/.local/lib/python3.8/site-packages/airflow/example_dags/example_setup_teardown.py for tasks to queue
[2024-02-02T13:58:04.504+0000] {logging_mixin.py:188} INFO - [2024-02-02T13:58:04.503+0000] {dagbag.py:538} INFO - Filling up the DagBag from /home/airflow/.local/lib/python3.8/site-packages/airflow/example_dags/example_setup_teardown.py
[2024-02-02T13:58:04.514+0000] {processor.py:840} INFO - DAG(s) 'example_setup_teardown' retrieved from /home/airflow/.local/lib/python3.8/site-packages/airflow/example_dags/example_setup_teardown.py
[2024-02-02T13:58:04.542+0000] {logging_mixin.py:188} INFO - [2024-02-02T13:58:04.541+0000] {dag.py:3036} INFO - Sync 1 DAGs
[2024-02-02T13:58:04.567+0000] {logging_mixin.py:188} INFO - [2024-02-02T13:58:04.567+0000] {dag.py:3823} INFO - Setting next_dagrun for example_setup_teardown to 2024-02-01 00:00:00+00:00, run_after=2024-02-02 00:00:00+00:00
[2024-02-02T13:58:04.590+0000] {processor.py:183} INFO - Processing /home/airflow/.local/lib/python3.8/site-packages/airflow/example_dags/example_setup_teardown.py took 0.095 seconds
[2024-02-02T13:58:34.787+0000] {processor.py:161} INFO - Started process (PID=551) to work on /home/airflow/.local/lib/python3.8/site-packages/airflow/example_dags/example_setup_teardown.py
[2024-02-02T13:58:34.788+0000] {processor.py:830} INFO - Processing file /home/airflow/.local/lib/python3.8/site-packages/airflow/example_dags/example_setup_teardown.py for tasks to queue
[2024-02-02T13:58:34.791+0000] {logging_mixin.py:188} INFO - [2024-02-02T13:58:34.791+0000] {dagbag.py:538} INFO - Filling up the DagBag from /home/airflow/.local/lib/python3.8/site-packages/airflow/example_dags/example_setup_teardown.py
[2024-02-02T13:58:34.800+0000] {processor.py:840} INFO - DAG(s) 'example_setup_teardown' retrieved from /home/airflow/.local/lib/python3.8/site-packages/airflow/example_dags/example_setup_teardown.py
[2024-02-02T13:58:34.826+0000] {logging_mixin.py:188} INFO - [2024-02-02T13:58:34.826+0000] {dag.py:3036} INFO - Sync 1 DAGs
[2024-02-02T13:58:34.850+0000] {logging_mixin.py:188} INFO - [2024-02-02T13:58:34.850+0000] {dag.py:3823} INFO - Setting next_dagrun for example_setup_teardown to 2024-02-01 00:00:00+00:00, run_after=2024-02-02 00:00:00+00:00
[2024-02-02T13:58:34.875+0000] {processor.py:183} INFO - Processing /home/airflow/.local/lib/python3.8/site-packages/airflow/example_dags/example_setup_teardown.py took 0.090 seconds
[2024-02-02T13:59:05.748+0000] {processor.py:161} INFO - Started process (PID=606) to work on /home/airflow/.local/lib/python3.8/site-packages/airflow/example_dags/example_setup_teardown.py
[2024-02-02T13:59:05.750+0000] {processor.py:830} INFO - Processing file /home/airflow/.local/lib/python3.8/site-packages/airflow/example_dags/example_setup_teardown.py for tasks to queue
[2024-02-02T13:59:05.753+0000] {logging_mixin.py:188} INFO - [2024-02-02T13:59:05.752+0000] {dagbag.py:538} INFO - Filling up the DagBag from /home/airflow/.local/lib/python3.8/site-packages/airflow/example_dags/example_setup_teardown.py
[2024-02-02T13:59:05.761+0000] {processor.py:840} INFO - DAG(s) 'example_setup_teardown' retrieved from /home/airflow/.local/lib/python3.8/site-packages/airflow/example_dags/example_setup_teardown.py
[2024-02-02T13:59:05.786+0000] {logging_mixin.py:188} INFO - [2024-02-02T13:59:05.786+0000] {dag.py:3036} INFO - Sync 1 DAGs
[2024-02-02T13:59:05.807+0000] {logging_mixin.py:188} INFO - [2024-02-02T13:59:05.807+0000] {dag.py:3823} INFO - Setting next_dagrun for example_setup_teardown to 2024-02-01 00:00:00+00:00, run_after=2024-02-02 00:00:00+00:00
[2024-02-02T13:59:05.831+0000] {processor.py:183} INFO - Processing /home/airflow/.local/lib/python3.8/site-packages/airflow/example_dags/example_setup_teardown.py took 0.087 seconds
[2024-02-02T13:59:36.294+0000] {processor.py:161} INFO - Started process (PID=661) to work on /home/airflow/.local/lib/python3.8/site-packages/airflow/example_dags/example_setup_teardown.py
[2024-02-02T13:59:36.295+0000] {processor.py:830} INFO - Processing file /home/airflow/.local/lib/python3.8/site-packages/airflow/example_dags/example_setup_teardown.py for tasks to queue
[2024-02-02T13:59:36.299+0000] {logging_mixin.py:188} INFO - [2024-02-02T13:59:36.299+0000] {dagbag.py:538} INFO - Filling up the DagBag from /home/airflow/.local/lib/python3.8/site-packages/airflow/example_dags/example_setup_teardown.py
[2024-02-02T13:59:36.312+0000] {processor.py:840} INFO - DAG(s) 'example_setup_teardown' retrieved from /home/airflow/.local/lib/python3.8/site-packages/airflow/example_dags/example_setup_teardown.py
[2024-02-02T13:59:36.338+0000] {logging_mixin.py:188} INFO - [2024-02-02T13:59:36.338+0000] {dag.py:3036} INFO - Sync 1 DAGs
[2024-02-02T13:59:36.364+0000] {logging_mixin.py:188} INFO - [2024-02-02T13:59:36.363+0000] {dag.py:3823} INFO - Setting next_dagrun for example_setup_teardown to 2024-02-01 00:00:00+00:00, run_after=2024-02-02 00:00:00+00:00
[2024-02-02T13:59:36.388+0000] {processor.py:183} INFO - Processing /home/airflow/.local/lib/python3.8/site-packages/airflow/example_dags/example_setup_teardown.py took 0.099 seconds
[2024-02-02T14:00:06.860+0000] {processor.py:161} INFO - Started process (PID=716) to work on /home/airflow/.local/lib/python3.8/site-packages/airflow/example_dags/example_setup_teardown.py
[2024-02-02T14:00:06.862+0000] {processor.py:830} INFO - Processing file /home/airflow/.local/lib/python3.8/site-packages/airflow/example_dags/example_setup_teardown.py for tasks to queue
[2024-02-02T14:00:06.864+0000] {logging_mixin.py:188} INFO - [2024-02-02T14:00:06.864+0000] {dagbag.py:538} INFO - Filling up the DagBag from /home/airflow/.local/lib/python3.8/site-packages/airflow/example_dags/example_setup_teardown.py
[2024-02-02T14:00:06.872+0000] {processor.py:840} INFO - DAG(s) 'example_setup_teardown' retrieved from /home/airflow/.local/lib/python3.8/site-packages/airflow/example_dags/example_setup_teardown.py
[2024-02-02T14:00:06.896+0000] {logging_mixin.py:188} INFO - [2024-02-02T14:00:06.895+0000] {dag.py:3036} INFO - Sync 1 DAGs
[2024-02-02T14:00:06.919+0000] {logging_mixin.py:188} INFO - [2024-02-02T14:00:06.918+0000] {dag.py:3823} INFO - Setting next_dagrun for example_setup_teardown to 2024-02-01 00:00:00+00:00, run_after=2024-02-02 00:00:00+00:00
[2024-02-02T14:00:06.941+0000] {processor.py:183} INFO - Processing /home/airflow/.local/lib/python3.8/site-packages/airflow/example_dags/example_setup_teardown.py took 0.084 seconds
[2024-02-02T14:00:37.061+0000] {processor.py:161} INFO - Started process (PID=771) to work on /home/airflow/.local/lib/python3.8/site-packages/airflow/example_dags/example_setup_teardown.py
[2024-02-02T14:00:37.063+0000] {processor.py:830} INFO - Processing file /home/airflow/.local/lib/python3.8/site-packages/airflow/example_dags/example_setup_teardown.py for tasks to queue
[2024-02-02T14:00:37.065+0000] {logging_mixin.py:188} INFO - [2024-02-02T14:00:37.064+0000] {dagbag.py:538} INFO - Filling up the DagBag from /home/airflow/.local/lib/python3.8/site-packages/airflow/example_dags/example_setup_teardown.py
[2024-02-02T14:00:37.073+0000] {processor.py:840} INFO - DAG(s) 'example_setup_teardown' retrieved from /home/airflow/.local/lib/python3.8/site-packages/airflow/example_dags/example_setup_teardown.py
[2024-02-02T14:00:37.099+0000] {logging_mixin.py:188} INFO - [2024-02-02T14:00:37.099+0000] {dag.py:3036} INFO - Sync 1 DAGs
[2024-02-02T14:00:37.127+0000] {logging_mixin.py:188} INFO - [2024-02-02T14:00:37.126+0000] {dag.py:3823} INFO - Setting next_dagrun for example_setup_teardown to 2024-02-01 00:00:00+00:00, run_after=2024-02-02 00:00:00+00:00
[2024-02-02T14:00:37.150+0000] {processor.py:183} INFO - Processing /home/airflow/.local/lib/python3.8/site-packages/airflow/example_dags/example_setup_teardown.py took 0.091 seconds
[2024-02-02T14:01:07.576+0000] {processor.py:161} INFO - Started process (PID=826) to work on /home/airflow/.local/lib/python3.8/site-packages/airflow/example_dags/example_setup_teardown.py
[2024-02-02T14:01:07.577+0000] {processor.py:830} INFO - Processing file /home/airflow/.local/lib/python3.8/site-packages/airflow/example_dags/example_setup_teardown.py for tasks to queue
[2024-02-02T14:01:07.580+0000] {logging_mixin.py:188} INFO - [2024-02-02T14:01:07.579+0000] {dagbag.py:538} INFO - Filling up the DagBag from /home/airflow/.local/lib/python3.8/site-packages/airflow/example_dags/example_setup_teardown.py
[2024-02-02T14:01:07.588+0000] {processor.py:840} INFO - DAG(s) 'example_setup_teardown' retrieved from /home/airflow/.local/lib/python3.8/site-packages/airflow/example_dags/example_setup_teardown.py
[2024-02-02T14:01:07.615+0000] {logging_mixin.py:188} INFO - [2024-02-02T14:01:07.615+0000] {dag.py:3036} INFO - Sync 1 DAGs
[2024-02-02T14:01:07.643+0000] {logging_mixin.py:188} INFO - [2024-02-02T14:01:07.642+0000] {dag.py:3823} INFO - Setting next_dagrun for example_setup_teardown to 2024-02-01 00:00:00+00:00, run_after=2024-02-02 00:00:00+00:00
[2024-02-02T14:01:07.667+0000] {processor.py:183} INFO - Processing /home/airflow/.local/lib/python3.8/site-packages/airflow/example_dags/example_setup_teardown.py took 0.094 seconds
