[2024-02-02T13:53:58.912+0000] {processor.py:161} INFO - Started process (PID=50) to work on /home/airflow/.local/lib/python3.8/site-packages/airflow/example_dags/example_kubernetes_executor.py
[2024-02-02T13:53:58.914+0000] {processor.py:830} INFO - Processing file /home/airflow/.local/lib/python3.8/site-packages/airflow/example_dags/example_kubernetes_executor.py for tasks to queue
[2024-02-02T13:53:58.920+0000] {logging_mixin.py:188} INFO - [2024-02-02T13:53:58.920+0000] {dagbag.py:538} INFO - Filling up the DagBag from /home/airflow/.local/lib/python3.8/site-packages/airflow/example_dags/example_kubernetes_executor.py
[2024-02-02T13:53:58.977+0000] {processor.py:840} INFO - DAG(s) 'example_kubernetes_executor' retrieved from /home/airflow/.local/lib/python3.8/site-packages/airflow/example_dags/example_kubernetes_executor.py
[2024-02-02T13:53:59.459+0000] {logging_mixin.py:188} INFO - [2024-02-02T13:53:59.458+0000] {override.py:1769} INFO - Created Permission View: can delete on DAG:example_kubernetes_executor
[2024-02-02T13:53:59.489+0000] {logging_mixin.py:188} INFO - [2024-02-02T13:53:59.489+0000] {override.py:1769} INFO - Created Permission View: can read on DAG:example_kubernetes_executor
[2024-02-02T13:53:59.570+0000] {logging_mixin.py:188} INFO - [2024-02-02T13:53:59.569+0000] {override.py:1769} INFO - Created Permission View: can edit on DAG:example_kubernetes_executor
[2024-02-02T13:53:59.583+0000] {logging_mixin.py:188} INFO - [2024-02-02T13:53:59.583+0000] {dag.py:3036} INFO - Sync 1 DAGs
[2024-02-02T13:53:59.621+0000] {logging_mixin.py:188} INFO - [2024-02-02T13:53:59.621+0000] {dag.py:3058} INFO - Creating ORM DAG for example_kubernetes_executor
[2024-02-02T13:53:59.625+0000] {logging_mixin.py:188} INFO - [2024-02-02T13:53:59.625+0000] {dag.py:3823} INFO - Setting next_dagrun for example_kubernetes_executor to None, run_after=None
[2024-02-02T13:53:59.727+0000] {processor.py:183} INFO - Processing /home/airflow/.local/lib/python3.8/site-packages/airflow/example_dags/example_kubernetes_executor.py took 0.820 seconds
[2024-02-02T13:54:30.314+0000] {processor.py:161} INFO - Started process (PID=108) to work on /home/airflow/.local/lib/python3.8/site-packages/airflow/example_dags/example_kubernetes_executor.py
[2024-02-02T13:54:30.315+0000] {processor.py:830} INFO - Processing file /home/airflow/.local/lib/python3.8/site-packages/airflow/example_dags/example_kubernetes_executor.py for tasks to queue
[2024-02-02T13:54:30.318+0000] {logging_mixin.py:188} INFO - [2024-02-02T13:54:30.318+0000] {dagbag.py:538} INFO - Filling up the DagBag from /home/airflow/.local/lib/python3.8/site-packages/airflow/example_dags/example_kubernetes_executor.py
[2024-02-02T13:54:30.337+0000] {processor.py:840} INFO - DAG(s) 'example_kubernetes_executor' retrieved from /home/airflow/.local/lib/python3.8/site-packages/airflow/example_dags/example_kubernetes_executor.py
[2024-02-02T13:54:30.390+0000] {logging_mixin.py:188} INFO - [2024-02-02T13:54:30.389+0000] {dag.py:3036} INFO - Sync 1 DAGs
[2024-02-02T13:54:30.408+0000] {logging_mixin.py:188} INFO - [2024-02-02T13:54:30.407+0000] {dag.py:3823} INFO - Setting next_dagrun for example_kubernetes_executor to None, run_after=None
[2024-02-02T13:54:30.439+0000] {processor.py:183} INFO - Processing /home/airflow/.local/lib/python3.8/site-packages/airflow/example_dags/example_kubernetes_executor.py took 0.128 seconds
[2024-02-02T13:55:00.585+0000] {processor.py:161} INFO - Started process (PID=164) to work on /home/airflow/.local/lib/python3.8/site-packages/airflow/example_dags/example_kubernetes_executor.py
[2024-02-02T13:55:00.587+0000] {processor.py:830} INFO - Processing file /home/airflow/.local/lib/python3.8/site-packages/airflow/example_dags/example_kubernetes_executor.py for tasks to queue
[2024-02-02T13:55:00.590+0000] {logging_mixin.py:188} INFO - [2024-02-02T13:55:00.590+0000] {dagbag.py:538} INFO - Filling up the DagBag from /home/airflow/.local/lib/python3.8/site-packages/airflow/example_dags/example_kubernetes_executor.py
[2024-02-02T13:55:00.610+0000] {processor.py:840} INFO - DAG(s) 'example_kubernetes_executor' retrieved from /home/airflow/.local/lib/python3.8/site-packages/airflow/example_dags/example_kubernetes_executor.py
[2024-02-02T13:55:00.658+0000] {logging_mixin.py:188} INFO - [2024-02-02T13:55:00.658+0000] {dag.py:3036} INFO - Sync 1 DAGs
[2024-02-02T13:55:00.670+0000] {logging_mixin.py:188} INFO - [2024-02-02T13:55:00.670+0000] {dag.py:3823} INFO - Setting next_dagrun for example_kubernetes_executor to None, run_after=None
[2024-02-02T13:55:00.693+0000] {processor.py:183} INFO - Processing /home/airflow/.local/lib/python3.8/site-packages/airflow/example_dags/example_kubernetes_executor.py took 0.111 seconds
[2024-02-02T13:55:31.213+0000] {processor.py:161} INFO - Started process (PID=218) to work on /home/airflow/.local/lib/python3.8/site-packages/airflow/example_dags/example_kubernetes_executor.py
[2024-02-02T13:55:31.214+0000] {processor.py:830} INFO - Processing file /home/airflow/.local/lib/python3.8/site-packages/airflow/example_dags/example_kubernetes_executor.py for tasks to queue
[2024-02-02T13:55:31.218+0000] {logging_mixin.py:188} INFO - [2024-02-02T13:55:31.217+0000] {dagbag.py:538} INFO - Filling up the DagBag from /home/airflow/.local/lib/python3.8/site-packages/airflow/example_dags/example_kubernetes_executor.py
[2024-02-02T13:55:31.237+0000] {processor.py:840} INFO - DAG(s) 'example_kubernetes_executor' retrieved from /home/airflow/.local/lib/python3.8/site-packages/airflow/example_dags/example_kubernetes_executor.py
[2024-02-02T13:55:31.290+0000] {logging_mixin.py:188} INFO - [2024-02-02T13:55:31.289+0000] {dag.py:3036} INFO - Sync 1 DAGs
[2024-02-02T13:55:31.304+0000] {logging_mixin.py:188} INFO - [2024-02-02T13:55:31.304+0000] {dag.py:3823} INFO - Setting next_dagrun for example_kubernetes_executor to None, run_after=None
[2024-02-02T13:55:31.328+0000] {processor.py:183} INFO - Processing /home/airflow/.local/lib/python3.8/site-packages/airflow/example_dags/example_kubernetes_executor.py took 0.118 seconds
[2024-02-02T13:56:01.534+0000] {processor.py:161} INFO - Started process (PID=273) to work on /home/airflow/.local/lib/python3.8/site-packages/airflow/example_dags/example_kubernetes_executor.py
[2024-02-02T13:56:01.535+0000] {processor.py:830} INFO - Processing file /home/airflow/.local/lib/python3.8/site-packages/airflow/example_dags/example_kubernetes_executor.py for tasks to queue
[2024-02-02T13:56:01.538+0000] {logging_mixin.py:188} INFO - [2024-02-02T13:56:01.538+0000] {dagbag.py:538} INFO - Filling up the DagBag from /home/airflow/.local/lib/python3.8/site-packages/airflow/example_dags/example_kubernetes_executor.py
[2024-02-02T13:56:01.558+0000] {processor.py:840} INFO - DAG(s) 'example_kubernetes_executor' retrieved from /home/airflow/.local/lib/python3.8/site-packages/airflow/example_dags/example_kubernetes_executor.py
[2024-02-02T13:56:01.603+0000] {logging_mixin.py:188} INFO - [2024-02-02T13:56:01.602+0000] {dag.py:3036} INFO - Sync 1 DAGs
[2024-02-02T13:56:01.618+0000] {logging_mixin.py:188} INFO - [2024-02-02T13:56:01.618+0000] {dag.py:3823} INFO - Setting next_dagrun for example_kubernetes_executor to None, run_after=None
[2024-02-02T13:56:01.643+0000] {processor.py:183} INFO - Processing /home/airflow/.local/lib/python3.8/site-packages/airflow/example_dags/example_kubernetes_executor.py took 0.113 seconds
[2024-02-02T13:56:32.048+0000] {processor.py:161} INFO - Started process (PID=328) to work on /home/airflow/.local/lib/python3.8/site-packages/airflow/example_dags/example_kubernetes_executor.py
[2024-02-02T13:56:32.049+0000] {processor.py:830} INFO - Processing file /home/airflow/.local/lib/python3.8/site-packages/airflow/example_dags/example_kubernetes_executor.py for tasks to queue
[2024-02-02T13:56:32.051+0000] {logging_mixin.py:188} INFO - [2024-02-02T13:56:32.051+0000] {dagbag.py:538} INFO - Filling up the DagBag from /home/airflow/.local/lib/python3.8/site-packages/airflow/example_dags/example_kubernetes_executor.py
[2024-02-02T13:56:32.067+0000] {processor.py:840} INFO - DAG(s) 'example_kubernetes_executor' retrieved from /home/airflow/.local/lib/python3.8/site-packages/airflow/example_dags/example_kubernetes_executor.py
[2024-02-02T13:56:32.109+0000] {logging_mixin.py:188} INFO - [2024-02-02T13:56:32.109+0000] {dag.py:3036} INFO - Sync 1 DAGs
[2024-02-02T13:56:32.121+0000] {logging_mixin.py:188} INFO - [2024-02-02T13:56:32.121+0000] {dag.py:3823} INFO - Setting next_dagrun for example_kubernetes_executor to None, run_after=None
[2024-02-02T13:56:32.147+0000] {processor.py:183} INFO - Processing /home/airflow/.local/lib/python3.8/site-packages/airflow/example_dags/example_kubernetes_executor.py took 0.103 seconds
[2024-02-02T13:57:02.514+0000] {processor.py:161} INFO - Started process (PID=383) to work on /home/airflow/.local/lib/python3.8/site-packages/airflow/example_dags/example_kubernetes_executor.py
[2024-02-02T13:57:02.516+0000] {processor.py:830} INFO - Processing file /home/airflow/.local/lib/python3.8/site-packages/airflow/example_dags/example_kubernetes_executor.py for tasks to queue
[2024-02-02T13:57:02.518+0000] {logging_mixin.py:188} INFO - [2024-02-02T13:57:02.518+0000] {dagbag.py:538} INFO - Filling up the DagBag from /home/airflow/.local/lib/python3.8/site-packages/airflow/example_dags/example_kubernetes_executor.py
[2024-02-02T13:57:02.536+0000] {processor.py:840} INFO - DAG(s) 'example_kubernetes_executor' retrieved from /home/airflow/.local/lib/python3.8/site-packages/airflow/example_dags/example_kubernetes_executor.py
[2024-02-02T13:57:02.576+0000] {logging_mixin.py:188} INFO - [2024-02-02T13:57:02.576+0000] {dag.py:3036} INFO - Sync 1 DAGs
[2024-02-02T13:57:02.589+0000] {logging_mixin.py:188} INFO - [2024-02-02T13:57:02.588+0000] {dag.py:3823} INFO - Setting next_dagrun for example_kubernetes_executor to None, run_after=None
[2024-02-02T13:57:02.610+0000] {processor.py:183} INFO - Processing /home/airflow/.local/lib/python3.8/site-packages/airflow/example_dags/example_kubernetes_executor.py took 0.099 seconds
[2024-02-02T13:57:32.658+0000] {processor.py:161} INFO - Started process (PID=438) to work on /home/airflow/.local/lib/python3.8/site-packages/airflow/example_dags/example_kubernetes_executor.py
[2024-02-02T13:57:32.659+0000] {processor.py:830} INFO - Processing file /home/airflow/.local/lib/python3.8/site-packages/airflow/example_dags/example_kubernetes_executor.py for tasks to queue
[2024-02-02T13:57:32.662+0000] {logging_mixin.py:188} INFO - [2024-02-02T13:57:32.661+0000] {dagbag.py:538} INFO - Filling up the DagBag from /home/airflow/.local/lib/python3.8/site-packages/airflow/example_dags/example_kubernetes_executor.py
[2024-02-02T13:57:32.677+0000] {processor.py:840} INFO - DAG(s) 'example_kubernetes_executor' retrieved from /home/airflow/.local/lib/python3.8/site-packages/airflow/example_dags/example_kubernetes_executor.py
[2024-02-02T13:57:32.728+0000] {logging_mixin.py:188} INFO - [2024-02-02T13:57:32.727+0000] {dag.py:3036} INFO - Sync 1 DAGs
[2024-02-02T13:57:32.740+0000] {logging_mixin.py:188} INFO - [2024-02-02T13:57:32.739+0000] {dag.py:3823} INFO - Setting next_dagrun for example_kubernetes_executor to None, run_after=None
[2024-02-02T13:57:32.765+0000] {processor.py:183} INFO - Processing /home/airflow/.local/lib/python3.8/site-packages/airflow/example_dags/example_kubernetes_executor.py took 0.111 seconds
[2024-02-02T13:58:03.319+0000] {processor.py:161} INFO - Started process (PID=493) to work on /home/airflow/.local/lib/python3.8/site-packages/airflow/example_dags/example_kubernetes_executor.py
[2024-02-02T13:58:03.320+0000] {processor.py:830} INFO - Processing file /home/airflow/.local/lib/python3.8/site-packages/airflow/example_dags/example_kubernetes_executor.py for tasks to queue
[2024-02-02T13:58:03.324+0000] {logging_mixin.py:188} INFO - [2024-02-02T13:58:03.323+0000] {dagbag.py:538} INFO - Filling up the DagBag from /home/airflow/.local/lib/python3.8/site-packages/airflow/example_dags/example_kubernetes_executor.py
[2024-02-02T13:58:03.342+0000] {processor.py:840} INFO - DAG(s) 'example_kubernetes_executor' retrieved from /home/airflow/.local/lib/python3.8/site-packages/airflow/example_dags/example_kubernetes_executor.py
[2024-02-02T13:58:03.401+0000] {logging_mixin.py:188} INFO - [2024-02-02T13:58:03.400+0000] {dag.py:3036} INFO - Sync 1 DAGs
[2024-02-02T13:58:03.419+0000] {logging_mixin.py:188} INFO - [2024-02-02T13:58:03.418+0000] {dag.py:3823} INFO - Setting next_dagrun for example_kubernetes_executor to None, run_after=None
[2024-02-02T13:58:03.445+0000] {processor.py:183} INFO - Processing /home/airflow/.local/lib/python3.8/site-packages/airflow/example_dags/example_kubernetes_executor.py took 0.131 seconds
[2024-02-02T13:58:33.633+0000] {processor.py:161} INFO - Started process (PID=548) to work on /home/airflow/.local/lib/python3.8/site-packages/airflow/example_dags/example_kubernetes_executor.py
[2024-02-02T13:58:33.634+0000] {processor.py:830} INFO - Processing file /home/airflow/.local/lib/python3.8/site-packages/airflow/example_dags/example_kubernetes_executor.py for tasks to queue
[2024-02-02T13:58:33.637+0000] {logging_mixin.py:188} INFO - [2024-02-02T13:58:33.636+0000] {dagbag.py:538} INFO - Filling up the DagBag from /home/airflow/.local/lib/python3.8/site-packages/airflow/example_dags/example_kubernetes_executor.py
[2024-02-02T13:58:33.655+0000] {processor.py:840} INFO - DAG(s) 'example_kubernetes_executor' retrieved from /home/airflow/.local/lib/python3.8/site-packages/airflow/example_dags/example_kubernetes_executor.py
[2024-02-02T13:58:33.700+0000] {logging_mixin.py:188} INFO - [2024-02-02T13:58:33.699+0000] {dag.py:3036} INFO - Sync 1 DAGs
[2024-02-02T13:58:33.713+0000] {logging_mixin.py:188} INFO - [2024-02-02T13:58:33.713+0000] {dag.py:3823} INFO - Setting next_dagrun for example_kubernetes_executor to None, run_after=None
[2024-02-02T13:58:33.736+0000] {processor.py:183} INFO - Processing /home/airflow/.local/lib/python3.8/site-packages/airflow/example_dags/example_kubernetes_executor.py took 0.108 seconds
[2024-02-02T13:59:04.615+0000] {processor.py:161} INFO - Started process (PID=603) to work on /home/airflow/.local/lib/python3.8/site-packages/airflow/example_dags/example_kubernetes_executor.py
[2024-02-02T13:59:04.616+0000] {processor.py:830} INFO - Processing file /home/airflow/.local/lib/python3.8/site-packages/airflow/example_dags/example_kubernetes_executor.py for tasks to queue
[2024-02-02T13:59:04.618+0000] {logging_mixin.py:188} INFO - [2024-02-02T13:59:04.618+0000] {dagbag.py:538} INFO - Filling up the DagBag from /home/airflow/.local/lib/python3.8/site-packages/airflow/example_dags/example_kubernetes_executor.py
[2024-02-02T13:59:04.638+0000] {processor.py:840} INFO - DAG(s) 'example_kubernetes_executor' retrieved from /home/airflow/.local/lib/python3.8/site-packages/airflow/example_dags/example_kubernetes_executor.py
[2024-02-02T13:59:04.688+0000] {logging_mixin.py:188} INFO - [2024-02-02T13:59:04.687+0000] {dag.py:3036} INFO - Sync 1 DAGs
[2024-02-02T13:59:04.702+0000] {logging_mixin.py:188} INFO - [2024-02-02T13:59:04.702+0000] {dag.py:3823} INFO - Setting next_dagrun for example_kubernetes_executor to None, run_after=None
[2024-02-02T13:59:04.727+0000] {processor.py:183} INFO - Processing /home/airflow/.local/lib/python3.8/site-packages/airflow/example_dags/example_kubernetes_executor.py took 0.116 seconds
[2024-02-02T13:59:35.124+0000] {processor.py:161} INFO - Started process (PID=658) to work on /home/airflow/.local/lib/python3.8/site-packages/airflow/example_dags/example_kubernetes_executor.py
[2024-02-02T13:59:35.125+0000] {processor.py:830} INFO - Processing file /home/airflow/.local/lib/python3.8/site-packages/airflow/example_dags/example_kubernetes_executor.py for tasks to queue
[2024-02-02T13:59:35.127+0000] {logging_mixin.py:188} INFO - [2024-02-02T13:59:35.127+0000] {dagbag.py:538} INFO - Filling up the DagBag from /home/airflow/.local/lib/python3.8/site-packages/airflow/example_dags/example_kubernetes_executor.py
[2024-02-02T13:59:35.143+0000] {processor.py:840} INFO - DAG(s) 'example_kubernetes_executor' retrieved from /home/airflow/.local/lib/python3.8/site-packages/airflow/example_dags/example_kubernetes_executor.py
[2024-02-02T13:59:35.190+0000] {logging_mixin.py:188} INFO - [2024-02-02T13:59:35.189+0000] {dag.py:3036} INFO - Sync 1 DAGs
[2024-02-02T13:59:35.204+0000] {logging_mixin.py:188} INFO - [2024-02-02T13:59:35.203+0000] {dag.py:3823} INFO - Setting next_dagrun for example_kubernetes_executor to None, run_after=None
[2024-02-02T13:59:35.226+0000] {processor.py:183} INFO - Processing /home/airflow/.local/lib/python3.8/site-packages/airflow/example_dags/example_kubernetes_executor.py took 0.105 seconds
[2024-02-02T14:00:05.718+0000] {processor.py:161} INFO - Started process (PID=713) to work on /home/airflow/.local/lib/python3.8/site-packages/airflow/example_dags/example_kubernetes_executor.py
[2024-02-02T14:00:05.719+0000] {processor.py:830} INFO - Processing file /home/airflow/.local/lib/python3.8/site-packages/airflow/example_dags/example_kubernetes_executor.py for tasks to queue
[2024-02-02T14:00:05.722+0000] {logging_mixin.py:188} INFO - [2024-02-02T14:00:05.721+0000] {dagbag.py:538} INFO - Filling up the DagBag from /home/airflow/.local/lib/python3.8/site-packages/airflow/example_dags/example_kubernetes_executor.py
[2024-02-02T14:00:05.739+0000] {processor.py:840} INFO - DAG(s) 'example_kubernetes_executor' retrieved from /home/airflow/.local/lib/python3.8/site-packages/airflow/example_dags/example_kubernetes_executor.py
[2024-02-02T14:00:05.785+0000] {logging_mixin.py:188} INFO - [2024-02-02T14:00:05.784+0000] {dag.py:3036} INFO - Sync 1 DAGs
[2024-02-02T14:00:05.799+0000] {logging_mixin.py:188} INFO - [2024-02-02T14:00:05.799+0000] {dag.py:3823} INFO - Setting next_dagrun for example_kubernetes_executor to None, run_after=None
[2024-02-02T14:00:05.824+0000] {processor.py:183} INFO - Processing /home/airflow/.local/lib/python3.8/site-packages/airflow/example_dags/example_kubernetes_executor.py took 0.109 seconds
[2024-02-02T14:00:35.911+0000] {processor.py:161} INFO - Started process (PID=768) to work on /home/airflow/.local/lib/python3.8/site-packages/airflow/example_dags/example_kubernetes_executor.py
[2024-02-02T14:00:35.912+0000] {processor.py:830} INFO - Processing file /home/airflow/.local/lib/python3.8/site-packages/airflow/example_dags/example_kubernetes_executor.py for tasks to queue
[2024-02-02T14:00:35.915+0000] {logging_mixin.py:188} INFO - [2024-02-02T14:00:35.915+0000] {dagbag.py:538} INFO - Filling up the DagBag from /home/airflow/.local/lib/python3.8/site-packages/airflow/example_dags/example_kubernetes_executor.py
[2024-02-02T14:00:35.934+0000] {processor.py:840} INFO - DAG(s) 'example_kubernetes_executor' retrieved from /home/airflow/.local/lib/python3.8/site-packages/airflow/example_dags/example_kubernetes_executor.py
[2024-02-02T14:00:35.976+0000] {logging_mixin.py:188} INFO - [2024-02-02T14:00:35.975+0000] {dag.py:3036} INFO - Sync 1 DAGs
[2024-02-02T14:00:35.989+0000] {logging_mixin.py:188} INFO - [2024-02-02T14:00:35.989+0000] {dag.py:3823} INFO - Setting next_dagrun for example_kubernetes_executor to None, run_after=None
[2024-02-02T14:00:36.012+0000] {processor.py:183} INFO - Processing /home/airflow/.local/lib/python3.8/site-packages/airflow/example_dags/example_kubernetes_executor.py took 0.105 seconds
[2024-02-02T14:01:06.456+0000] {processor.py:161} INFO - Started process (PID=823) to work on /home/airflow/.local/lib/python3.8/site-packages/airflow/example_dags/example_kubernetes_executor.py
[2024-02-02T14:01:06.458+0000] {processor.py:830} INFO - Processing file /home/airflow/.local/lib/python3.8/site-packages/airflow/example_dags/example_kubernetes_executor.py for tasks to queue
[2024-02-02T14:01:06.461+0000] {logging_mixin.py:188} INFO - [2024-02-02T14:01:06.460+0000] {dagbag.py:538} INFO - Filling up the DagBag from /home/airflow/.local/lib/python3.8/site-packages/airflow/example_dags/example_kubernetes_executor.py
[2024-02-02T14:01:06.475+0000] {processor.py:840} INFO - DAG(s) 'example_kubernetes_executor' retrieved from /home/airflow/.local/lib/python3.8/site-packages/airflow/example_dags/example_kubernetes_executor.py
[2024-02-02T14:01:06.519+0000] {logging_mixin.py:188} INFO - [2024-02-02T14:01:06.519+0000] {dag.py:3036} INFO - Sync 1 DAGs
[2024-02-02T14:01:06.531+0000] {logging_mixin.py:188} INFO - [2024-02-02T14:01:06.530+0000] {dag.py:3823} INFO - Setting next_dagrun for example_kubernetes_executor to None, run_after=None
[2024-02-02T14:01:06.552+0000] {processor.py:183} INFO - Processing /home/airflow/.local/lib/python3.8/site-packages/airflow/example_dags/example_kubernetes_executor.py took 0.101 seconds
