[2024-02-02T13:53:56.980+0000] {processor.py:161} INFO - Started process (PID=45) to work on /home/airflow/.local/lib/python3.8/site-packages/airflow/example_dags/example_complex.py
[2024-02-02T13:53:56.985+0000] {processor.py:830} INFO - Processing file /home/airflow/.local/lib/python3.8/site-packages/airflow/example_dags/example_complex.py for tasks to queue
[2024-02-02T13:53:56.988+0000] {logging_mixin.py:188} INFO - [2024-02-02T13:53:56.988+0000] {dagbag.py:538} INFO - Filling up the DagBag from /home/airflow/.local/lib/python3.8/site-packages/airflow/example_dags/example_complex.py
[2024-02-02T13:53:57.039+0000] {processor.py:840} INFO - DAG(s) 'example_complex' retrieved from /home/airflow/.local/lib/python3.8/site-packages/airflow/example_dags/example_complex.py
[2024-02-02T13:53:57.343+0000] {logging_mixin.py:188} INFO - [2024-02-02T13:53:57.342+0000] {override.py:1769} INFO - Created Permission View: can delete on DAG:example_complex
[2024-02-02T13:53:57.365+0000] {logging_mixin.py:188} INFO - [2024-02-02T13:53:57.365+0000] {override.py:1769} INFO - Created Permission View: can read on DAG:example_complex
[2024-02-02T13:53:57.403+0000] {logging_mixin.py:188} INFO - [2024-02-02T13:53:57.402+0000] {override.py:1769} INFO - Created Permission View: can edit on DAG:example_complex
[2024-02-02T13:53:57.406+0000] {logging_mixin.py:188} INFO - [2024-02-02T13:53:57.406+0000] {dag.py:3036} INFO - Sync 1 DAGs
[2024-02-02T13:53:57.443+0000] {logging_mixin.py:188} INFO - [2024-02-02T13:53:57.442+0000] {dag.py:3058} INFO - Creating ORM DAG for example_complex
[2024-02-02T13:53:57.444+0000] {logging_mixin.py:188} INFO - [2024-02-02T13:53:57.444+0000] {dag.py:3823} INFO - Setting next_dagrun for example_complex to None, run_after=None
[2024-02-02T13:53:57.530+0000] {processor.py:183} INFO - Processing /home/airflow/.local/lib/python3.8/site-packages/airflow/example_dags/example_complex.py took 0.571 seconds
[2024-02-02T13:54:27.977+0000] {processor.py:161} INFO - Started process (PID=103) to work on /home/airflow/.local/lib/python3.8/site-packages/airflow/example_dags/example_complex.py
[2024-02-02T13:54:27.979+0000] {processor.py:830} INFO - Processing file /home/airflow/.local/lib/python3.8/site-packages/airflow/example_dags/example_complex.py for tasks to queue
[2024-02-02T13:54:27.982+0000] {logging_mixin.py:188} INFO - [2024-02-02T13:54:27.981+0000] {dagbag.py:538} INFO - Filling up the DagBag from /home/airflow/.local/lib/python3.8/site-packages/airflow/example_dags/example_complex.py
[2024-02-02T13:54:27.996+0000] {processor.py:840} INFO - DAG(s) 'example_complex' retrieved from /home/airflow/.local/lib/python3.8/site-packages/airflow/example_dags/example_complex.py
[2024-02-02T13:54:28.035+0000] {logging_mixin.py:188} INFO - [2024-02-02T13:54:28.034+0000] {dag.py:3036} INFO - Sync 1 DAGs
[2024-02-02T13:54:28.052+0000] {logging_mixin.py:188} INFO - [2024-02-02T13:54:28.051+0000] {dag.py:3823} INFO - Setting next_dagrun for example_complex to None, run_after=None
[2024-02-02T13:54:28.076+0000] {processor.py:183} INFO - Processing /home/airflow/.local/lib/python3.8/site-packages/airflow/example_dags/example_complex.py took 0.102 seconds
[2024-02-02T13:54:58.165+0000] {processor.py:161} INFO - Started process (PID=158) to work on /home/airflow/.local/lib/python3.8/site-packages/airflow/example_dags/example_complex.py
[2024-02-02T13:54:58.166+0000] {processor.py:830} INFO - Processing file /home/airflow/.local/lib/python3.8/site-packages/airflow/example_dags/example_complex.py for tasks to queue
[2024-02-02T13:54:58.168+0000] {logging_mixin.py:188} INFO - [2024-02-02T13:54:58.168+0000] {dagbag.py:538} INFO - Filling up the DagBag from /home/airflow/.local/lib/python3.8/site-packages/airflow/example_dags/example_complex.py
[2024-02-02T13:54:58.180+0000] {processor.py:840} INFO - DAG(s) 'example_complex' retrieved from /home/airflow/.local/lib/python3.8/site-packages/airflow/example_dags/example_complex.py
[2024-02-02T13:54:58.223+0000] {logging_mixin.py:188} INFO - [2024-02-02T13:54:58.222+0000] {dag.py:3036} INFO - Sync 1 DAGs
[2024-02-02T13:54:58.236+0000] {logging_mixin.py:188} INFO - [2024-02-02T13:54:58.235+0000] {dag.py:3823} INFO - Setting next_dagrun for example_complex to None, run_after=None
[2024-02-02T13:54:58.255+0000] {processor.py:183} INFO - Processing /home/airflow/.local/lib/python3.8/site-packages/airflow/example_dags/example_complex.py took 0.095 seconds
[2024-02-02T13:55:28.831+0000] {processor.py:161} INFO - Started process (PID=213) to work on /home/airflow/.local/lib/python3.8/site-packages/airflow/example_dags/example_complex.py
[2024-02-02T13:55:28.833+0000] {processor.py:830} INFO - Processing file /home/airflow/.local/lib/python3.8/site-packages/airflow/example_dags/example_complex.py for tasks to queue
[2024-02-02T13:55:28.837+0000] {logging_mixin.py:188} INFO - [2024-02-02T13:55:28.836+0000] {dagbag.py:538} INFO - Filling up the DagBag from /home/airflow/.local/lib/python3.8/site-packages/airflow/example_dags/example_complex.py
[2024-02-02T13:55:28.855+0000] {processor.py:840} INFO - DAG(s) 'example_complex' retrieved from /home/airflow/.local/lib/python3.8/site-packages/airflow/example_dags/example_complex.py
[2024-02-02T13:55:28.892+0000] {logging_mixin.py:188} INFO - [2024-02-02T13:55:28.892+0000] {dag.py:3036} INFO - Sync 1 DAGs
[2024-02-02T13:55:28.907+0000] {logging_mixin.py:188} INFO - [2024-02-02T13:55:28.907+0000] {dag.py:3823} INFO - Setting next_dagrun for example_complex to None, run_after=None
[2024-02-02T13:55:28.938+0000] {processor.py:183} INFO - Processing /home/airflow/.local/lib/python3.8/site-packages/airflow/example_dags/example_complex.py took 0.111 seconds
[2024-02-02T13:55:59.220+0000] {processor.py:161} INFO - Started process (PID=268) to work on /home/airflow/.local/lib/python3.8/site-packages/airflow/example_dags/example_complex.py
[2024-02-02T13:55:59.222+0000] {processor.py:830} INFO - Processing file /home/airflow/.local/lib/python3.8/site-packages/airflow/example_dags/example_complex.py for tasks to queue
[2024-02-02T13:55:59.224+0000] {logging_mixin.py:188} INFO - [2024-02-02T13:55:59.224+0000] {dagbag.py:538} INFO - Filling up the DagBag from /home/airflow/.local/lib/python3.8/site-packages/airflow/example_dags/example_complex.py
[2024-02-02T13:55:59.242+0000] {processor.py:840} INFO - DAG(s) 'example_complex' retrieved from /home/airflow/.local/lib/python3.8/site-packages/airflow/example_dags/example_complex.py
[2024-02-02T13:55:59.280+0000] {logging_mixin.py:188} INFO - [2024-02-02T13:55:59.280+0000] {dag.py:3036} INFO - Sync 1 DAGs
[2024-02-02T13:55:59.293+0000] {logging_mixin.py:188} INFO - [2024-02-02T13:55:59.292+0000] {dag.py:3823} INFO - Setting next_dagrun for example_complex to None, run_after=None
[2024-02-02T13:55:59.320+0000] {processor.py:183} INFO - Processing /home/airflow/.local/lib/python3.8/site-packages/airflow/example_dags/example_complex.py took 0.103 seconds
[2024-02-02T13:56:29.729+0000] {processor.py:161} INFO - Started process (PID=323) to work on /home/airflow/.local/lib/python3.8/site-packages/airflow/example_dags/example_complex.py
[2024-02-02T13:56:29.730+0000] {processor.py:830} INFO - Processing file /home/airflow/.local/lib/python3.8/site-packages/airflow/example_dags/example_complex.py for tasks to queue
[2024-02-02T13:56:29.732+0000] {logging_mixin.py:188} INFO - [2024-02-02T13:56:29.732+0000] {dagbag.py:538} INFO - Filling up the DagBag from /home/airflow/.local/lib/python3.8/site-packages/airflow/example_dags/example_complex.py
[2024-02-02T13:56:29.745+0000] {processor.py:840} INFO - DAG(s) 'example_complex' retrieved from /home/airflow/.local/lib/python3.8/site-packages/airflow/example_dags/example_complex.py
[2024-02-02T13:56:29.781+0000] {logging_mixin.py:188} INFO - [2024-02-02T13:56:29.781+0000] {dag.py:3036} INFO - Sync 1 DAGs
[2024-02-02T13:56:29.793+0000] {logging_mixin.py:188} INFO - [2024-02-02T13:56:29.793+0000] {dag.py:3823} INFO - Setting next_dagrun for example_complex to None, run_after=None
[2024-02-02T13:56:29.816+0000] {processor.py:183} INFO - Processing /home/airflow/.local/lib/python3.8/site-packages/airflow/example_dags/example_complex.py took 0.090 seconds
[2024-02-02T13:57:00.092+0000] {processor.py:161} INFO - Started process (PID=378) to work on /home/airflow/.local/lib/python3.8/site-packages/airflow/example_dags/example_complex.py
[2024-02-02T13:57:00.094+0000] {processor.py:830} INFO - Processing file /home/airflow/.local/lib/python3.8/site-packages/airflow/example_dags/example_complex.py for tasks to queue
[2024-02-02T13:57:00.096+0000] {logging_mixin.py:188} INFO - [2024-02-02T13:57:00.096+0000] {dagbag.py:538} INFO - Filling up the DagBag from /home/airflow/.local/lib/python3.8/site-packages/airflow/example_dags/example_complex.py
[2024-02-02T13:57:00.109+0000] {processor.py:840} INFO - DAG(s) 'example_complex' retrieved from /home/airflow/.local/lib/python3.8/site-packages/airflow/example_dags/example_complex.py
[2024-02-02T13:57:00.139+0000] {logging_mixin.py:188} INFO - [2024-02-02T13:57:00.138+0000] {dag.py:3036} INFO - Sync 1 DAGs
[2024-02-02T13:57:00.153+0000] {logging_mixin.py:188} INFO - [2024-02-02T13:57:00.153+0000] {dag.py:3823} INFO - Setting next_dagrun for example_complex to None, run_after=None
[2024-02-02T13:57:00.175+0000] {processor.py:183} INFO - Processing /home/airflow/.local/lib/python3.8/site-packages/airflow/example_dags/example_complex.py took 0.087 seconds
[2024-02-02T13:57:30.229+0000] {processor.py:161} INFO - Started process (PID=432) to work on /home/airflow/.local/lib/python3.8/site-packages/airflow/example_dags/example_complex.py
[2024-02-02T13:57:30.231+0000] {processor.py:830} INFO - Processing file /home/airflow/.local/lib/python3.8/site-packages/airflow/example_dags/example_complex.py for tasks to queue
[2024-02-02T13:57:30.234+0000] {logging_mixin.py:188} INFO - [2024-02-02T13:57:30.234+0000] {dagbag.py:538} INFO - Filling up the DagBag from /home/airflow/.local/lib/python3.8/site-packages/airflow/example_dags/example_complex.py
[2024-02-02T13:57:30.249+0000] {processor.py:840} INFO - DAG(s) 'example_complex' retrieved from /home/airflow/.local/lib/python3.8/site-packages/airflow/example_dags/example_complex.py
[2024-02-02T13:57:30.287+0000] {logging_mixin.py:188} INFO - [2024-02-02T13:57:30.286+0000] {dag.py:3036} INFO - Sync 1 DAGs
[2024-02-02T13:57:30.303+0000] {logging_mixin.py:188} INFO - [2024-02-02T13:57:30.303+0000] {dag.py:3823} INFO - Setting next_dagrun for example_complex to None, run_after=None
[2024-02-02T13:57:30.328+0000] {processor.py:183} INFO - Processing /home/airflow/.local/lib/python3.8/site-packages/airflow/example_dags/example_complex.py took 0.105 seconds
[2024-02-02T13:58:00.896+0000] {processor.py:161} INFO - Started process (PID=488) to work on /home/airflow/.local/lib/python3.8/site-packages/airflow/example_dags/example_complex.py
[2024-02-02T13:58:00.897+0000] {processor.py:830} INFO - Processing file /home/airflow/.local/lib/python3.8/site-packages/airflow/example_dags/example_complex.py for tasks to queue
[2024-02-02T13:58:00.900+0000] {logging_mixin.py:188} INFO - [2024-02-02T13:58:00.899+0000] {dagbag.py:538} INFO - Filling up the DagBag from /home/airflow/.local/lib/python3.8/site-packages/airflow/example_dags/example_complex.py
[2024-02-02T13:58:00.912+0000] {processor.py:840} INFO - DAG(s) 'example_complex' retrieved from /home/airflow/.local/lib/python3.8/site-packages/airflow/example_dags/example_complex.py
[2024-02-02T13:58:00.948+0000] {logging_mixin.py:188} INFO - [2024-02-02T13:58:00.947+0000] {dag.py:3036} INFO - Sync 1 DAGs
[2024-02-02T13:58:00.961+0000] {logging_mixin.py:188} INFO - [2024-02-02T13:58:00.961+0000] {dag.py:3823} INFO - Setting next_dagrun for example_complex to None, run_after=None
[2024-02-02T13:58:00.987+0000] {processor.py:183} INFO - Processing /home/airflow/.local/lib/python3.8/site-packages/airflow/example_dags/example_complex.py took 0.094 seconds
[2024-02-02T13:58:31.160+0000] {processor.py:161} INFO - Started process (PID=542) to work on /home/airflow/.local/lib/python3.8/site-packages/airflow/example_dags/example_complex.py
[2024-02-02T13:58:31.161+0000] {processor.py:830} INFO - Processing file /home/airflow/.local/lib/python3.8/site-packages/airflow/example_dags/example_complex.py for tasks to queue
[2024-02-02T13:58:31.165+0000] {logging_mixin.py:188} INFO - [2024-02-02T13:58:31.164+0000] {dagbag.py:538} INFO - Filling up the DagBag from /home/airflow/.local/lib/python3.8/site-packages/airflow/example_dags/example_complex.py
[2024-02-02T13:58:31.182+0000] {processor.py:840} INFO - DAG(s) 'example_complex' retrieved from /home/airflow/.local/lib/python3.8/site-packages/airflow/example_dags/example_complex.py
[2024-02-02T13:58:31.221+0000] {logging_mixin.py:188} INFO - [2024-02-02T13:58:31.220+0000] {dag.py:3036} INFO - Sync 1 DAGs
[2024-02-02T13:58:31.237+0000] {logging_mixin.py:188} INFO - [2024-02-02T13:58:31.236+0000] {dag.py:3823} INFO - Setting next_dagrun for example_complex to None, run_after=None
[2024-02-02T13:58:31.263+0000] {processor.py:183} INFO - Processing /home/airflow/.local/lib/python3.8/site-packages/airflow/example_dags/example_complex.py took 0.108 seconds
[2024-02-02T13:59:02.085+0000] {processor.py:161} INFO - Started process (PID=598) to work on /home/airflow/.local/lib/python3.8/site-packages/airflow/example_dags/example_complex.py
[2024-02-02T13:59:02.086+0000] {processor.py:830} INFO - Processing file /home/airflow/.local/lib/python3.8/site-packages/airflow/example_dags/example_complex.py for tasks to queue
[2024-02-02T13:59:02.089+0000] {logging_mixin.py:188} INFO - [2024-02-02T13:59:02.089+0000] {dagbag.py:538} INFO - Filling up the DagBag from /home/airflow/.local/lib/python3.8/site-packages/airflow/example_dags/example_complex.py
[2024-02-02T13:59:02.108+0000] {processor.py:840} INFO - DAG(s) 'example_complex' retrieved from /home/airflow/.local/lib/python3.8/site-packages/airflow/example_dags/example_complex.py
[2024-02-02T13:59:02.147+0000] {logging_mixin.py:188} INFO - [2024-02-02T13:59:02.147+0000] {dag.py:3036} INFO - Sync 1 DAGs
[2024-02-02T13:59:02.162+0000] {logging_mixin.py:188} INFO - [2024-02-02T13:59:02.161+0000] {dag.py:3823} INFO - Setting next_dagrun for example_complex to None, run_after=None
[2024-02-02T13:59:02.186+0000] {processor.py:183} INFO - Processing /home/airflow/.local/lib/python3.8/site-packages/airflow/example_dags/example_complex.py took 0.106 seconds
[2024-02-02T13:59:32.740+0000] {processor.py:161} INFO - Started process (PID=653) to work on /home/airflow/.local/lib/python3.8/site-packages/airflow/example_dags/example_complex.py
[2024-02-02T13:59:32.742+0000] {processor.py:830} INFO - Processing file /home/airflow/.local/lib/python3.8/site-packages/airflow/example_dags/example_complex.py for tasks to queue
[2024-02-02T13:59:32.744+0000] {logging_mixin.py:188} INFO - [2024-02-02T13:59:32.743+0000] {dagbag.py:538} INFO - Filling up the DagBag from /home/airflow/.local/lib/python3.8/site-packages/airflow/example_dags/example_complex.py
[2024-02-02T13:59:32.757+0000] {processor.py:840} INFO - DAG(s) 'example_complex' retrieved from /home/airflow/.local/lib/python3.8/site-packages/airflow/example_dags/example_complex.py
[2024-02-02T13:59:32.792+0000] {logging_mixin.py:188} INFO - [2024-02-02T13:59:32.792+0000] {dag.py:3036} INFO - Sync 1 DAGs
[2024-02-02T13:59:32.804+0000] {logging_mixin.py:188} INFO - [2024-02-02T13:59:32.804+0000] {dag.py:3823} INFO - Setting next_dagrun for example_complex to None, run_after=None
[2024-02-02T13:59:32.828+0000] {processor.py:183} INFO - Processing /home/airflow/.local/lib/python3.8/site-packages/airflow/example_dags/example_complex.py took 0.093 seconds
[2024-02-02T14:00:03.257+0000] {processor.py:161} INFO - Started process (PID=708) to work on /home/airflow/.local/lib/python3.8/site-packages/airflow/example_dags/example_complex.py
[2024-02-02T14:00:03.258+0000] {processor.py:830} INFO - Processing file /home/airflow/.local/lib/python3.8/site-packages/airflow/example_dags/example_complex.py for tasks to queue
[2024-02-02T14:00:03.261+0000] {logging_mixin.py:188} INFO - [2024-02-02T14:00:03.261+0000] {dagbag.py:538} INFO - Filling up the DagBag from /home/airflow/.local/lib/python3.8/site-packages/airflow/example_dags/example_complex.py
[2024-02-02T14:00:03.277+0000] {processor.py:840} INFO - DAG(s) 'example_complex' retrieved from /home/airflow/.local/lib/python3.8/site-packages/airflow/example_dags/example_complex.py
[2024-02-02T14:00:03.316+0000] {logging_mixin.py:188} INFO - [2024-02-02T14:00:03.315+0000] {dag.py:3036} INFO - Sync 1 DAGs
[2024-02-02T14:00:03.331+0000] {logging_mixin.py:188} INFO - [2024-02-02T14:00:03.330+0000] {dag.py:3823} INFO - Setting next_dagrun for example_complex to None, run_after=None
[2024-02-02T14:00:03.360+0000] {processor.py:183} INFO - Processing /home/airflow/.local/lib/python3.8/site-packages/airflow/example_dags/example_complex.py took 0.106 seconds
[2024-02-02T14:00:33.451+0000] {processor.py:161} INFO - Started process (PID=762) to work on /home/airflow/.local/lib/python3.8/site-packages/airflow/example_dags/example_complex.py
[2024-02-02T14:00:33.453+0000] {processor.py:830} INFO - Processing file /home/airflow/.local/lib/python3.8/site-packages/airflow/example_dags/example_complex.py for tasks to queue
[2024-02-02T14:00:33.457+0000] {logging_mixin.py:188} INFO - [2024-02-02T14:00:33.456+0000] {dagbag.py:538} INFO - Filling up the DagBag from /home/airflow/.local/lib/python3.8/site-packages/airflow/example_dags/example_complex.py
[2024-02-02T14:00:33.472+0000] {processor.py:840} INFO - DAG(s) 'example_complex' retrieved from /home/airflow/.local/lib/python3.8/site-packages/airflow/example_dags/example_complex.py
[2024-02-02T14:00:33.512+0000] {logging_mixin.py:188} INFO - [2024-02-02T14:00:33.511+0000] {dag.py:3036} INFO - Sync 1 DAGs
[2024-02-02T14:00:33.525+0000] {logging_mixin.py:188} INFO - [2024-02-02T14:00:33.525+0000] {dag.py:3823} INFO - Setting next_dagrun for example_complex to None, run_after=None
[2024-02-02T14:00:33.547+0000] {processor.py:183} INFO - Processing /home/airflow/.local/lib/python3.8/site-packages/airflow/example_dags/example_complex.py took 0.099 seconds
[2024-02-02T14:01:03.946+0000] {processor.py:161} INFO - Started process (PID=817) to work on /home/airflow/.local/lib/python3.8/site-packages/airflow/example_dags/example_complex.py
[2024-02-02T14:01:03.947+0000] {processor.py:830} INFO - Processing file /home/airflow/.local/lib/python3.8/site-packages/airflow/example_dags/example_complex.py for tasks to queue
[2024-02-02T14:01:03.951+0000] {logging_mixin.py:188} INFO - [2024-02-02T14:01:03.950+0000] {dagbag.py:538} INFO - Filling up the DagBag from /home/airflow/.local/lib/python3.8/site-packages/airflow/example_dags/example_complex.py
[2024-02-02T14:01:03.971+0000] {processor.py:840} INFO - DAG(s) 'example_complex' retrieved from /home/airflow/.local/lib/python3.8/site-packages/airflow/example_dags/example_complex.py
[2024-02-02T14:01:04.018+0000] {logging_mixin.py:188} INFO - [2024-02-02T14:01:04.017+0000] {dag.py:3036} INFO - Sync 1 DAGs
[2024-02-02T14:01:04.035+0000] {logging_mixin.py:188} INFO - [2024-02-02T14:01:04.034+0000] {dag.py:3823} INFO - Setting next_dagrun for example_complex to None, run_after=None
[2024-02-02T14:01:04.065+0000] {processor.py:183} INFO - Processing /home/airflow/.local/lib/python3.8/site-packages/airflow/example_dags/example_complex.py took 0.123 seconds
