[2024-02-02T13:54:05.610+0000] {processor.py:161} INFO - Started process (PID=69) to work on /home/airflow/.local/lib/python3.8/site-packages/airflow/example_dags/example_nested_branch_dag.py
[2024-02-02T13:54:05.645+0000] {processor.py:830} INFO - Processing file /home/airflow/.local/lib/python3.8/site-packages/airflow/example_dags/example_nested_branch_dag.py for tasks to queue
[2024-02-02T13:54:05.651+0000] {logging_mixin.py:188} INFO - [2024-02-02T13:54:05.650+0000] {dagbag.py:538} INFO - Filling up the DagBag from /home/airflow/.local/lib/python3.8/site-packages/airflow/example_dags/example_nested_branch_dag.py
[2024-02-02T13:54:05.691+0000] {processor.py:840} INFO - DAG(s) 'example_nested_branch_dag' retrieved from /home/airflow/.local/lib/python3.8/site-packages/airflow/example_dags/example_nested_branch_dag.py
[2024-02-02T13:54:05.941+0000] {logging_mixin.py:188} INFO - [2024-02-02T13:54:05.940+0000] {override.py:1769} INFO - Created Permission View: can delete on DAG:example_nested_branch_dag
[2024-02-02T13:54:05.967+0000] {logging_mixin.py:188} INFO - [2024-02-02T13:54:05.967+0000] {override.py:1769} INFO - Created Permission View: can read on DAG:example_nested_branch_dag
[2024-02-02T13:54:05.990+0000] {logging_mixin.py:188} INFO - [2024-02-02T13:54:05.988+0000] {override.py:1769} INFO - Created Permission View: can edit on DAG:example_nested_branch_dag
[2024-02-02T13:54:05.992+0000] {logging_mixin.py:188} INFO - [2024-02-02T13:54:05.991+0000] {dag.py:3036} INFO - Sync 1 DAGs
[2024-02-02T13:54:06.018+0000] {logging_mixin.py:188} INFO - [2024-02-02T13:54:06.018+0000] {dag.py:3058} INFO - Creating ORM DAG for example_nested_branch_dag
[2024-02-02T13:54:06.057+0000] {logging_mixin.py:188} INFO - [2024-02-02T13:54:06.057+0000] {dag.py:3823} INFO - Setting next_dagrun for example_nested_branch_dag to 2024-02-01 00:00:00+00:00, run_after=2024-02-02 00:00:00+00:00
[2024-02-02T13:54:06.083+0000] {processor.py:183} INFO - Processing /home/airflow/.local/lib/python3.8/site-packages/airflow/example_dags/example_nested_branch_dag.py took 0.478 seconds
[2024-02-02T13:54:37.008+0000] {processor.py:161} INFO - Started process (PID=127) to work on /home/airflow/.local/lib/python3.8/site-packages/airflow/example_dags/example_nested_branch_dag.py
[2024-02-02T13:54:37.009+0000] {processor.py:830} INFO - Processing file /home/airflow/.local/lib/python3.8/site-packages/airflow/example_dags/example_nested_branch_dag.py for tasks to queue
[2024-02-02T13:54:37.012+0000] {logging_mixin.py:188} INFO - [2024-02-02T13:54:37.012+0000] {dagbag.py:538} INFO - Filling up the DagBag from /home/airflow/.local/lib/python3.8/site-packages/airflow/example_dags/example_nested_branch_dag.py
[2024-02-02T13:54:37.026+0000] {processor.py:840} INFO - DAG(s) 'example_nested_branch_dag' retrieved from /home/airflow/.local/lib/python3.8/site-packages/airflow/example_dags/example_nested_branch_dag.py
[2024-02-02T13:54:37.052+0000] {logging_mixin.py:188} INFO - [2024-02-02T13:54:37.052+0000] {dag.py:3036} INFO - Sync 1 DAGs
[2024-02-02T13:54:37.082+0000] {logging_mixin.py:188} INFO - [2024-02-02T13:54:37.082+0000] {dag.py:3823} INFO - Setting next_dagrun for example_nested_branch_dag to 2024-02-01 00:00:00+00:00, run_after=2024-02-02 00:00:00+00:00
[2024-02-02T13:54:37.109+0000] {processor.py:183} INFO - Processing /home/airflow/.local/lib/python3.8/site-packages/airflow/example_dags/example_nested_branch_dag.py took 0.105 seconds
[2024-02-02T13:55:07.923+0000] {processor.py:161} INFO - Started process (PID=182) to work on /home/airflow/.local/lib/python3.8/site-packages/airflow/example_dags/example_nested_branch_dag.py
[2024-02-02T13:55:07.924+0000] {processor.py:830} INFO - Processing file /home/airflow/.local/lib/python3.8/site-packages/airflow/example_dags/example_nested_branch_dag.py for tasks to queue
[2024-02-02T13:55:07.927+0000] {logging_mixin.py:188} INFO - [2024-02-02T13:55:07.927+0000] {dagbag.py:538} INFO - Filling up the DagBag from /home/airflow/.local/lib/python3.8/site-packages/airflow/example_dags/example_nested_branch_dag.py
[2024-02-02T13:55:07.939+0000] {processor.py:840} INFO - DAG(s) 'example_nested_branch_dag' retrieved from /home/airflow/.local/lib/python3.8/site-packages/airflow/example_dags/example_nested_branch_dag.py
[2024-02-02T13:55:07.966+0000] {logging_mixin.py:188} INFO - [2024-02-02T13:55:07.965+0000] {dag.py:3036} INFO - Sync 1 DAGs
[2024-02-02T13:55:07.993+0000] {logging_mixin.py:188} INFO - [2024-02-02T13:55:07.992+0000] {dag.py:3823} INFO - Setting next_dagrun for example_nested_branch_dag to 2024-02-01 00:00:00+00:00, run_after=2024-02-02 00:00:00+00:00
[2024-02-02T13:55:08.020+0000] {processor.py:183} INFO - Processing /home/airflow/.local/lib/python3.8/site-packages/airflow/example_dags/example_nested_branch_dag.py took 0.102 seconds
[2024-02-02T13:55:38.445+0000] {processor.py:161} INFO - Started process (PID=237) to work on /home/airflow/.local/lib/python3.8/site-packages/airflow/example_dags/example_nested_branch_dag.py
[2024-02-02T13:55:38.447+0000] {processor.py:830} INFO - Processing file /home/airflow/.local/lib/python3.8/site-packages/airflow/example_dags/example_nested_branch_dag.py for tasks to queue
[2024-02-02T13:55:38.449+0000] {logging_mixin.py:188} INFO - [2024-02-02T13:55:38.449+0000] {dagbag.py:538} INFO - Filling up the DagBag from /home/airflow/.local/lib/python3.8/site-packages/airflow/example_dags/example_nested_branch_dag.py
[2024-02-02T13:55:38.459+0000] {processor.py:840} INFO - DAG(s) 'example_nested_branch_dag' retrieved from /home/airflow/.local/lib/python3.8/site-packages/airflow/example_dags/example_nested_branch_dag.py
[2024-02-02T13:55:38.484+0000] {logging_mixin.py:188} INFO - [2024-02-02T13:55:38.484+0000] {dag.py:3036} INFO - Sync 1 DAGs
[2024-02-02T13:55:38.510+0000] {logging_mixin.py:188} INFO - [2024-02-02T13:55:38.510+0000] {dag.py:3823} INFO - Setting next_dagrun for example_nested_branch_dag to 2024-02-01 00:00:00+00:00, run_after=2024-02-02 00:00:00+00:00
[2024-02-02T13:55:38.534+0000] {processor.py:183} INFO - Processing /home/airflow/.local/lib/python3.8/site-packages/airflow/example_dags/example_nested_branch_dag.py took 0.092 seconds
[2024-02-02T13:56:08.810+0000] {processor.py:161} INFO - Started process (PID=292) to work on /home/airflow/.local/lib/python3.8/site-packages/airflow/example_dags/example_nested_branch_dag.py
[2024-02-02T13:56:08.812+0000] {processor.py:830} INFO - Processing file /home/airflow/.local/lib/python3.8/site-packages/airflow/example_dags/example_nested_branch_dag.py for tasks to queue
[2024-02-02T13:56:08.815+0000] {logging_mixin.py:188} INFO - [2024-02-02T13:56:08.814+0000] {dagbag.py:538} INFO - Filling up the DagBag from /home/airflow/.local/lib/python3.8/site-packages/airflow/example_dags/example_nested_branch_dag.py
[2024-02-02T13:56:08.825+0000] {processor.py:840} INFO - DAG(s) 'example_nested_branch_dag' retrieved from /home/airflow/.local/lib/python3.8/site-packages/airflow/example_dags/example_nested_branch_dag.py
[2024-02-02T13:56:08.848+0000] {logging_mixin.py:188} INFO - [2024-02-02T13:56:08.848+0000] {dag.py:3036} INFO - Sync 1 DAGs
[2024-02-02T13:56:08.871+0000] {logging_mixin.py:188} INFO - [2024-02-02T13:56:08.871+0000] {dag.py:3823} INFO - Setting next_dagrun for example_nested_branch_dag to 2024-02-01 00:00:00+00:00, run_after=2024-02-02 00:00:00+00:00
[2024-02-02T13:56:08.895+0000] {processor.py:183} INFO - Processing /home/airflow/.local/lib/python3.8/site-packages/airflow/example_dags/example_nested_branch_dag.py took 0.089 seconds
[2024-02-02T13:56:39.263+0000] {processor.py:161} INFO - Started process (PID=347) to work on /home/airflow/.local/lib/python3.8/site-packages/airflow/example_dags/example_nested_branch_dag.py
[2024-02-02T13:56:39.264+0000] {processor.py:830} INFO - Processing file /home/airflow/.local/lib/python3.8/site-packages/airflow/example_dags/example_nested_branch_dag.py for tasks to queue
[2024-02-02T13:56:39.267+0000] {logging_mixin.py:188} INFO - [2024-02-02T13:56:39.267+0000] {dagbag.py:538} INFO - Filling up the DagBag from /home/airflow/.local/lib/python3.8/site-packages/airflow/example_dags/example_nested_branch_dag.py
[2024-02-02T13:56:39.283+0000] {processor.py:840} INFO - DAG(s) 'example_nested_branch_dag' retrieved from /home/airflow/.local/lib/python3.8/site-packages/airflow/example_dags/example_nested_branch_dag.py
[2024-02-02T13:56:39.310+0000] {logging_mixin.py:188} INFO - [2024-02-02T13:56:39.310+0000] {dag.py:3036} INFO - Sync 1 DAGs
[2024-02-02T13:56:39.335+0000] {logging_mixin.py:188} INFO - [2024-02-02T13:56:39.335+0000] {dag.py:3823} INFO - Setting next_dagrun for example_nested_branch_dag to 2024-02-01 00:00:00+00:00, run_after=2024-02-02 00:00:00+00:00
[2024-02-02T13:56:39.357+0000] {processor.py:183} INFO - Processing /home/airflow/.local/lib/python3.8/site-packages/airflow/example_dags/example_nested_branch_dag.py took 0.098 seconds
[2024-02-02T13:57:09.673+0000] {processor.py:161} INFO - Started process (PID=402) to work on /home/airflow/.local/lib/python3.8/site-packages/airflow/example_dags/example_nested_branch_dag.py
[2024-02-02T13:57:09.674+0000] {processor.py:830} INFO - Processing file /home/airflow/.local/lib/python3.8/site-packages/airflow/example_dags/example_nested_branch_dag.py for tasks to queue
[2024-02-02T13:57:09.677+0000] {logging_mixin.py:188} INFO - [2024-02-02T13:57:09.676+0000] {dagbag.py:538} INFO - Filling up the DagBag from /home/airflow/.local/lib/python3.8/site-packages/airflow/example_dags/example_nested_branch_dag.py
[2024-02-02T13:57:09.687+0000] {processor.py:840} INFO - DAG(s) 'example_nested_branch_dag' retrieved from /home/airflow/.local/lib/python3.8/site-packages/airflow/example_dags/example_nested_branch_dag.py
[2024-02-02T13:57:09.711+0000] {logging_mixin.py:188} INFO - [2024-02-02T13:57:09.710+0000] {dag.py:3036} INFO - Sync 1 DAGs
[2024-02-02T13:57:09.734+0000] {logging_mixin.py:188} INFO - [2024-02-02T13:57:09.734+0000] {dag.py:3823} INFO - Setting next_dagrun for example_nested_branch_dag to 2024-02-01 00:00:00+00:00, run_after=2024-02-02 00:00:00+00:00
[2024-02-02T13:57:09.758+0000] {processor.py:183} INFO - Processing /home/airflow/.local/lib/python3.8/site-packages/airflow/example_dags/example_nested_branch_dag.py took 0.088 seconds
[2024-02-02T13:57:39.860+0000] {processor.py:161} INFO - Started process (PID=457) to work on /home/airflow/.local/lib/python3.8/site-packages/airflow/example_dags/example_nested_branch_dag.py
[2024-02-02T13:57:39.861+0000] {processor.py:830} INFO - Processing file /home/airflow/.local/lib/python3.8/site-packages/airflow/example_dags/example_nested_branch_dag.py for tasks to queue
[2024-02-02T13:57:39.864+0000] {logging_mixin.py:188} INFO - [2024-02-02T13:57:39.864+0000] {dagbag.py:538} INFO - Filling up the DagBag from /home/airflow/.local/lib/python3.8/site-packages/airflow/example_dags/example_nested_branch_dag.py
[2024-02-02T13:57:39.876+0000] {processor.py:840} INFO - DAG(s) 'example_nested_branch_dag' retrieved from /home/airflow/.local/lib/python3.8/site-packages/airflow/example_dags/example_nested_branch_dag.py
[2024-02-02T13:57:39.902+0000] {logging_mixin.py:188} INFO - [2024-02-02T13:57:39.901+0000] {dag.py:3036} INFO - Sync 1 DAGs
[2024-02-02T13:57:39.925+0000] {logging_mixin.py:188} INFO - [2024-02-02T13:57:39.925+0000] {dag.py:3823} INFO - Setting next_dagrun for example_nested_branch_dag to 2024-02-01 00:00:00+00:00, run_after=2024-02-02 00:00:00+00:00
[2024-02-02T13:57:39.951+0000] {processor.py:183} INFO - Processing /home/airflow/.local/lib/python3.8/site-packages/airflow/example_dags/example_nested_branch_dag.py took 0.095 seconds
[2024-02-02T13:58:10.560+0000] {processor.py:161} INFO - Started process (PID=512) to work on /home/airflow/.local/lib/python3.8/site-packages/airflow/example_dags/example_nested_branch_dag.py
[2024-02-02T13:58:10.562+0000] {processor.py:830} INFO - Processing file /home/airflow/.local/lib/python3.8/site-packages/airflow/example_dags/example_nested_branch_dag.py for tasks to queue
[2024-02-02T13:58:10.565+0000] {logging_mixin.py:188} INFO - [2024-02-02T13:58:10.564+0000] {dagbag.py:538} INFO - Filling up the DagBag from /home/airflow/.local/lib/python3.8/site-packages/airflow/example_dags/example_nested_branch_dag.py
[2024-02-02T13:58:10.578+0000] {processor.py:840} INFO - DAG(s) 'example_nested_branch_dag' retrieved from /home/airflow/.local/lib/python3.8/site-packages/airflow/example_dags/example_nested_branch_dag.py
[2024-02-02T13:58:10.606+0000] {logging_mixin.py:188} INFO - [2024-02-02T13:58:10.605+0000] {dag.py:3036} INFO - Sync 1 DAGs
[2024-02-02T13:58:10.635+0000] {logging_mixin.py:188} INFO - [2024-02-02T13:58:10.634+0000] {dag.py:3823} INFO - Setting next_dagrun for example_nested_branch_dag to 2024-02-01 00:00:00+00:00, run_after=2024-02-02 00:00:00+00:00
[2024-02-02T13:58:10.661+0000] {processor.py:183} INFO - Processing /home/airflow/.local/lib/python3.8/site-packages/airflow/example_dags/example_nested_branch_dag.py took 0.106 seconds
[2024-02-02T13:58:40.991+0000] {processor.py:161} INFO - Started process (PID=567) to work on /home/airflow/.local/lib/python3.8/site-packages/airflow/example_dags/example_nested_branch_dag.py
[2024-02-02T13:58:40.992+0000] {processor.py:830} INFO - Processing file /home/airflow/.local/lib/python3.8/site-packages/airflow/example_dags/example_nested_branch_dag.py for tasks to queue
[2024-02-02T13:58:40.995+0000] {logging_mixin.py:188} INFO - [2024-02-02T13:58:40.994+0000] {dagbag.py:538} INFO - Filling up the DagBag from /home/airflow/.local/lib/python3.8/site-packages/airflow/example_dags/example_nested_branch_dag.py
[2024-02-02T13:58:41.008+0000] {processor.py:840} INFO - DAG(s) 'example_nested_branch_dag' retrieved from /home/airflow/.local/lib/python3.8/site-packages/airflow/example_dags/example_nested_branch_dag.py
[2024-02-02T13:58:41.037+0000] {logging_mixin.py:188} INFO - [2024-02-02T13:58:41.036+0000] {dag.py:3036} INFO - Sync 1 DAGs
[2024-02-02T13:58:41.065+0000] {logging_mixin.py:188} INFO - [2024-02-02T13:58:41.064+0000] {dag.py:3823} INFO - Setting next_dagrun for example_nested_branch_dag to 2024-02-01 00:00:00+00:00, run_after=2024-02-02 00:00:00+00:00
[2024-02-02T13:58:41.095+0000] {processor.py:183} INFO - Processing /home/airflow/.local/lib/python3.8/site-packages/airflow/example_dags/example_nested_branch_dag.py took 0.108 seconds
[2024-02-02T13:59:11.873+0000] {processor.py:161} INFO - Started process (PID=622) to work on /home/airflow/.local/lib/python3.8/site-packages/airflow/example_dags/example_nested_branch_dag.py
[2024-02-02T13:59:11.874+0000] {processor.py:830} INFO - Processing file /home/airflow/.local/lib/python3.8/site-packages/airflow/example_dags/example_nested_branch_dag.py for tasks to queue
[2024-02-02T13:59:11.877+0000] {logging_mixin.py:188} INFO - [2024-02-02T13:59:11.876+0000] {dagbag.py:538} INFO - Filling up the DagBag from /home/airflow/.local/lib/python3.8/site-packages/airflow/example_dags/example_nested_branch_dag.py
[2024-02-02T13:59:11.888+0000] {processor.py:840} INFO - DAG(s) 'example_nested_branch_dag' retrieved from /home/airflow/.local/lib/python3.8/site-packages/airflow/example_dags/example_nested_branch_dag.py
[2024-02-02T13:59:11.912+0000] {logging_mixin.py:188} INFO - [2024-02-02T13:59:11.912+0000] {dag.py:3036} INFO - Sync 1 DAGs
[2024-02-02T13:59:11.936+0000] {logging_mixin.py:188} INFO - [2024-02-02T13:59:11.935+0000] {dag.py:3823} INFO - Setting next_dagrun for example_nested_branch_dag to 2024-02-01 00:00:00+00:00, run_after=2024-02-02 00:00:00+00:00
[2024-02-02T13:59:11.957+0000] {processor.py:183} INFO - Processing /home/airflow/.local/lib/python3.8/site-packages/airflow/example_dags/example_nested_branch_dag.py took 0.088 seconds
[2024-02-02T13:59:42.391+0000] {processor.py:161} INFO - Started process (PID=677) to work on /home/airflow/.local/lib/python3.8/site-packages/airflow/example_dags/example_nested_branch_dag.py
[2024-02-02T13:59:42.393+0000] {processor.py:830} INFO - Processing file /home/airflow/.local/lib/python3.8/site-packages/airflow/example_dags/example_nested_branch_dag.py for tasks to queue
[2024-02-02T13:59:42.395+0000] {logging_mixin.py:188} INFO - [2024-02-02T13:59:42.395+0000] {dagbag.py:538} INFO - Filling up the DagBag from /home/airflow/.local/lib/python3.8/site-packages/airflow/example_dags/example_nested_branch_dag.py
[2024-02-02T13:59:42.405+0000] {processor.py:840} INFO - DAG(s) 'example_nested_branch_dag' retrieved from /home/airflow/.local/lib/python3.8/site-packages/airflow/example_dags/example_nested_branch_dag.py
[2024-02-02T13:59:42.428+0000] {logging_mixin.py:188} INFO - [2024-02-02T13:59:42.427+0000] {dag.py:3036} INFO - Sync 1 DAGs
[2024-02-02T13:59:42.450+0000] {logging_mixin.py:188} INFO - [2024-02-02T13:59:42.450+0000] {dag.py:3823} INFO - Setting next_dagrun for example_nested_branch_dag to 2024-02-01 00:00:00+00:00, run_after=2024-02-02 00:00:00+00:00
[2024-02-02T13:59:42.471+0000] {processor.py:183} INFO - Processing /home/airflow/.local/lib/python3.8/site-packages/airflow/example_dags/example_nested_branch_dag.py took 0.083 seconds
[2024-02-02T14:00:12.836+0000] {processor.py:161} INFO - Started process (PID=732) to work on /home/airflow/.local/lib/python3.8/site-packages/airflow/example_dags/example_nested_branch_dag.py
[2024-02-02T14:00:12.838+0000] {processor.py:830} INFO - Processing file /home/airflow/.local/lib/python3.8/site-packages/airflow/example_dags/example_nested_branch_dag.py for tasks to queue
[2024-02-02T14:00:12.840+0000] {logging_mixin.py:188} INFO - [2024-02-02T14:00:12.840+0000] {dagbag.py:538} INFO - Filling up the DagBag from /home/airflow/.local/lib/python3.8/site-packages/airflow/example_dags/example_nested_branch_dag.py
[2024-02-02T14:00:12.851+0000] {processor.py:840} INFO - DAG(s) 'example_nested_branch_dag' retrieved from /home/airflow/.local/lib/python3.8/site-packages/airflow/example_dags/example_nested_branch_dag.py
[2024-02-02T14:00:12.876+0000] {logging_mixin.py:188} INFO - [2024-02-02T14:00:12.875+0000] {dag.py:3036} INFO - Sync 1 DAGs
[2024-02-02T14:00:12.899+0000] {logging_mixin.py:188} INFO - [2024-02-02T14:00:12.899+0000] {dag.py:3823} INFO - Setting next_dagrun for example_nested_branch_dag to 2024-02-01 00:00:00+00:00, run_after=2024-02-02 00:00:00+00:00
[2024-02-02T14:00:12.920+0000] {processor.py:183} INFO - Processing /home/airflow/.local/lib/python3.8/site-packages/airflow/example_dags/example_nested_branch_dag.py took 0.087 seconds
[2024-02-02T14:00:43.202+0000] {processor.py:161} INFO - Started process (PID=787) to work on /home/airflow/.local/lib/python3.8/site-packages/airflow/example_dags/example_nested_branch_dag.py
[2024-02-02T14:00:43.203+0000] {processor.py:830} INFO - Processing file /home/airflow/.local/lib/python3.8/site-packages/airflow/example_dags/example_nested_branch_dag.py for tasks to queue
[2024-02-02T14:00:43.205+0000] {logging_mixin.py:188} INFO - [2024-02-02T14:00:43.205+0000] {dagbag.py:538} INFO - Filling up the DagBag from /home/airflow/.local/lib/python3.8/site-packages/airflow/example_dags/example_nested_branch_dag.py
[2024-02-02T14:00:43.217+0000] {processor.py:840} INFO - DAG(s) 'example_nested_branch_dag' retrieved from /home/airflow/.local/lib/python3.8/site-packages/airflow/example_dags/example_nested_branch_dag.py
[2024-02-02T14:00:43.239+0000] {logging_mixin.py:188} INFO - [2024-02-02T14:00:43.238+0000] {dag.py:3036} INFO - Sync 1 DAGs
[2024-02-02T14:00:43.265+0000] {logging_mixin.py:188} INFO - [2024-02-02T14:00:43.265+0000] {dag.py:3823} INFO - Setting next_dagrun for example_nested_branch_dag to 2024-02-01 00:00:00+00:00, run_after=2024-02-02 00:00:00+00:00
[2024-02-02T14:00:43.286+0000] {processor.py:183} INFO - Processing /home/airflow/.local/lib/python3.8/site-packages/airflow/example_dags/example_nested_branch_dag.py took 0.089 seconds
[2024-02-02T14:01:13.691+0000] {processor.py:161} INFO - Started process (PID=842) to work on /home/airflow/.local/lib/python3.8/site-packages/airflow/example_dags/example_nested_branch_dag.py
[2024-02-02T14:01:13.695+0000] {processor.py:830} INFO - Processing file /home/airflow/.local/lib/python3.8/site-packages/airflow/example_dags/example_nested_branch_dag.py for tasks to queue
[2024-02-02T14:01:13.699+0000] {logging_mixin.py:188} INFO - [2024-02-02T14:01:13.698+0000] {dagbag.py:538} INFO - Filling up the DagBag from /home/airflow/.local/lib/python3.8/site-packages/airflow/example_dags/example_nested_branch_dag.py
[2024-02-02T14:01:13.725+0000] {processor.py:840} INFO - DAG(s) 'example_nested_branch_dag' retrieved from /home/airflow/.local/lib/python3.8/site-packages/airflow/example_dags/example_nested_branch_dag.py
[2024-02-02T14:01:13.786+0000] {logging_mixin.py:188} INFO - [2024-02-02T14:01:13.785+0000] {dag.py:3036} INFO - Sync 1 DAGs
[2024-02-02T14:01:13.818+0000] {logging_mixin.py:188} INFO - [2024-02-02T14:01:13.818+0000] {dag.py:3823} INFO - Setting next_dagrun for example_nested_branch_dag to 2024-02-01 00:00:00+00:00, run_after=2024-02-02 00:00:00+00:00
[2024-02-02T14:01:13.845+0000] {processor.py:183} INFO - Processing /home/airflow/.local/lib/python3.8/site-packages/airflow/example_dags/example_nested_branch_dag.py took 0.166 seconds
