[2024-02-02T13:54:04.582+0000] {processor.py:161} INFO - Started process (PID=67) to work on /home/airflow/.local/lib/python3.8/site-packages/airflow/example_dags/example_bash_operator.py
[2024-02-02T13:54:04.584+0000] {processor.py:830} INFO - Processing file /home/airflow/.local/lib/python3.8/site-packages/airflow/example_dags/example_bash_operator.py for tasks to queue
[2024-02-02T13:54:04.588+0000] {logging_mixin.py:188} INFO - [2024-02-02T13:54:04.588+0000] {dagbag.py:538} INFO - Filling up the DagBag from /home/airflow/.local/lib/python3.8/site-packages/airflow/example_dags/example_bash_operator.py
[2024-02-02T13:54:04.618+0000] {processor.py:840} INFO - DAG(s) 'example_bash_operator' retrieved from /home/airflow/.local/lib/python3.8/site-packages/airflow/example_dags/example_bash_operator.py
[2024-02-02T13:54:04.824+0000] {logging_mixin.py:188} INFO - [2024-02-02T13:54:04.823+0000] {override.py:1769} INFO - Created Permission View: can delete on DAG:example_bash_operator
[2024-02-02T13:54:04.863+0000] {logging_mixin.py:188} INFO - [2024-02-02T13:54:04.862+0000] {override.py:1769} INFO - Created Permission View: can read on DAG:example_bash_operator
[2024-02-02T13:54:04.883+0000] {logging_mixin.py:188} INFO - [2024-02-02T13:54:04.882+0000] {override.py:1769} INFO - Created Permission View: can edit on DAG:example_bash_operator
[2024-02-02T13:54:04.890+0000] {logging_mixin.py:188} INFO - [2024-02-02T13:54:04.889+0000] {dag.py:3036} INFO - Sync 1 DAGs
[2024-02-02T13:54:04.913+0000] {logging_mixin.py:188} INFO - [2024-02-02T13:54:04.913+0000] {dag.py:3058} INFO - Creating ORM DAG for example_bash_operator
[2024-02-02T13:54:04.936+0000] {logging_mixin.py:188} INFO - [2024-02-02T13:54:04.935+0000] {dag.py:3823} INFO - Setting next_dagrun for example_bash_operator to 2024-02-01 00:00:00+00:00, run_after=2024-02-02 00:00:00+00:00
[2024-02-02T13:54:04.984+0000] {processor.py:183} INFO - Processing /home/airflow/.local/lib/python3.8/site-packages/airflow/example_dags/example_bash_operator.py took 0.406 seconds
[2024-02-02T13:54:35.843+0000] {processor.py:161} INFO - Started process (PID=125) to work on /home/airflow/.local/lib/python3.8/site-packages/airflow/example_dags/example_bash_operator.py
[2024-02-02T13:54:35.844+0000] {processor.py:830} INFO - Processing file /home/airflow/.local/lib/python3.8/site-packages/airflow/example_dags/example_bash_operator.py for tasks to queue
[2024-02-02T13:54:35.847+0000] {logging_mixin.py:188} INFO - [2024-02-02T13:54:35.846+0000] {dagbag.py:538} INFO - Filling up the DagBag from /home/airflow/.local/lib/python3.8/site-packages/airflow/example_dags/example_bash_operator.py
[2024-02-02T13:54:35.862+0000] {processor.py:840} INFO - DAG(s) 'example_bash_operator' retrieved from /home/airflow/.local/lib/python3.8/site-packages/airflow/example_dags/example_bash_operator.py
[2024-02-02T13:54:35.896+0000] {logging_mixin.py:188} INFO - [2024-02-02T13:54:35.896+0000] {dag.py:3036} INFO - Sync 1 DAGs
[2024-02-02T13:54:35.926+0000] {logging_mixin.py:188} INFO - [2024-02-02T13:54:35.926+0000] {dag.py:3823} INFO - Setting next_dagrun for example_bash_operator to 2024-02-01 00:00:00+00:00, run_after=2024-02-02 00:00:00+00:00
[2024-02-02T13:54:35.949+0000] {processor.py:183} INFO - Processing /home/airflow/.local/lib/python3.8/site-packages/airflow/example_dags/example_bash_operator.py took 0.110 seconds
[2024-02-02T13:55:06.741+0000] {processor.py:161} INFO - Started process (PID=180) to work on /home/airflow/.local/lib/python3.8/site-packages/airflow/example_dags/example_bash_operator.py
[2024-02-02T13:55:06.743+0000] {processor.py:830} INFO - Processing file /home/airflow/.local/lib/python3.8/site-packages/airflow/example_dags/example_bash_operator.py for tasks to queue
[2024-02-02T13:55:06.746+0000] {logging_mixin.py:188} INFO - [2024-02-02T13:55:06.745+0000] {dagbag.py:538} INFO - Filling up the DagBag from /home/airflow/.local/lib/python3.8/site-packages/airflow/example_dags/example_bash_operator.py
[2024-02-02T13:55:06.761+0000] {processor.py:840} INFO - DAG(s) 'example_bash_operator' retrieved from /home/airflow/.local/lib/python3.8/site-packages/airflow/example_dags/example_bash_operator.py
[2024-02-02T13:55:06.799+0000] {logging_mixin.py:188} INFO - [2024-02-02T13:55:06.798+0000] {dag.py:3036} INFO - Sync 1 DAGs
[2024-02-02T13:55:06.830+0000] {logging_mixin.py:188} INFO - [2024-02-02T13:55:06.829+0000] {dag.py:3823} INFO - Setting next_dagrun for example_bash_operator to 2024-02-01 00:00:00+00:00, run_after=2024-02-02 00:00:00+00:00
[2024-02-02T13:55:06.862+0000] {processor.py:183} INFO - Processing /home/airflow/.local/lib/python3.8/site-packages/airflow/example_dags/example_bash_operator.py took 0.126 seconds
[2024-02-02T13:55:37.278+0000] {processor.py:161} INFO - Started process (PID=235) to work on /home/airflow/.local/lib/python3.8/site-packages/airflow/example_dags/example_bash_operator.py
[2024-02-02T13:55:37.280+0000] {processor.py:830} INFO - Processing file /home/airflow/.local/lib/python3.8/site-packages/airflow/example_dags/example_bash_operator.py for tasks to queue
[2024-02-02T13:55:37.282+0000] {logging_mixin.py:188} INFO - [2024-02-02T13:55:37.282+0000] {dagbag.py:538} INFO - Filling up the DagBag from /home/airflow/.local/lib/python3.8/site-packages/airflow/example_dags/example_bash_operator.py
[2024-02-02T13:55:37.295+0000] {processor.py:840} INFO - DAG(s) 'example_bash_operator' retrieved from /home/airflow/.local/lib/python3.8/site-packages/airflow/example_dags/example_bash_operator.py
[2024-02-02T13:55:37.330+0000] {logging_mixin.py:188} INFO - [2024-02-02T13:55:37.330+0000] {dag.py:3036} INFO - Sync 1 DAGs
[2024-02-02T13:55:37.361+0000] {logging_mixin.py:188} INFO - [2024-02-02T13:55:37.361+0000] {dag.py:3823} INFO - Setting next_dagrun for example_bash_operator to 2024-02-01 00:00:00+00:00, run_after=2024-02-02 00:00:00+00:00
[2024-02-02T13:55:37.388+0000] {processor.py:183} INFO - Processing /home/airflow/.local/lib/python3.8/site-packages/airflow/example_dags/example_bash_operator.py took 0.112 seconds
[2024-02-02T13:56:07.647+0000] {processor.py:161} INFO - Started process (PID=290) to work on /home/airflow/.local/lib/python3.8/site-packages/airflow/example_dags/example_bash_operator.py
[2024-02-02T13:56:07.649+0000] {processor.py:830} INFO - Processing file /home/airflow/.local/lib/python3.8/site-packages/airflow/example_dags/example_bash_operator.py for tasks to queue
[2024-02-02T13:56:07.652+0000] {logging_mixin.py:188} INFO - [2024-02-02T13:56:07.651+0000] {dagbag.py:538} INFO - Filling up the DagBag from /home/airflow/.local/lib/python3.8/site-packages/airflow/example_dags/example_bash_operator.py
[2024-02-02T13:56:07.666+0000] {processor.py:840} INFO - DAG(s) 'example_bash_operator' retrieved from /home/airflow/.local/lib/python3.8/site-packages/airflow/example_dags/example_bash_operator.py
[2024-02-02T13:56:07.697+0000] {logging_mixin.py:188} INFO - [2024-02-02T13:56:07.696+0000] {dag.py:3036} INFO - Sync 1 DAGs
[2024-02-02T13:56:07.723+0000] {logging_mixin.py:188} INFO - [2024-02-02T13:56:07.722+0000] {dag.py:3823} INFO - Setting next_dagrun for example_bash_operator to 2024-02-01 00:00:00+00:00, run_after=2024-02-02 00:00:00+00:00
[2024-02-02T13:56:07.746+0000] {processor.py:183} INFO - Processing /home/airflow/.local/lib/python3.8/site-packages/airflow/example_dags/example_bash_operator.py took 0.105 seconds
[2024-02-02T13:56:38.093+0000] {processor.py:161} INFO - Started process (PID=345) to work on /home/airflow/.local/lib/python3.8/site-packages/airflow/example_dags/example_bash_operator.py
[2024-02-02T13:56:38.094+0000] {processor.py:830} INFO - Processing file /home/airflow/.local/lib/python3.8/site-packages/airflow/example_dags/example_bash_operator.py for tasks to queue
[2024-02-02T13:56:38.097+0000] {logging_mixin.py:188} INFO - [2024-02-02T13:56:38.096+0000] {dagbag.py:538} INFO - Filling up the DagBag from /home/airflow/.local/lib/python3.8/site-packages/airflow/example_dags/example_bash_operator.py
[2024-02-02T13:56:38.111+0000] {processor.py:840} INFO - DAG(s) 'example_bash_operator' retrieved from /home/airflow/.local/lib/python3.8/site-packages/airflow/example_dags/example_bash_operator.py
[2024-02-02T13:56:38.144+0000] {logging_mixin.py:188} INFO - [2024-02-02T13:56:38.143+0000] {dag.py:3036} INFO - Sync 1 DAGs
[2024-02-02T13:56:38.167+0000] {logging_mixin.py:188} INFO - [2024-02-02T13:56:38.167+0000] {dag.py:3823} INFO - Setting next_dagrun for example_bash_operator to 2024-02-01 00:00:00+00:00, run_after=2024-02-02 00:00:00+00:00
[2024-02-02T13:56:38.195+0000] {processor.py:183} INFO - Processing /home/airflow/.local/lib/python3.8/site-packages/airflow/example_dags/example_bash_operator.py took 0.107 seconds
[2024-02-02T13:57:08.501+0000] {processor.py:161} INFO - Started process (PID=400) to work on /home/airflow/.local/lib/python3.8/site-packages/airflow/example_dags/example_bash_operator.py
[2024-02-02T13:57:08.502+0000] {processor.py:830} INFO - Processing file /home/airflow/.local/lib/python3.8/site-packages/airflow/example_dags/example_bash_operator.py for tasks to queue
[2024-02-02T13:57:08.505+0000] {logging_mixin.py:188} INFO - [2024-02-02T13:57:08.504+0000] {dagbag.py:538} INFO - Filling up the DagBag from /home/airflow/.local/lib/python3.8/site-packages/airflow/example_dags/example_bash_operator.py
[2024-02-02T13:57:08.525+0000] {processor.py:840} INFO - DAG(s) 'example_bash_operator' retrieved from /home/airflow/.local/lib/python3.8/site-packages/airflow/example_dags/example_bash_operator.py
[2024-02-02T13:57:08.564+0000] {logging_mixin.py:188} INFO - [2024-02-02T13:57:08.564+0000] {dag.py:3036} INFO - Sync 1 DAGs
[2024-02-02T13:57:08.590+0000] {logging_mixin.py:188} INFO - [2024-02-02T13:57:08.589+0000] {dag.py:3823} INFO - Setting next_dagrun for example_bash_operator to 2024-02-01 00:00:00+00:00, run_after=2024-02-02 00:00:00+00:00
[2024-02-02T13:57:08.616+0000] {processor.py:183} INFO - Processing /home/airflow/.local/lib/python3.8/site-packages/airflow/example_dags/example_bash_operator.py took 0.118 seconds
[2024-02-02T13:57:38.704+0000] {processor.py:161} INFO - Started process (PID=455) to work on /home/airflow/.local/lib/python3.8/site-packages/airflow/example_dags/example_bash_operator.py
[2024-02-02T13:57:38.706+0000] {processor.py:830} INFO - Processing file /home/airflow/.local/lib/python3.8/site-packages/airflow/example_dags/example_bash_operator.py for tasks to queue
[2024-02-02T13:57:38.708+0000] {logging_mixin.py:188} INFO - [2024-02-02T13:57:38.708+0000] {dagbag.py:538} INFO - Filling up the DagBag from /home/airflow/.local/lib/python3.8/site-packages/airflow/example_dags/example_bash_operator.py
[2024-02-02T13:57:38.720+0000] {processor.py:840} INFO - DAG(s) 'example_bash_operator' retrieved from /home/airflow/.local/lib/python3.8/site-packages/airflow/example_dags/example_bash_operator.py
[2024-02-02T13:57:38.754+0000] {logging_mixin.py:188} INFO - [2024-02-02T13:57:38.753+0000] {dag.py:3036} INFO - Sync 1 DAGs
[2024-02-02T13:57:38.777+0000] {logging_mixin.py:188} INFO - [2024-02-02T13:57:38.776+0000] {dag.py:3823} INFO - Setting next_dagrun for example_bash_operator to 2024-02-01 00:00:00+00:00, run_after=2024-02-02 00:00:00+00:00
[2024-02-02T13:57:38.802+0000] {processor.py:183} INFO - Processing /home/airflow/.local/lib/python3.8/site-packages/airflow/example_dags/example_bash_operator.py took 0.101 seconds
[2024-02-02T13:58:09.408+0000] {processor.py:161} INFO - Started process (PID=510) to work on /home/airflow/.local/lib/python3.8/site-packages/airflow/example_dags/example_bash_operator.py
[2024-02-02T13:58:09.409+0000] {processor.py:830} INFO - Processing file /home/airflow/.local/lib/python3.8/site-packages/airflow/example_dags/example_bash_operator.py for tasks to queue
[2024-02-02T13:58:09.412+0000] {logging_mixin.py:188} INFO - [2024-02-02T13:58:09.411+0000] {dagbag.py:538} INFO - Filling up the DagBag from /home/airflow/.local/lib/python3.8/site-packages/airflow/example_dags/example_bash_operator.py
[2024-02-02T13:58:09.424+0000] {processor.py:840} INFO - DAG(s) 'example_bash_operator' retrieved from /home/airflow/.local/lib/python3.8/site-packages/airflow/example_dags/example_bash_operator.py
[2024-02-02T13:58:09.454+0000] {logging_mixin.py:188} INFO - [2024-02-02T13:58:09.454+0000] {dag.py:3036} INFO - Sync 1 DAGs
[2024-02-02T13:58:09.476+0000] {logging_mixin.py:188} INFO - [2024-02-02T13:58:09.476+0000] {dag.py:3823} INFO - Setting next_dagrun for example_bash_operator to 2024-02-01 00:00:00+00:00, run_after=2024-02-02 00:00:00+00:00
[2024-02-02T13:58:09.500+0000] {processor.py:183} INFO - Processing /home/airflow/.local/lib/python3.8/site-packages/airflow/example_dags/example_bash_operator.py took 0.096 seconds
[2024-02-02T13:58:39.832+0000] {processor.py:161} INFO - Started process (PID=565) to work on /home/airflow/.local/lib/python3.8/site-packages/airflow/example_dags/example_bash_operator.py
[2024-02-02T13:58:39.833+0000] {processor.py:830} INFO - Processing file /home/airflow/.local/lib/python3.8/site-packages/airflow/example_dags/example_bash_operator.py for tasks to queue
[2024-02-02T13:58:39.836+0000] {logging_mixin.py:188} INFO - [2024-02-02T13:58:39.836+0000] {dagbag.py:538} INFO - Filling up the DagBag from /home/airflow/.local/lib/python3.8/site-packages/airflow/example_dags/example_bash_operator.py
[2024-02-02T13:58:39.849+0000] {processor.py:840} INFO - DAG(s) 'example_bash_operator' retrieved from /home/airflow/.local/lib/python3.8/site-packages/airflow/example_dags/example_bash_operator.py
[2024-02-02T13:58:39.879+0000] {logging_mixin.py:188} INFO - [2024-02-02T13:58:39.878+0000] {dag.py:3036} INFO - Sync 1 DAGs
[2024-02-02T13:58:39.905+0000] {logging_mixin.py:188} INFO - [2024-02-02T13:58:39.904+0000] {dag.py:3823} INFO - Setting next_dagrun for example_bash_operator to 2024-02-01 00:00:00+00:00, run_after=2024-02-02 00:00:00+00:00
[2024-02-02T13:58:39.928+0000] {processor.py:183} INFO - Processing /home/airflow/.local/lib/python3.8/site-packages/airflow/example_dags/example_bash_operator.py took 0.099 seconds
[2024-02-02T13:59:10.703+0000] {processor.py:161} INFO - Started process (PID=620) to work on /home/airflow/.local/lib/python3.8/site-packages/airflow/example_dags/example_bash_operator.py
[2024-02-02T13:59:10.705+0000] {processor.py:830} INFO - Processing file /home/airflow/.local/lib/python3.8/site-packages/airflow/example_dags/example_bash_operator.py for tasks to queue
[2024-02-02T13:59:10.708+0000] {logging_mixin.py:188} INFO - [2024-02-02T13:59:10.707+0000] {dagbag.py:538} INFO - Filling up the DagBag from /home/airflow/.local/lib/python3.8/site-packages/airflow/example_dags/example_bash_operator.py
[2024-02-02T13:59:10.723+0000] {processor.py:840} INFO - DAG(s) 'example_bash_operator' retrieved from /home/airflow/.local/lib/python3.8/site-packages/airflow/example_dags/example_bash_operator.py
[2024-02-02T13:59:10.760+0000] {logging_mixin.py:188} INFO - [2024-02-02T13:59:10.758+0000] {dag.py:3036} INFO - Sync 1 DAGs
[2024-02-02T13:59:10.787+0000] {logging_mixin.py:188} INFO - [2024-02-02T13:59:10.787+0000] {dag.py:3823} INFO - Setting next_dagrun for example_bash_operator to 2024-02-01 00:00:00+00:00, run_after=2024-02-02 00:00:00+00:00
[2024-02-02T13:59:10.814+0000] {processor.py:183} INFO - Processing /home/airflow/.local/lib/python3.8/site-packages/airflow/example_dags/example_bash_operator.py took 0.116 seconds
[2024-02-02T13:59:41.228+0000] {processor.py:161} INFO - Started process (PID=675) to work on /home/airflow/.local/lib/python3.8/site-packages/airflow/example_dags/example_bash_operator.py
[2024-02-02T13:59:41.230+0000] {processor.py:830} INFO - Processing file /home/airflow/.local/lib/python3.8/site-packages/airflow/example_dags/example_bash_operator.py for tasks to queue
[2024-02-02T13:59:41.232+0000] {logging_mixin.py:188} INFO - [2024-02-02T13:59:41.232+0000] {dagbag.py:538} INFO - Filling up the DagBag from /home/airflow/.local/lib/python3.8/site-packages/airflow/example_dags/example_bash_operator.py
[2024-02-02T13:59:41.245+0000] {processor.py:840} INFO - DAG(s) 'example_bash_operator' retrieved from /home/airflow/.local/lib/python3.8/site-packages/airflow/example_dags/example_bash_operator.py
[2024-02-02T13:59:41.283+0000] {logging_mixin.py:188} INFO - [2024-02-02T13:59:41.282+0000] {dag.py:3036} INFO - Sync 1 DAGs
[2024-02-02T13:59:41.310+0000] {logging_mixin.py:188} INFO - [2024-02-02T13:59:41.309+0000] {dag.py:3823} INFO - Setting next_dagrun for example_bash_operator to 2024-02-01 00:00:00+00:00, run_after=2024-02-02 00:00:00+00:00
[2024-02-02T13:59:41.336+0000] {processor.py:183} INFO - Processing /home/airflow/.local/lib/python3.8/site-packages/airflow/example_dags/example_bash_operator.py took 0.113 seconds
[2024-02-02T14:00:11.682+0000] {processor.py:161} INFO - Started process (PID=730) to work on /home/airflow/.local/lib/python3.8/site-packages/airflow/example_dags/example_bash_operator.py
[2024-02-02T14:00:11.683+0000] {processor.py:830} INFO - Processing file /home/airflow/.local/lib/python3.8/site-packages/airflow/example_dags/example_bash_operator.py for tasks to queue
[2024-02-02T14:00:11.686+0000] {logging_mixin.py:188} INFO - [2024-02-02T14:00:11.685+0000] {dagbag.py:538} INFO - Filling up the DagBag from /home/airflow/.local/lib/python3.8/site-packages/airflow/example_dags/example_bash_operator.py
[2024-02-02T14:00:11.699+0000] {processor.py:840} INFO - DAG(s) 'example_bash_operator' retrieved from /home/airflow/.local/lib/python3.8/site-packages/airflow/example_dags/example_bash_operator.py
[2024-02-02T14:00:11.728+0000] {logging_mixin.py:188} INFO - [2024-02-02T14:00:11.728+0000] {dag.py:3036} INFO - Sync 1 DAGs
[2024-02-02T14:00:11.752+0000] {logging_mixin.py:188} INFO - [2024-02-02T14:00:11.751+0000] {dag.py:3823} INFO - Setting next_dagrun for example_bash_operator to 2024-02-01 00:00:00+00:00, run_after=2024-02-02 00:00:00+00:00
[2024-02-02T14:00:11.777+0000] {processor.py:183} INFO - Processing /home/airflow/.local/lib/python3.8/site-packages/airflow/example_dags/example_bash_operator.py took 0.097 seconds
[2024-02-02T14:00:42.034+0000] {processor.py:161} INFO - Started process (PID=785) to work on /home/airflow/.local/lib/python3.8/site-packages/airflow/example_dags/example_bash_operator.py
[2024-02-02T14:00:42.036+0000] {processor.py:830} INFO - Processing file /home/airflow/.local/lib/python3.8/site-packages/airflow/example_dags/example_bash_operator.py for tasks to queue
[2024-02-02T14:00:42.038+0000] {logging_mixin.py:188} INFO - [2024-02-02T14:00:42.038+0000] {dagbag.py:538} INFO - Filling up the DagBag from /home/airflow/.local/lib/python3.8/site-packages/airflow/example_dags/example_bash_operator.py
[2024-02-02T14:00:42.052+0000] {processor.py:840} INFO - DAG(s) 'example_bash_operator' retrieved from /home/airflow/.local/lib/python3.8/site-packages/airflow/example_dags/example_bash_operator.py
[2024-02-02T14:00:42.084+0000] {logging_mixin.py:188} INFO - [2024-02-02T14:00:42.083+0000] {dag.py:3036} INFO - Sync 1 DAGs
[2024-02-02T14:00:42.108+0000] {logging_mixin.py:188} INFO - [2024-02-02T14:00:42.108+0000] {dag.py:3823} INFO - Setting next_dagrun for example_bash_operator to 2024-02-01 00:00:00+00:00, run_after=2024-02-02 00:00:00+00:00
[2024-02-02T14:00:42.131+0000] {processor.py:183} INFO - Processing /home/airflow/.local/lib/python3.8/site-packages/airflow/example_dags/example_bash_operator.py took 0.100 seconds
[2024-02-02T14:01:12.505+0000] {processor.py:161} INFO - Started process (PID=840) to work on /home/airflow/.local/lib/python3.8/site-packages/airflow/example_dags/example_bash_operator.py
[2024-02-02T14:01:12.507+0000] {processor.py:830} INFO - Processing file /home/airflow/.local/lib/python3.8/site-packages/airflow/example_dags/example_bash_operator.py for tasks to queue
[2024-02-02T14:01:12.510+0000] {logging_mixin.py:188} INFO - [2024-02-02T14:01:12.510+0000] {dagbag.py:538} INFO - Filling up the DagBag from /home/airflow/.local/lib/python3.8/site-packages/airflow/example_dags/example_bash_operator.py
[2024-02-02T14:01:12.526+0000] {processor.py:840} INFO - DAG(s) 'example_bash_operator' retrieved from /home/airflow/.local/lib/python3.8/site-packages/airflow/example_dags/example_bash_operator.py
[2024-02-02T14:01:12.565+0000] {logging_mixin.py:188} INFO - [2024-02-02T14:01:12.564+0000] {dag.py:3036} INFO - Sync 1 DAGs
[2024-02-02T14:01:12.592+0000] {logging_mixin.py:188} INFO - [2024-02-02T14:01:12.592+0000] {dag.py:3823} INFO - Setting next_dagrun for example_bash_operator to 2024-02-01 00:00:00+00:00, run_after=2024-02-02 00:00:00+00:00
[2024-02-02T14:01:12.622+0000] {processor.py:183} INFO - Processing /home/airflow/.local/lib/python3.8/site-packages/airflow/example_dags/example_bash_operator.py took 0.121 seconds
