[2024-02-02T13:54:02.308+0000] {processor.py:161} INFO - Started process (PID=59) to work on /home/airflow/.local/lib/python3.8/site-packages/airflow/example_dags/example_branch_python_dop_operator_3.py
[2024-02-02T13:54:02.314+0000] {processor.py:830} INFO - Processing file /home/airflow/.local/lib/python3.8/site-packages/airflow/example_dags/example_branch_python_dop_operator_3.py for tasks to queue
[2024-02-02T13:54:02.333+0000] {logging_mixin.py:188} INFO - [2024-02-02T13:54:02.333+0000] {dagbag.py:538} INFO - Filling up the DagBag from /home/airflow/.local/lib/python3.8/site-packages/airflow/example_dags/example_branch_python_dop_operator_3.py
[2024-02-02T13:54:02.370+0000] {processor.py:840} INFO - DAG(s) 'example_branch_dop_operator_v3' retrieved from /home/airflow/.local/lib/python3.8/site-packages/airflow/example_dags/example_branch_python_dop_operator_3.py
[2024-02-02T13:54:02.624+0000] {logging_mixin.py:188} INFO - [2024-02-02T13:54:02.620+0000] {override.py:1769} INFO - Created Permission View: can delete on DAG:example_branch_dop_operator_v3
[2024-02-02T13:54:02.653+0000] {logging_mixin.py:188} INFO - [2024-02-02T13:54:02.653+0000] {override.py:1769} INFO - Created Permission View: can read on DAG:example_branch_dop_operator_v3
[2024-02-02T13:54:02.686+0000] {logging_mixin.py:188} INFO - [2024-02-02T13:54:02.684+0000] {override.py:1769} INFO - Created Permission View: can edit on DAG:example_branch_dop_operator_v3
[2024-02-02T13:54:02.688+0000] {logging_mixin.py:188} INFO - [2024-02-02T13:54:02.688+0000] {dag.py:3036} INFO - Sync 1 DAGs
[2024-02-02T13:54:02.711+0000] {logging_mixin.py:188} INFO - [2024-02-02T13:54:02.711+0000] {dag.py:3058} INFO - Creating ORM DAG for example_branch_dop_operator_v3
[2024-02-02T13:54:02.738+0000] {logging_mixin.py:188} INFO - [2024-02-02T13:54:02.738+0000] {dag.py:3823} INFO - Setting next_dagrun for example_branch_dop_operator_v3 to 2024-02-02 13:53:00+00:00, run_after=2024-02-02 13:54:00+00:00
[2024-02-02T13:54:02.825+0000] {processor.py:183} INFO - Processing /home/airflow/.local/lib/python3.8/site-packages/airflow/example_dags/example_branch_python_dop_operator_3.py took 0.532 seconds
[2024-02-02T13:54:33.110+0000] {processor.py:161} INFO - Started process (PID=117) to work on /home/airflow/.local/lib/python3.8/site-packages/airflow/example_dags/example_branch_python_dop_operator_3.py
[2024-02-02T13:54:33.113+0000] {processor.py:830} INFO - Processing file /home/airflow/.local/lib/python3.8/site-packages/airflow/example_dags/example_branch_python_dop_operator_3.py for tasks to queue
[2024-02-02T13:54:33.121+0000] {logging_mixin.py:188} INFO - [2024-02-02T13:54:33.120+0000] {dagbag.py:538} INFO - Filling up the DagBag from /home/airflow/.local/lib/python3.8/site-packages/airflow/example_dags/example_branch_python_dop_operator_3.py
[2024-02-02T13:54:33.142+0000] {processor.py:840} INFO - DAG(s) 'example_branch_dop_operator_v3' retrieved from /home/airflow/.local/lib/python3.8/site-packages/airflow/example_dags/example_branch_python_dop_operator_3.py
[2024-02-02T13:54:33.181+0000] {logging_mixin.py:188} INFO - [2024-02-02T13:54:33.178+0000] {dag.py:3036} INFO - Sync 1 DAGs
[2024-02-02T13:54:33.222+0000] {logging_mixin.py:188} INFO - [2024-02-02T13:54:33.222+0000] {dag.py:3823} INFO - Setting next_dagrun for example_branch_dop_operator_v3 to 2024-02-02 13:53:00+00:00, run_after=2024-02-02 13:54:00+00:00
[2024-02-02T13:54:33.258+0000] {processor.py:183} INFO - Processing /home/airflow/.local/lib/python3.8/site-packages/airflow/example_dags/example_branch_python_dop_operator_3.py took 0.152 seconds
[2024-02-02T13:55:04.278+0000] {processor.py:161} INFO - Started process (PID=172) to work on /home/airflow/.local/lib/python3.8/site-packages/airflow/example_dags/example_branch_python_dop_operator_3.py
[2024-02-02T13:55:04.280+0000] {processor.py:830} INFO - Processing file /home/airflow/.local/lib/python3.8/site-packages/airflow/example_dags/example_branch_python_dop_operator_3.py for tasks to queue
[2024-02-02T13:55:04.283+0000] {logging_mixin.py:188} INFO - [2024-02-02T13:55:04.282+0000] {dagbag.py:538} INFO - Filling up the DagBag from /home/airflow/.local/lib/python3.8/site-packages/airflow/example_dags/example_branch_python_dop_operator_3.py
[2024-02-02T13:55:04.294+0000] {processor.py:840} INFO - DAG(s) 'example_branch_dop_operator_v3' retrieved from /home/airflow/.local/lib/python3.8/site-packages/airflow/example_dags/example_branch_python_dop_operator_3.py
[2024-02-02T13:55:04.317+0000] {logging_mixin.py:188} INFO - [2024-02-02T13:55:04.316+0000] {dag.py:3036} INFO - Sync 1 DAGs
[2024-02-02T13:55:04.347+0000] {logging_mixin.py:188} INFO - [2024-02-02T13:55:04.346+0000] {dag.py:3823} INFO - Setting next_dagrun for example_branch_dop_operator_v3 to 2024-02-02 13:54:00+00:00, run_after=2024-02-02 13:55:00+00:00
[2024-02-02T13:55:04.376+0000] {processor.py:183} INFO - Processing /home/airflow/.local/lib/python3.8/site-packages/airflow/example_dags/example_branch_python_dop_operator_3.py took 0.102 seconds
[2024-02-02T13:55:34.815+0000] {processor.py:161} INFO - Started process (PID=227) to work on /home/airflow/.local/lib/python3.8/site-packages/airflow/example_dags/example_branch_python_dop_operator_3.py
[2024-02-02T13:55:34.816+0000] {processor.py:830} INFO - Processing file /home/airflow/.local/lib/python3.8/site-packages/airflow/example_dags/example_branch_python_dop_operator_3.py for tasks to queue
[2024-02-02T13:55:34.819+0000] {logging_mixin.py:188} INFO - [2024-02-02T13:55:34.818+0000] {dagbag.py:538} INFO - Filling up the DagBag from /home/airflow/.local/lib/python3.8/site-packages/airflow/example_dags/example_branch_python_dop_operator_3.py
[2024-02-02T13:55:34.830+0000] {processor.py:840} INFO - DAG(s) 'example_branch_dop_operator_v3' retrieved from /home/airflow/.local/lib/python3.8/site-packages/airflow/example_dags/example_branch_python_dop_operator_3.py
[2024-02-02T13:55:34.850+0000] {logging_mixin.py:188} INFO - [2024-02-02T13:55:34.850+0000] {dag.py:3036} INFO - Sync 1 DAGs
[2024-02-02T13:55:34.874+0000] {logging_mixin.py:188} INFO - [2024-02-02T13:55:34.873+0000] {dag.py:3823} INFO - Setting next_dagrun for example_branch_dop_operator_v3 to 2024-02-02 13:54:00+00:00, run_after=2024-02-02 13:55:00+00:00
[2024-02-02T13:55:34.898+0000] {processor.py:183} INFO - Processing /home/airflow/.local/lib/python3.8/site-packages/airflow/example_dags/example_branch_python_dop_operator_3.py took 0.087 seconds
[2024-02-02T13:56:05.131+0000] {processor.py:161} INFO - Started process (PID=282) to work on /home/airflow/.local/lib/python3.8/site-packages/airflow/example_dags/example_branch_python_dop_operator_3.py
[2024-02-02T13:56:05.132+0000] {processor.py:830} INFO - Processing file /home/airflow/.local/lib/python3.8/site-packages/airflow/example_dags/example_branch_python_dop_operator_3.py for tasks to queue
[2024-02-02T13:56:05.136+0000] {logging_mixin.py:188} INFO - [2024-02-02T13:56:05.136+0000] {dagbag.py:538} INFO - Filling up the DagBag from /home/airflow/.local/lib/python3.8/site-packages/airflow/example_dags/example_branch_python_dop_operator_3.py
[2024-02-02T13:56:05.146+0000] {processor.py:840} INFO - DAG(s) 'example_branch_dop_operator_v3' retrieved from /home/airflow/.local/lib/python3.8/site-packages/airflow/example_dags/example_branch_python_dop_operator_3.py
[2024-02-02T13:56:05.169+0000] {logging_mixin.py:188} INFO - [2024-02-02T13:56:05.169+0000] {dag.py:3036} INFO - Sync 1 DAGs
[2024-02-02T13:56:05.197+0000] {logging_mixin.py:188} INFO - [2024-02-02T13:56:05.197+0000] {dag.py:3823} INFO - Setting next_dagrun for example_branch_dop_operator_v3 to 2024-02-02 13:55:00+00:00, run_after=2024-02-02 13:56:00+00:00
[2024-02-02T13:56:05.222+0000] {processor.py:183} INFO - Processing /home/airflow/.local/lib/python3.8/site-packages/airflow/example_dags/example_branch_python_dop_operator_3.py took 0.095 seconds
[2024-02-02T13:56:35.621+0000] {processor.py:161} INFO - Started process (PID=337) to work on /home/airflow/.local/lib/python3.8/site-packages/airflow/example_dags/example_branch_python_dop_operator_3.py
[2024-02-02T13:56:35.623+0000] {processor.py:830} INFO - Processing file /home/airflow/.local/lib/python3.8/site-packages/airflow/example_dags/example_branch_python_dop_operator_3.py for tasks to queue
[2024-02-02T13:56:35.626+0000] {logging_mixin.py:188} INFO - [2024-02-02T13:56:35.625+0000] {dagbag.py:538} INFO - Filling up the DagBag from /home/airflow/.local/lib/python3.8/site-packages/airflow/example_dags/example_branch_python_dop_operator_3.py
[2024-02-02T13:56:35.635+0000] {processor.py:840} INFO - DAG(s) 'example_branch_dop_operator_v3' retrieved from /home/airflow/.local/lib/python3.8/site-packages/airflow/example_dags/example_branch_python_dop_operator_3.py
[2024-02-02T13:56:35.656+0000] {logging_mixin.py:188} INFO - [2024-02-02T13:56:35.655+0000] {dag.py:3036} INFO - Sync 1 DAGs
[2024-02-02T13:56:35.682+0000] {logging_mixin.py:188} INFO - [2024-02-02T13:56:35.681+0000] {dag.py:3823} INFO - Setting next_dagrun for example_branch_dop_operator_v3 to 2024-02-02 13:55:00+00:00, run_after=2024-02-02 13:56:00+00:00
[2024-02-02T13:56:35.705+0000] {processor.py:183} INFO - Processing /home/airflow/.local/lib/python3.8/site-packages/airflow/example_dags/example_branch_python_dop_operator_3.py took 0.086 seconds
[2024-02-02T13:57:06.049+0000] {processor.py:161} INFO - Started process (PID=392) to work on /home/airflow/.local/lib/python3.8/site-packages/airflow/example_dags/example_branch_python_dop_operator_3.py
[2024-02-02T13:57:06.050+0000] {processor.py:830} INFO - Processing file /home/airflow/.local/lib/python3.8/site-packages/airflow/example_dags/example_branch_python_dop_operator_3.py for tasks to queue
[2024-02-02T13:57:06.053+0000] {logging_mixin.py:188} INFO - [2024-02-02T13:57:06.053+0000] {dagbag.py:538} INFO - Filling up the DagBag from /home/airflow/.local/lib/python3.8/site-packages/airflow/example_dags/example_branch_python_dop_operator_3.py
[2024-02-02T13:57:06.063+0000] {processor.py:840} INFO - DAG(s) 'example_branch_dop_operator_v3' retrieved from /home/airflow/.local/lib/python3.8/site-packages/airflow/example_dags/example_branch_python_dop_operator_3.py
[2024-02-02T13:57:06.085+0000] {logging_mixin.py:188} INFO - [2024-02-02T13:57:06.084+0000] {dag.py:3036} INFO - Sync 1 DAGs
[2024-02-02T13:57:06.109+0000] {logging_mixin.py:188} INFO - [2024-02-02T13:57:06.109+0000] {dag.py:3823} INFO - Setting next_dagrun for example_branch_dop_operator_v3 to 2024-02-02 13:56:00+00:00, run_after=2024-02-02 13:57:00+00:00
[2024-02-02T13:57:06.131+0000] {processor.py:183} INFO - Processing /home/airflow/.local/lib/python3.8/site-packages/airflow/example_dags/example_branch_python_dop_operator_3.py took 0.085 seconds
[2024-02-02T13:57:36.218+0000] {processor.py:161} INFO - Started process (PID=447) to work on /home/airflow/.local/lib/python3.8/site-packages/airflow/example_dags/example_branch_python_dop_operator_3.py
[2024-02-02T13:57:36.219+0000] {processor.py:830} INFO - Processing file /home/airflow/.local/lib/python3.8/site-packages/airflow/example_dags/example_branch_python_dop_operator_3.py for tasks to queue
[2024-02-02T13:57:36.222+0000] {logging_mixin.py:188} INFO - [2024-02-02T13:57:36.221+0000] {dagbag.py:538} INFO - Filling up the DagBag from /home/airflow/.local/lib/python3.8/site-packages/airflow/example_dags/example_branch_python_dop_operator_3.py
[2024-02-02T13:57:36.232+0000] {processor.py:840} INFO - DAG(s) 'example_branch_dop_operator_v3' retrieved from /home/airflow/.local/lib/python3.8/site-packages/airflow/example_dags/example_branch_python_dop_operator_3.py
[2024-02-02T13:57:36.256+0000] {logging_mixin.py:188} INFO - [2024-02-02T13:57:36.255+0000] {dag.py:3036} INFO - Sync 1 DAGs
[2024-02-02T13:57:36.288+0000] {logging_mixin.py:188} INFO - [2024-02-02T13:57:36.288+0000] {dag.py:3823} INFO - Setting next_dagrun for example_branch_dop_operator_v3 to 2024-02-02 13:56:00+00:00, run_after=2024-02-02 13:57:00+00:00
[2024-02-02T13:57:36.312+0000] {processor.py:183} INFO - Processing /home/airflow/.local/lib/python3.8/site-packages/airflow/example_dags/example_branch_python_dop_operator_3.py took 0.097 seconds
[2024-02-02T13:58:06.917+0000] {processor.py:161} INFO - Started process (PID=502) to work on /home/airflow/.local/lib/python3.8/site-packages/airflow/example_dags/example_branch_python_dop_operator_3.py
[2024-02-02T13:58:06.918+0000] {processor.py:830} INFO - Processing file /home/airflow/.local/lib/python3.8/site-packages/airflow/example_dags/example_branch_python_dop_operator_3.py for tasks to queue
[2024-02-02T13:58:06.921+0000] {logging_mixin.py:188} INFO - [2024-02-02T13:58:06.920+0000] {dagbag.py:538} INFO - Filling up the DagBag from /home/airflow/.local/lib/python3.8/site-packages/airflow/example_dags/example_branch_python_dop_operator_3.py
[2024-02-02T13:58:06.931+0000] {processor.py:840} INFO - DAG(s) 'example_branch_dop_operator_v3' retrieved from /home/airflow/.local/lib/python3.8/site-packages/airflow/example_dags/example_branch_python_dop_operator_3.py
[2024-02-02T13:58:06.960+0000] {logging_mixin.py:188} INFO - [2024-02-02T13:58:06.959+0000] {dag.py:3036} INFO - Sync 1 DAGs
[2024-02-02T13:58:06.996+0000] {logging_mixin.py:188} INFO - [2024-02-02T13:58:06.996+0000] {dag.py:3823} INFO - Setting next_dagrun for example_branch_dop_operator_v3 to 2024-02-02 13:57:00+00:00, run_after=2024-02-02 13:58:00+00:00
[2024-02-02T13:58:07.018+0000] {processor.py:183} INFO - Processing /home/airflow/.local/lib/python3.8/site-packages/airflow/example_dags/example_branch_python_dop_operator_3.py took 0.105 seconds
[2024-02-02T13:58:37.391+0000] {processor.py:161} INFO - Started process (PID=557) to work on /home/airflow/.local/lib/python3.8/site-packages/airflow/example_dags/example_branch_python_dop_operator_3.py
[2024-02-02T13:58:37.393+0000] {processor.py:830} INFO - Processing file /home/airflow/.local/lib/python3.8/site-packages/airflow/example_dags/example_branch_python_dop_operator_3.py for tasks to queue
[2024-02-02T13:58:37.396+0000] {logging_mixin.py:188} INFO - [2024-02-02T13:58:37.395+0000] {dagbag.py:538} INFO - Filling up the DagBag from /home/airflow/.local/lib/python3.8/site-packages/airflow/example_dags/example_branch_python_dop_operator_3.py
[2024-02-02T13:58:37.406+0000] {processor.py:840} INFO - DAG(s) 'example_branch_dop_operator_v3' retrieved from /home/airflow/.local/lib/python3.8/site-packages/airflow/example_dags/example_branch_python_dop_operator_3.py
[2024-02-02T13:58:37.427+0000] {logging_mixin.py:188} INFO - [2024-02-02T13:58:37.426+0000] {dag.py:3036} INFO - Sync 1 DAGs
[2024-02-02T13:58:37.456+0000] {logging_mixin.py:188} INFO - [2024-02-02T13:58:37.456+0000] {dag.py:3823} INFO - Setting next_dagrun for example_branch_dop_operator_v3 to 2024-02-02 13:57:00+00:00, run_after=2024-02-02 13:58:00+00:00
[2024-02-02T13:58:37.482+0000] {processor.py:183} INFO - Processing /home/airflow/.local/lib/python3.8/site-packages/airflow/example_dags/example_branch_python_dop_operator_3.py took 0.094 seconds
[2024-02-02T13:59:08.172+0000] {processor.py:161} INFO - Started process (PID=612) to work on /home/airflow/.local/lib/python3.8/site-packages/airflow/example_dags/example_branch_python_dop_operator_3.py
[2024-02-02T13:59:08.173+0000] {processor.py:830} INFO - Processing file /home/airflow/.local/lib/python3.8/site-packages/airflow/example_dags/example_branch_python_dop_operator_3.py for tasks to queue
[2024-02-02T13:59:08.176+0000] {logging_mixin.py:188} INFO - [2024-02-02T13:59:08.175+0000] {dagbag.py:538} INFO - Filling up the DagBag from /home/airflow/.local/lib/python3.8/site-packages/airflow/example_dags/example_branch_python_dop_operator_3.py
[2024-02-02T13:59:08.186+0000] {processor.py:840} INFO - DAG(s) 'example_branch_dop_operator_v3' retrieved from /home/airflow/.local/lib/python3.8/site-packages/airflow/example_dags/example_branch_python_dop_operator_3.py
[2024-02-02T13:59:08.214+0000] {logging_mixin.py:188} INFO - [2024-02-02T13:59:08.213+0000] {dag.py:3036} INFO - Sync 1 DAGs
[2024-02-02T13:59:08.253+0000] {logging_mixin.py:188} INFO - [2024-02-02T13:59:08.253+0000] {dag.py:3823} INFO - Setting next_dagrun for example_branch_dop_operator_v3 to 2024-02-02 13:58:00+00:00, run_after=2024-02-02 13:59:00+00:00
[2024-02-02T13:59:08.284+0000] {processor.py:183} INFO - Processing /home/airflow/.local/lib/python3.8/site-packages/airflow/example_dags/example_branch_python_dop_operator_3.py took 0.115 seconds
[2024-02-02T13:59:38.740+0000] {processor.py:161} INFO - Started process (PID=667) to work on /home/airflow/.local/lib/python3.8/site-packages/airflow/example_dags/example_branch_python_dop_operator_3.py
[2024-02-02T13:59:38.742+0000] {processor.py:830} INFO - Processing file /home/airflow/.local/lib/python3.8/site-packages/airflow/example_dags/example_branch_python_dop_operator_3.py for tasks to queue
[2024-02-02T13:59:38.744+0000] {logging_mixin.py:188} INFO - [2024-02-02T13:59:38.744+0000] {dagbag.py:538} INFO - Filling up the DagBag from /home/airflow/.local/lib/python3.8/site-packages/airflow/example_dags/example_branch_python_dop_operator_3.py
[2024-02-02T13:59:38.759+0000] {processor.py:840} INFO - DAG(s) 'example_branch_dop_operator_v3' retrieved from /home/airflow/.local/lib/python3.8/site-packages/airflow/example_dags/example_branch_python_dop_operator_3.py
[2024-02-02T13:59:38.786+0000] {logging_mixin.py:188} INFO - [2024-02-02T13:59:38.785+0000] {dag.py:3036} INFO - Sync 1 DAGs
[2024-02-02T13:59:38.813+0000] {logging_mixin.py:188} INFO - [2024-02-02T13:59:38.812+0000] {dag.py:3823} INFO - Setting next_dagrun for example_branch_dop_operator_v3 to 2024-02-02 13:58:00+00:00, run_after=2024-02-02 13:59:00+00:00
[2024-02-02T13:59:38.840+0000] {processor.py:183} INFO - Processing /home/airflow/.local/lib/python3.8/site-packages/airflow/example_dags/example_branch_python_dop_operator_3.py took 0.104 seconds
[2024-02-02T14:00:09.171+0000] {processor.py:161} INFO - Started process (PID=722) to work on /home/airflow/.local/lib/python3.8/site-packages/airflow/example_dags/example_branch_python_dop_operator_3.py
[2024-02-02T14:00:09.173+0000] {processor.py:830} INFO - Processing file /home/airflow/.local/lib/python3.8/site-packages/airflow/example_dags/example_branch_python_dop_operator_3.py for tasks to queue
[2024-02-02T14:00:09.176+0000] {logging_mixin.py:188} INFO - [2024-02-02T14:00:09.176+0000] {dagbag.py:538} INFO - Filling up the DagBag from /home/airflow/.local/lib/python3.8/site-packages/airflow/example_dags/example_branch_python_dop_operator_3.py
[2024-02-02T14:00:09.187+0000] {processor.py:840} INFO - DAG(s) 'example_branch_dop_operator_v3' retrieved from /home/airflow/.local/lib/python3.8/site-packages/airflow/example_dags/example_branch_python_dop_operator_3.py
[2024-02-02T14:00:09.212+0000] {logging_mixin.py:188} INFO - [2024-02-02T14:00:09.211+0000] {dag.py:3036} INFO - Sync 1 DAGs
[2024-02-02T14:00:09.242+0000] {logging_mixin.py:188} INFO - [2024-02-02T14:00:09.242+0000] {dag.py:3823} INFO - Setting next_dagrun for example_branch_dop_operator_v3 to 2024-02-02 13:59:00+00:00, run_after=2024-02-02 14:00:00+00:00
[2024-02-02T14:00:09.267+0000] {processor.py:183} INFO - Processing /home/airflow/.local/lib/python3.8/site-packages/airflow/example_dags/example_branch_python_dop_operator_3.py took 0.099 seconds
[2024-02-02T14:00:39.489+0000] {processor.py:161} INFO - Started process (PID=777) to work on /home/airflow/.local/lib/python3.8/site-packages/airflow/example_dags/example_branch_python_dop_operator_3.py
[2024-02-02T14:00:39.491+0000] {processor.py:830} INFO - Processing file /home/airflow/.local/lib/python3.8/site-packages/airflow/example_dags/example_branch_python_dop_operator_3.py for tasks to queue
[2024-02-02T14:00:39.493+0000] {logging_mixin.py:188} INFO - [2024-02-02T14:00:39.493+0000] {dagbag.py:538} INFO - Filling up the DagBag from /home/airflow/.local/lib/python3.8/site-packages/airflow/example_dags/example_branch_python_dop_operator_3.py
[2024-02-02T14:00:39.502+0000] {processor.py:840} INFO - DAG(s) 'example_branch_dop_operator_v3' retrieved from /home/airflow/.local/lib/python3.8/site-packages/airflow/example_dags/example_branch_python_dop_operator_3.py
[2024-02-02T14:00:39.522+0000] {logging_mixin.py:188} INFO - [2024-02-02T14:00:39.521+0000] {dag.py:3036} INFO - Sync 1 DAGs
[2024-02-02T14:00:39.547+0000] {logging_mixin.py:188} INFO - [2024-02-02T14:00:39.547+0000] {dag.py:3823} INFO - Setting next_dagrun for example_branch_dop_operator_v3 to 2024-02-02 13:59:00+00:00, run_after=2024-02-02 14:00:00+00:00
[2024-02-02T14:00:39.571+0000] {processor.py:183} INFO - Processing /home/airflow/.local/lib/python3.8/site-packages/airflow/example_dags/example_branch_python_dop_operator_3.py took 0.085 seconds
[2024-02-02T14:01:10.010+0000] {processor.py:161} INFO - Started process (PID=832) to work on /home/airflow/.local/lib/python3.8/site-packages/airflow/example_dags/example_branch_python_dop_operator_3.py
[2024-02-02T14:01:10.012+0000] {processor.py:830} INFO - Processing file /home/airflow/.local/lib/python3.8/site-packages/airflow/example_dags/example_branch_python_dop_operator_3.py for tasks to queue
[2024-02-02T14:01:10.016+0000] {logging_mixin.py:188} INFO - [2024-02-02T14:01:10.016+0000] {dagbag.py:538} INFO - Filling up the DagBag from /home/airflow/.local/lib/python3.8/site-packages/airflow/example_dags/example_branch_python_dop_operator_3.py
[2024-02-02T14:01:10.030+0000] {processor.py:840} INFO - DAG(s) 'example_branch_dop_operator_v3' retrieved from /home/airflow/.local/lib/python3.8/site-packages/airflow/example_dags/example_branch_python_dop_operator_3.py
[2024-02-02T14:01:10.055+0000] {logging_mixin.py:188} INFO - [2024-02-02T14:01:10.054+0000] {dag.py:3036} INFO - Sync 1 DAGs
[2024-02-02T14:01:10.082+0000] {logging_mixin.py:188} INFO - [2024-02-02T14:01:10.082+0000] {dag.py:3823} INFO - Setting next_dagrun for example_branch_dop_operator_v3 to 2024-02-02 14:00:00+00:00, run_after=2024-02-02 14:01:00+00:00
[2024-02-02T14:01:10.110+0000] {processor.py:183} INFO - Processing /home/airflow/.local/lib/python3.8/site-packages/airflow/example_dags/example_branch_python_dop_operator_3.py took 0.106 seconds
