[2024-02-02T13:53:55.478+0000] {processor.py:161} INFO - Started process (PID=42) to work on /home/airflow/.local/lib/python3.8/site-packages/airflow/example_dags/example_external_task_marker_dag.py
[2024-02-02T13:53:55.480+0000] {processor.py:830} INFO - Processing file /home/airflow/.local/lib/python3.8/site-packages/airflow/example_dags/example_external_task_marker_dag.py for tasks to queue
[2024-02-02T13:53:55.483+0000] {logging_mixin.py:188} INFO - [2024-02-02T13:53:55.483+0000] {dagbag.py:538} INFO - Filling up the DagBag from /home/airflow/.local/lib/python3.8/site-packages/airflow/example_dags/example_external_task_marker_dag.py
[2024-02-02T13:53:55.503+0000] {processor.py:840} INFO - DAG(s) 'example_external_task_marker_child', 'example_external_task_marker_parent' retrieved from /home/airflow/.local/lib/python3.8/site-packages/airflow/example_dags/example_external_task_marker_dag.py
[2024-02-02T13:53:56.099+0000] {logging_mixin.py:188} INFO - [2024-02-02T13:53:56.098+0000] {override.py:1769} INFO - Created Permission View: can delete on DAG:example_external_task_marker_child
[2024-02-02T13:53:56.169+0000] {logging_mixin.py:188} INFO - [2024-02-02T13:53:56.168+0000] {override.py:1769} INFO - Created Permission View: can read on DAG:example_external_task_marker_child
[2024-02-02T13:53:56.222+0000] {logging_mixin.py:188} INFO - [2024-02-02T13:53:56.221+0000] {override.py:1769} INFO - Created Permission View: can edit on DAG:example_external_task_marker_child
[2024-02-02T13:53:56.336+0000] {logging_mixin.py:188} INFO - [2024-02-02T13:53:56.335+0000] {override.py:1769} INFO - Created Permission View: can delete on DAG:example_external_task_marker_parent
[2024-02-02T13:53:56.357+0000] {logging_mixin.py:188} INFO - [2024-02-02T13:53:56.356+0000] {override.py:1769} INFO - Created Permission View: can read on DAG:example_external_task_marker_parent
[2024-02-02T13:53:56.388+0000] {logging_mixin.py:188} INFO - [2024-02-02T13:53:56.388+0000] {override.py:1769} INFO - Created Permission View: can edit on DAG:example_external_task_marker_parent
[2024-02-02T13:53:56.393+0000] {logging_mixin.py:188} INFO - [2024-02-02T13:53:56.393+0000] {dag.py:3036} INFO - Sync 2 DAGs
[2024-02-02T13:53:56.425+0000] {logging_mixin.py:188} INFO - [2024-02-02T13:53:56.425+0000] {dag.py:3058} INFO - Creating ORM DAG for example_external_task_marker_child
[2024-02-02T13:53:56.427+0000] {logging_mixin.py:188} INFO - [2024-02-02T13:53:56.427+0000] {dag.py:3058} INFO - Creating ORM DAG for example_external_task_marker_parent
[2024-02-02T13:53:56.430+0000] {logging_mixin.py:188} INFO - [2024-02-02T13:53:56.429+0000] {dag.py:3823} INFO - Setting next_dagrun for example_external_task_marker_child to None, run_after=None
[2024-02-02T13:53:56.444+0000] {logging_mixin.py:188} INFO - [2024-02-02T13:53:56.443+0000] {dag.py:3823} INFO - Setting next_dagrun for example_external_task_marker_parent to None, run_after=None
[2024-02-02T13:53:56.496+0000] {processor.py:183} INFO - Processing /home/airflow/.local/lib/python3.8/site-packages/airflow/example_dags/example_external_task_marker_dag.py took 1.021 seconds
[2024-02-02T13:54:26.680+0000] {processor.py:161} INFO - Started process (PID=100) to work on /home/airflow/.local/lib/python3.8/site-packages/airflow/example_dags/example_external_task_marker_dag.py
[2024-02-02T13:54:26.684+0000] {processor.py:830} INFO - Processing file /home/airflow/.local/lib/python3.8/site-packages/airflow/example_dags/example_external_task_marker_dag.py for tasks to queue
[2024-02-02T13:54:26.687+0000] {logging_mixin.py:188} INFO - [2024-02-02T13:54:26.686+0000] {dagbag.py:538} INFO - Filling up the DagBag from /home/airflow/.local/lib/python3.8/site-packages/airflow/example_dags/example_external_task_marker_dag.py
[2024-02-02T13:54:26.696+0000] {processor.py:840} INFO - DAG(s) 'example_external_task_marker_parent', 'example_external_task_marker_child' retrieved from /home/airflow/.local/lib/python3.8/site-packages/airflow/example_dags/example_external_task_marker_dag.py
[2024-02-02T13:54:26.723+0000] {logging_mixin.py:188} INFO - [2024-02-02T13:54:26.722+0000] {dag.py:3036} INFO - Sync 2 DAGs
[2024-02-02T13:54:26.736+0000] {logging_mixin.py:188} INFO - [2024-02-02T13:54:26.735+0000] {dag.py:3823} INFO - Setting next_dagrun for example_external_task_marker_child to None, run_after=None
[2024-02-02T13:54:26.740+0000] {logging_mixin.py:188} INFO - [2024-02-02T13:54:26.740+0000] {dag.py:3823} INFO - Setting next_dagrun for example_external_task_marker_parent to None, run_after=None
[2024-02-02T13:54:26.771+0000] {processor.py:183} INFO - Processing /home/airflow/.local/lib/python3.8/site-packages/airflow/example_dags/example_external_task_marker_dag.py took 0.095 seconds
[2024-02-02T13:54:56.901+0000] {processor.py:161} INFO - Started process (PID=155) to work on /home/airflow/.local/lib/python3.8/site-packages/airflow/example_dags/example_external_task_marker_dag.py
[2024-02-02T13:54:56.902+0000] {processor.py:830} INFO - Processing file /home/airflow/.local/lib/python3.8/site-packages/airflow/example_dags/example_external_task_marker_dag.py for tasks to queue
[2024-02-02T13:54:56.905+0000] {logging_mixin.py:188} INFO - [2024-02-02T13:54:56.905+0000] {dagbag.py:538} INFO - Filling up the DagBag from /home/airflow/.local/lib/python3.8/site-packages/airflow/example_dags/example_external_task_marker_dag.py
[2024-02-02T13:54:56.912+0000] {processor.py:840} INFO - DAG(s) 'example_external_task_marker_child', 'example_external_task_marker_parent' retrieved from /home/airflow/.local/lib/python3.8/site-packages/airflow/example_dags/example_external_task_marker_dag.py
[2024-02-02T13:54:56.943+0000] {logging_mixin.py:188} INFO - [2024-02-02T13:54:56.942+0000] {dag.py:3036} INFO - Sync 2 DAGs
[2024-02-02T13:54:56.955+0000] {logging_mixin.py:188} INFO - [2024-02-02T13:54:56.955+0000] {dag.py:3823} INFO - Setting next_dagrun for example_external_task_marker_child to None, run_after=None
[2024-02-02T13:54:56.960+0000] {logging_mixin.py:188} INFO - [2024-02-02T13:54:56.959+0000] {dag.py:3823} INFO - Setting next_dagrun for example_external_task_marker_parent to None, run_after=None
[2024-02-02T13:54:56.979+0000] {processor.py:183} INFO - Processing /home/airflow/.local/lib/python3.8/site-packages/airflow/example_dags/example_external_task_marker_dag.py took 0.082 seconds
[2024-02-02T13:55:27.488+0000] {processor.py:161} INFO - Started process (PID=210) to work on /home/airflow/.local/lib/python3.8/site-packages/airflow/example_dags/example_external_task_marker_dag.py
[2024-02-02T13:55:27.490+0000] {processor.py:830} INFO - Processing file /home/airflow/.local/lib/python3.8/site-packages/airflow/example_dags/example_external_task_marker_dag.py for tasks to queue
[2024-02-02T13:55:27.492+0000] {logging_mixin.py:188} INFO - [2024-02-02T13:55:27.492+0000] {dagbag.py:538} INFO - Filling up the DagBag from /home/airflow/.local/lib/python3.8/site-packages/airflow/example_dags/example_external_task_marker_dag.py
[2024-02-02T13:55:27.502+0000] {processor.py:840} INFO - DAG(s) 'example_external_task_marker_child', 'example_external_task_marker_parent' retrieved from /home/airflow/.local/lib/python3.8/site-packages/airflow/example_dags/example_external_task_marker_dag.py
[2024-02-02T13:55:27.537+0000] {logging_mixin.py:188} INFO - [2024-02-02T13:55:27.536+0000] {dag.py:3036} INFO - Sync 2 DAGs
[2024-02-02T13:55:27.554+0000] {logging_mixin.py:188} INFO - [2024-02-02T13:55:27.553+0000] {dag.py:3823} INFO - Setting next_dagrun for example_external_task_marker_child to None, run_after=None
[2024-02-02T13:55:27.560+0000] {logging_mixin.py:188} INFO - [2024-02-02T13:55:27.560+0000] {dag.py:3823} INFO - Setting next_dagrun for example_external_task_marker_parent to None, run_after=None
[2024-02-02T13:55:27.596+0000] {processor.py:183} INFO - Processing /home/airflow/.local/lib/python3.8/site-packages/airflow/example_dags/example_external_task_marker_dag.py took 0.113 seconds
[2024-02-02T13:55:57.964+0000] {processor.py:161} INFO - Started process (PID=265) to work on /home/airflow/.local/lib/python3.8/site-packages/airflow/example_dags/example_external_task_marker_dag.py
[2024-02-02T13:55:57.965+0000] {processor.py:830} INFO - Processing file /home/airflow/.local/lib/python3.8/site-packages/airflow/example_dags/example_external_task_marker_dag.py for tasks to queue
[2024-02-02T13:55:57.968+0000] {logging_mixin.py:188} INFO - [2024-02-02T13:55:57.968+0000] {dagbag.py:538} INFO - Filling up the DagBag from /home/airflow/.local/lib/python3.8/site-packages/airflow/example_dags/example_external_task_marker_dag.py
[2024-02-02T13:55:57.978+0000] {processor.py:840} INFO - DAG(s) 'example_external_task_marker_child', 'example_external_task_marker_parent' retrieved from /home/airflow/.local/lib/python3.8/site-packages/airflow/example_dags/example_external_task_marker_dag.py
[2024-02-02T13:55:58.006+0000] {logging_mixin.py:188} INFO - [2024-02-02T13:55:58.006+0000] {dag.py:3036} INFO - Sync 2 DAGs
[2024-02-02T13:55:58.018+0000] {logging_mixin.py:188} INFO - [2024-02-02T13:55:58.018+0000] {dag.py:3823} INFO - Setting next_dagrun for example_external_task_marker_child to None, run_after=None
[2024-02-02T13:55:58.022+0000] {logging_mixin.py:188} INFO - [2024-02-02T13:55:58.022+0000] {dag.py:3823} INFO - Setting next_dagrun for example_external_task_marker_parent to None, run_after=None
[2024-02-02T13:55:58.044+0000] {processor.py:183} INFO - Processing /home/airflow/.local/lib/python3.8/site-packages/airflow/example_dags/example_external_task_marker_dag.py took 0.082 seconds
[2024-02-02T13:56:28.453+0000] {processor.py:161} INFO - Started process (PID=320) to work on /home/airflow/.local/lib/python3.8/site-packages/airflow/example_dags/example_external_task_marker_dag.py
[2024-02-02T13:56:28.454+0000] {processor.py:830} INFO - Processing file /home/airflow/.local/lib/python3.8/site-packages/airflow/example_dags/example_external_task_marker_dag.py for tasks to queue
[2024-02-02T13:56:28.456+0000] {logging_mixin.py:188} INFO - [2024-02-02T13:56:28.456+0000] {dagbag.py:538} INFO - Filling up the DagBag from /home/airflow/.local/lib/python3.8/site-packages/airflow/example_dags/example_external_task_marker_dag.py
[2024-02-02T13:56:28.464+0000] {processor.py:840} INFO - DAG(s) 'example_external_task_marker_child', 'example_external_task_marker_parent' retrieved from /home/airflow/.local/lib/python3.8/site-packages/airflow/example_dags/example_external_task_marker_dag.py
[2024-02-02T13:56:28.494+0000] {logging_mixin.py:188} INFO - [2024-02-02T13:56:28.493+0000] {dag.py:3036} INFO - Sync 2 DAGs
[2024-02-02T13:56:28.508+0000] {logging_mixin.py:188} INFO - [2024-02-02T13:56:28.508+0000] {dag.py:3823} INFO - Setting next_dagrun for example_external_task_marker_child to None, run_after=None
[2024-02-02T13:56:28.513+0000] {logging_mixin.py:188} INFO - [2024-02-02T13:56:28.513+0000] {dag.py:3823} INFO - Setting next_dagrun for example_external_task_marker_parent to None, run_after=None
[2024-02-02T13:56:28.535+0000] {processor.py:183} INFO - Processing /home/airflow/.local/lib/python3.8/site-packages/airflow/example_dags/example_external_task_marker_dag.py took 0.087 seconds
[2024-02-02T13:56:58.728+0000] {processor.py:161} INFO - Started process (PID=374) to work on /home/airflow/.local/lib/python3.8/site-packages/airflow/example_dags/example_external_task_marker_dag.py
[2024-02-02T13:56:58.729+0000] {processor.py:830} INFO - Processing file /home/airflow/.local/lib/python3.8/site-packages/airflow/example_dags/example_external_task_marker_dag.py for tasks to queue
[2024-02-02T13:56:58.732+0000] {logging_mixin.py:188} INFO - [2024-02-02T13:56:58.731+0000] {dagbag.py:538} INFO - Filling up the DagBag from /home/airflow/.local/lib/python3.8/site-packages/airflow/example_dags/example_external_task_marker_dag.py
[2024-02-02T13:56:58.739+0000] {processor.py:840} INFO - DAG(s) 'example_external_task_marker_parent', 'example_external_task_marker_child' retrieved from /home/airflow/.local/lib/python3.8/site-packages/airflow/example_dags/example_external_task_marker_dag.py
[2024-02-02T13:56:58.764+0000] {logging_mixin.py:188} INFO - [2024-02-02T13:56:58.763+0000] {dag.py:3036} INFO - Sync 2 DAGs
[2024-02-02T13:56:58.778+0000] {logging_mixin.py:188} INFO - [2024-02-02T13:56:58.778+0000] {dag.py:3823} INFO - Setting next_dagrun for example_external_task_marker_child to None, run_after=None
[2024-02-02T13:56:58.783+0000] {logging_mixin.py:188} INFO - [2024-02-02T13:56:58.782+0000] {dag.py:3823} INFO - Setting next_dagrun for example_external_task_marker_parent to None, run_after=None
[2024-02-02T13:56:58.800+0000] {processor.py:183} INFO - Processing /home/airflow/.local/lib/python3.8/site-packages/airflow/example_dags/example_external_task_marker_dag.py took 0.075 seconds
[2024-02-02T13:57:28.994+0000] {processor.py:161} INFO - Started process (PID=429) to work on /home/airflow/.local/lib/python3.8/site-packages/airflow/example_dags/example_external_task_marker_dag.py
[2024-02-02T13:57:28.996+0000] {processor.py:830} INFO - Processing file /home/airflow/.local/lib/python3.8/site-packages/airflow/example_dags/example_external_task_marker_dag.py for tasks to queue
[2024-02-02T13:57:28.998+0000] {logging_mixin.py:188} INFO - [2024-02-02T13:57:28.997+0000] {dagbag.py:538} INFO - Filling up the DagBag from /home/airflow/.local/lib/python3.8/site-packages/airflow/example_dags/example_external_task_marker_dag.py
[2024-02-02T13:57:29.004+0000] {processor.py:840} INFO - DAG(s) 'example_external_task_marker_parent', 'example_external_task_marker_child' retrieved from /home/airflow/.local/lib/python3.8/site-packages/airflow/example_dags/example_external_task_marker_dag.py
[2024-02-02T13:57:29.030+0000] {logging_mixin.py:188} INFO - [2024-02-02T13:57:29.030+0000] {dag.py:3036} INFO - Sync 2 DAGs
[2024-02-02T13:57:29.043+0000] {logging_mixin.py:188} INFO - [2024-02-02T13:57:29.043+0000] {dag.py:3823} INFO - Setting next_dagrun for example_external_task_marker_child to None, run_after=None
[2024-02-02T13:57:29.048+0000] {logging_mixin.py:188} INFO - [2024-02-02T13:57:29.047+0000] {dag.py:3823} INFO - Setting next_dagrun for example_external_task_marker_parent to None, run_after=None
[2024-02-02T13:57:29.070+0000] {processor.py:183} INFO - Processing /home/airflow/.local/lib/python3.8/site-packages/airflow/example_dags/example_external_task_marker_dag.py took 0.079 seconds
[2024-02-02T13:57:59.534+0000] {processor.py:161} INFO - Started process (PID=484) to work on /home/airflow/.local/lib/python3.8/site-packages/airflow/example_dags/example_external_task_marker_dag.py
[2024-02-02T13:57:59.535+0000] {processor.py:830} INFO - Processing file /home/airflow/.local/lib/python3.8/site-packages/airflow/example_dags/example_external_task_marker_dag.py for tasks to queue
[2024-02-02T13:57:59.538+0000] {logging_mixin.py:188} INFO - [2024-02-02T13:57:59.538+0000] {dagbag.py:538} INFO - Filling up the DagBag from /home/airflow/.local/lib/python3.8/site-packages/airflow/example_dags/example_external_task_marker_dag.py
[2024-02-02T13:57:59.547+0000] {processor.py:840} INFO - DAG(s) 'example_external_task_marker_parent', 'example_external_task_marker_child' retrieved from /home/airflow/.local/lib/python3.8/site-packages/airflow/example_dags/example_external_task_marker_dag.py
[2024-02-02T13:57:59.573+0000] {logging_mixin.py:188} INFO - [2024-02-02T13:57:59.573+0000] {dag.py:3036} INFO - Sync 2 DAGs
[2024-02-02T13:57:59.585+0000] {logging_mixin.py:188} INFO - [2024-02-02T13:57:59.585+0000] {dag.py:3823} INFO - Setting next_dagrun for example_external_task_marker_child to None, run_after=None
[2024-02-02T13:57:59.589+0000] {logging_mixin.py:188} INFO - [2024-02-02T13:57:59.589+0000] {dag.py:3823} INFO - Setting next_dagrun for example_external_task_marker_parent to None, run_after=None
[2024-02-02T13:57:59.608+0000] {processor.py:183} INFO - Processing /home/airflow/.local/lib/python3.8/site-packages/airflow/example_dags/example_external_task_marker_dag.py took 0.079 seconds
[2024-02-02T13:58:29.956+0000] {processor.py:161} INFO - Started process (PID=539) to work on /home/airflow/.local/lib/python3.8/site-packages/airflow/example_dags/example_external_task_marker_dag.py
[2024-02-02T13:58:29.957+0000] {processor.py:830} INFO - Processing file /home/airflow/.local/lib/python3.8/site-packages/airflow/example_dags/example_external_task_marker_dag.py for tasks to queue
[2024-02-02T13:58:29.961+0000] {logging_mixin.py:188} INFO - [2024-02-02T13:58:29.960+0000] {dagbag.py:538} INFO - Filling up the DagBag from /home/airflow/.local/lib/python3.8/site-packages/airflow/example_dags/example_external_task_marker_dag.py
[2024-02-02T13:58:29.969+0000] {processor.py:840} INFO - DAG(s) 'example_external_task_marker_parent', 'example_external_task_marker_child' retrieved from /home/airflow/.local/lib/python3.8/site-packages/airflow/example_dags/example_external_task_marker_dag.py
[2024-02-02T13:58:29.996+0000] {logging_mixin.py:188} INFO - [2024-02-02T13:58:29.996+0000] {dag.py:3036} INFO - Sync 2 DAGs
[2024-02-02T13:58:30.010+0000] {logging_mixin.py:188} INFO - [2024-02-02T13:58:30.010+0000] {dag.py:3823} INFO - Setting next_dagrun for example_external_task_marker_child to None, run_after=None
[2024-02-02T13:58:30.014+0000] {logging_mixin.py:188} INFO - [2024-02-02T13:58:30.014+0000] {dag.py:3823} INFO - Setting next_dagrun for example_external_task_marker_parent to None, run_after=None
[2024-02-02T13:58:30.034+0000] {processor.py:183} INFO - Processing /home/airflow/.local/lib/python3.8/site-packages/airflow/example_dags/example_external_task_marker_dag.py took 0.082 seconds
[2024-02-02T13:59:00.812+0000] {processor.py:161} INFO - Started process (PID=594) to work on /home/airflow/.local/lib/python3.8/site-packages/airflow/example_dags/example_external_task_marker_dag.py
[2024-02-02T13:59:00.814+0000] {processor.py:830} INFO - Processing file /home/airflow/.local/lib/python3.8/site-packages/airflow/example_dags/example_external_task_marker_dag.py for tasks to queue
[2024-02-02T13:59:00.817+0000] {logging_mixin.py:188} INFO - [2024-02-02T13:59:00.816+0000] {dagbag.py:538} INFO - Filling up the DagBag from /home/airflow/.local/lib/python3.8/site-packages/airflow/example_dags/example_external_task_marker_dag.py
[2024-02-02T13:59:00.825+0000] {processor.py:840} INFO - DAG(s) 'example_external_task_marker_child', 'example_external_task_marker_parent' retrieved from /home/airflow/.local/lib/python3.8/site-packages/airflow/example_dags/example_external_task_marker_dag.py
[2024-02-02T13:59:00.858+0000] {logging_mixin.py:188} INFO - [2024-02-02T13:59:00.857+0000] {dag.py:3036} INFO - Sync 2 DAGs
[2024-02-02T13:59:00.880+0000] {logging_mixin.py:188} INFO - [2024-02-02T13:59:00.880+0000] {dag.py:3823} INFO - Setting next_dagrun for example_external_task_marker_child to None, run_after=None
[2024-02-02T13:59:00.888+0000] {logging_mixin.py:188} INFO - [2024-02-02T13:59:00.887+0000] {dag.py:3823} INFO - Setting next_dagrun for example_external_task_marker_parent to None, run_after=None
[2024-02-02T13:59:00.916+0000] {processor.py:183} INFO - Processing /home/airflow/.local/lib/python3.8/site-packages/airflow/example_dags/example_external_task_marker_dag.py took 0.108 seconds
[2024-02-02T13:59:31.363+0000] {processor.py:161} INFO - Started process (PID=649) to work on /home/airflow/.local/lib/python3.8/site-packages/airflow/example_dags/example_external_task_marker_dag.py
[2024-02-02T13:59:31.365+0000] {processor.py:830} INFO - Processing file /home/airflow/.local/lib/python3.8/site-packages/airflow/example_dags/example_external_task_marker_dag.py for tasks to queue
[2024-02-02T13:59:31.367+0000] {logging_mixin.py:188} INFO - [2024-02-02T13:59:31.367+0000] {dagbag.py:538} INFO - Filling up the DagBag from /home/airflow/.local/lib/python3.8/site-packages/airflow/example_dags/example_external_task_marker_dag.py
[2024-02-02T13:59:31.375+0000] {processor.py:840} INFO - DAG(s) 'example_external_task_marker_parent', 'example_external_task_marker_child' retrieved from /home/airflow/.local/lib/python3.8/site-packages/airflow/example_dags/example_external_task_marker_dag.py
[2024-02-02T13:59:31.401+0000] {logging_mixin.py:188} INFO - [2024-02-02T13:59:31.401+0000] {dag.py:3036} INFO - Sync 2 DAGs
[2024-02-02T13:59:31.416+0000] {logging_mixin.py:188} INFO - [2024-02-02T13:59:31.416+0000] {dag.py:3823} INFO - Setting next_dagrun for example_external_task_marker_child to None, run_after=None
[2024-02-02T13:59:31.420+0000] {logging_mixin.py:188} INFO - [2024-02-02T13:59:31.420+0000] {dag.py:3823} INFO - Setting next_dagrun for example_external_task_marker_parent to None, run_after=None
[2024-02-02T13:59:31.443+0000] {processor.py:183} INFO - Processing /home/airflow/.local/lib/python3.8/site-packages/airflow/example_dags/example_external_task_marker_dag.py took 0.083 seconds
[2024-02-02T14:00:01.942+0000] {processor.py:161} INFO - Started process (PID=704) to work on /home/airflow/.local/lib/python3.8/site-packages/airflow/example_dags/example_external_task_marker_dag.py
[2024-02-02T14:00:01.944+0000] {processor.py:830} INFO - Processing file /home/airflow/.local/lib/python3.8/site-packages/airflow/example_dags/example_external_task_marker_dag.py for tasks to queue
[2024-02-02T14:00:01.946+0000] {logging_mixin.py:188} INFO - [2024-02-02T14:00:01.945+0000] {dagbag.py:538} INFO - Filling up the DagBag from /home/airflow/.local/lib/python3.8/site-packages/airflow/example_dags/example_external_task_marker_dag.py
[2024-02-02T14:00:01.953+0000] {processor.py:840} INFO - DAG(s) 'example_external_task_marker_parent', 'example_external_task_marker_child' retrieved from /home/airflow/.local/lib/python3.8/site-packages/airflow/example_dags/example_external_task_marker_dag.py
[2024-02-02T14:00:01.979+0000] {logging_mixin.py:188} INFO - [2024-02-02T14:00:01.978+0000] {dag.py:3036} INFO - Sync 2 DAGs
[2024-02-02T14:00:01.991+0000] {logging_mixin.py:188} INFO - [2024-02-02T14:00:01.991+0000] {dag.py:3823} INFO - Setting next_dagrun for example_external_task_marker_child to None, run_after=None
[2024-02-02T14:00:01.995+0000] {logging_mixin.py:188} INFO - [2024-02-02T14:00:01.995+0000] {dag.py:3823} INFO - Setting next_dagrun for example_external_task_marker_parent to None, run_after=None
[2024-02-02T14:00:02.013+0000] {processor.py:183} INFO - Processing /home/airflow/.local/lib/python3.8/site-packages/airflow/example_dags/example_external_task_marker_dag.py took 0.076 seconds
[2024-02-02T14:00:32.152+0000] {processor.py:161} INFO - Started process (PID=759) to work on /home/airflow/.local/lib/python3.8/site-packages/airflow/example_dags/example_external_task_marker_dag.py
[2024-02-02T14:00:32.154+0000] {processor.py:830} INFO - Processing file /home/airflow/.local/lib/python3.8/site-packages/airflow/example_dags/example_external_task_marker_dag.py for tasks to queue
[2024-02-02T14:00:32.159+0000] {logging_mixin.py:188} INFO - [2024-02-02T14:00:32.158+0000] {dagbag.py:538} INFO - Filling up the DagBag from /home/airflow/.local/lib/python3.8/site-packages/airflow/example_dags/example_external_task_marker_dag.py
[2024-02-02T14:00:32.166+0000] {processor.py:840} INFO - DAG(s) 'example_external_task_marker_parent', 'example_external_task_marker_child' retrieved from /home/airflow/.local/lib/python3.8/site-packages/airflow/example_dags/example_external_task_marker_dag.py
[2024-02-02T14:00:32.196+0000] {logging_mixin.py:188} INFO - [2024-02-02T14:00:32.196+0000] {dag.py:3036} INFO - Sync 2 DAGs
[2024-02-02T14:00:32.211+0000] {logging_mixin.py:188} INFO - [2024-02-02T14:00:32.211+0000] {dag.py:3823} INFO - Setting next_dagrun for example_external_task_marker_child to None, run_after=None
[2024-02-02T14:00:32.216+0000] {logging_mixin.py:188} INFO - [2024-02-02T14:00:32.215+0000] {dag.py:3823} INFO - Setting next_dagrun for example_external_task_marker_parent to None, run_after=None
[2024-02-02T14:00:32.240+0000] {processor.py:183} INFO - Processing /home/airflow/.local/lib/python3.8/site-packages/airflow/example_dags/example_external_task_marker_dag.py took 0.093 seconds
[2024-02-02T14:01:02.676+0000] {processor.py:161} INFO - Started process (PID=814) to work on /home/airflow/.local/lib/python3.8/site-packages/airflow/example_dags/example_external_task_marker_dag.py
[2024-02-02T14:01:02.677+0000] {processor.py:830} INFO - Processing file /home/airflow/.local/lib/python3.8/site-packages/airflow/example_dags/example_external_task_marker_dag.py for tasks to queue
[2024-02-02T14:01:02.679+0000] {logging_mixin.py:188} INFO - [2024-02-02T14:01:02.679+0000] {dagbag.py:538} INFO - Filling up the DagBag from /home/airflow/.local/lib/python3.8/site-packages/airflow/example_dags/example_external_task_marker_dag.py
[2024-02-02T14:01:02.688+0000] {processor.py:840} INFO - DAG(s) 'example_external_task_marker_child', 'example_external_task_marker_parent' retrieved from /home/airflow/.local/lib/python3.8/site-packages/airflow/example_dags/example_external_task_marker_dag.py
[2024-02-02T14:01:02.716+0000] {logging_mixin.py:188} INFO - [2024-02-02T14:01:02.716+0000] {dag.py:3036} INFO - Sync 2 DAGs
[2024-02-02T14:01:02.731+0000] {logging_mixin.py:188} INFO - [2024-02-02T14:01:02.731+0000] {dag.py:3823} INFO - Setting next_dagrun for example_external_task_marker_child to None, run_after=None
[2024-02-02T14:01:02.735+0000] {logging_mixin.py:188} INFO - [2024-02-02T14:01:02.735+0000] {dag.py:3823} INFO - Setting next_dagrun for example_external_task_marker_parent to None, run_after=None
[2024-02-02T14:01:02.757+0000] {processor.py:183} INFO - Processing /home/airflow/.local/lib/python3.8/site-packages/airflow/example_dags/example_external_task_marker_dag.py took 0.085 seconds
