[2024-02-02T13:54:03.892+0000] {processor.py:161} INFO - Started process (PID=64) to work on /home/airflow/.local/lib/python3.8/site-packages/airflow/example_dags/example_params_trigger_ui.py
[2024-02-02T13:54:03.895+0000] {processor.py:830} INFO - Processing file /home/airflow/.local/lib/python3.8/site-packages/airflow/example_dags/example_params_trigger_ui.py for tasks to queue
[2024-02-02T13:54:03.899+0000] {logging_mixin.py:188} INFO - [2024-02-02T13:54:03.898+0000] {dagbag.py:538} INFO - Filling up the DagBag from /home/airflow/.local/lib/python3.8/site-packages/airflow/example_dags/example_params_trigger_ui.py
[2024-02-02T13:54:03.943+0000] {processor.py:840} INFO - DAG(s) 'example_params_trigger_ui' retrieved from /home/airflow/.local/lib/python3.8/site-packages/airflow/example_dags/example_params_trigger_ui.py
[2024-02-02T13:54:04.293+0000] {logging_mixin.py:188} INFO - [2024-02-02T13:54:04.292+0000] {override.py:1769} INFO - Created Permission View: can delete on DAG:example_params_trigger_ui
[2024-02-02T13:54:04.330+0000] {logging_mixin.py:188} INFO - [2024-02-02T13:54:04.329+0000] {override.py:1769} INFO - Created Permission View: can read on DAG:example_params_trigger_ui
[2024-02-02T13:54:04.347+0000] {logging_mixin.py:188} INFO - [2024-02-02T13:54:04.346+0000] {override.py:1769} INFO - Created Permission View: can edit on DAG:example_params_trigger_ui
[2024-02-02T13:54:04.350+0000] {logging_mixin.py:188} INFO - [2024-02-02T13:54:04.350+0000] {dag.py:3036} INFO - Sync 1 DAGs
[2024-02-02T13:54:04.375+0000] {logging_mixin.py:188} INFO - [2024-02-02T13:54:04.374+0000] {dag.py:3058} INFO - Creating ORM DAG for example_params_trigger_ui
[2024-02-02T13:54:04.384+0000] {logging_mixin.py:188} INFO - [2024-02-02T13:54:04.384+0000] {dag.py:3823} INFO - Setting next_dagrun for example_params_trigger_ui to None, run_after=None
[2024-02-02T13:54:04.456+0000] {processor.py:183} INFO - Processing /home/airflow/.local/lib/python3.8/site-packages/airflow/example_dags/example_params_trigger_ui.py took 0.575 seconds
[2024-02-02T13:54:34.610+0000] {processor.py:161} INFO - Started process (PID=122) to work on /home/airflow/.local/lib/python3.8/site-packages/airflow/example_dags/example_params_trigger_ui.py
[2024-02-02T13:54:34.611+0000] {processor.py:830} INFO - Processing file /home/airflow/.local/lib/python3.8/site-packages/airflow/example_dags/example_params_trigger_ui.py for tasks to queue
[2024-02-02T13:54:34.615+0000] {logging_mixin.py:188} INFO - [2024-02-02T13:54:34.614+0000] {dagbag.py:538} INFO - Filling up the DagBag from /home/airflow/.local/lib/python3.8/site-packages/airflow/example_dags/example_params_trigger_ui.py
[2024-02-02T13:54:34.637+0000] {processor.py:840} INFO - DAG(s) 'example_params_trigger_ui' retrieved from /home/airflow/.local/lib/python3.8/site-packages/airflow/example_dags/example_params_trigger_ui.py
[2024-02-02T13:54:34.714+0000] {logging_mixin.py:188} INFO - [2024-02-02T13:54:34.714+0000] {dag.py:3036} INFO - Sync 1 DAGs
[2024-02-02T13:54:34.729+0000] {logging_mixin.py:188} INFO - [2024-02-02T13:54:34.729+0000] {dag.py:3823} INFO - Setting next_dagrun for example_params_trigger_ui to None, run_after=None
[2024-02-02T13:54:34.767+0000] {processor.py:183} INFO - Processing /home/airflow/.local/lib/python3.8/site-packages/airflow/example_dags/example_params_trigger_ui.py took 0.160 seconds
[2024-02-02T13:55:05.564+0000] {processor.py:161} INFO - Started process (PID=177) to work on /home/airflow/.local/lib/python3.8/site-packages/airflow/example_dags/example_params_trigger_ui.py
[2024-02-02T13:55:05.565+0000] {processor.py:830} INFO - Processing file /home/airflow/.local/lib/python3.8/site-packages/airflow/example_dags/example_params_trigger_ui.py for tasks to queue
[2024-02-02T13:55:05.567+0000] {logging_mixin.py:188} INFO - [2024-02-02T13:55:05.567+0000] {dagbag.py:538} INFO - Filling up the DagBag from /home/airflow/.local/lib/python3.8/site-packages/airflow/example_dags/example_params_trigger_ui.py
[2024-02-02T13:55:05.584+0000] {processor.py:840} INFO - DAG(s) 'example_params_trigger_ui' retrieved from /home/airflow/.local/lib/python3.8/site-packages/airflow/example_dags/example_params_trigger_ui.py
[2024-02-02T13:55:05.637+0000] {logging_mixin.py:188} INFO - [2024-02-02T13:55:05.637+0000] {dag.py:3036} INFO - Sync 1 DAGs
[2024-02-02T13:55:05.649+0000] {logging_mixin.py:188} INFO - [2024-02-02T13:55:05.649+0000] {dag.py:3823} INFO - Setting next_dagrun for example_params_trigger_ui to None, run_after=None
[2024-02-02T13:55:05.673+0000] {processor.py:183} INFO - Processing /home/airflow/.local/lib/python3.8/site-packages/airflow/example_dags/example_params_trigger_ui.py took 0.113 seconds
[2024-02-02T13:55:36.090+0000] {processor.py:161} INFO - Started process (PID=232) to work on /home/airflow/.local/lib/python3.8/site-packages/airflow/example_dags/example_params_trigger_ui.py
[2024-02-02T13:55:36.091+0000] {processor.py:830} INFO - Processing file /home/airflow/.local/lib/python3.8/site-packages/airflow/example_dags/example_params_trigger_ui.py for tasks to queue
[2024-02-02T13:55:36.094+0000] {logging_mixin.py:188} INFO - [2024-02-02T13:55:36.093+0000] {dagbag.py:538} INFO - Filling up the DagBag from /home/airflow/.local/lib/python3.8/site-packages/airflow/example_dags/example_params_trigger_ui.py
[2024-02-02T13:55:36.111+0000] {processor.py:840} INFO - DAG(s) 'example_params_trigger_ui' retrieved from /home/airflow/.local/lib/python3.8/site-packages/airflow/example_dags/example_params_trigger_ui.py
[2024-02-02T13:55:36.180+0000] {logging_mixin.py:188} INFO - [2024-02-02T13:55:36.180+0000] {dag.py:3036} INFO - Sync 1 DAGs
[2024-02-02T13:55:36.192+0000] {logging_mixin.py:188} INFO - [2024-02-02T13:55:36.191+0000] {dag.py:3823} INFO - Setting next_dagrun for example_params_trigger_ui to None, run_after=None
[2024-02-02T13:55:36.212+0000] {processor.py:183} INFO - Processing /home/airflow/.local/lib/python3.8/site-packages/airflow/example_dags/example_params_trigger_ui.py took 0.125 seconds
[2024-02-02T13:56:06.432+0000] {processor.py:161} INFO - Started process (PID=287) to work on /home/airflow/.local/lib/python3.8/site-packages/airflow/example_dags/example_params_trigger_ui.py
[2024-02-02T13:56:06.434+0000] {processor.py:830} INFO - Processing file /home/airflow/.local/lib/python3.8/site-packages/airflow/example_dags/example_params_trigger_ui.py for tasks to queue
[2024-02-02T13:56:06.437+0000] {logging_mixin.py:188} INFO - [2024-02-02T13:56:06.436+0000] {dagbag.py:538} INFO - Filling up the DagBag from /home/airflow/.local/lib/python3.8/site-packages/airflow/example_dags/example_params_trigger_ui.py
[2024-02-02T13:56:06.453+0000] {processor.py:840} INFO - DAG(s) 'example_params_trigger_ui' retrieved from /home/airflow/.local/lib/python3.8/site-packages/airflow/example_dags/example_params_trigger_ui.py
[2024-02-02T13:56:06.516+0000] {logging_mixin.py:188} INFO - [2024-02-02T13:56:06.515+0000] {dag.py:3036} INFO - Sync 1 DAGs
[2024-02-02T13:56:06.530+0000] {logging_mixin.py:188} INFO - [2024-02-02T13:56:06.529+0000] {dag.py:3823} INFO - Setting next_dagrun for example_params_trigger_ui to None, run_after=None
[2024-02-02T13:56:06.560+0000] {processor.py:183} INFO - Processing /home/airflow/.local/lib/python3.8/site-packages/airflow/example_dags/example_params_trigger_ui.py took 0.132 seconds
[2024-02-02T13:56:36.893+0000] {processor.py:161} INFO - Started process (PID=342) to work on /home/airflow/.local/lib/python3.8/site-packages/airflow/example_dags/example_params_trigger_ui.py
[2024-02-02T13:56:36.894+0000] {processor.py:830} INFO - Processing file /home/airflow/.local/lib/python3.8/site-packages/airflow/example_dags/example_params_trigger_ui.py for tasks to queue
[2024-02-02T13:56:36.897+0000] {logging_mixin.py:188} INFO - [2024-02-02T13:56:36.897+0000] {dagbag.py:538} INFO - Filling up the DagBag from /home/airflow/.local/lib/python3.8/site-packages/airflow/example_dags/example_params_trigger_ui.py
[2024-02-02T13:56:36.915+0000] {processor.py:840} INFO - DAG(s) 'example_params_trigger_ui' retrieved from /home/airflow/.local/lib/python3.8/site-packages/airflow/example_dags/example_params_trigger_ui.py
[2024-02-02T13:56:36.987+0000] {logging_mixin.py:188} INFO - [2024-02-02T13:56:36.987+0000] {dag.py:3036} INFO - Sync 1 DAGs
[2024-02-02T13:56:36.999+0000] {logging_mixin.py:188} INFO - [2024-02-02T13:56:36.999+0000] {dag.py:3823} INFO - Setting next_dagrun for example_params_trigger_ui to None, run_after=None
[2024-02-02T13:56:37.019+0000] {processor.py:183} INFO - Processing /home/airflow/.local/lib/python3.8/site-packages/airflow/example_dags/example_params_trigger_ui.py took 0.129 seconds
[2024-02-02T13:57:07.322+0000] {processor.py:161} INFO - Started process (PID=397) to work on /home/airflow/.local/lib/python3.8/site-packages/airflow/example_dags/example_params_trigger_ui.py
[2024-02-02T13:57:07.323+0000] {processor.py:830} INFO - Processing file /home/airflow/.local/lib/python3.8/site-packages/airflow/example_dags/example_params_trigger_ui.py for tasks to queue
[2024-02-02T13:57:07.325+0000] {logging_mixin.py:188} INFO - [2024-02-02T13:57:07.325+0000] {dagbag.py:538} INFO - Filling up the DagBag from /home/airflow/.local/lib/python3.8/site-packages/airflow/example_dags/example_params_trigger_ui.py
[2024-02-02T13:57:07.342+0000] {processor.py:840} INFO - DAG(s) 'example_params_trigger_ui' retrieved from /home/airflow/.local/lib/python3.8/site-packages/airflow/example_dags/example_params_trigger_ui.py
[2024-02-02T13:57:07.394+0000] {logging_mixin.py:188} INFO - [2024-02-02T13:57:07.393+0000] {dag.py:3036} INFO - Sync 1 DAGs
[2024-02-02T13:57:07.408+0000] {logging_mixin.py:188} INFO - [2024-02-02T13:57:07.408+0000] {dag.py:3823} INFO - Setting next_dagrun for example_params_trigger_ui to None, run_after=None
[2024-02-02T13:57:07.435+0000] {processor.py:183} INFO - Processing /home/airflow/.local/lib/python3.8/site-packages/airflow/example_dags/example_params_trigger_ui.py took 0.116 seconds
[2024-02-02T13:57:37.506+0000] {processor.py:161} INFO - Started process (PID=452) to work on /home/airflow/.local/lib/python3.8/site-packages/airflow/example_dags/example_params_trigger_ui.py
[2024-02-02T13:57:37.507+0000] {processor.py:830} INFO - Processing file /home/airflow/.local/lib/python3.8/site-packages/airflow/example_dags/example_params_trigger_ui.py for tasks to queue
[2024-02-02T13:57:37.510+0000] {logging_mixin.py:188} INFO - [2024-02-02T13:57:37.509+0000] {dagbag.py:538} INFO - Filling up the DagBag from /home/airflow/.local/lib/python3.8/site-packages/airflow/example_dags/example_params_trigger_ui.py
[2024-02-02T13:57:37.526+0000] {processor.py:840} INFO - DAG(s) 'example_params_trigger_ui' retrieved from /home/airflow/.local/lib/python3.8/site-packages/airflow/example_dags/example_params_trigger_ui.py
[2024-02-02T13:57:37.584+0000] {logging_mixin.py:188} INFO - [2024-02-02T13:57:37.583+0000] {dag.py:3036} INFO - Sync 1 DAGs
[2024-02-02T13:57:37.603+0000] {logging_mixin.py:188} INFO - [2024-02-02T13:57:37.602+0000] {dag.py:3823} INFO - Setting next_dagrun for example_params_trigger_ui to None, run_after=None
[2024-02-02T13:57:37.629+0000] {processor.py:183} INFO - Processing /home/airflow/.local/lib/python3.8/site-packages/airflow/example_dags/example_params_trigger_ui.py took 0.126 seconds
[2024-02-02T13:58:08.207+0000] {processor.py:161} INFO - Started process (PID=507) to work on /home/airflow/.local/lib/python3.8/site-packages/airflow/example_dags/example_params_trigger_ui.py
[2024-02-02T13:58:08.209+0000] {processor.py:830} INFO - Processing file /home/airflow/.local/lib/python3.8/site-packages/airflow/example_dags/example_params_trigger_ui.py for tasks to queue
[2024-02-02T13:58:08.212+0000] {logging_mixin.py:188} INFO - [2024-02-02T13:58:08.211+0000] {dagbag.py:538} INFO - Filling up the DagBag from /home/airflow/.local/lib/python3.8/site-packages/airflow/example_dags/example_params_trigger_ui.py
[2024-02-02T13:58:08.228+0000] {processor.py:840} INFO - DAG(s) 'example_params_trigger_ui' retrieved from /home/airflow/.local/lib/python3.8/site-packages/airflow/example_dags/example_params_trigger_ui.py
[2024-02-02T13:58:08.309+0000] {logging_mixin.py:188} INFO - [2024-02-02T13:58:08.308+0000] {dag.py:3036} INFO - Sync 1 DAGs
[2024-02-02T13:58:08.323+0000] {logging_mixin.py:188} INFO - [2024-02-02T13:58:08.322+0000] {dag.py:3823} INFO - Setting next_dagrun for example_params_trigger_ui to None, run_after=None
[2024-02-02T13:58:08.347+0000] {processor.py:183} INFO - Processing /home/airflow/.local/lib/python3.8/site-packages/airflow/example_dags/example_params_trigger_ui.py took 0.143 seconds
[2024-02-02T13:58:38.674+0000] {processor.py:161} INFO - Started process (PID=562) to work on /home/airflow/.local/lib/python3.8/site-packages/airflow/example_dags/example_params_trigger_ui.py
[2024-02-02T13:58:38.676+0000] {processor.py:830} INFO - Processing file /home/airflow/.local/lib/python3.8/site-packages/airflow/example_dags/example_params_trigger_ui.py for tasks to queue
[2024-02-02T13:58:38.679+0000] {logging_mixin.py:188} INFO - [2024-02-02T13:58:38.678+0000] {dagbag.py:538} INFO - Filling up the DagBag from /home/airflow/.local/lib/python3.8/site-packages/airflow/example_dags/example_params_trigger_ui.py
[2024-02-02T13:58:38.695+0000] {processor.py:840} INFO - DAG(s) 'example_params_trigger_ui' retrieved from /home/airflow/.local/lib/python3.8/site-packages/airflow/example_dags/example_params_trigger_ui.py
[2024-02-02T13:58:38.757+0000] {logging_mixin.py:188} INFO - [2024-02-02T13:58:38.756+0000] {dag.py:3036} INFO - Sync 1 DAGs
[2024-02-02T13:58:38.774+0000] {logging_mixin.py:188} INFO - [2024-02-02T13:58:38.774+0000] {dag.py:3823} INFO - Setting next_dagrun for example_params_trigger_ui to None, run_after=None
[2024-02-02T13:58:38.805+0000] {processor.py:183} INFO - Processing /home/airflow/.local/lib/python3.8/site-packages/airflow/example_dags/example_params_trigger_ui.py took 0.134 seconds
[2024-02-02T13:59:09.483+0000] {processor.py:161} INFO - Started process (PID=617) to work on /home/airflow/.local/lib/python3.8/site-packages/airflow/example_dags/example_params_trigger_ui.py
[2024-02-02T13:59:09.484+0000] {processor.py:830} INFO - Processing file /home/airflow/.local/lib/python3.8/site-packages/airflow/example_dags/example_params_trigger_ui.py for tasks to queue
[2024-02-02T13:59:09.488+0000] {logging_mixin.py:188} INFO - [2024-02-02T13:59:09.487+0000] {dagbag.py:538} INFO - Filling up the DagBag from /home/airflow/.local/lib/python3.8/site-packages/airflow/example_dags/example_params_trigger_ui.py
[2024-02-02T13:59:09.505+0000] {processor.py:840} INFO - DAG(s) 'example_params_trigger_ui' retrieved from /home/airflow/.local/lib/python3.8/site-packages/airflow/example_dags/example_params_trigger_ui.py
[2024-02-02T13:59:09.562+0000] {logging_mixin.py:188} INFO - [2024-02-02T13:59:09.561+0000] {dag.py:3036} INFO - Sync 1 DAGs
[2024-02-02T13:59:09.588+0000] {logging_mixin.py:188} INFO - [2024-02-02T13:59:09.588+0000] {dag.py:3823} INFO - Setting next_dagrun for example_params_trigger_ui to None, run_after=None
[2024-02-02T13:59:09.623+0000] {processor.py:183} INFO - Processing /home/airflow/.local/lib/python3.8/site-packages/airflow/example_dags/example_params_trigger_ui.py took 0.144 seconds
[2024-02-02T13:59:40.023+0000] {processor.py:161} INFO - Started process (PID=672) to work on /home/airflow/.local/lib/python3.8/site-packages/airflow/example_dags/example_params_trigger_ui.py
[2024-02-02T13:59:40.024+0000] {processor.py:830} INFO - Processing file /home/airflow/.local/lib/python3.8/site-packages/airflow/example_dags/example_params_trigger_ui.py for tasks to queue
[2024-02-02T13:59:40.026+0000] {logging_mixin.py:188} INFO - [2024-02-02T13:59:40.026+0000] {dagbag.py:538} INFO - Filling up the DagBag from /home/airflow/.local/lib/python3.8/site-packages/airflow/example_dags/example_params_trigger_ui.py
[2024-02-02T13:59:40.040+0000] {processor.py:840} INFO - DAG(s) 'example_params_trigger_ui' retrieved from /home/airflow/.local/lib/python3.8/site-packages/airflow/example_dags/example_params_trigger_ui.py
[2024-02-02T13:59:40.105+0000] {logging_mixin.py:188} INFO - [2024-02-02T13:59:40.104+0000] {dag.py:3036} INFO - Sync 1 DAGs
[2024-02-02T13:59:40.126+0000] {logging_mixin.py:188} INFO - [2024-02-02T13:59:40.126+0000] {dag.py:3823} INFO - Setting next_dagrun for example_params_trigger_ui to None, run_after=None
[2024-02-02T13:59:40.157+0000] {processor.py:183} INFO - Processing /home/airflow/.local/lib/python3.8/site-packages/airflow/example_dags/example_params_trigger_ui.py took 0.138 seconds
[2024-02-02T14:00:10.455+0000] {processor.py:161} INFO - Started process (PID=727) to work on /home/airflow/.local/lib/python3.8/site-packages/airflow/example_dags/example_params_trigger_ui.py
[2024-02-02T14:00:10.457+0000] {processor.py:830} INFO - Processing file /home/airflow/.local/lib/python3.8/site-packages/airflow/example_dags/example_params_trigger_ui.py for tasks to queue
[2024-02-02T14:00:10.459+0000] {logging_mixin.py:188} INFO - [2024-02-02T14:00:10.459+0000] {dagbag.py:538} INFO - Filling up the DagBag from /home/airflow/.local/lib/python3.8/site-packages/airflow/example_dags/example_params_trigger_ui.py
[2024-02-02T14:00:10.472+0000] {processor.py:840} INFO - DAG(s) 'example_params_trigger_ui' retrieved from /home/airflow/.local/lib/python3.8/site-packages/airflow/example_dags/example_params_trigger_ui.py
[2024-02-02T14:00:10.560+0000] {logging_mixin.py:188} INFO - [2024-02-02T14:00:10.559+0000] {dag.py:3036} INFO - Sync 1 DAGs
[2024-02-02T14:00:10.578+0000] {logging_mixin.py:188} INFO - [2024-02-02T14:00:10.577+0000] {dag.py:3823} INFO - Setting next_dagrun for example_params_trigger_ui to None, run_after=None
[2024-02-02T14:00:10.610+0000] {processor.py:183} INFO - Processing /home/airflow/.local/lib/python3.8/site-packages/airflow/example_dags/example_params_trigger_ui.py took 0.158 seconds
[2024-02-02T14:00:40.782+0000] {processor.py:161} INFO - Started process (PID=782) to work on /home/airflow/.local/lib/python3.8/site-packages/airflow/example_dags/example_params_trigger_ui.py
[2024-02-02T14:00:40.783+0000] {processor.py:830} INFO - Processing file /home/airflow/.local/lib/python3.8/site-packages/airflow/example_dags/example_params_trigger_ui.py for tasks to queue
[2024-02-02T14:00:40.786+0000] {logging_mixin.py:188} INFO - [2024-02-02T14:00:40.786+0000] {dagbag.py:538} INFO - Filling up the DagBag from /home/airflow/.local/lib/python3.8/site-packages/airflow/example_dags/example_params_trigger_ui.py
[2024-02-02T14:00:40.803+0000] {processor.py:840} INFO - DAG(s) 'example_params_trigger_ui' retrieved from /home/airflow/.local/lib/python3.8/site-packages/airflow/example_dags/example_params_trigger_ui.py
[2024-02-02T14:00:40.937+0000] {logging_mixin.py:188} INFO - [2024-02-02T14:00:40.936+0000] {dag.py:3036} INFO - Sync 1 DAGs
[2024-02-02T14:00:40.950+0000] {logging_mixin.py:188} INFO - [2024-02-02T14:00:40.950+0000] {dag.py:3823} INFO - Setting next_dagrun for example_params_trigger_ui to None, run_after=None
[2024-02-02T14:00:40.967+0000] {processor.py:183} INFO - Processing /home/airflow/.local/lib/python3.8/site-packages/airflow/example_dags/example_params_trigger_ui.py took 0.189 seconds
[2024-02-02T14:01:11.312+0000] {processor.py:161} INFO - Started process (PID=837) to work on /home/airflow/.local/lib/python3.8/site-packages/airflow/example_dags/example_params_trigger_ui.py
[2024-02-02T14:01:11.314+0000] {processor.py:830} INFO - Processing file /home/airflow/.local/lib/python3.8/site-packages/airflow/example_dags/example_params_trigger_ui.py for tasks to queue
[2024-02-02T14:01:11.317+0000] {logging_mixin.py:188} INFO - [2024-02-02T14:01:11.316+0000] {dagbag.py:538} INFO - Filling up the DagBag from /home/airflow/.local/lib/python3.8/site-packages/airflow/example_dags/example_params_trigger_ui.py
[2024-02-02T14:01:11.334+0000] {processor.py:840} INFO - DAG(s) 'example_params_trigger_ui' retrieved from /home/airflow/.local/lib/python3.8/site-packages/airflow/example_dags/example_params_trigger_ui.py
[2024-02-02T14:01:11.389+0000] {logging_mixin.py:188} INFO - [2024-02-02T14:01:11.388+0000] {dag.py:3036} INFO - Sync 1 DAGs
[2024-02-02T14:01:11.403+0000] {logging_mixin.py:188} INFO - [2024-02-02T14:01:11.402+0000] {dag.py:3823} INFO - Setting next_dagrun for example_params_trigger_ui to None, run_after=None
[2024-02-02T14:01:11.430+0000] {processor.py:183} INFO - Processing /home/airflow/.local/lib/python3.8/site-packages/airflow/example_dags/example_params_trigger_ui.py took 0.122 seconds
