[2024-02-02T13:54:00.896+0000] {processor.py:161} INFO - Started process (PID=55) to work on /home/airflow/.local/lib/python3.8/site-packages/airflow/example_dags/example_xcomargs.py
[2024-02-02T13:54:00.906+0000] {processor.py:830} INFO - Processing file /home/airflow/.local/lib/python3.8/site-packages/airflow/example_dags/example_xcomargs.py for tasks to queue
[2024-02-02T13:54:00.910+0000] {logging_mixin.py:188} INFO - [2024-02-02T13:54:00.909+0000] {dagbag.py:538} INFO - Filling up the DagBag from /home/airflow/.local/lib/python3.8/site-packages/airflow/example_dags/example_xcomargs.py
[2024-02-02T13:54:00.944+0000] {processor.py:840} INFO - DAG(s) 'example_xcom_args', 'example_xcom_args_with_operators' retrieved from /home/airflow/.local/lib/python3.8/site-packages/airflow/example_dags/example_xcomargs.py
[2024-02-02T13:54:01.240+0000] {logging_mixin.py:188} INFO - [2024-02-02T13:54:01.232+0000] {override.py:1769} INFO - Created Permission View: can delete on DAG:example_xcom_args
[2024-02-02T13:54:01.328+0000] {logging_mixin.py:188} INFO - [2024-02-02T13:54:01.327+0000] {override.py:1769} INFO - Created Permission View: can read on DAG:example_xcom_args
[2024-02-02T13:54:01.395+0000] {logging_mixin.py:188} INFO - [2024-02-02T13:54:01.394+0000] {override.py:1769} INFO - Created Permission View: can edit on DAG:example_xcom_args
[2024-02-02T13:54:01.447+0000] {logging_mixin.py:188} INFO - [2024-02-02T13:54:01.444+0000] {override.py:1769} INFO - Created Permission View: can delete on DAG:example_xcom_args_with_operators
[2024-02-02T13:54:01.491+0000] {logging_mixin.py:188} INFO - [2024-02-02T13:54:01.490+0000] {override.py:1769} INFO - Created Permission View: can read on DAG:example_xcom_args_with_operators
[2024-02-02T13:54:01.518+0000] {logging_mixin.py:188} INFO - [2024-02-02T13:54:01.517+0000] {override.py:1769} INFO - Created Permission View: can edit on DAG:example_xcom_args_with_operators
[2024-02-02T13:54:01.526+0000] {logging_mixin.py:188} INFO - [2024-02-02T13:54:01.525+0000] {dag.py:3036} INFO - Sync 2 DAGs
[2024-02-02T13:54:01.569+0000] {logging_mixin.py:188} INFO - [2024-02-02T13:54:01.568+0000] {dag.py:3058} INFO - Creating ORM DAG for example_xcom_args
[2024-02-02T13:54:01.572+0000] {logging_mixin.py:188} INFO - [2024-02-02T13:54:01.571+0000] {dag.py:3058} INFO - Creating ORM DAG for example_xcom_args_with_operators
[2024-02-02T13:54:01.579+0000] {logging_mixin.py:188} INFO - [2024-02-02T13:54:01.579+0000] {dag.py:3823} INFO - Setting next_dagrun for example_xcom_args to None, run_after=None
[2024-02-02T13:54:01.581+0000] {logging_mixin.py:188} INFO - [2024-02-02T13:54:01.581+0000] {dag.py:3823} INFO - Setting next_dagrun for example_xcom_args_with_operators to None, run_after=None
[2024-02-02T13:54:01.639+0000] {processor.py:183} INFO - Processing /home/airflow/.local/lib/python3.8/site-packages/airflow/example_dags/example_xcomargs.py took 0.749 seconds
[2024-02-02T13:54:31.784+0000] {processor.py:161} INFO - Started process (PID=113) to work on /home/airflow/.local/lib/python3.8/site-packages/airflow/example_dags/example_xcomargs.py
[2024-02-02T13:54:31.786+0000] {processor.py:830} INFO - Processing file /home/airflow/.local/lib/python3.8/site-packages/airflow/example_dags/example_xcomargs.py for tasks to queue
[2024-02-02T13:54:31.789+0000] {logging_mixin.py:188} INFO - [2024-02-02T13:54:31.788+0000] {dagbag.py:538} INFO - Filling up the DagBag from /home/airflow/.local/lib/python3.8/site-packages/airflow/example_dags/example_xcomargs.py
[2024-02-02T13:54:31.799+0000] {processor.py:840} INFO - DAG(s) 'example_xcom_args', 'example_xcom_args_with_operators' retrieved from /home/airflow/.local/lib/python3.8/site-packages/airflow/example_dags/example_xcomargs.py
[2024-02-02T13:54:31.830+0000] {logging_mixin.py:188} INFO - [2024-02-02T13:54:31.830+0000] {dag.py:3036} INFO - Sync 2 DAGs
[2024-02-02T13:54:31.847+0000] {logging_mixin.py:188} INFO - [2024-02-02T13:54:31.846+0000] {dag.py:3823} INFO - Setting next_dagrun for example_xcom_args to None, run_after=None
[2024-02-02T13:54:31.852+0000] {logging_mixin.py:188} INFO - [2024-02-02T13:54:31.852+0000] {dag.py:3823} INFO - Setting next_dagrun for example_xcom_args_with_operators to None, run_after=None
[2024-02-02T13:54:31.874+0000] {processor.py:183} INFO - Processing /home/airflow/.local/lib/python3.8/site-packages/airflow/example_dags/example_xcomargs.py took 0.094 seconds
[2024-02-02T13:55:01.936+0000] {processor.py:161} INFO - Started process (PID=168) to work on /home/airflow/.local/lib/python3.8/site-packages/airflow/example_dags/example_xcomargs.py
[2024-02-02T13:55:01.938+0000] {processor.py:830} INFO - Processing file /home/airflow/.local/lib/python3.8/site-packages/airflow/example_dags/example_xcomargs.py for tasks to queue
[2024-02-02T13:55:01.941+0000] {logging_mixin.py:188} INFO - [2024-02-02T13:55:01.940+0000] {dagbag.py:538} INFO - Filling up the DagBag from /home/airflow/.local/lib/python3.8/site-packages/airflow/example_dags/example_xcomargs.py
[2024-02-02T13:55:01.951+0000] {processor.py:840} INFO - DAG(s) 'example_xcom_args_with_operators', 'example_xcom_args' retrieved from /home/airflow/.local/lib/python3.8/site-packages/airflow/example_dags/example_xcomargs.py
[2024-02-02T13:55:01.980+0000] {logging_mixin.py:188} INFO - [2024-02-02T13:55:01.980+0000] {dag.py:3036} INFO - Sync 2 DAGs
[2024-02-02T13:55:02.002+0000] {logging_mixin.py:188} INFO - [2024-02-02T13:55:02.002+0000] {dag.py:3823} INFO - Setting next_dagrun for example_xcom_args to None, run_after=None
[2024-02-02T13:55:02.009+0000] {logging_mixin.py:188} INFO - [2024-02-02T13:55:02.009+0000] {dag.py:3823} INFO - Setting next_dagrun for example_xcom_args_with_operators to None, run_after=None
[2024-02-02T13:55:02.033+0000] {processor.py:183} INFO - Processing /home/airflow/.local/lib/python3.8/site-packages/airflow/example_dags/example_xcomargs.py took 0.100 seconds
[2024-02-02T13:55:32.525+0000] {processor.py:161} INFO - Started process (PID=223) to work on /home/airflow/.local/lib/python3.8/site-packages/airflow/example_dags/example_xcomargs.py
[2024-02-02T13:55:32.527+0000] {processor.py:830} INFO - Processing file /home/airflow/.local/lib/python3.8/site-packages/airflow/example_dags/example_xcomargs.py for tasks to queue
[2024-02-02T13:55:32.530+0000] {logging_mixin.py:188} INFO - [2024-02-02T13:55:32.529+0000] {dagbag.py:538} INFO - Filling up the DagBag from /home/airflow/.local/lib/python3.8/site-packages/airflow/example_dags/example_xcomargs.py
[2024-02-02T13:55:32.542+0000] {processor.py:840} INFO - DAG(s) 'example_xcom_args', 'example_xcom_args_with_operators' retrieved from /home/airflow/.local/lib/python3.8/site-packages/airflow/example_dags/example_xcomargs.py
[2024-02-02T13:55:32.576+0000] {logging_mixin.py:188} INFO - [2024-02-02T13:55:32.576+0000] {dag.py:3036} INFO - Sync 2 DAGs
[2024-02-02T13:55:32.592+0000] {logging_mixin.py:188} INFO - [2024-02-02T13:55:32.592+0000] {dag.py:3823} INFO - Setting next_dagrun for example_xcom_args to None, run_after=None
[2024-02-02T13:55:32.597+0000] {logging_mixin.py:188} INFO - [2024-02-02T13:55:32.597+0000] {dag.py:3823} INFO - Setting next_dagrun for example_xcom_args_with_operators to None, run_after=None
[2024-02-02T13:55:32.619+0000] {processor.py:183} INFO - Processing /home/airflow/.local/lib/python3.8/site-packages/airflow/example_dags/example_xcomargs.py took 0.099 seconds
[2024-02-02T13:56:02.834+0000] {processor.py:161} INFO - Started process (PID=278) to work on /home/airflow/.local/lib/python3.8/site-packages/airflow/example_dags/example_xcomargs.py
[2024-02-02T13:56:02.836+0000] {processor.py:830} INFO - Processing file /home/airflow/.local/lib/python3.8/site-packages/airflow/example_dags/example_xcomargs.py for tasks to queue
[2024-02-02T13:56:02.839+0000] {logging_mixin.py:188} INFO - [2024-02-02T13:56:02.838+0000] {dagbag.py:538} INFO - Filling up the DagBag from /home/airflow/.local/lib/python3.8/site-packages/airflow/example_dags/example_xcomargs.py
[2024-02-02T13:56:02.849+0000] {processor.py:840} INFO - DAG(s) 'example_xcom_args_with_operators', 'example_xcom_args' retrieved from /home/airflow/.local/lib/python3.8/site-packages/airflow/example_dags/example_xcomargs.py
[2024-02-02T13:56:02.880+0000] {logging_mixin.py:188} INFO - [2024-02-02T13:56:02.879+0000] {dag.py:3036} INFO - Sync 2 DAGs
[2024-02-02T13:56:02.896+0000] {logging_mixin.py:188} INFO - [2024-02-02T13:56:02.896+0000] {dag.py:3823} INFO - Setting next_dagrun for example_xcom_args to None, run_after=None
[2024-02-02T13:56:02.900+0000] {logging_mixin.py:188} INFO - [2024-02-02T13:56:02.899+0000] {dag.py:3823} INFO - Setting next_dagrun for example_xcom_args_with_operators to None, run_after=None
[2024-02-02T13:56:02.923+0000] {processor.py:183} INFO - Processing /home/airflow/.local/lib/python3.8/site-packages/airflow/example_dags/example_xcomargs.py took 0.092 seconds
[2024-02-02T13:56:33.371+0000] {processor.py:161} INFO - Started process (PID=333) to work on /home/airflow/.local/lib/python3.8/site-packages/airflow/example_dags/example_xcomargs.py
[2024-02-02T13:56:33.373+0000] {processor.py:830} INFO - Processing file /home/airflow/.local/lib/python3.8/site-packages/airflow/example_dags/example_xcomargs.py for tasks to queue
[2024-02-02T13:56:33.376+0000] {logging_mixin.py:188} INFO - [2024-02-02T13:56:33.375+0000] {dagbag.py:538} INFO - Filling up the DagBag from /home/airflow/.local/lib/python3.8/site-packages/airflow/example_dags/example_xcomargs.py
[2024-02-02T13:56:33.385+0000] {processor.py:840} INFO - DAG(s) 'example_xcom_args', 'example_xcom_args_with_operators' retrieved from /home/airflow/.local/lib/python3.8/site-packages/airflow/example_dags/example_xcomargs.py
[2024-02-02T13:56:33.413+0000] {logging_mixin.py:188} INFO - [2024-02-02T13:56:33.413+0000] {dag.py:3036} INFO - Sync 2 DAGs
[2024-02-02T13:56:33.425+0000] {logging_mixin.py:188} INFO - [2024-02-02T13:56:33.424+0000] {dag.py:3823} INFO - Setting next_dagrun for example_xcom_args to None, run_after=None
[2024-02-02T13:56:33.429+0000] {logging_mixin.py:188} INFO - [2024-02-02T13:56:33.429+0000] {dag.py:3823} INFO - Setting next_dagrun for example_xcom_args_with_operators to None, run_after=None
[2024-02-02T13:56:33.447+0000] {processor.py:183} INFO - Processing /home/airflow/.local/lib/python3.8/site-packages/airflow/example_dags/example_xcomargs.py took 0.081 seconds
[2024-02-02T13:57:03.774+0000] {processor.py:161} INFO - Started process (PID=388) to work on /home/airflow/.local/lib/python3.8/site-packages/airflow/example_dags/example_xcomargs.py
[2024-02-02T13:57:03.775+0000] {processor.py:830} INFO - Processing file /home/airflow/.local/lib/python3.8/site-packages/airflow/example_dags/example_xcomargs.py for tasks to queue
[2024-02-02T13:57:03.778+0000] {logging_mixin.py:188} INFO - [2024-02-02T13:57:03.777+0000] {dagbag.py:538} INFO - Filling up the DagBag from /home/airflow/.local/lib/python3.8/site-packages/airflow/example_dags/example_xcomargs.py
[2024-02-02T13:57:03.789+0000] {processor.py:840} INFO - DAG(s) 'example_xcom_args_with_operators', 'example_xcom_args' retrieved from /home/airflow/.local/lib/python3.8/site-packages/airflow/example_dags/example_xcomargs.py
[2024-02-02T13:57:03.815+0000] {logging_mixin.py:188} INFO - [2024-02-02T13:57:03.815+0000] {dag.py:3036} INFO - Sync 2 DAGs
[2024-02-02T13:57:03.827+0000] {logging_mixin.py:188} INFO - [2024-02-02T13:57:03.827+0000] {dag.py:3823} INFO - Setting next_dagrun for example_xcom_args to None, run_after=None
[2024-02-02T13:57:03.832+0000] {logging_mixin.py:188} INFO - [2024-02-02T13:57:03.831+0000] {dag.py:3823} INFO - Setting next_dagrun for example_xcom_args_with_operators to None, run_after=None
[2024-02-02T13:57:03.853+0000] {processor.py:183} INFO - Processing /home/airflow/.local/lib/python3.8/site-packages/airflow/example_dags/example_xcomargs.py took 0.083 seconds
[2024-02-02T13:57:33.942+0000] {processor.py:161} INFO - Started process (PID=443) to work on /home/airflow/.local/lib/python3.8/site-packages/airflow/example_dags/example_xcomargs.py
[2024-02-02T13:57:33.943+0000] {processor.py:830} INFO - Processing file /home/airflow/.local/lib/python3.8/site-packages/airflow/example_dags/example_xcomargs.py for tasks to queue
[2024-02-02T13:57:33.946+0000] {logging_mixin.py:188} INFO - [2024-02-02T13:57:33.946+0000] {dagbag.py:538} INFO - Filling up the DagBag from /home/airflow/.local/lib/python3.8/site-packages/airflow/example_dags/example_xcomargs.py
[2024-02-02T13:57:33.956+0000] {processor.py:840} INFO - DAG(s) 'example_xcom_args', 'example_xcom_args_with_operators' retrieved from /home/airflow/.local/lib/python3.8/site-packages/airflow/example_dags/example_xcomargs.py
[2024-02-02T13:57:33.984+0000] {logging_mixin.py:188} INFO - [2024-02-02T13:57:33.983+0000] {dag.py:3036} INFO - Sync 2 DAGs
[2024-02-02T13:57:33.996+0000] {logging_mixin.py:188} INFO - [2024-02-02T13:57:33.996+0000] {dag.py:3823} INFO - Setting next_dagrun for example_xcom_args to None, run_after=None
[2024-02-02T13:57:34.000+0000] {logging_mixin.py:188} INFO - [2024-02-02T13:57:34.000+0000] {dag.py:3823} INFO - Setting next_dagrun for example_xcom_args_with_operators to None, run_after=None
[2024-02-02T13:57:34.021+0000] {processor.py:183} INFO - Processing /home/airflow/.local/lib/python3.8/site-packages/airflow/example_dags/example_xcomargs.py took 0.082 seconds
[2024-02-02T13:58:04.649+0000] {processor.py:161} INFO - Started process (PID=498) to work on /home/airflow/.local/lib/python3.8/site-packages/airflow/example_dags/example_xcomargs.py
[2024-02-02T13:58:04.651+0000] {processor.py:830} INFO - Processing file /home/airflow/.local/lib/python3.8/site-packages/airflow/example_dags/example_xcomargs.py for tasks to queue
[2024-02-02T13:58:04.653+0000] {logging_mixin.py:188} INFO - [2024-02-02T13:58:04.653+0000] {dagbag.py:538} INFO - Filling up the DagBag from /home/airflow/.local/lib/python3.8/site-packages/airflow/example_dags/example_xcomargs.py
[2024-02-02T13:58:04.663+0000] {processor.py:840} INFO - DAG(s) 'example_xcom_args', 'example_xcom_args_with_operators' retrieved from /home/airflow/.local/lib/python3.8/site-packages/airflow/example_dags/example_xcomargs.py
[2024-02-02T13:58:04.689+0000] {logging_mixin.py:188} INFO - [2024-02-02T13:58:04.689+0000] {dag.py:3036} INFO - Sync 2 DAGs
[2024-02-02T13:58:04.703+0000] {logging_mixin.py:188} INFO - [2024-02-02T13:58:04.702+0000] {dag.py:3823} INFO - Setting next_dagrun for example_xcom_args to None, run_after=None
[2024-02-02T13:58:04.707+0000] {logging_mixin.py:188} INFO - [2024-02-02T13:58:04.707+0000] {dag.py:3823} INFO - Setting next_dagrun for example_xcom_args_with_operators to None, run_after=None
[2024-02-02T13:58:04.729+0000] {processor.py:183} INFO - Processing /home/airflow/.local/lib/python3.8/site-packages/airflow/example_dags/example_xcomargs.py took 0.084 seconds
[2024-02-02T13:58:35.083+0000] {processor.py:161} INFO - Started process (PID=553) to work on /home/airflow/.local/lib/python3.8/site-packages/airflow/example_dags/example_xcomargs.py
[2024-02-02T13:58:35.085+0000] {processor.py:830} INFO - Processing file /home/airflow/.local/lib/python3.8/site-packages/airflow/example_dags/example_xcomargs.py for tasks to queue
[2024-02-02T13:58:35.087+0000] {logging_mixin.py:188} INFO - [2024-02-02T13:58:35.087+0000] {dagbag.py:538} INFO - Filling up the DagBag from /home/airflow/.local/lib/python3.8/site-packages/airflow/example_dags/example_xcomargs.py
[2024-02-02T13:58:35.097+0000] {processor.py:840} INFO - DAG(s) 'example_xcom_args_with_operators', 'example_xcom_args' retrieved from /home/airflow/.local/lib/python3.8/site-packages/airflow/example_dags/example_xcomargs.py
[2024-02-02T13:58:35.128+0000] {logging_mixin.py:188} INFO - [2024-02-02T13:58:35.128+0000] {dag.py:3036} INFO - Sync 2 DAGs
[2024-02-02T13:58:35.145+0000] {logging_mixin.py:188} INFO - [2024-02-02T13:58:35.145+0000] {dag.py:3823} INFO - Setting next_dagrun for example_xcom_args to None, run_after=None
[2024-02-02T13:58:35.150+0000] {logging_mixin.py:188} INFO - [2024-02-02T13:58:35.150+0000] {dag.py:3823} INFO - Setting next_dagrun for example_xcom_args_with_operators to None, run_after=None
[2024-02-02T13:58:35.175+0000] {processor.py:183} INFO - Processing /home/airflow/.local/lib/python3.8/site-packages/airflow/example_dags/example_xcomargs.py took 0.095 seconds
[2024-02-02T13:59:05.893+0000] {processor.py:161} INFO - Started process (PID=608) to work on /home/airflow/.local/lib/python3.8/site-packages/airflow/example_dags/example_xcomargs.py
[2024-02-02T13:59:05.895+0000] {processor.py:830} INFO - Processing file /home/airflow/.local/lib/python3.8/site-packages/airflow/example_dags/example_xcomargs.py for tasks to queue
[2024-02-02T13:59:05.897+0000] {logging_mixin.py:188} INFO - [2024-02-02T13:59:05.897+0000] {dagbag.py:538} INFO - Filling up the DagBag from /home/airflow/.local/lib/python3.8/site-packages/airflow/example_dags/example_xcomargs.py
[2024-02-02T13:59:05.909+0000] {processor.py:840} INFO - DAG(s) 'example_xcom_args', 'example_xcom_args_with_operators' retrieved from /home/airflow/.local/lib/python3.8/site-packages/airflow/example_dags/example_xcomargs.py
[2024-02-02T13:59:05.936+0000] {logging_mixin.py:188} INFO - [2024-02-02T13:59:05.935+0000] {dag.py:3036} INFO - Sync 2 DAGs
[2024-02-02T13:59:05.949+0000] {logging_mixin.py:188} INFO - [2024-02-02T13:59:05.949+0000] {dag.py:3823} INFO - Setting next_dagrun for example_xcom_args to None, run_after=None
[2024-02-02T13:59:05.953+0000] {logging_mixin.py:188} INFO - [2024-02-02T13:59:05.953+0000] {dag.py:3823} INFO - Setting next_dagrun for example_xcom_args_with_operators to None, run_after=None
[2024-02-02T13:59:05.974+0000] {processor.py:183} INFO - Processing /home/airflow/.local/lib/python3.8/site-packages/airflow/example_dags/example_xcomargs.py took 0.085 seconds
[2024-02-02T13:59:36.448+0000] {processor.py:161} INFO - Started process (PID=663) to work on /home/airflow/.local/lib/python3.8/site-packages/airflow/example_dags/example_xcomargs.py
[2024-02-02T13:59:36.449+0000] {processor.py:830} INFO - Processing file /home/airflow/.local/lib/python3.8/site-packages/airflow/example_dags/example_xcomargs.py for tasks to queue
[2024-02-02T13:59:36.453+0000] {logging_mixin.py:188} INFO - [2024-02-02T13:59:36.452+0000] {dagbag.py:538} INFO - Filling up the DagBag from /home/airflow/.local/lib/python3.8/site-packages/airflow/example_dags/example_xcomargs.py
[2024-02-02T13:59:36.462+0000] {processor.py:840} INFO - DAG(s) 'example_xcom_args_with_operators', 'example_xcom_args' retrieved from /home/airflow/.local/lib/python3.8/site-packages/airflow/example_dags/example_xcomargs.py
[2024-02-02T13:59:36.493+0000] {logging_mixin.py:188} INFO - [2024-02-02T13:59:36.493+0000] {dag.py:3036} INFO - Sync 2 DAGs
[2024-02-02T13:59:36.508+0000] {logging_mixin.py:188} INFO - [2024-02-02T13:59:36.508+0000] {dag.py:3823} INFO - Setting next_dagrun for example_xcom_args to None, run_after=None
[2024-02-02T13:59:36.512+0000] {logging_mixin.py:188} INFO - [2024-02-02T13:59:36.512+0000] {dag.py:3823} INFO - Setting next_dagrun for example_xcom_args_with_operators to None, run_after=None
[2024-02-02T13:59:36.533+0000] {processor.py:183} INFO - Processing /home/airflow/.local/lib/python3.8/site-packages/airflow/example_dags/example_xcomargs.py took 0.089 seconds
[2024-02-02T14:00:07.002+0000] {processor.py:161} INFO - Started process (PID=718) to work on /home/airflow/.local/lib/python3.8/site-packages/airflow/example_dags/example_xcomargs.py
[2024-02-02T14:00:07.004+0000] {processor.py:830} INFO - Processing file /home/airflow/.local/lib/python3.8/site-packages/airflow/example_dags/example_xcomargs.py for tasks to queue
[2024-02-02T14:00:07.007+0000] {logging_mixin.py:188} INFO - [2024-02-02T14:00:07.006+0000] {dagbag.py:538} INFO - Filling up the DagBag from /home/airflow/.local/lib/python3.8/site-packages/airflow/example_dags/example_xcomargs.py
[2024-02-02T14:00:07.017+0000] {processor.py:840} INFO - DAG(s) 'example_xcom_args_with_operators', 'example_xcom_args' retrieved from /home/airflow/.local/lib/python3.8/site-packages/airflow/example_dags/example_xcomargs.py
[2024-02-02T14:00:07.046+0000] {logging_mixin.py:188} INFO - [2024-02-02T14:00:07.045+0000] {dag.py:3036} INFO - Sync 2 DAGs
[2024-02-02T14:00:07.060+0000] {logging_mixin.py:188} INFO - [2024-02-02T14:00:07.060+0000] {dag.py:3823} INFO - Setting next_dagrun for example_xcom_args to None, run_after=None
[2024-02-02T14:00:07.065+0000] {logging_mixin.py:188} INFO - [2024-02-02T14:00:07.065+0000] {dag.py:3823} INFO - Setting next_dagrun for example_xcom_args_with_operators to None, run_after=None
[2024-02-02T14:00:07.087+0000] {processor.py:183} INFO - Processing /home/airflow/.local/lib/python3.8/site-packages/airflow/example_dags/example_xcomargs.py took 0.090 seconds
[2024-02-02T14:00:37.213+0000] {processor.py:161} INFO - Started process (PID=773) to work on /home/airflow/.local/lib/python3.8/site-packages/airflow/example_dags/example_xcomargs.py
[2024-02-02T14:00:37.217+0000] {processor.py:830} INFO - Processing file /home/airflow/.local/lib/python3.8/site-packages/airflow/example_dags/example_xcomargs.py for tasks to queue
[2024-02-02T14:00:37.219+0000] {logging_mixin.py:188} INFO - [2024-02-02T14:00:37.218+0000] {dagbag.py:538} INFO - Filling up the DagBag from /home/airflow/.local/lib/python3.8/site-packages/airflow/example_dags/example_xcomargs.py
[2024-02-02T14:00:37.228+0000] {processor.py:840} INFO - DAG(s) 'example_xcom_args', 'example_xcom_args_with_operators' retrieved from /home/airflow/.local/lib/python3.8/site-packages/airflow/example_dags/example_xcomargs.py
[2024-02-02T14:00:37.255+0000] {logging_mixin.py:188} INFO - [2024-02-02T14:00:37.254+0000] {dag.py:3036} INFO - Sync 2 DAGs
[2024-02-02T14:00:37.268+0000] {logging_mixin.py:188} INFO - [2024-02-02T14:00:37.267+0000] {dag.py:3823} INFO - Setting next_dagrun for example_xcom_args to None, run_after=None
[2024-02-02T14:00:37.271+0000] {logging_mixin.py:188} INFO - [2024-02-02T14:00:37.271+0000] {dag.py:3823} INFO - Setting next_dagrun for example_xcom_args_with_operators to None, run_after=None
[2024-02-02T14:00:37.292+0000] {processor.py:183} INFO - Processing /home/airflow/.local/lib/python3.8/site-packages/airflow/example_dags/example_xcomargs.py took 0.083 seconds
[2024-02-02T14:01:07.722+0000] {processor.py:161} INFO - Started process (PID=828) to work on /home/airflow/.local/lib/python3.8/site-packages/airflow/example_dags/example_xcomargs.py
[2024-02-02T14:01:07.724+0000] {processor.py:830} INFO - Processing file /home/airflow/.local/lib/python3.8/site-packages/airflow/example_dags/example_xcomargs.py for tasks to queue
[2024-02-02T14:01:07.726+0000] {logging_mixin.py:188} INFO - [2024-02-02T14:01:07.726+0000] {dagbag.py:538} INFO - Filling up the DagBag from /home/airflow/.local/lib/python3.8/site-packages/airflow/example_dags/example_xcomargs.py
[2024-02-02T14:01:07.738+0000] {processor.py:840} INFO - DAG(s) 'example_xcom_args', 'example_xcom_args_with_operators' retrieved from /home/airflow/.local/lib/python3.8/site-packages/airflow/example_dags/example_xcomargs.py
[2024-02-02T14:01:07.764+0000] {logging_mixin.py:188} INFO - [2024-02-02T14:01:07.764+0000] {dag.py:3036} INFO - Sync 2 DAGs
[2024-02-02T14:01:07.777+0000] {logging_mixin.py:188} INFO - [2024-02-02T14:01:07.777+0000] {dag.py:3823} INFO - Setting next_dagrun for example_xcom_args to None, run_after=None
[2024-02-02T14:01:07.781+0000] {logging_mixin.py:188} INFO - [2024-02-02T14:01:07.781+0000] {dag.py:3823} INFO - Setting next_dagrun for example_xcom_args_with_operators to None, run_after=None
[2024-02-02T14:01:07.801+0000] {processor.py:183} INFO - Processing /home/airflow/.local/lib/python3.8/site-packages/airflow/example_dags/example_xcomargs.py took 0.082 seconds
