[2024-02-02T13:53:56.571+0000] {processor.py:161} INFO - Started process (PID=44) to work on /home/airflow/.local/lib/python3.8/site-packages/airflow/example_dags/tutorial.py
[2024-02-02T13:53:56.573+0000] {processor.py:830} INFO - Processing file /home/airflow/.local/lib/python3.8/site-packages/airflow/example_dags/tutorial.py for tasks to queue
[2024-02-02T13:53:56.576+0000] {logging_mixin.py:188} INFO - [2024-02-02T13:53:56.576+0000] {dagbag.py:538} INFO - Filling up the DagBag from /home/airflow/.local/lib/python3.8/site-packages/airflow/example_dags/tutorial.py
[2024-02-02T13:53:56.597+0000] {processor.py:840} INFO - DAG(s) 'tutorial' retrieved from /home/airflow/.local/lib/python3.8/site-packages/airflow/example_dags/tutorial.py
[2024-02-02T13:53:56.937+0000] {logging_mixin.py:188} INFO - [2024-02-02T13:53:56.935+0000] {override.py:1769} INFO - Created Permission View: can delete on DAG:tutorial
[2024-02-02T13:53:56.966+0000] {logging_mixin.py:188} INFO - [2024-02-02T13:53:56.965+0000] {override.py:1769} INFO - Created Permission View: can read on DAG:tutorial
[2024-02-02T13:53:56.999+0000] {logging_mixin.py:188} INFO - [2024-02-02T13:53:56.998+0000] {override.py:1769} INFO - Created Permission View: can edit on DAG:tutorial
[2024-02-02T13:53:57.007+0000] {logging_mixin.py:188} INFO - [2024-02-02T13:53:57.007+0000] {dag.py:3036} INFO - Sync 1 DAGs
[2024-02-02T13:53:57.064+0000] {logging_mixin.py:188} INFO - [2024-02-02T13:53:57.063+0000] {dag.py:3058} INFO - Creating ORM DAG for tutorial
[2024-02-02T13:53:57.125+0000] {logging_mixin.py:188} INFO - [2024-02-02T13:53:57.125+0000] {dag.py:3823} INFO - Setting next_dagrun for tutorial to 2024-02-01 00:00:00+00:00, run_after=2024-02-02 00:00:00+00:00
[2024-02-02T13:53:57.306+0000] {processor.py:183} INFO - Processing /home/airflow/.local/lib/python3.8/site-packages/airflow/example_dags/tutorial.py took 0.739 seconds
[2024-02-02T13:54:27.798+0000] {processor.py:161} INFO - Started process (PID=102) to work on /home/airflow/.local/lib/python3.8/site-packages/airflow/example_dags/tutorial.py
[2024-02-02T13:54:27.801+0000] {processor.py:830} INFO - Processing file /home/airflow/.local/lib/python3.8/site-packages/airflow/example_dags/tutorial.py for tasks to queue
[2024-02-02T13:54:27.804+0000] {logging_mixin.py:188} INFO - [2024-02-02T13:54:27.804+0000] {dagbag.py:538} INFO - Filling up the DagBag from /home/airflow/.local/lib/python3.8/site-packages/airflow/example_dags/tutorial.py
[2024-02-02T13:54:27.814+0000] {processor.py:840} INFO - DAG(s) 'tutorial' retrieved from /home/airflow/.local/lib/python3.8/site-packages/airflow/example_dags/tutorial.py
[2024-02-02T13:54:27.836+0000] {logging_mixin.py:188} INFO - [2024-02-02T13:54:27.836+0000] {dag.py:3036} INFO - Sync 1 DAGs
[2024-02-02T13:54:27.862+0000] {logging_mixin.py:188} INFO - [2024-02-02T13:54:27.861+0000] {dag.py:3823} INFO - Setting next_dagrun for tutorial to 2024-02-01 00:00:00+00:00, run_after=2024-02-02 00:00:00+00:00
[2024-02-02T13:54:27.919+0000] {processor.py:183} INFO - Processing /home/airflow/.local/lib/python3.8/site-packages/airflow/example_dags/tutorial.py took 0.125 seconds
[2024-02-02T13:54:58.030+0000] {processor.py:161} INFO - Started process (PID=157) to work on /home/airflow/.local/lib/python3.8/site-packages/airflow/example_dags/tutorial.py
[2024-02-02T13:54:58.032+0000] {processor.py:830} INFO - Processing file /home/airflow/.local/lib/python3.8/site-packages/airflow/example_dags/tutorial.py for tasks to queue
[2024-02-02T13:54:58.034+0000] {logging_mixin.py:188} INFO - [2024-02-02T13:54:58.034+0000] {dagbag.py:538} INFO - Filling up the DagBag from /home/airflow/.local/lib/python3.8/site-packages/airflow/example_dags/tutorial.py
[2024-02-02T13:54:58.041+0000] {processor.py:840} INFO - DAG(s) 'tutorial' retrieved from /home/airflow/.local/lib/python3.8/site-packages/airflow/example_dags/tutorial.py
[2024-02-02T13:54:58.065+0000] {logging_mixin.py:188} INFO - [2024-02-02T13:54:58.065+0000] {dag.py:3036} INFO - Sync 1 DAGs
[2024-02-02T13:54:58.087+0000] {logging_mixin.py:188} INFO - [2024-02-02T13:54:58.087+0000] {dag.py:3823} INFO - Setting next_dagrun for tutorial to 2024-02-01 00:00:00+00:00, run_after=2024-02-02 00:00:00+00:00
[2024-02-02T13:54:58.109+0000] {processor.py:183} INFO - Processing /home/airflow/.local/lib/python3.8/site-packages/airflow/example_dags/tutorial.py took 0.082 seconds
[2024-02-02T13:55:28.663+0000] {processor.py:161} INFO - Started process (PID=212) to work on /home/airflow/.local/lib/python3.8/site-packages/airflow/example_dags/tutorial.py
[2024-02-02T13:55:28.665+0000] {processor.py:830} INFO - Processing file /home/airflow/.local/lib/python3.8/site-packages/airflow/example_dags/tutorial.py for tasks to queue
[2024-02-02T13:55:28.671+0000] {logging_mixin.py:188} INFO - [2024-02-02T13:55:28.670+0000] {dagbag.py:538} INFO - Filling up the DagBag from /home/airflow/.local/lib/python3.8/site-packages/airflow/example_dags/tutorial.py
[2024-02-02T13:55:28.687+0000] {processor.py:840} INFO - DAG(s) 'tutorial' retrieved from /home/airflow/.local/lib/python3.8/site-packages/airflow/example_dags/tutorial.py
[2024-02-02T13:55:28.716+0000] {logging_mixin.py:188} INFO - [2024-02-02T13:55:28.715+0000] {dag.py:3036} INFO - Sync 1 DAGs
[2024-02-02T13:55:28.746+0000] {logging_mixin.py:188} INFO - [2024-02-02T13:55:28.746+0000] {dag.py:3823} INFO - Setting next_dagrun for tutorial to 2024-02-01 00:00:00+00:00, run_after=2024-02-02 00:00:00+00:00
[2024-02-02T13:55:28.774+0000] {processor.py:183} INFO - Processing /home/airflow/.local/lib/python3.8/site-packages/airflow/example_dags/tutorial.py took 0.115 seconds
[2024-02-02T13:55:59.095+0000] {processor.py:161} INFO - Started process (PID=267) to work on /home/airflow/.local/lib/python3.8/site-packages/airflow/example_dags/tutorial.py
[2024-02-02T13:55:59.096+0000] {processor.py:830} INFO - Processing file /home/airflow/.local/lib/python3.8/site-packages/airflow/example_dags/tutorial.py for tasks to queue
[2024-02-02T13:55:59.098+0000] {logging_mixin.py:188} INFO - [2024-02-02T13:55:59.098+0000] {dagbag.py:538} INFO - Filling up the DagBag from /home/airflow/.local/lib/python3.8/site-packages/airflow/example_dags/tutorial.py
[2024-02-02T13:55:59.105+0000] {processor.py:840} INFO - DAG(s) 'tutorial' retrieved from /home/airflow/.local/lib/python3.8/site-packages/airflow/example_dags/tutorial.py
[2024-02-02T13:55:59.129+0000] {logging_mixin.py:188} INFO - [2024-02-02T13:55:59.129+0000] {dag.py:3036} INFO - Sync 1 DAGs
[2024-02-02T13:55:59.150+0000] {logging_mixin.py:188} INFO - [2024-02-02T13:55:59.150+0000] {dag.py:3823} INFO - Setting next_dagrun for tutorial to 2024-02-01 00:00:00+00:00, run_after=2024-02-02 00:00:00+00:00
[2024-02-02T13:55:59.172+0000] {processor.py:183} INFO - Processing /home/airflow/.local/lib/python3.8/site-packages/airflow/example_dags/tutorial.py took 0.080 seconds
[2024-02-02T13:56:29.590+0000] {processor.py:161} INFO - Started process (PID=322) to work on /home/airflow/.local/lib/python3.8/site-packages/airflow/example_dags/tutorial.py
[2024-02-02T13:56:29.591+0000] {processor.py:830} INFO - Processing file /home/airflow/.local/lib/python3.8/site-packages/airflow/example_dags/tutorial.py for tasks to queue
[2024-02-02T13:56:29.594+0000] {logging_mixin.py:188} INFO - [2024-02-02T13:56:29.594+0000] {dagbag.py:538} INFO - Filling up the DagBag from /home/airflow/.local/lib/python3.8/site-packages/airflow/example_dags/tutorial.py
[2024-02-02T13:56:29.602+0000] {processor.py:840} INFO - DAG(s) 'tutorial' retrieved from /home/airflow/.local/lib/python3.8/site-packages/airflow/example_dags/tutorial.py
[2024-02-02T13:56:29.625+0000] {logging_mixin.py:188} INFO - [2024-02-02T13:56:29.624+0000] {dag.py:3036} INFO - Sync 1 DAGs
[2024-02-02T13:56:29.647+0000] {logging_mixin.py:188} INFO - [2024-02-02T13:56:29.647+0000] {dag.py:3823} INFO - Setting next_dagrun for tutorial to 2024-02-01 00:00:00+00:00, run_after=2024-02-02 00:00:00+00:00
[2024-02-02T13:56:29.675+0000] {processor.py:183} INFO - Processing /home/airflow/.local/lib/python3.8/site-packages/airflow/example_dags/tutorial.py took 0.089 seconds
[2024-02-02T13:56:59.913+0000] {processor.py:161} INFO - Started process (PID=377) to work on /home/airflow/.local/lib/python3.8/site-packages/airflow/example_dags/tutorial.py
[2024-02-02T13:56:59.915+0000] {processor.py:830} INFO - Processing file /home/airflow/.local/lib/python3.8/site-packages/airflow/example_dags/tutorial.py for tasks to queue
[2024-02-02T13:56:59.917+0000] {logging_mixin.py:188} INFO - [2024-02-02T13:56:59.917+0000] {dagbag.py:538} INFO - Filling up the DagBag from /home/airflow/.local/lib/python3.8/site-packages/airflow/example_dags/tutorial.py
[2024-02-02T13:56:59.935+0000] {processor.py:840} INFO - DAG(s) 'tutorial' retrieved from /home/airflow/.local/lib/python3.8/site-packages/airflow/example_dags/tutorial.py
[2024-02-02T13:56:59.971+0000] {logging_mixin.py:188} INFO - [2024-02-02T13:56:59.970+0000] {dag.py:3036} INFO - Sync 1 DAGs
[2024-02-02T13:57:00.002+0000] {logging_mixin.py:188} INFO - [2024-02-02T13:57:00.002+0000] {dag.py:3823} INFO - Setting next_dagrun for tutorial to 2024-02-01 00:00:00+00:00, run_after=2024-02-02 00:00:00+00:00
[2024-02-02T13:57:00.037+0000] {processor.py:183} INFO - Processing /home/airflow/.local/lib/python3.8/site-packages/airflow/example_dags/tutorial.py took 0.128 seconds
[2024-02-02T13:57:30.118+0000] {processor.py:161} INFO - Started process (PID=431) to work on /home/airflow/.local/lib/python3.8/site-packages/airflow/example_dags/tutorial.py
[2024-02-02T13:57:30.119+0000] {processor.py:830} INFO - Processing file /home/airflow/.local/lib/python3.8/site-packages/airflow/example_dags/tutorial.py for tasks to queue
[2024-02-02T13:57:30.122+0000] {logging_mixin.py:188} INFO - [2024-02-02T13:57:30.121+0000] {dagbag.py:538} INFO - Filling up the DagBag from /home/airflow/.local/lib/python3.8/site-packages/airflow/example_dags/tutorial.py
[2024-02-02T13:57:30.129+0000] {processor.py:840} INFO - DAG(s) 'tutorial' retrieved from /home/airflow/.local/lib/python3.8/site-packages/airflow/example_dags/tutorial.py
[2024-02-02T13:57:30.152+0000] {logging_mixin.py:188} INFO - [2024-02-02T13:57:30.152+0000] {dag.py:3036} INFO - Sync 1 DAGs
[2024-02-02T13:57:30.176+0000] {logging_mixin.py:188} INFO - [2024-02-02T13:57:30.176+0000] {dag.py:3823} INFO - Setting next_dagrun for tutorial to 2024-02-01 00:00:00+00:00, run_after=2024-02-02 00:00:00+00:00
[2024-02-02T13:57:30.216+0000] {processor.py:183} INFO - Processing /home/airflow/.local/lib/python3.8/site-packages/airflow/example_dags/tutorial.py took 0.101 seconds
[2024-02-02T13:58:00.747+0000] {processor.py:161} INFO - Started process (PID=487) to work on /home/airflow/.local/lib/python3.8/site-packages/airflow/example_dags/tutorial.py
[2024-02-02T13:58:00.749+0000] {processor.py:830} INFO - Processing file /home/airflow/.local/lib/python3.8/site-packages/airflow/example_dags/tutorial.py for tasks to queue
[2024-02-02T13:58:00.753+0000] {logging_mixin.py:188} INFO - [2024-02-02T13:58:00.753+0000] {dagbag.py:538} INFO - Filling up the DagBag from /home/airflow/.local/lib/python3.8/site-packages/airflow/example_dags/tutorial.py
[2024-02-02T13:58:00.765+0000] {processor.py:840} INFO - DAG(s) 'tutorial' retrieved from /home/airflow/.local/lib/python3.8/site-packages/airflow/example_dags/tutorial.py
[2024-02-02T13:58:00.792+0000] {logging_mixin.py:188} INFO - [2024-02-02T13:58:00.791+0000] {dag.py:3036} INFO - Sync 1 DAGs
[2024-02-02T13:58:00.827+0000] {logging_mixin.py:188} INFO - [2024-02-02T13:58:00.826+0000] {dag.py:3823} INFO - Setting next_dagrun for tutorial to 2024-02-01 00:00:00+00:00, run_after=2024-02-02 00:00:00+00:00
[2024-02-02T13:58:00.857+0000] {processor.py:183} INFO - Processing /home/airflow/.local/lib/python3.8/site-packages/airflow/example_dags/tutorial.py took 0.117 seconds
[2024-02-02T13:58:31.021+0000] {processor.py:161} INFO - Started process (PID=541) to work on /home/airflow/.local/lib/python3.8/site-packages/airflow/example_dags/tutorial.py
[2024-02-02T13:58:31.022+0000] {processor.py:830} INFO - Processing file /home/airflow/.local/lib/python3.8/site-packages/airflow/example_dags/tutorial.py for tasks to queue
[2024-02-02T13:58:31.025+0000] {logging_mixin.py:188} INFO - [2024-02-02T13:58:31.024+0000] {dagbag.py:538} INFO - Filling up the DagBag from /home/airflow/.local/lib/python3.8/site-packages/airflow/example_dags/tutorial.py
[2024-02-02T13:58:31.032+0000] {processor.py:840} INFO - DAG(s) 'tutorial' retrieved from /home/airflow/.local/lib/python3.8/site-packages/airflow/example_dags/tutorial.py
[2024-02-02T13:58:31.057+0000] {logging_mixin.py:188} INFO - [2024-02-02T13:58:31.056+0000] {dag.py:3036} INFO - Sync 1 DAGs
[2024-02-02T13:58:31.081+0000] {logging_mixin.py:188} INFO - [2024-02-02T13:58:31.081+0000] {dag.py:3823} INFO - Setting next_dagrun for tutorial to 2024-02-01 00:00:00+00:00, run_after=2024-02-02 00:00:00+00:00
[2024-02-02T13:58:31.105+0000] {processor.py:183} INFO - Processing /home/airflow/.local/lib/python3.8/site-packages/airflow/example_dags/tutorial.py took 0.088 seconds
[2024-02-02T13:59:01.955+0000] {processor.py:161} INFO - Started process (PID=597) to work on /home/airflow/.local/lib/python3.8/site-packages/airflow/example_dags/tutorial.py
[2024-02-02T13:59:01.957+0000] {processor.py:830} INFO - Processing file /home/airflow/.local/lib/python3.8/site-packages/airflow/example_dags/tutorial.py for tasks to queue
[2024-02-02T13:59:01.960+0000] {logging_mixin.py:188} INFO - [2024-02-02T13:59:01.960+0000] {dagbag.py:538} INFO - Filling up the DagBag from /home/airflow/.local/lib/python3.8/site-packages/airflow/example_dags/tutorial.py
[2024-02-02T13:59:01.968+0000] {processor.py:840} INFO - DAG(s) 'tutorial' retrieved from /home/airflow/.local/lib/python3.8/site-packages/airflow/example_dags/tutorial.py
[2024-02-02T13:59:01.993+0000] {logging_mixin.py:188} INFO - [2024-02-02T13:59:01.993+0000] {dag.py:3036} INFO - Sync 1 DAGs
[2024-02-02T13:59:02.018+0000] {logging_mixin.py:188} INFO - [2024-02-02T13:59:02.018+0000] {dag.py:3823} INFO - Setting next_dagrun for tutorial to 2024-02-01 00:00:00+00:00, run_after=2024-02-02 00:00:00+00:00
[2024-02-02T13:59:02.043+0000] {processor.py:183} INFO - Processing /home/airflow/.local/lib/python3.8/site-packages/airflow/example_dags/tutorial.py took 0.091 seconds
[2024-02-02T13:59:32.571+0000] {processor.py:161} INFO - Started process (PID=652) to work on /home/airflow/.local/lib/python3.8/site-packages/airflow/example_dags/tutorial.py
[2024-02-02T13:59:32.579+0000] {processor.py:830} INFO - Processing file /home/airflow/.local/lib/python3.8/site-packages/airflow/example_dags/tutorial.py for tasks to queue
[2024-02-02T13:59:32.584+0000] {logging_mixin.py:188} INFO - [2024-02-02T13:59:32.583+0000] {dagbag.py:538} INFO - Filling up the DagBag from /home/airflow/.local/lib/python3.8/site-packages/airflow/example_dags/tutorial.py
[2024-02-02T13:59:32.596+0000] {processor.py:840} INFO - DAG(s) 'tutorial' retrieved from /home/airflow/.local/lib/python3.8/site-packages/airflow/example_dags/tutorial.py
[2024-02-02T13:59:32.631+0000] {logging_mixin.py:188} INFO - [2024-02-02T13:59:32.631+0000] {dag.py:3036} INFO - Sync 1 DAGs
[2024-02-02T13:59:32.664+0000] {logging_mixin.py:188} INFO - [2024-02-02T13:59:32.664+0000] {dag.py:3823} INFO - Setting next_dagrun for tutorial to 2024-02-01 00:00:00+00:00, run_after=2024-02-02 00:00:00+00:00
[2024-02-02T13:59:32.698+0000] {processor.py:183} INFO - Processing /home/airflow/.local/lib/python3.8/site-packages/airflow/example_dags/tutorial.py took 0.134 seconds
[2024-02-02T14:00:03.120+0000] {processor.py:161} INFO - Started process (PID=707) to work on /home/airflow/.local/lib/python3.8/site-packages/airflow/example_dags/tutorial.py
[2024-02-02T14:00:03.122+0000] {processor.py:830} INFO - Processing file /home/airflow/.local/lib/python3.8/site-packages/airflow/example_dags/tutorial.py for tasks to queue
[2024-02-02T14:00:03.125+0000] {logging_mixin.py:188} INFO - [2024-02-02T14:00:03.125+0000] {dagbag.py:538} INFO - Filling up the DagBag from /home/airflow/.local/lib/python3.8/site-packages/airflow/example_dags/tutorial.py
[2024-02-02T14:00:03.137+0000] {processor.py:840} INFO - DAG(s) 'tutorial' retrieved from /home/airflow/.local/lib/python3.8/site-packages/airflow/example_dags/tutorial.py
[2024-02-02T14:00:03.165+0000] {logging_mixin.py:188} INFO - [2024-02-02T14:00:03.164+0000] {dag.py:3036} INFO - Sync 1 DAGs
[2024-02-02T14:00:03.194+0000] {logging_mixin.py:188} INFO - [2024-02-02T14:00:03.194+0000] {dag.py:3823} INFO - Setting next_dagrun for tutorial to 2024-02-01 00:00:00+00:00, run_after=2024-02-02 00:00:00+00:00
[2024-02-02T14:00:03.221+0000] {processor.py:183} INFO - Processing /home/airflow/.local/lib/python3.8/site-packages/airflow/example_dags/tutorial.py took 0.109 seconds
[2024-02-02T14:00:33.293+0000] {processor.py:161} INFO - Started process (PID=761) to work on /home/airflow/.local/lib/python3.8/site-packages/airflow/example_dags/tutorial.py
[2024-02-02T14:00:33.294+0000] {processor.py:830} INFO - Processing file /home/airflow/.local/lib/python3.8/site-packages/airflow/example_dags/tutorial.py for tasks to queue
[2024-02-02T14:00:33.298+0000] {logging_mixin.py:188} INFO - [2024-02-02T14:00:33.297+0000] {dagbag.py:538} INFO - Filling up the DagBag from /home/airflow/.local/lib/python3.8/site-packages/airflow/example_dags/tutorial.py
[2024-02-02T14:00:33.306+0000] {processor.py:840} INFO - DAG(s) 'tutorial' retrieved from /home/airflow/.local/lib/python3.8/site-packages/airflow/example_dags/tutorial.py
[2024-02-02T14:00:33.331+0000] {logging_mixin.py:188} INFO - [2024-02-02T14:00:33.330+0000] {dag.py:3036} INFO - Sync 1 DAGs
[2024-02-02T14:00:33.366+0000] {logging_mixin.py:188} INFO - [2024-02-02T14:00:33.365+0000] {dag.py:3823} INFO - Setting next_dagrun for tutorial to 2024-02-01 00:00:00+00:00, run_after=2024-02-02 00:00:00+00:00
[2024-02-02T14:00:33.396+0000] {processor.py:183} INFO - Processing /home/airflow/.local/lib/python3.8/site-packages/airflow/example_dags/tutorial.py took 0.107 seconds
[2024-02-02T14:01:03.734+0000] {processor.py:161} INFO - Started process (PID=816) to work on /home/airflow/.local/lib/python3.8/site-packages/airflow/example_dags/tutorial.py
[2024-02-02T14:01:03.735+0000] {processor.py:830} INFO - Processing file /home/airflow/.local/lib/python3.8/site-packages/airflow/example_dags/tutorial.py for tasks to queue
[2024-02-02T14:01:03.738+0000] {logging_mixin.py:188} INFO - [2024-02-02T14:01:03.737+0000] {dagbag.py:538} INFO - Filling up the DagBag from /home/airflow/.local/lib/python3.8/site-packages/airflow/example_dags/tutorial.py
[2024-02-02T14:01:03.748+0000] {processor.py:840} INFO - DAG(s) 'tutorial' retrieved from /home/airflow/.local/lib/python3.8/site-packages/airflow/example_dags/tutorial.py
[2024-02-02T14:01:03.777+0000] {logging_mixin.py:188} INFO - [2024-02-02T14:01:03.777+0000] {dag.py:3036} INFO - Sync 1 DAGs
[2024-02-02T14:01:03.802+0000] {logging_mixin.py:188} INFO - [2024-02-02T14:01:03.802+0000] {dag.py:3823} INFO - Setting next_dagrun for tutorial to 2024-02-01 00:00:00+00:00, run_after=2024-02-02 00:00:00+00:00
[2024-02-02T14:01:03.830+0000] {processor.py:183} INFO - Processing /home/airflow/.local/lib/python3.8/site-packages/airflow/example_dags/tutorial.py took 0.100 seconds
