[2024-02-02T13:54:02.652+0000] {processor.py:161} INFO - Started process (PID=60) to work on /home/airflow/.local/lib/python3.8/site-packages/airflow/example_dags/tutorial_objectstorage.py
[2024-02-02T13:54:02.655+0000] {processor.py:830} INFO - Processing file /home/airflow/.local/lib/python3.8/site-packages/airflow/example_dags/tutorial_objectstorage.py for tasks to queue
[2024-02-02T13:54:02.661+0000] {logging_mixin.py:188} INFO - [2024-02-02T13:54:02.661+0000] {dagbag.py:538} INFO - Filling up the DagBag from /home/airflow/.local/lib/python3.8/site-packages/airflow/example_dags/tutorial_objectstorage.py
[2024-02-02T13:54:02.690+0000] {processor.py:840} INFO - DAG(s) 'tutorial_objectstorage' retrieved from /home/airflow/.local/lib/python3.8/site-packages/airflow/example_dags/tutorial_objectstorage.py
[2024-02-02T13:54:02.975+0000] {logging_mixin.py:188} INFO - [2024-02-02T13:54:02.974+0000] {override.py:1769} INFO - Created Permission View: can delete on DAG:tutorial_objectstorage
[2024-02-02T13:54:03.038+0000] {logging_mixin.py:188} INFO - [2024-02-02T13:54:03.033+0000] {override.py:1769} INFO - Created Permission View: can read on DAG:tutorial_objectstorage
[2024-02-02T13:54:03.068+0000] {logging_mixin.py:188} INFO - [2024-02-02T13:54:03.066+0000] {override.py:1769} INFO - Created Permission View: can edit on DAG:tutorial_objectstorage
[2024-02-02T13:54:03.070+0000] {logging_mixin.py:188} INFO - [2024-02-02T13:54:03.070+0000] {dag.py:3036} INFO - Sync 1 DAGs
[2024-02-02T13:54:03.097+0000] {logging_mixin.py:188} INFO - [2024-02-02T13:54:03.097+0000] {dag.py:3058} INFO - Creating ORM DAG for tutorial_objectstorage
[2024-02-02T13:54:03.099+0000] {logging_mixin.py:188} INFO - [2024-02-02T13:54:03.098+0000] {dag.py:3823} INFO - Setting next_dagrun for tutorial_objectstorage to None, run_after=None
[2024-02-02T13:54:03.183+0000] {processor.py:183} INFO - Processing /home/airflow/.local/lib/python3.8/site-packages/airflow/example_dags/tutorial_objectstorage.py took 0.540 seconds
[2024-02-02T13:54:33.329+0000] {processor.py:161} INFO - Started process (PID=118) to work on /home/airflow/.local/lib/python3.8/site-packages/airflow/example_dags/tutorial_objectstorage.py
[2024-02-02T13:54:33.331+0000] {processor.py:830} INFO - Processing file /home/airflow/.local/lib/python3.8/site-packages/airflow/example_dags/tutorial_objectstorage.py for tasks to queue
[2024-02-02T13:54:33.335+0000] {logging_mixin.py:188} INFO - [2024-02-02T13:54:33.334+0000] {dagbag.py:538} INFO - Filling up the DagBag from /home/airflow/.local/lib/python3.8/site-packages/airflow/example_dags/tutorial_objectstorage.py
[2024-02-02T13:54:33.342+0000] {processor.py:840} INFO - DAG(s) 'tutorial_objectstorage' retrieved from /home/airflow/.local/lib/python3.8/site-packages/airflow/example_dags/tutorial_objectstorage.py
[2024-02-02T13:54:33.368+0000] {logging_mixin.py:188} INFO - [2024-02-02T13:54:33.368+0000] {dag.py:3036} INFO - Sync 1 DAGs
[2024-02-02T13:54:33.381+0000] {logging_mixin.py:188} INFO - [2024-02-02T13:54:33.381+0000] {dag.py:3823} INFO - Setting next_dagrun for tutorial_objectstorage to None, run_after=None
[2024-02-02T13:54:33.406+0000] {processor.py:183} INFO - Processing /home/airflow/.local/lib/python3.8/site-packages/airflow/example_dags/tutorial_objectstorage.py took 0.081 seconds
[2024-02-02T13:55:04.278+0000] {processor.py:161} INFO - Started process (PID=173) to work on /home/airflow/.local/lib/python3.8/site-packages/airflow/example_dags/tutorial_objectstorage.py
[2024-02-02T13:55:04.280+0000] {processor.py:830} INFO - Processing file /home/airflow/.local/lib/python3.8/site-packages/airflow/example_dags/tutorial_objectstorage.py for tasks to queue
[2024-02-02T13:55:04.283+0000] {logging_mixin.py:188} INFO - [2024-02-02T13:55:04.282+0000] {dagbag.py:538} INFO - Filling up the DagBag from /home/airflow/.local/lib/python3.8/site-packages/airflow/example_dags/tutorial_objectstorage.py
[2024-02-02T13:55:04.291+0000] {processor.py:840} INFO - DAG(s) 'tutorial_objectstorage' retrieved from /home/airflow/.local/lib/python3.8/site-packages/airflow/example_dags/tutorial_objectstorage.py
[2024-02-02T13:55:04.314+0000] {logging_mixin.py:188} INFO - [2024-02-02T13:55:04.313+0000] {dag.py:3036} INFO - Sync 1 DAGs
[2024-02-02T13:55:04.327+0000] {logging_mixin.py:188} INFO - [2024-02-02T13:55:04.327+0000] {dag.py:3823} INFO - Setting next_dagrun for tutorial_objectstorage to None, run_after=None
[2024-02-02T13:55:04.349+0000] {processor.py:183} INFO - Processing /home/airflow/.local/lib/python3.8/site-packages/airflow/example_dags/tutorial_objectstorage.py took 0.074 seconds
[2024-02-02T13:55:34.815+0000] {processor.py:161} INFO - Started process (PID=228) to work on /home/airflow/.local/lib/python3.8/site-packages/airflow/example_dags/tutorial_objectstorage.py
[2024-02-02T13:55:34.816+0000] {processor.py:830} INFO - Processing file /home/airflow/.local/lib/python3.8/site-packages/airflow/example_dags/tutorial_objectstorage.py for tasks to queue
[2024-02-02T13:55:34.819+0000] {logging_mixin.py:188} INFO - [2024-02-02T13:55:34.819+0000] {dagbag.py:538} INFO - Filling up the DagBag from /home/airflow/.local/lib/python3.8/site-packages/airflow/example_dags/tutorial_objectstorage.py
[2024-02-02T13:55:34.826+0000] {processor.py:840} INFO - DAG(s) 'tutorial_objectstorage' retrieved from /home/airflow/.local/lib/python3.8/site-packages/airflow/example_dags/tutorial_objectstorage.py
[2024-02-02T13:55:34.849+0000] {logging_mixin.py:188} INFO - [2024-02-02T13:55:34.848+0000] {dag.py:3036} INFO - Sync 1 DAGs
[2024-02-02T13:55:34.862+0000] {logging_mixin.py:188} INFO - [2024-02-02T13:55:34.862+0000] {dag.py:3823} INFO - Setting next_dagrun for tutorial_objectstorage to None, run_after=None
[2024-02-02T13:55:34.885+0000] {processor.py:183} INFO - Processing /home/airflow/.local/lib/python3.8/site-packages/airflow/example_dags/tutorial_objectstorage.py took 0.073 seconds
[2024-02-02T13:56:05.133+0000] {processor.py:161} INFO - Started process (PID=283) to work on /home/airflow/.local/lib/python3.8/site-packages/airflow/example_dags/tutorial_objectstorage.py
[2024-02-02T13:56:05.135+0000] {processor.py:830} INFO - Processing file /home/airflow/.local/lib/python3.8/site-packages/airflow/example_dags/tutorial_objectstorage.py for tasks to queue
[2024-02-02T13:56:05.138+0000] {logging_mixin.py:188} INFO - [2024-02-02T13:56:05.137+0000] {dagbag.py:538} INFO - Filling up the DagBag from /home/airflow/.local/lib/python3.8/site-packages/airflow/example_dags/tutorial_objectstorage.py
[2024-02-02T13:56:05.145+0000] {processor.py:840} INFO - DAG(s) 'tutorial_objectstorage' retrieved from /home/airflow/.local/lib/python3.8/site-packages/airflow/example_dags/tutorial_objectstorage.py
[2024-02-02T13:56:05.169+0000] {logging_mixin.py:188} INFO - [2024-02-02T13:56:05.168+0000] {dag.py:3036} INFO - Sync 1 DAGs
[2024-02-02T13:56:05.182+0000] {logging_mixin.py:188} INFO - [2024-02-02T13:56:05.181+0000] {dag.py:3823} INFO - Setting next_dagrun for tutorial_objectstorage to None, run_after=None
[2024-02-02T13:56:05.205+0000] {processor.py:183} INFO - Processing /home/airflow/.local/lib/python3.8/site-packages/airflow/example_dags/tutorial_objectstorage.py took 0.077 seconds
[2024-02-02T13:56:35.624+0000] {processor.py:161} INFO - Started process (PID=338) to work on /home/airflow/.local/lib/python3.8/site-packages/airflow/example_dags/tutorial_objectstorage.py
[2024-02-02T13:56:35.625+0000] {processor.py:830} INFO - Processing file /home/airflow/.local/lib/python3.8/site-packages/airflow/example_dags/tutorial_objectstorage.py for tasks to queue
[2024-02-02T13:56:35.627+0000] {logging_mixin.py:188} INFO - [2024-02-02T13:56:35.627+0000] {dagbag.py:538} INFO - Filling up the DagBag from /home/airflow/.local/lib/python3.8/site-packages/airflow/example_dags/tutorial_objectstorage.py
[2024-02-02T13:56:35.634+0000] {processor.py:840} INFO - DAG(s) 'tutorial_objectstorage' retrieved from /home/airflow/.local/lib/python3.8/site-packages/airflow/example_dags/tutorial_objectstorage.py
[2024-02-02T13:56:35.656+0000] {logging_mixin.py:188} INFO - [2024-02-02T13:56:35.655+0000] {dag.py:3036} INFO - Sync 1 DAGs
[2024-02-02T13:56:35.668+0000] {logging_mixin.py:188} INFO - [2024-02-02T13:56:35.668+0000] {dag.py:3823} INFO - Setting next_dagrun for tutorial_objectstorage to None, run_after=None
[2024-02-02T13:56:35.692+0000] {processor.py:183} INFO - Processing /home/airflow/.local/lib/python3.8/site-packages/airflow/example_dags/tutorial_objectstorage.py took 0.073 seconds
[2024-02-02T13:57:06.051+0000] {processor.py:161} INFO - Started process (PID=393) to work on /home/airflow/.local/lib/python3.8/site-packages/airflow/example_dags/tutorial_objectstorage.py
[2024-02-02T13:57:06.052+0000] {processor.py:830} INFO - Processing file /home/airflow/.local/lib/python3.8/site-packages/airflow/example_dags/tutorial_objectstorage.py for tasks to queue
[2024-02-02T13:57:06.054+0000] {logging_mixin.py:188} INFO - [2024-02-02T13:57:06.053+0000] {dagbag.py:538} INFO - Filling up the DagBag from /home/airflow/.local/lib/python3.8/site-packages/airflow/example_dags/tutorial_objectstorage.py
[2024-02-02T13:57:06.060+0000] {processor.py:840} INFO - DAG(s) 'tutorial_objectstorage' retrieved from /home/airflow/.local/lib/python3.8/site-packages/airflow/example_dags/tutorial_objectstorage.py
[2024-02-02T13:57:06.083+0000] {logging_mixin.py:188} INFO - [2024-02-02T13:57:06.082+0000] {dag.py:3036} INFO - Sync 1 DAGs
[2024-02-02T13:57:06.097+0000] {logging_mixin.py:188} INFO - [2024-02-02T13:57:06.097+0000] {dag.py:3823} INFO - Setting next_dagrun for tutorial_objectstorage to None, run_after=None
[2024-02-02T13:57:06.118+0000] {processor.py:183} INFO - Processing /home/airflow/.local/lib/python3.8/site-packages/airflow/example_dags/tutorial_objectstorage.py took 0.071 seconds
[2024-02-02T13:57:36.218+0000] {processor.py:161} INFO - Started process (PID=448) to work on /home/airflow/.local/lib/python3.8/site-packages/airflow/example_dags/tutorial_objectstorage.py
[2024-02-02T13:57:36.219+0000] {processor.py:830} INFO - Processing file /home/airflow/.local/lib/python3.8/site-packages/airflow/example_dags/tutorial_objectstorage.py for tasks to queue
[2024-02-02T13:57:36.222+0000] {logging_mixin.py:188} INFO - [2024-02-02T13:57:36.221+0000] {dagbag.py:538} INFO - Filling up the DagBag from /home/airflow/.local/lib/python3.8/site-packages/airflow/example_dags/tutorial_objectstorage.py
[2024-02-02T13:57:36.228+0000] {processor.py:840} INFO - DAG(s) 'tutorial_objectstorage' retrieved from /home/airflow/.local/lib/python3.8/site-packages/airflow/example_dags/tutorial_objectstorage.py
[2024-02-02T13:57:36.256+0000] {logging_mixin.py:188} INFO - [2024-02-02T13:57:36.255+0000] {dag.py:3036} INFO - Sync 1 DAGs
[2024-02-02T13:57:36.271+0000] {logging_mixin.py:188} INFO - [2024-02-02T13:57:36.270+0000] {dag.py:3823} INFO - Setting next_dagrun for tutorial_objectstorage to None, run_after=None
[2024-02-02T13:57:36.298+0000] {processor.py:183} INFO - Processing /home/airflow/.local/lib/python3.8/site-packages/airflow/example_dags/tutorial_objectstorage.py took 0.083 seconds
[2024-02-02T13:58:06.917+0000] {processor.py:161} INFO - Started process (PID=503) to work on /home/airflow/.local/lib/python3.8/site-packages/airflow/example_dags/tutorial_objectstorage.py
[2024-02-02T13:58:06.919+0000] {processor.py:830} INFO - Processing file /home/airflow/.local/lib/python3.8/site-packages/airflow/example_dags/tutorial_objectstorage.py for tasks to queue
[2024-02-02T13:58:06.921+0000] {logging_mixin.py:188} INFO - [2024-02-02T13:58:06.920+0000] {dagbag.py:538} INFO - Filling up the DagBag from /home/airflow/.local/lib/python3.8/site-packages/airflow/example_dags/tutorial_objectstorage.py
[2024-02-02T13:58:06.928+0000] {processor.py:840} INFO - DAG(s) 'tutorial_objectstorage' retrieved from /home/airflow/.local/lib/python3.8/site-packages/airflow/example_dags/tutorial_objectstorage.py
[2024-02-02T13:58:06.958+0000] {logging_mixin.py:188} INFO - [2024-02-02T13:58:06.957+0000] {dag.py:3036} INFO - Sync 1 DAGs
[2024-02-02T13:58:06.984+0000] {logging_mixin.py:188} INFO - [2024-02-02T13:58:06.984+0000] {dag.py:3823} INFO - Setting next_dagrun for tutorial_objectstorage to None, run_after=None
[2024-02-02T13:58:07.007+0000] {processor.py:183} INFO - Processing /home/airflow/.local/lib/python3.8/site-packages/airflow/example_dags/tutorial_objectstorage.py took 0.092 seconds
[2024-02-02T13:58:37.391+0000] {processor.py:161} INFO - Started process (PID=558) to work on /home/airflow/.local/lib/python3.8/site-packages/airflow/example_dags/tutorial_objectstorage.py
[2024-02-02T13:58:37.393+0000] {processor.py:830} INFO - Processing file /home/airflow/.local/lib/python3.8/site-packages/airflow/example_dags/tutorial_objectstorage.py for tasks to queue
[2024-02-02T13:58:37.396+0000] {logging_mixin.py:188} INFO - [2024-02-02T13:58:37.395+0000] {dagbag.py:538} INFO - Filling up the DagBag from /home/airflow/.local/lib/python3.8/site-packages/airflow/example_dags/tutorial_objectstorage.py
[2024-02-02T13:58:37.405+0000] {processor.py:840} INFO - DAG(s) 'tutorial_objectstorage' retrieved from /home/airflow/.local/lib/python3.8/site-packages/airflow/example_dags/tutorial_objectstorage.py
[2024-02-02T13:58:37.427+0000] {logging_mixin.py:188} INFO - [2024-02-02T13:58:37.426+0000] {dag.py:3036} INFO - Sync 1 DAGs
[2024-02-02T13:58:37.442+0000] {logging_mixin.py:188} INFO - [2024-02-02T13:58:37.442+0000] {dag.py:3823} INFO - Setting next_dagrun for tutorial_objectstorage to None, run_after=None
[2024-02-02T13:58:37.466+0000] {processor.py:183} INFO - Processing /home/airflow/.local/lib/python3.8/site-packages/airflow/example_dags/tutorial_objectstorage.py took 0.077 seconds
[2024-02-02T13:59:08.175+0000] {processor.py:161} INFO - Started process (PID=613) to work on /home/airflow/.local/lib/python3.8/site-packages/airflow/example_dags/tutorial_objectstorage.py
[2024-02-02T13:59:08.176+0000] {processor.py:830} INFO - Processing file /home/airflow/.local/lib/python3.8/site-packages/airflow/example_dags/tutorial_objectstorage.py for tasks to queue
[2024-02-02T13:59:08.179+0000] {logging_mixin.py:188} INFO - [2024-02-02T13:59:08.179+0000] {dagbag.py:538} INFO - Filling up the DagBag from /home/airflow/.local/lib/python3.8/site-packages/airflow/example_dags/tutorial_objectstorage.py
[2024-02-02T13:59:08.186+0000] {processor.py:840} INFO - DAG(s) 'tutorial_objectstorage' retrieved from /home/airflow/.local/lib/python3.8/site-packages/airflow/example_dags/tutorial_objectstorage.py
[2024-02-02T13:59:08.214+0000] {logging_mixin.py:188} INFO - [2024-02-02T13:59:08.213+0000] {dag.py:3036} INFO - Sync 1 DAGs
[2024-02-02T13:59:08.231+0000] {logging_mixin.py:188} INFO - [2024-02-02T13:59:08.231+0000] {dag.py:3823} INFO - Setting next_dagrun for tutorial_objectstorage to None, run_after=None
[2024-02-02T13:59:08.259+0000] {processor.py:183} INFO - Processing /home/airflow/.local/lib/python3.8/site-packages/airflow/example_dags/tutorial_objectstorage.py took 0.088 seconds
[2024-02-02T13:59:38.740+0000] {processor.py:161} INFO - Started process (PID=668) to work on /home/airflow/.local/lib/python3.8/site-packages/airflow/example_dags/tutorial_objectstorage.py
[2024-02-02T13:59:38.742+0000] {processor.py:830} INFO - Processing file /home/airflow/.local/lib/python3.8/site-packages/airflow/example_dags/tutorial_objectstorage.py for tasks to queue
[2024-02-02T13:59:38.744+0000] {logging_mixin.py:188} INFO - [2024-02-02T13:59:38.744+0000] {dagbag.py:538} INFO - Filling up the DagBag from /home/airflow/.local/lib/python3.8/site-packages/airflow/example_dags/tutorial_objectstorage.py
[2024-02-02T13:59:38.756+0000] {processor.py:840} INFO - DAG(s) 'tutorial_objectstorage' retrieved from /home/airflow/.local/lib/python3.8/site-packages/airflow/example_dags/tutorial_objectstorage.py
[2024-02-02T13:59:38.781+0000] {logging_mixin.py:188} INFO - [2024-02-02T13:59:38.780+0000] {dag.py:3036} INFO - Sync 1 DAGs
[2024-02-02T13:59:38.796+0000] {logging_mixin.py:188} INFO - [2024-02-02T13:59:38.796+0000] {dag.py:3823} INFO - Setting next_dagrun for tutorial_objectstorage to None, run_after=None
[2024-02-02T13:59:38.817+0000] {processor.py:183} INFO - Processing /home/airflow/.local/lib/python3.8/site-packages/airflow/example_dags/tutorial_objectstorage.py took 0.080 seconds
[2024-02-02T14:00:09.172+0000] {processor.py:161} INFO - Started process (PID=723) to work on /home/airflow/.local/lib/python3.8/site-packages/airflow/example_dags/tutorial_objectstorage.py
[2024-02-02T14:00:09.173+0000] {processor.py:830} INFO - Processing file /home/airflow/.local/lib/python3.8/site-packages/airflow/example_dags/tutorial_objectstorage.py for tasks to queue
[2024-02-02T14:00:09.176+0000] {logging_mixin.py:188} INFO - [2024-02-02T14:00:09.176+0000] {dagbag.py:538} INFO - Filling up the DagBag from /home/airflow/.local/lib/python3.8/site-packages/airflow/example_dags/tutorial_objectstorage.py
[2024-02-02T14:00:09.184+0000] {processor.py:840} INFO - DAG(s) 'tutorial_objectstorage' retrieved from /home/airflow/.local/lib/python3.8/site-packages/airflow/example_dags/tutorial_objectstorage.py
[2024-02-02T14:00:09.211+0000] {logging_mixin.py:188} INFO - [2024-02-02T14:00:09.210+0000] {dag.py:3036} INFO - Sync 1 DAGs
[2024-02-02T14:00:09.226+0000] {logging_mixin.py:188} INFO - [2024-02-02T14:00:09.225+0000] {dag.py:3823} INFO - Setting next_dagrun for tutorial_objectstorage to None, run_after=None
[2024-02-02T14:00:09.248+0000] {processor.py:183} INFO - Processing /home/airflow/.local/lib/python3.8/site-packages/airflow/example_dags/tutorial_objectstorage.py took 0.080 seconds
[2024-02-02T14:00:39.489+0000] {processor.py:161} INFO - Started process (PID=778) to work on /home/airflow/.local/lib/python3.8/site-packages/airflow/example_dags/tutorial_objectstorage.py
[2024-02-02T14:00:39.491+0000] {processor.py:830} INFO - Processing file /home/airflow/.local/lib/python3.8/site-packages/airflow/example_dags/tutorial_objectstorage.py for tasks to queue
[2024-02-02T14:00:39.493+0000] {logging_mixin.py:188} INFO - [2024-02-02T14:00:39.493+0000] {dagbag.py:538} INFO - Filling up the DagBag from /home/airflow/.local/lib/python3.8/site-packages/airflow/example_dags/tutorial_objectstorage.py
[2024-02-02T14:00:39.500+0000] {processor.py:840} INFO - DAG(s) 'tutorial_objectstorage' retrieved from /home/airflow/.local/lib/python3.8/site-packages/airflow/example_dags/tutorial_objectstorage.py
[2024-02-02T14:00:39.522+0000] {logging_mixin.py:188} INFO - [2024-02-02T14:00:39.521+0000] {dag.py:3036} INFO - Sync 1 DAGs
[2024-02-02T14:00:39.537+0000] {logging_mixin.py:188} INFO - [2024-02-02T14:00:39.536+0000] {dag.py:3823} INFO - Setting next_dagrun for tutorial_objectstorage to None, run_after=None
[2024-02-02T14:00:39.560+0000] {processor.py:183} INFO - Processing /home/airflow/.local/lib/python3.8/site-packages/airflow/example_dags/tutorial_objectstorage.py took 0.074 seconds
[2024-02-02T14:01:10.010+0000] {processor.py:161} INFO - Started process (PID=833) to work on /home/airflow/.local/lib/python3.8/site-packages/airflow/example_dags/tutorial_objectstorage.py
[2024-02-02T14:01:10.012+0000] {processor.py:830} INFO - Processing file /home/airflow/.local/lib/python3.8/site-packages/airflow/example_dags/tutorial_objectstorage.py for tasks to queue
[2024-02-02T14:01:10.016+0000] {logging_mixin.py:188} INFO - [2024-02-02T14:01:10.016+0000] {dagbag.py:538} INFO - Filling up the DagBag from /home/airflow/.local/lib/python3.8/site-packages/airflow/example_dags/tutorial_objectstorage.py
[2024-02-02T14:01:10.026+0000] {processor.py:840} INFO - DAG(s) 'tutorial_objectstorage' retrieved from /home/airflow/.local/lib/python3.8/site-packages/airflow/example_dags/tutorial_objectstorage.py
[2024-02-02T14:01:10.049+0000] {logging_mixin.py:188} INFO - [2024-02-02T14:01:10.049+0000] {dag.py:3036} INFO - Sync 1 DAGs
[2024-02-02T14:01:10.063+0000] {logging_mixin.py:188} INFO - [2024-02-02T14:01:10.062+0000] {dag.py:3823} INFO - Setting next_dagrun for tutorial_objectstorage to None, run_after=None
[2024-02-02T14:01:10.085+0000] {processor.py:183} INFO - Processing /home/airflow/.local/lib/python3.8/site-packages/airflow/example_dags/tutorial_objectstorage.py took 0.079 seconds
