[2024-02-02T13:54:08.851+0000] {processor.py:161} INFO - Started process (PID=83) to work on /home/airflow/.local/lib/python3.8/site-packages/airflow/example_dags/tutorial_dag.py
[2024-02-02T13:54:08.853+0000] {processor.py:830} INFO - Processing file /home/airflow/.local/lib/python3.8/site-packages/airflow/example_dags/tutorial_dag.py for tasks to queue
[2024-02-02T13:54:08.855+0000] {logging_mixin.py:188} INFO - [2024-02-02T13:54:08.855+0000] {dagbag.py:538} INFO - Filling up the DagBag from /home/airflow/.local/lib/python3.8/site-packages/airflow/example_dags/tutorial_dag.py
[2024-02-02T13:54:08.865+0000] {processor.py:840} INFO - DAG(s) 'tutorial_dag' retrieved from /home/airflow/.local/lib/python3.8/site-packages/airflow/example_dags/tutorial_dag.py
[2024-02-02T13:54:09.027+0000] {logging_mixin.py:188} INFO - [2024-02-02T13:54:09.025+0000] {override.py:1769} INFO - Created Permission View: can delete on DAG:tutorial_dag
[2024-02-02T13:54:09.051+0000] {logging_mixin.py:188} INFO - [2024-02-02T13:54:09.050+0000] {override.py:1769} INFO - Created Permission View: can read on DAG:tutorial_dag
[2024-02-02T13:54:09.079+0000] {logging_mixin.py:188} INFO - [2024-02-02T13:54:09.078+0000] {override.py:1769} INFO - Created Permission View: can edit on DAG:tutorial_dag
[2024-02-02T13:54:09.080+0000] {logging_mixin.py:188} INFO - [2024-02-02T13:54:09.080+0000] {dag.py:3036} INFO - Sync 1 DAGs
[2024-02-02T13:54:09.106+0000] {logging_mixin.py:188} INFO - [2024-02-02T13:54:09.105+0000] {dag.py:3058} INFO - Creating ORM DAG for tutorial_dag
[2024-02-02T13:54:09.107+0000] {logging_mixin.py:188} INFO - [2024-02-02T13:54:09.107+0000] {dag.py:3823} INFO - Setting next_dagrun for tutorial_dag to None, run_after=None
[2024-02-02T13:54:09.138+0000] {processor.py:183} INFO - Processing /home/airflow/.local/lib/python3.8/site-packages/airflow/example_dags/tutorial_dag.py took 0.292 seconds
[2024-02-02T13:54:39.282+0000] {processor.py:161} INFO - Started process (PID=141) to work on /home/airflow/.local/lib/python3.8/site-packages/airflow/example_dags/tutorial_dag.py
[2024-02-02T13:54:39.284+0000] {processor.py:830} INFO - Processing file /home/airflow/.local/lib/python3.8/site-packages/airflow/example_dags/tutorial_dag.py for tasks to queue
[2024-02-02T13:54:39.286+0000] {logging_mixin.py:188} INFO - [2024-02-02T13:54:39.286+0000] {dagbag.py:538} INFO - Filling up the DagBag from /home/airflow/.local/lib/python3.8/site-packages/airflow/example_dags/tutorial_dag.py
[2024-02-02T13:54:39.293+0000] {processor.py:840} INFO - DAG(s) 'tutorial_dag' retrieved from /home/airflow/.local/lib/python3.8/site-packages/airflow/example_dags/tutorial_dag.py
[2024-02-02T13:54:39.316+0000] {logging_mixin.py:188} INFO - [2024-02-02T13:54:39.315+0000] {dag.py:3036} INFO - Sync 1 DAGs
[2024-02-02T13:54:39.329+0000] {logging_mixin.py:188} INFO - [2024-02-02T13:54:39.329+0000] {dag.py:3823} INFO - Setting next_dagrun for tutorial_dag to None, run_after=None
[2024-02-02T13:54:39.349+0000] {processor.py:183} INFO - Processing /home/airflow/.local/lib/python3.8/site-packages/airflow/example_dags/tutorial_dag.py took 0.070 seconds
[2024-02-02T13:55:09.987+0000] {processor.py:161} INFO - Started process (PID=196) to work on /home/airflow/.local/lib/python3.8/site-packages/airflow/example_dags/tutorial_dag.py
[2024-02-02T13:55:09.988+0000] {processor.py:830} INFO - Processing file /home/airflow/.local/lib/python3.8/site-packages/airflow/example_dags/tutorial_dag.py for tasks to queue
[2024-02-02T13:55:09.991+0000] {logging_mixin.py:188} INFO - [2024-02-02T13:55:09.991+0000] {dagbag.py:538} INFO - Filling up the DagBag from /home/airflow/.local/lib/python3.8/site-packages/airflow/example_dags/tutorial_dag.py
[2024-02-02T13:55:09.998+0000] {processor.py:840} INFO - DAG(s) 'tutorial_dag' retrieved from /home/airflow/.local/lib/python3.8/site-packages/airflow/example_dags/tutorial_dag.py
[2024-02-02T13:55:10.025+0000] {logging_mixin.py:188} INFO - [2024-02-02T13:55:10.024+0000] {dag.py:3036} INFO - Sync 1 DAGs
[2024-02-02T13:55:10.042+0000] {logging_mixin.py:188} INFO - [2024-02-02T13:55:10.041+0000] {dag.py:3823} INFO - Setting next_dagrun for tutorial_dag to None, run_after=None
[2024-02-02T13:55:10.065+0000] {processor.py:183} INFO - Processing /home/airflow/.local/lib/python3.8/site-packages/airflow/example_dags/tutorial_dag.py took 0.081 seconds
[2024-02-02T13:55:40.493+0000] {processor.py:161} INFO - Started process (PID=251) to work on /home/airflow/.local/lib/python3.8/site-packages/airflow/example_dags/tutorial_dag.py
[2024-02-02T13:55:40.495+0000] {processor.py:830} INFO - Processing file /home/airflow/.local/lib/python3.8/site-packages/airflow/example_dags/tutorial_dag.py for tasks to queue
[2024-02-02T13:55:40.498+0000] {logging_mixin.py:188} INFO - [2024-02-02T13:55:40.497+0000] {dagbag.py:538} INFO - Filling up the DagBag from /home/airflow/.local/lib/python3.8/site-packages/airflow/example_dags/tutorial_dag.py
[2024-02-02T13:55:40.505+0000] {processor.py:840} INFO - DAG(s) 'tutorial_dag' retrieved from /home/airflow/.local/lib/python3.8/site-packages/airflow/example_dags/tutorial_dag.py
[2024-02-02T13:55:40.531+0000] {logging_mixin.py:188} INFO - [2024-02-02T13:55:40.529+0000] {dag.py:3036} INFO - Sync 1 DAGs
[2024-02-02T13:55:40.547+0000] {logging_mixin.py:188} INFO - [2024-02-02T13:55:40.547+0000] {dag.py:3823} INFO - Setting next_dagrun for tutorial_dag to None, run_after=None
[2024-02-02T13:55:40.576+0000] {processor.py:183} INFO - Processing /home/airflow/.local/lib/python3.8/site-packages/airflow/example_dags/tutorial_dag.py took 0.087 seconds
[2024-02-02T13:56:10.843+0000] {processor.py:161} INFO - Started process (PID=306) to work on /home/airflow/.local/lib/python3.8/site-packages/airflow/example_dags/tutorial_dag.py
[2024-02-02T13:56:10.844+0000] {processor.py:830} INFO - Processing file /home/airflow/.local/lib/python3.8/site-packages/airflow/example_dags/tutorial_dag.py for tasks to queue
[2024-02-02T13:56:10.846+0000] {logging_mixin.py:188} INFO - [2024-02-02T13:56:10.846+0000] {dagbag.py:538} INFO - Filling up the DagBag from /home/airflow/.local/lib/python3.8/site-packages/airflow/example_dags/tutorial_dag.py
[2024-02-02T13:56:10.852+0000] {processor.py:840} INFO - DAG(s) 'tutorial_dag' retrieved from /home/airflow/.local/lib/python3.8/site-packages/airflow/example_dags/tutorial_dag.py
[2024-02-02T13:56:10.873+0000] {logging_mixin.py:188} INFO - [2024-02-02T13:56:10.872+0000] {dag.py:3036} INFO - Sync 1 DAGs
[2024-02-02T13:56:10.884+0000] {logging_mixin.py:188} INFO - [2024-02-02T13:56:10.884+0000] {dag.py:3823} INFO - Setting next_dagrun for tutorial_dag to None, run_after=None
[2024-02-02T13:56:10.908+0000] {processor.py:183} INFO - Processing /home/airflow/.local/lib/python3.8/site-packages/airflow/example_dags/tutorial_dag.py took 0.068 seconds
[2024-02-02T13:56:41.213+0000] {processor.py:161} INFO - Started process (PID=360) to work on /home/airflow/.local/lib/python3.8/site-packages/airflow/example_dags/tutorial_dag.py
[2024-02-02T13:56:41.215+0000] {processor.py:830} INFO - Processing file /home/airflow/.local/lib/python3.8/site-packages/airflow/example_dags/tutorial_dag.py for tasks to queue
[2024-02-02T13:56:41.217+0000] {logging_mixin.py:188} INFO - [2024-02-02T13:56:41.217+0000] {dagbag.py:538} INFO - Filling up the DagBag from /home/airflow/.local/lib/python3.8/site-packages/airflow/example_dags/tutorial_dag.py
[2024-02-02T13:56:41.224+0000] {processor.py:840} INFO - DAG(s) 'tutorial_dag' retrieved from /home/airflow/.local/lib/python3.8/site-packages/airflow/example_dags/tutorial_dag.py
[2024-02-02T13:56:41.249+0000] {logging_mixin.py:188} INFO - [2024-02-02T13:56:41.248+0000] {dag.py:3036} INFO - Sync 1 DAGs
[2024-02-02T13:56:41.263+0000] {logging_mixin.py:188} INFO - [2024-02-02T13:56:41.263+0000] {dag.py:3823} INFO - Setting next_dagrun for tutorial_dag to None, run_after=None
[2024-02-02T13:56:41.287+0000] {processor.py:183} INFO - Processing /home/airflow/.local/lib/python3.8/site-packages/airflow/example_dags/tutorial_dag.py took 0.077 seconds
[2024-02-02T13:57:11.521+0000] {processor.py:161} INFO - Started process (PID=416) to work on /home/airflow/.local/lib/python3.8/site-packages/airflow/example_dags/tutorial_dag.py
[2024-02-02T13:57:11.523+0000] {processor.py:830} INFO - Processing file /home/airflow/.local/lib/python3.8/site-packages/airflow/example_dags/tutorial_dag.py for tasks to queue
[2024-02-02T13:57:11.525+0000] {logging_mixin.py:188} INFO - [2024-02-02T13:57:11.525+0000] {dagbag.py:538} INFO - Filling up the DagBag from /home/airflow/.local/lib/python3.8/site-packages/airflow/example_dags/tutorial_dag.py
[2024-02-02T13:57:11.531+0000] {processor.py:840} INFO - DAG(s) 'tutorial_dag' retrieved from /home/airflow/.local/lib/python3.8/site-packages/airflow/example_dags/tutorial_dag.py
[2024-02-02T13:57:11.555+0000] {logging_mixin.py:188} INFO - [2024-02-02T13:57:11.554+0000] {dag.py:3036} INFO - Sync 1 DAGs
[2024-02-02T13:57:11.568+0000] {logging_mixin.py:188} INFO - [2024-02-02T13:57:11.568+0000] {dag.py:3823} INFO - Setting next_dagrun for tutorial_dag to None, run_after=None
[2024-02-02T13:57:11.593+0000] {processor.py:183} INFO - Processing /home/airflow/.local/lib/python3.8/site-packages/airflow/example_dags/tutorial_dag.py took 0.076 seconds
[2024-02-02T13:57:42.047+0000] {processor.py:161} INFO - Started process (PID=471) to work on /home/airflow/.local/lib/python3.8/site-packages/airflow/example_dags/tutorial_dag.py
[2024-02-02T13:57:42.048+0000] {processor.py:830} INFO - Processing file /home/airflow/.local/lib/python3.8/site-packages/airflow/example_dags/tutorial_dag.py for tasks to queue
[2024-02-02T13:57:42.050+0000] {logging_mixin.py:188} INFO - [2024-02-02T13:57:42.050+0000] {dagbag.py:538} INFO - Filling up the DagBag from /home/airflow/.local/lib/python3.8/site-packages/airflow/example_dags/tutorial_dag.py
[2024-02-02T13:57:42.057+0000] {processor.py:840} INFO - DAG(s) 'tutorial_dag' retrieved from /home/airflow/.local/lib/python3.8/site-packages/airflow/example_dags/tutorial_dag.py
[2024-02-02T13:57:42.079+0000] {logging_mixin.py:188} INFO - [2024-02-02T13:57:42.079+0000] {dag.py:3036} INFO - Sync 1 DAGs
[2024-02-02T13:57:42.093+0000] {logging_mixin.py:188} INFO - [2024-02-02T13:57:42.093+0000] {dag.py:3823} INFO - Setting next_dagrun for tutorial_dag to None, run_after=None
[2024-02-02T13:57:42.116+0000] {processor.py:183} INFO - Processing /home/airflow/.local/lib/python3.8/site-packages/airflow/example_dags/tutorial_dag.py took 0.073 seconds
[2024-02-02T13:58:12.473+0000] {processor.py:161} INFO - Started process (PID=526) to work on /home/airflow/.local/lib/python3.8/site-packages/airflow/example_dags/tutorial_dag.py
[2024-02-02T13:58:12.474+0000] {processor.py:830} INFO - Processing file /home/airflow/.local/lib/python3.8/site-packages/airflow/example_dags/tutorial_dag.py for tasks to queue
[2024-02-02T13:58:12.477+0000] {logging_mixin.py:188} INFO - [2024-02-02T13:58:12.476+0000] {dagbag.py:538} INFO - Filling up the DagBag from /home/airflow/.local/lib/python3.8/site-packages/airflow/example_dags/tutorial_dag.py
[2024-02-02T13:58:12.484+0000] {processor.py:840} INFO - DAG(s) 'tutorial_dag' retrieved from /home/airflow/.local/lib/python3.8/site-packages/airflow/example_dags/tutorial_dag.py
[2024-02-02T13:58:12.510+0000] {logging_mixin.py:188} INFO - [2024-02-02T13:58:12.509+0000] {dag.py:3036} INFO - Sync 1 DAGs
[2024-02-02T13:58:12.522+0000] {logging_mixin.py:188} INFO - [2024-02-02T13:58:12.522+0000] {dag.py:3823} INFO - Setting next_dagrun for tutorial_dag to None, run_after=None
[2024-02-02T13:58:12.545+0000] {processor.py:183} INFO - Processing /home/airflow/.local/lib/python3.8/site-packages/airflow/example_dags/tutorial_dag.py took 0.076 seconds
[2024-02-02T13:58:43.296+0000] {processor.py:161} INFO - Started process (PID=581) to work on /home/airflow/.local/lib/python3.8/site-packages/airflow/example_dags/tutorial_dag.py
[2024-02-02T13:58:43.298+0000] {processor.py:830} INFO - Processing file /home/airflow/.local/lib/python3.8/site-packages/airflow/example_dags/tutorial_dag.py for tasks to queue
[2024-02-02T13:58:43.301+0000] {logging_mixin.py:188} INFO - [2024-02-02T13:58:43.300+0000] {dagbag.py:538} INFO - Filling up the DagBag from /home/airflow/.local/lib/python3.8/site-packages/airflow/example_dags/tutorial_dag.py
[2024-02-02T13:58:43.307+0000] {processor.py:840} INFO - DAG(s) 'tutorial_dag' retrieved from /home/airflow/.local/lib/python3.8/site-packages/airflow/example_dags/tutorial_dag.py
[2024-02-02T13:58:43.338+0000] {logging_mixin.py:188} INFO - [2024-02-02T13:58:43.337+0000] {dag.py:3036} INFO - Sync 1 DAGs
[2024-02-02T13:58:43.355+0000] {logging_mixin.py:188} INFO - [2024-02-02T13:58:43.355+0000] {dag.py:3823} INFO - Setting next_dagrun for tutorial_dag to None, run_after=None
[2024-02-02T13:58:43.378+0000] {processor.py:183} INFO - Processing /home/airflow/.local/lib/python3.8/site-packages/airflow/example_dags/tutorial_dag.py took 0.085 seconds
[2024-02-02T13:59:13.906+0000] {processor.py:161} INFO - Started process (PID=636) to work on /home/airflow/.local/lib/python3.8/site-packages/airflow/example_dags/tutorial_dag.py
[2024-02-02T13:59:13.907+0000] {processor.py:830} INFO - Processing file /home/airflow/.local/lib/python3.8/site-packages/airflow/example_dags/tutorial_dag.py for tasks to queue
[2024-02-02T13:59:13.910+0000] {logging_mixin.py:188} INFO - [2024-02-02T13:59:13.910+0000] {dagbag.py:538} INFO - Filling up the DagBag from /home/airflow/.local/lib/python3.8/site-packages/airflow/example_dags/tutorial_dag.py
[2024-02-02T13:59:13.925+0000] {processor.py:840} INFO - DAG(s) 'tutorial_dag' retrieved from /home/airflow/.local/lib/python3.8/site-packages/airflow/example_dags/tutorial_dag.py
[2024-02-02T13:59:13.956+0000] {logging_mixin.py:188} INFO - [2024-02-02T13:59:13.954+0000] {dag.py:3036} INFO - Sync 1 DAGs
[2024-02-02T13:59:13.972+0000] {logging_mixin.py:188} INFO - [2024-02-02T13:59:13.971+0000] {dag.py:3823} INFO - Setting next_dagrun for tutorial_dag to None, run_after=None
[2024-02-02T13:59:14.001+0000] {processor.py:183} INFO - Processing /home/airflow/.local/lib/python3.8/site-packages/airflow/example_dags/tutorial_dag.py took 0.099 seconds
[2024-02-02T13:59:44.450+0000] {processor.py:161} INFO - Started process (PID=691) to work on /home/airflow/.local/lib/python3.8/site-packages/airflow/example_dags/tutorial_dag.py
[2024-02-02T13:59:44.452+0000] {processor.py:830} INFO - Processing file /home/airflow/.local/lib/python3.8/site-packages/airflow/example_dags/tutorial_dag.py for tasks to queue
[2024-02-02T13:59:44.455+0000] {logging_mixin.py:188} INFO - [2024-02-02T13:59:44.454+0000] {dagbag.py:538} INFO - Filling up the DagBag from /home/airflow/.local/lib/python3.8/site-packages/airflow/example_dags/tutorial_dag.py
[2024-02-02T13:59:44.461+0000] {processor.py:840} INFO - DAG(s) 'tutorial_dag' retrieved from /home/airflow/.local/lib/python3.8/site-packages/airflow/example_dags/tutorial_dag.py
[2024-02-02T13:59:44.488+0000] {logging_mixin.py:188} INFO - [2024-02-02T13:59:44.487+0000] {dag.py:3036} INFO - Sync 1 DAGs
[2024-02-02T13:59:44.501+0000] {logging_mixin.py:188} INFO - [2024-02-02T13:59:44.501+0000] {dag.py:3823} INFO - Setting next_dagrun for tutorial_dag to None, run_after=None
[2024-02-02T13:59:44.532+0000] {processor.py:183} INFO - Processing /home/airflow/.local/lib/python3.8/site-packages/airflow/example_dags/tutorial_dag.py took 0.086 seconds
[2024-02-02T14:00:14.680+0000] {processor.py:161} INFO - Started process (PID=746) to work on /home/airflow/.local/lib/python3.8/site-packages/airflow/example_dags/tutorial_dag.py
[2024-02-02T14:00:14.682+0000] {processor.py:830} INFO - Processing file /home/airflow/.local/lib/python3.8/site-packages/airflow/example_dags/tutorial_dag.py for tasks to queue
[2024-02-02T14:00:14.684+0000] {logging_mixin.py:188} INFO - [2024-02-02T14:00:14.684+0000] {dagbag.py:538} INFO - Filling up the DagBag from /home/airflow/.local/lib/python3.8/site-packages/airflow/example_dags/tutorial_dag.py
[2024-02-02T14:00:14.692+0000] {processor.py:840} INFO - DAG(s) 'tutorial_dag' retrieved from /home/airflow/.local/lib/python3.8/site-packages/airflow/example_dags/tutorial_dag.py
[2024-02-02T14:00:14.716+0000] {logging_mixin.py:188} INFO - [2024-02-02T14:00:14.715+0000] {dag.py:3036} INFO - Sync 1 DAGs
[2024-02-02T14:00:14.729+0000] {logging_mixin.py:188} INFO - [2024-02-02T14:00:14.729+0000] {dag.py:3823} INFO - Setting next_dagrun for tutorial_dag to None, run_after=None
[2024-02-02T14:00:14.753+0000] {processor.py:183} INFO - Processing /home/airflow/.local/lib/python3.8/site-packages/airflow/example_dags/tutorial_dag.py took 0.077 seconds
[2024-02-02T14:00:45.220+0000] {processor.py:161} INFO - Started process (PID=801) to work on /home/airflow/.local/lib/python3.8/site-packages/airflow/example_dags/tutorial_dag.py
[2024-02-02T14:00:45.221+0000] {processor.py:830} INFO - Processing file /home/airflow/.local/lib/python3.8/site-packages/airflow/example_dags/tutorial_dag.py for tasks to queue
[2024-02-02T14:00:45.223+0000] {logging_mixin.py:188} INFO - [2024-02-02T14:00:45.223+0000] {dagbag.py:538} INFO - Filling up the DagBag from /home/airflow/.local/lib/python3.8/site-packages/airflow/example_dags/tutorial_dag.py
[2024-02-02T14:00:45.232+0000] {processor.py:840} INFO - DAG(s) 'tutorial_dag' retrieved from /home/airflow/.local/lib/python3.8/site-packages/airflow/example_dags/tutorial_dag.py
[2024-02-02T14:00:45.252+0000] {logging_mixin.py:188} INFO - [2024-02-02T14:00:45.252+0000] {dag.py:3036} INFO - Sync 1 DAGs
[2024-02-02T14:00:45.264+0000] {logging_mixin.py:188} INFO - [2024-02-02T14:00:45.264+0000] {dag.py:3823} INFO - Setting next_dagrun for tutorial_dag to None, run_after=None
[2024-02-02T14:00:45.287+0000] {processor.py:183} INFO - Processing /home/airflow/.local/lib/python3.8/site-packages/airflow/example_dags/tutorial_dag.py took 0.070 seconds
[2024-02-02T14:01:15.709+0000] {processor.py:161} INFO - Started process (PID=856) to work on /home/airflow/.local/lib/python3.8/site-packages/airflow/example_dags/tutorial_dag.py
[2024-02-02T14:01:15.711+0000] {processor.py:830} INFO - Processing file /home/airflow/.local/lib/python3.8/site-packages/airflow/example_dags/tutorial_dag.py for tasks to queue
[2024-02-02T14:01:15.713+0000] {logging_mixin.py:188} INFO - [2024-02-02T14:01:15.713+0000] {dagbag.py:538} INFO - Filling up the DagBag from /home/airflow/.local/lib/python3.8/site-packages/airflow/example_dags/tutorial_dag.py
[2024-02-02T14:01:15.720+0000] {processor.py:840} INFO - DAG(s) 'tutorial_dag' retrieved from /home/airflow/.local/lib/python3.8/site-packages/airflow/example_dags/tutorial_dag.py
[2024-02-02T14:01:15.745+0000] {logging_mixin.py:188} INFO - [2024-02-02T14:01:15.744+0000] {dag.py:3036} INFO - Sync 1 DAGs
[2024-02-02T14:01:15.759+0000] {logging_mixin.py:188} INFO - [2024-02-02T14:01:15.759+0000] {dag.py:3823} INFO - Setting next_dagrun for tutorial_dag to None, run_after=None
[2024-02-02T14:01:15.784+0000] {processor.py:183} INFO - Processing /home/airflow/.local/lib/python3.8/site-packages/airflow/example_dags/tutorial_dag.py took 0.079 seconds
